Copyright 1986-2020 Xilinx, Inc. All Rights Reserved.
------------------------------------------------------------------------------------
| Tool Version : Vivado v.2020.2 (win64) Build 3064766 Wed Nov 18 09:12:45 MST 2020
| Date         : Mon Jun 13 22:59:45 2022
| Host         : LAPTOP-IMI5H5SA running 64-bit major release  (build 9200)
| Command      : report_control_sets -verbose -file top_control_sets_placed.rpt
| Design       : top
| Device       : xc7a35t
------------------------------------------------------------------------------------

Control Set Information

Table of Contents
-----------------
1. Summary
2. Histogram
3. Flip-Flop Distribution
4. Detailed Control Set Information

1. Summary
----------

+----------------------------------------------------------+-------+
|                          Status                          | Count |
+----------------------------------------------------------+-------+
| Total control sets                                       |     7 |
|    Minimum number of control sets                        |     7 |
|    Addition due to synthesis replication                 |     0 |
|    Addition due to physical synthesis replication        |     0 |
| Unused register locations in slices containing registers |    16 |
+----------------------------------------------------------+-------+
* Control sets can be merged at opt_design using control_set_merge or merge_equivalent_drivers
** Run report_qor_suggestions for automated merging and remapping suggestions


2. Histogram
------------

+--------------------+-------+
|       Fanout       | Count |
+--------------------+-------+
| Total control sets |     7 |
| >= 0 to < 4        |     0 |
| >= 4 to < 6        |     1 |
| >= 6 to < 8        |     0 |
| >= 8 to < 10       |     3 |
| >= 10 to < 12      |     0 |
| >= 12 to < 14      |     0 |
| >= 14 to < 16      |     0 |
| >= 16              |     3 |
+--------------------+-------+
* Control sets can be remapped at either synth_design or opt_design


3. Flip-Flop Distribution
-------------------------

+--------------+-----------------------+------------------------+-----------------+--------------+
| Clock Enable | Synchronous Set/Reset | Asynchronous Set/Reset | Total Registers | Total Slices |
+--------------+-----------------------+------------------------+-----------------+--------------+
| No           | No                    | No                     |              53 |           16 |
| No           | No                    | Yes                    |               0 |            0 |
| No           | Yes                   | No                     |               0 |            0 |
| Yes          | No                    | No                     |              24 |            8 |
| Yes          | No                    | Yes                    |               0 |            0 |
| Yes          | Yes                   | No                     |              35 |           11 |
+--------------+-----------------------+------------------------+-----------------+--------------+


4. Detailed Control Set Information
-----------------------------------

+----------------+---------------------+-------------------+------------------+----------------+--------------+
|  Clock Signal  |    Enable Signal    |  Set/Reset Signal | Slice Load Count | Bel Load Count | Bels / Slice |
+----------------+---------------------+-------------------+------------------+----------------+--------------+
|  clk_red_BUFG  | state[3]_i_1_n_0    | rst_IBUF          |                3 |              4 |         1.33 |
|  clk_red_BUFG  | tempPWM1[7]_i_1_n_0 |                   |                3 |              8 |         2.67 |
|  clk_red_BUFG  | tempPWM2[7]_i_1_n_0 |                   |                3 |              8 |         2.67 |
|  clk_red_BUFG  | tempPWM0[7]_i_1_n_0 |                   |                2 |              8 |         4.00 |
|  clk_IBUF_BUFG |                     |                   |                8 |             20 |         2.50 |
|  clk_IBUF_BUFG | b_state_reg_n_0_[0] | timer[31]_i_1_n_0 |                8 |             31 |         3.88 |
|  clk_red_BUFG  |                     |                   |                8 |             33 |         4.12 |
+----------------+---------------------+-------------------+------------------+----------------+--------------+


