TRACE::2025-05-28.23:01:15::SCWPlatform::Trying to open the hw design at C:/Users/ilpes/Desktop/Antenne_e_clocks/project_MicroBlaze_simple/microv1/hw/micro_core_v1_wrapper.xsa
TRACE::2025-05-28.23:01:15::SCWPlatform::DSA given C:/Users/ilpes/Desktop/Antenne_e_clocks/project_MicroBlaze_simple/microv1/hw/micro_core_v1_wrapper.xsa
TRACE::2025-05-28.23:01:15::SCWPlatform::DSA absoulate path C:/Users/ilpes/Desktop/Antenne_e_clocks/project_MicroBlaze_simple/microv1/hw/micro_core_v1_wrapper.xsa
TRACE::2025-05-28.23:01:17::SCWPlatform::DSA directory C:/Users/ilpes/Desktop/Antenne_e_clocks/project_MicroBlaze_simple/microv1/hw
TRACE::2025-05-28.23:01:17::SCWPlatform:: Platform Path C:/Users/ilpes/Desktop/Antenne_e_clocks/project_MicroBlaze_simple/microv1/hw/micro_core_v1_wrapper.xsa
TRACE::2025-05-28.23:01:17::SCWPlatform:: Unique name xilinx:cmod_a7-35t::0.0
TRACE::2025-05-28.23:01:17::SCWPlatform::Do not have an existing db opened. 
TRACE::2025-05-28.23:01:17::SCWPlatform::Opened new HwDB with name micro_core_v0_wrapper_0
TRACE::2025-05-28.23:01:17::SCWWriter::formatted JSON is {
	"platformName":	"microv1",
	"sprVersion":	"2.0",
	"mode":	"gui",
	"dsaType":	"Fixed",
	"platformDesc":	"microv1",
	"platHandOff":	"C:/Users/ilpes/Desktop/Antenne_e_clocks/project_MicroBlaze_simple/micro_core_v1_wrapper.xsa",
	"platIntHandOff":	"<platformDir>/hw/micro_core_v1_wrapper.xsa",
	"deviceType":	"FPGA",
	"platIsPrebuiltAutogen":	"false",
	"platIsNoBootBsp":	"false",
	"hasFsblMakeHasChanges":	"false",
	"hasPmufwMakeHasChanges":	"false",
	"platPreBuiltFlag":	false,
	"platformSamplesDir":	""
}
TRACE::2025-05-28.23:01:17::SCWWriter::formatted JSON is {
	"platformName":	"microv1",
	"sprVersion":	"2.0",
	"mode":	"gui",
	"dsaType":	"Fixed",
	"platformDesc":	"microv1",
	"platHandOff":	"C:/Users/ilpes/Desktop/Antenne_e_clocks/project_MicroBlaze_simple/micro_core_v1_wrapper.xsa",
	"platIntHandOff":	"<platformDir>/hw/micro_core_v1_wrapper.xsa",
	"deviceType":	"FPGA",
	"platIsPrebuiltAutogen":	"false",
	"platIsNoBootBsp":	"false",
	"hasFsblMakeHasChanges":	"false",
	"hasPmufwMakeHasChanges":	"false",
	"platPreBuiltFlag":	false,
	"platformSamplesDir":	"",
	"platActiveSys":	"microv1",
	"systems":	[{
			"systemName":	"microv1",
			"systemDesc":	"microv1",
			"sysIsBootAutoGen":	"true",
			"systemDispName":	"microv1"
		}]
}
TRACE::2025-05-28.23:01:17::SCWPlatform::Boot application domains not present, creating them
TRACE::2025-05-28.23:01:17::SCWPlatform::Pure FPGA device, no boot application will be created.
TRACE::2025-05-28.23:01:17::SCWWriter::formatted JSON is {
	"platformName":	"microv1",
	"sprVersion":	"2.0",
	"mode":	"gui",
	"dsaType":	"Fixed",
	"platformDesc":	"microv1",
	"platHandOff":	"C:/Users/ilpes/Desktop/Antenne_e_clocks/project_MicroBlaze_simple/micro_core_v1_wrapper.xsa",
	"platIntHandOff":	"<platformDir>/hw/micro_core_v1_wrapper.xsa",
	"deviceType":	"FPGA",
	"platIsPrebuiltAutogen":	"false",
	"platIsNoBootBsp":	"false",
	"hasFsblMakeHasChanges":	"false",
	"hasPmufwMakeHasChanges":	"false",
	"platPreBuiltFlag":	false,
	"platformSamplesDir":	"",
	"platActiveSys":	"microv1",
	"systems":	[{
			"systemName":	"microv1",
			"systemDesc":	"microv1",
			"sysIsBootAutoGen":	"true",
			"systemDispName":	"microv1"
		}]
}
TRACE::2025-05-28.23:01:17::SCWPlatform::Trying to open the hw design at C:/Users/ilpes/Desktop/Antenne_e_clocks/project_MicroBlaze_simple/microv1/hw/micro_core_v1_wrapper.xsa
TRACE::2025-05-28.23:01:17::SCWPlatform::DSA given C:/Users/ilpes/Desktop/Antenne_e_clocks/project_MicroBlaze_simple/microv1/hw/micro_core_v1_wrapper.xsa
TRACE::2025-05-28.23:01:17::SCWPlatform::DSA absoulate path C:/Users/ilpes/Desktop/Antenne_e_clocks/project_MicroBlaze_simple/microv1/hw/micro_core_v1_wrapper.xsa
TRACE::2025-05-28.23:01:17::SCWPlatform::DSA directory C:/Users/ilpes/Desktop/Antenne_e_clocks/project_MicroBlaze_simple/microv1/hw
TRACE::2025-05-28.23:01:17::SCWPlatform:: Platform Path C:/Users/ilpes/Desktop/Antenne_e_clocks/project_MicroBlaze_simple/microv1/hw/micro_core_v1_wrapper.xsa
TRACE::2025-05-28.23:01:17::SCWPlatform:: Unique name xilinx:cmod_a7-35t::0.0
TRACE::2025-05-28.23:01:17::SCWPlatform::Trying to set the existing hwdb with name micro_core_v0_wrapper_0
TRACE::2025-05-28.23:01:17::SCWPlatform::Opened existing hwdb micro_core_v0_wrapper_0
TRACE::2025-05-28.23:01:17::SCWPlatform::Found the Hw Db part of the input DSA
TRACE::2025-05-28.23:01:17::SCWDomain::checking for install qemu data   : 
TRACE::2025-05-28.23:01:17::SCWPlatform::Trying to open the hw design at C:/Users/ilpes/Desktop/Antenne_e_clocks/project_MicroBlaze_simple/microv1/hw/micro_core_v1_wrapper.xsa
TRACE::2025-05-28.23:01:17::SCWPlatform::DSA given C:/Users/ilpes/Desktop/Antenne_e_clocks/project_MicroBlaze_simple/microv1/hw/micro_core_v1_wrapper.xsa
TRACE::2025-05-28.23:01:17::SCWPlatform::DSA absoulate path C:/Users/ilpes/Desktop/Antenne_e_clocks/project_MicroBlaze_simple/microv1/hw/micro_core_v1_wrapper.xsa
TRACE::2025-05-28.23:01:17::SCWPlatform::DSA directory C:/Users/ilpes/Desktop/Antenne_e_clocks/project_MicroBlaze_simple/microv1/hw
TRACE::2025-05-28.23:01:17::SCWPlatform:: Platform Path C:/Users/ilpes/Desktop/Antenne_e_clocks/project_MicroBlaze_simple/microv1/hw/micro_core_v1_wrapper.xsa
TRACE::2025-05-28.23:01:17::SCWPlatform:: Unique name xilinx:cmod_a7-35t::0.0
TRACE::2025-05-28.23:01:17::SCWPlatform::Trying to set the existing hwdb with name micro_core_v0_wrapper_0
TRACE::2025-05-28.23:01:17::SCWPlatform::Opened existing hwdb micro_core_v0_wrapper_0
TRACE::2025-05-28.23:01:17::SCWPlatform::Found the Hw Db part of the input DSA
TRACE::2025-05-28.23:01:17::SCWPlatform::Trying to open the hw design at C:/Users/ilpes/Desktop/Antenne_e_clocks/project_MicroBlaze_simple/microv1/hw/micro_core_v1_wrapper.xsa
TRACE::2025-05-28.23:01:17::SCWPlatform::DSA given C:/Users/ilpes/Desktop/Antenne_e_clocks/project_MicroBlaze_simple/microv1/hw/micro_core_v1_wrapper.xsa
TRACE::2025-05-28.23:01:17::SCWPlatform::DSA absoulate path C:/Users/ilpes/Desktop/Antenne_e_clocks/project_MicroBlaze_simple/microv1/hw/micro_core_v1_wrapper.xsa
TRACE::2025-05-28.23:01:17::SCWPlatform::DSA directory C:/Users/ilpes/Desktop/Antenne_e_clocks/project_MicroBlaze_simple/microv1/hw
TRACE::2025-05-28.23:01:17::SCWPlatform:: Platform Path C:/Users/ilpes/Desktop/Antenne_e_clocks/project_MicroBlaze_simple/microv1/hw/micro_core_v1_wrapper.xsa
TRACE::2025-05-28.23:01:17::SCWPlatform:: Unique name xilinx:cmod_a7-35t::0.0
TRACE::2025-05-28.23:01:17::SCWPlatform::Trying to set the existing hwdb with name micro_core_v0_wrapper_0
TRACE::2025-05-28.23:01:17::SCWPlatform::Opened existing hwdb micro_core_v0_wrapper_0
TRACE::2025-05-28.23:01:17::SCWPlatform::Found the Hw Db part of the input DSA
TRACE::2025-05-28.23:01:17::SCWPlatform::Trying to open the hw design at C:/Users/ilpes/Desktop/Antenne_e_clocks/project_MicroBlaze_simple/microv1/hw/micro_core_v1_wrapper.xsa
TRACE::2025-05-28.23:01:17::SCWPlatform::DSA given C:/Users/ilpes/Desktop/Antenne_e_clocks/project_MicroBlaze_simple/microv1/hw/micro_core_v1_wrapper.xsa
TRACE::2025-05-28.23:01:17::SCWPlatform::DSA absoulate path C:/Users/ilpes/Desktop/Antenne_e_clocks/project_MicroBlaze_simple/microv1/hw/micro_core_v1_wrapper.xsa
TRACE::2025-05-28.23:01:17::SCWPlatform::DSA directory C:/Users/ilpes/Desktop/Antenne_e_clocks/project_MicroBlaze_simple/microv1/hw
TRACE::2025-05-28.23:01:17::SCWPlatform:: Platform Path C:/Users/ilpes/Desktop/Antenne_e_clocks/project_MicroBlaze_simple/microv1/hw/micro_core_v1_wrapper.xsa
TRACE::2025-05-28.23:01:17::SCWPlatform:: Unique name xilinx:cmod_a7-35t::0.0
TRACE::2025-05-28.23:01:17::SCWPlatform::Trying to set the existing hwdb with name micro_core_v0_wrapper_0
TRACE::2025-05-28.23:01:17::SCWPlatform::Opened existing hwdb micro_core_v0_wrapper_0
TRACE::2025-05-28.23:01:17::SCWPlatform::Found the Hw Db part of the input DSA
TRACE::2025-05-28.23:01:17::SCWMssOS::Checking the sw design at  C:/Users/ilpes/Desktop/Antenne_e_clocks/project_MicroBlaze_simple/microv1/microblaze_0/standalone_domain/bsp/system.mss
TRACE::2025-05-28.23:01:17::SCWMssOS::DEBUG:  swdes dump  
TRACE::2025-05-28.23:01:17::SCWMssOS::No sw design opened at  C:/Users/ilpes/Desktop/Antenne_e_clocks/project_MicroBlaze_simple/microv1/microblaze_0/standalone_domain/bsp/system.mss
TRACE::2025-05-28.23:01:17::SCWMssOS::mss does not exists at C:/Users/ilpes/Desktop/Antenne_e_clocks/project_MicroBlaze_simple/microv1/microblaze_0/standalone_domain/bsp/system.mss
TRACE::2025-05-28.23:01:17::SCWMssOS::Creating sw design at  C:/Users/ilpes/Desktop/Antenne_e_clocks/project_MicroBlaze_simple/microv1/microblaze_0/standalone_domain/bsp/system.mss
TRACE::2025-05-28.23:01:18::SCWMssOS::Adding the swdes entry, created swdb C:/Users/ilpes/Desktop/Antenne_e_clocks/project_MicroBlaze_simple/microv1/microblaze_0/standalone_domain/bsp/system.mss with des name C:/Users/ilpes/Desktop/Antenne_e_clocks/project_MicroBlaze_simple/microv1/microblaze_0/standalone_domain/bsp/system.mss
TRACE::2025-05-28.23:01:18::SCWMssOS::updating the scw layer changes to swdes at   C:/Users/ilpes/Desktop/Antenne_e_clocks/project_MicroBlaze_simple/microv1/microblaze_0/standalone_domain/bsp/system.mss
TRACE::2025-05-28.23:01:18::SCWMssOS::Writing mss at C:/Users/ilpes/Desktop/Antenne_e_clocks/project_MicroBlaze_simple/microv1/microblaze_0/standalone_domain/bsp/system.mss
TRACE::2025-05-28.23:01:18::SCWMssOS::Completed writing the mss file at C:/Users/ilpes/Desktop/Antenne_e_clocks/project_MicroBlaze_simple/microv1/microblaze_0/standalone_domain/bsp
TRACE::2025-05-28.23:01:18::SCWMssOS::Picking up changes from newly written mss file into SCW Layer. 
TRACE::2025-05-28.23:01:18::SCWMssOS::Updated the changes from newly written mss file into SCW Layer. 
TRACE::2025-05-28.23:01:18::SCWMssOS::Completed writing the mss file at C:/Users/ilpes/Desktop/Antenne_e_clocks/project_MicroBlaze_simple/microv1/microblaze_0/standalone_domain/bsp
TRACE::2025-05-28.23:01:18::SCWMssOS::Forcing BSP Sources regeneration.
TRACE::2025-05-28.23:01:21::SCWMssOS::Saving the mss changes C:/Users/ilpes/Desktop/Antenne_e_clocks/project_MicroBlaze_simple/microv1/microblaze_0/standalone_domain/bsp/system.mss
TRACE::2025-05-28.23:01:21::SCWMssOS::Found a swdesign opened with the mssfile.
TRACE::2025-05-28.23:01:21::SCWMssOS::Running validate of swdbs.
KEYINFO::2025-05-28.23:01:21::SCWMssOS::Could not open the swdb for C:/Users/ilpes/Desktop/Antenne_e_clocks/project_MicroBlaze_simple/microv1/microblaze_0/standalone_domain/bsp/system.mss
KEYINFO::2025-05-28.23:01:21::SCWMssOS::Could not open the sw design at  C:/Users/ilpes/Desktop/Antenne_e_clocks/project_MicroBlaze_simple/microv1/microblaze_0/standalone_domain/bsp/system.mss
ERROR: [Hsi 55-1558] Software Design C:/Users/ilpes/Desktop/Antenne_e_clocks/project_MicroBlaze_simple/microv1/microblaze_0/standalone_domain/bsp/system.mss is not found

TRACE::2025-05-28.23:01:21::SCWMssOS::Cleared the swdb table entry
TRACE::2025-05-28.23:01:21::SCWMssOS::Adding the swdes entry, mss present, able to open swdb C:/Users/ilpes/Desktop/Antenne_e_clocks/project_MicroBlaze_simple/microv1/microblaze_0/standalone_domain/bsp/system.mss with des name system
TRACE::2025-05-28.23:01:21::SCWMssOS::Writing the mss file completed C:/Users/ilpes/Desktop/Antenne_e_clocks/project_MicroBlaze_simple/microv1/microblaze_0/standalone_domain/bsp/system.mss
TRACE::2025-05-28.23:01:21::SCWMssOS::Commit changes completed.
TRACE::2025-05-28.23:01:21::SCWPlatform::Trying to open the hw design at C:/Users/ilpes/Desktop/Antenne_e_clocks/project_MicroBlaze_simple/microv1/hw/micro_core_v1_wrapper.xsa
TRACE::2025-05-28.23:01:21::SCWPlatform::DSA given C:/Users/ilpes/Desktop/Antenne_e_clocks/project_MicroBlaze_simple/microv1/hw/micro_core_v1_wrapper.xsa
TRACE::2025-05-28.23:01:21::SCWPlatform::DSA absoulate path C:/Users/ilpes/Desktop/Antenne_e_clocks/project_MicroBlaze_simple/microv1/hw/micro_core_v1_wrapper.xsa
TRACE::2025-05-28.23:01:21::SCWPlatform::DSA directory C:/Users/ilpes/Desktop/Antenne_e_clocks/project_MicroBlaze_simple/microv1/hw
TRACE::2025-05-28.23:01:21::SCWPlatform:: Platform Path C:/Users/ilpes/Desktop/Antenne_e_clocks/project_MicroBlaze_simple/microv1/hw/micro_core_v1_wrapper.xsa
TRACE::2025-05-28.23:01:21::SCWPlatform:: Unique name xilinx:cmod_a7-35t::0.0
TRACE::2025-05-28.23:01:21::SCWPlatform::Trying to set the existing hwdb with name micro_core_v0_wrapper_0
TRACE::2025-05-28.23:01:21::SCWPlatform::Opened existing hwdb micro_core_v0_wrapper_0
TRACE::2025-05-28.23:01:21::SCWPlatform::Found the Hw Db part of the input DSA
TRACE::2025-05-28.23:01:21::SCWMssOS::Checking the sw design at  C:/Users/ilpes/Desktop/Antenne_e_clocks/project_MicroBlaze_simple/microv1/microblaze_0/standalone_domain/bsp/system.mss
TRACE::2025-05-28.23:01:21::SCWMssOS::DEBUG:  swdes dump  C:/Users/ilpes/Desktop/Antenne_e_clocks/project_MicroBlaze_simple/microv1/microblaze_0/standalone_domain/bsp/system.mss|system||

TRACE::2025-05-28.23:01:21::SCWMssOS::Sw design exists and opened at  C:/Users/ilpes/Desktop/Antenne_e_clocks/project_MicroBlaze_simple/microv1/microblaze_0/standalone_domain/bsp/system.mss
TRACE::2025-05-28.23:01:21::SCWPlatform::Trying to open the hw design at C:/Users/ilpes/Desktop/Antenne_e_clocks/project_MicroBlaze_simple/microv1/hw/micro_core_v1_wrapper.xsa
TRACE::2025-05-28.23:01:21::SCWPlatform::DSA given C:/Users/ilpes/Desktop/Antenne_e_clocks/project_MicroBlaze_simple/microv1/hw/micro_core_v1_wrapper.xsa
TRACE::2025-05-28.23:01:21::SCWPlatform::DSA absoulate path C:/Users/ilpes/Desktop/Antenne_e_clocks/project_MicroBlaze_simple/microv1/hw/micro_core_v1_wrapper.xsa
TRACE::2025-05-28.23:01:21::SCWPlatform::DSA directory C:/Users/ilpes/Desktop/Antenne_e_clocks/project_MicroBlaze_simple/microv1/hw
TRACE::2025-05-28.23:01:21::SCWPlatform:: Platform Path C:/Users/ilpes/Desktop/Antenne_e_clocks/project_MicroBlaze_simple/microv1/hw/micro_core_v1_wrapper.xsa
TRACE::2025-05-28.23:01:21::SCWPlatform:: Unique name xilinx:cmod_a7-35t::0.0
TRACE::2025-05-28.23:01:21::SCWPlatform::Trying to set the existing hwdb with name micro_core_v0_wrapper_0
TRACE::2025-05-28.23:01:21::SCWPlatform::Opened existing hwdb micro_core_v0_wrapper_0
TRACE::2025-05-28.23:01:21::SCWPlatform::Found the Hw Db part of the input DSA
TRACE::2025-05-28.23:01:21::SCWMssOS::Checking the sw design at  C:/Users/ilpes/Desktop/Antenne_e_clocks/project_MicroBlaze_simple/microv1/microblaze_0/standalone_domain/bsp/system.mss
TRACE::2025-05-28.23:01:21::SCWMssOS::DEBUG:  swdes dump  C:/Users/ilpes/Desktop/Antenne_e_clocks/project_MicroBlaze_simple/microv1/microblaze_0/standalone_domain/bsp/system.mss|system||

TRACE::2025-05-28.23:01:21::SCWMssOS::Sw design exists and opened at  C:/Users/ilpes/Desktop/Antenne_e_clocks/project_MicroBlaze_simple/microv1/microblaze_0/standalone_domain/bsp/system.mss
TRACE::2025-05-28.23:01:21::SCWPlatform::Trying to open the hw design at C:/Users/ilpes/Desktop/Antenne_e_clocks/project_MicroBlaze_simple/microv1/hw/micro_core_v1_wrapper.xsa
TRACE::2025-05-28.23:01:21::SCWPlatform::DSA given C:/Users/ilpes/Desktop/Antenne_e_clocks/project_MicroBlaze_simple/microv1/hw/micro_core_v1_wrapper.xsa
TRACE::2025-05-28.23:01:21::SCWPlatform::DSA absoulate path C:/Users/ilpes/Desktop/Antenne_e_clocks/project_MicroBlaze_simple/microv1/hw/micro_core_v1_wrapper.xsa
TRACE::2025-05-28.23:01:21::SCWPlatform::DSA directory C:/Users/ilpes/Desktop/Antenne_e_clocks/project_MicroBlaze_simple/microv1/hw
TRACE::2025-05-28.23:01:21::SCWPlatform:: Platform Path C:/Users/ilpes/Desktop/Antenne_e_clocks/project_MicroBlaze_simple/microv1/hw/micro_core_v1_wrapper.xsa
TRACE::2025-05-28.23:01:21::SCWPlatform:: Unique name xilinx:cmod_a7-35t::0.0
TRACE::2025-05-28.23:01:21::SCWPlatform::Trying to set the existing hwdb with name micro_core_v0_wrapper_0
TRACE::2025-05-28.23:01:21::SCWPlatform::Opened existing hwdb micro_core_v0_wrapper_0
TRACE::2025-05-28.23:01:21::SCWPlatform::Found the Hw Db part of the input DSA
TRACE::2025-05-28.23:01:21::SCWMssOS::Checking the sw design at  C:/Users/ilpes/Desktop/Antenne_e_clocks/project_MicroBlaze_simple/microv1/microblaze_0/standalone_domain/bsp/system.mss
TRACE::2025-05-28.23:01:21::SCWMssOS::DEBUG:  swdes dump  C:/Users/ilpes/Desktop/Antenne_e_clocks/project_MicroBlaze_simple/microv1/microblaze_0/standalone_domain/bsp/system.mss|system||

TRACE::2025-05-28.23:01:21::SCWMssOS::Sw design exists and opened at  C:/Users/ilpes/Desktop/Antenne_e_clocks/project_MicroBlaze_simple/microv1/microblaze_0/standalone_domain/bsp/system.mss
TRACE::2025-05-28.23:01:21::SCWWriter::formatted JSON is {
	"platformName":	"microv1",
	"sprVersion":	"2.0",
	"mode":	"gui",
	"dsaType":	"Fixed",
	"platformDesc":	"microv1",
	"platHandOff":	"C:/Users/ilpes/Desktop/Antenne_e_clocks/project_MicroBlaze_simple/micro_core_v1_wrapper.xsa",
	"platIntHandOff":	"<platformDir>/hw/micro_core_v1_wrapper.xsa",
	"deviceType":	"FPGA",
	"platIsPrebuiltAutogen":	"false",
	"platIsNoBootBsp":	"false",
	"hasFsblMakeHasChanges":	"false",
	"hasPmufwMakeHasChanges":	"false",
	"platPreBuiltFlag":	false,
	"platformSamplesDir":	"",
	"platActiveSys":	"microv1",
	"systems":	[{
			"systemName":	"microv1",
			"systemDesc":	"microv1",
			"sysIsBootAutoGen":	"true",
			"systemDispName":	"microv1",
			"sysActiveDom":	"standalone_domain",
			"sysDefaultDom":	"standalone_domain",
			"domains":	[{
					"domainName":	"standalone_domain",
					"domainDispName":	"standalone_domain",
					"domainDesc":	"standalone_domain",
					"processors":	"microblaze_0",
					"os":	"standalone",
					"sdxOs":	"standalone",
					"debugEnable":	"False",
					"domRuntimes":	["cpp"],
					"swRepo":	"",
					"mssOsVer":	"7.3",
					"mssFile":	"",
					"md5Digest":	"86683b53985218a66e39a1a88c6ba1fa",
					"compatibleApp":	"",
					"domType":	"mssDomain",
					"arch":	"32-bit",
					"appSettings":	{
						"appCompilerFlags":	"",
						"appLinkerFlags":	""
					},
					"addedLibs":	[],
					"libOptions":	{
						"libsContainingOptions":	[]
					},
					"prebuiltLibs":	{
						"prebuiltIncPath":	[],
						"prebuiltLibPath":	[]
					},
					"isolation":	{
					}
				}]
		}]
}
LOG::2025-05-28.23:01:21::SCWPlatform::Started generating the artifacts platform microv1
TRACE::2025-05-28.23:01:21::SCWPlatform::Sanity checking of platform is completed
LOG::2025-05-28.23:01:21::SCWPlatform::Started generating the artifacts for system configuration microv1
LOG::2025-05-28.23:01:21::SCWSystem::Checking the domain standalone_domain
LOG::2025-05-28.23:01:21::SCWSystem::Not a boot domain 
LOG::2025-05-28.23:01:21::SCWSystem::Started Processing the domain standalone_domain
TRACE::2025-05-28.23:01:21::SCWDomain::Generating domain artifcats
TRACE::2025-05-28.23:01:21::SCWMssOS::Generating standalone artifcats
TRACE::2025-05-28.23:01:21::SCWMssOS:: Copying the user libraries. 
TRACE::2025-05-28.23:01:21::SCWPlatform::Trying to open the hw design at C:/Users/ilpes/Desktop/Antenne_e_clocks/project_MicroBlaze_simple/microv1/hw/micro_core_v1_wrapper.xsa
TRACE::2025-05-28.23:01:21::SCWPlatform::DSA given C:/Users/ilpes/Desktop/Antenne_e_clocks/project_MicroBlaze_simple/microv1/hw/micro_core_v1_wrapper.xsa
TRACE::2025-05-28.23:01:21::SCWPlatform::DSA absoulate path C:/Users/ilpes/Desktop/Antenne_e_clocks/project_MicroBlaze_simple/microv1/hw/micro_core_v1_wrapper.xsa
TRACE::2025-05-28.23:01:21::SCWPlatform::DSA directory C:/Users/ilpes/Desktop/Antenne_e_clocks/project_MicroBlaze_simple/microv1/hw
TRACE::2025-05-28.23:01:21::SCWPlatform:: Platform Path C:/Users/ilpes/Desktop/Antenne_e_clocks/project_MicroBlaze_simple/microv1/hw/micro_core_v1_wrapper.xsa
TRACE::2025-05-28.23:01:21::SCWPlatform:: Unique name xilinx:cmod_a7-35t::0.0
TRACE::2025-05-28.23:01:21::SCWPlatform::Trying to set the existing hwdb with name micro_core_v0_wrapper_0
TRACE::2025-05-28.23:01:21::SCWPlatform::Opened existing hwdb micro_core_v0_wrapper_0
TRACE::2025-05-28.23:01:21::SCWPlatform::Found the Hw Db part of the input DSA
TRACE::2025-05-28.23:01:21::SCWMssOS::Checking the sw design at  C:/Users/ilpes/Desktop/Antenne_e_clocks/project_MicroBlaze_simple/microv1/microblaze_0/standalone_domain/bsp/system.mss
TRACE::2025-05-28.23:01:21::SCWMssOS::DEBUG:  swdes dump  C:/Users/ilpes/Desktop/Antenne_e_clocks/project_MicroBlaze_simple/microv1/microblaze_0/standalone_domain/bsp/system.mss|system||

TRACE::2025-05-28.23:01:21::SCWMssOS::Sw design exists and opened at  C:/Users/ilpes/Desktop/Antenne_e_clocks/project_MicroBlaze_simple/microv1/microblaze_0/standalone_domain/bsp/system.mss
TRACE::2025-05-28.23:01:21::SCWMssOS::Completed writing the mss file at C:/Users/ilpes/Desktop/Antenne_e_clocks/project_MicroBlaze_simple/microv1/microblaze_0/standalone_domain/bsp
TRACE::2025-05-28.23:01:21::SCWMssOS::Mss edits present, copying mssfile into export location C:/Users/ilpes/Desktop/Antenne_e_clocks/project_MicroBlaze_simple/microv1/microblaze_0/standalone_domain/bsp/system.mss
TRACE::2025-05-28.23:01:21::SCWMssOS::bsp generated is upto date with the mss file. Skipping bsp generation.
TRACE::2025-05-28.23:01:21::SCWMssOS::BSP is already built. skipping the bsp build ... 
TRACE::2025-05-28.23:01:21::SCWDomain::Skipping the build for domain :  standalone_domain
TRACE::2025-05-28.23:01:21::SCWMssOS::skipping the bsp build ... 
TRACE::2025-05-28.23:01:21::SCWMssOS::Copying to export directory.
TRACE::2025-05-28.23:01:21::SCWMssOS:: Checking if to create the Supporting Applications
TRACE::2025-05-28.23:01:21::SCWMssOS:: No Linux domain exists, trying to generate FSBL 
LOG::2025-05-28.23:01:21::SCWSystem::Completed Processing the domain standalone_domain
LOG::2025-05-28.23:01:21::SCWSystem::Completed Processing the sysconfig microv1
LOG::2025-05-28.23:01:21::SCWPlatform::Completed generating the artifacts for system configuration microv1
TRACE::2025-05-28.23:01:21::SCWPlatform::Started preparing the platform 
TRACE::2025-05-28.23:01:21::SCWSystem::Writing the bif file for system config microv1
TRACE::2025-05-28.23:01:21::SCWSystem::dir created 
TRACE::2025-05-28.23:01:21::SCWSystem::Writing the bif 
TRACE::2025-05-28.23:01:21::SCWPlatform::Started writing the spfm file 
TRACE::2025-05-28.23:01:21::SCWPlatform::Started writing the xpfm file 
TRACE::2025-05-28.23:01:21::SCWPlatform::Completed generating the platform
TRACE::2025-05-28.23:01:21::SCWMssOS::Saving the mss changes C:/Users/ilpes/Desktop/Antenne_e_clocks/project_MicroBlaze_simple/microv1/microblaze_0/standalone_domain/bsp/system.mss
TRACE::2025-05-28.23:01:21::SCWMssOS::Found a swdesign opened with the mssfile.
TRACE::2025-05-28.23:01:21::SCWMssOS::Completed writemss as part of save.
TRACE::2025-05-28.23:01:21::SCWMssOS::Commit changes completed.
TRACE::2025-05-28.23:01:21::SCWPlatform::Trying to open the hw design at C:/Users/ilpes/Desktop/Antenne_e_clocks/project_MicroBlaze_simple/microv1/hw/micro_core_v1_wrapper.xsa
TRACE::2025-05-28.23:01:21::SCWPlatform::DSA given C:/Users/ilpes/Desktop/Antenne_e_clocks/project_MicroBlaze_simple/microv1/hw/micro_core_v1_wrapper.xsa
TRACE::2025-05-28.23:01:21::SCWPlatform::DSA absoulate path C:/Users/ilpes/Desktop/Antenne_e_clocks/project_MicroBlaze_simple/microv1/hw/micro_core_v1_wrapper.xsa
TRACE::2025-05-28.23:01:21::SCWPlatform::DSA directory C:/Users/ilpes/Desktop/Antenne_e_clocks/project_MicroBlaze_simple/microv1/hw
TRACE::2025-05-28.23:01:21::SCWPlatform:: Platform Path C:/Users/ilpes/Desktop/Antenne_e_clocks/project_MicroBlaze_simple/microv1/hw/micro_core_v1_wrapper.xsa
TRACE::2025-05-28.23:01:21::SCWPlatform:: Unique name xilinx:cmod_a7-35t::0.0
TRACE::2025-05-28.23:01:21::SCWPlatform::Trying to set the existing hwdb with name micro_core_v0_wrapper_0
TRACE::2025-05-28.23:01:21::SCWPlatform::Opened existing hwdb micro_core_v0_wrapper_0
TRACE::2025-05-28.23:01:21::SCWPlatform::Found the Hw Db part of the input DSA
TRACE::2025-05-28.23:01:21::SCWMssOS::Checking the sw design at  C:/Users/ilpes/Desktop/Antenne_e_clocks/project_MicroBlaze_simple/microv1/microblaze_0/standalone_domain/bsp/system.mss
TRACE::2025-05-28.23:01:21::SCWMssOS::DEBUG:  swdes dump  C:/Users/ilpes/Desktop/Antenne_e_clocks/project_MicroBlaze_simple/microv1/microblaze_0/standalone_domain/bsp/system.mss|system||

TRACE::2025-05-28.23:01:21::SCWMssOS::Sw design exists and opened at  C:/Users/ilpes/Desktop/Antenne_e_clocks/project_MicroBlaze_simple/microv1/microblaze_0/standalone_domain/bsp/system.mss
TRACE::2025-05-28.23:01:21::SCWPlatform::Trying to open the hw design at C:/Users/ilpes/Desktop/Antenne_e_clocks/project_MicroBlaze_simple/microv1/hw/micro_core_v1_wrapper.xsa
TRACE::2025-05-28.23:01:21::SCWPlatform::DSA given C:/Users/ilpes/Desktop/Antenne_e_clocks/project_MicroBlaze_simple/microv1/hw/micro_core_v1_wrapper.xsa
TRACE::2025-05-28.23:01:21::SCWPlatform::DSA absoulate path C:/Users/ilpes/Desktop/Antenne_e_clocks/project_MicroBlaze_simple/microv1/hw/micro_core_v1_wrapper.xsa
TRACE::2025-05-28.23:01:21::SCWPlatform::DSA directory C:/Users/ilpes/Desktop/Antenne_e_clocks/project_MicroBlaze_simple/microv1/hw
TRACE::2025-05-28.23:01:21::SCWPlatform:: Platform Path C:/Users/ilpes/Desktop/Antenne_e_clocks/project_MicroBlaze_simple/microv1/hw/micro_core_v1_wrapper.xsa
TRACE::2025-05-28.23:01:21::SCWPlatform:: Unique name xilinx:cmod_a7-35t::0.0
TRACE::2025-05-28.23:01:21::SCWPlatform::Trying to set the existing hwdb with name micro_core_v0_wrapper_0
TRACE::2025-05-28.23:01:21::SCWPlatform::Opened existing hwdb micro_core_v0_wrapper_0
TRACE::2025-05-28.23:01:21::SCWPlatform::Found the Hw Db part of the input DSA
TRACE::2025-05-28.23:01:21::SCWMssOS::Checking the sw design at  C:/Users/ilpes/Desktop/Antenne_e_clocks/project_MicroBlaze_simple/microv1/microblaze_0/standalone_domain/bsp/system.mss
TRACE::2025-05-28.23:01:21::SCWMssOS::DEBUG:  swdes dump  C:/Users/ilpes/Desktop/Antenne_e_clocks/project_MicroBlaze_simple/microv1/microblaze_0/standalone_domain/bsp/system.mss|system||

TRACE::2025-05-28.23:01:21::SCWMssOS::Sw design exists and opened at  C:/Users/ilpes/Desktop/Antenne_e_clocks/project_MicroBlaze_simple/microv1/microblaze_0/standalone_domain/bsp/system.mss
TRACE::2025-05-28.23:01:21::SCWPlatform::Trying to open the hw design at C:/Users/ilpes/Desktop/Antenne_e_clocks/project_MicroBlaze_simple/microv1/hw/micro_core_v1_wrapper.xsa
TRACE::2025-05-28.23:01:21::SCWPlatform::DSA given C:/Users/ilpes/Desktop/Antenne_e_clocks/project_MicroBlaze_simple/microv1/hw/micro_core_v1_wrapper.xsa
TRACE::2025-05-28.23:01:21::SCWPlatform::DSA absoulate path C:/Users/ilpes/Desktop/Antenne_e_clocks/project_MicroBlaze_simple/microv1/hw/micro_core_v1_wrapper.xsa
TRACE::2025-05-28.23:01:21::SCWPlatform::DSA directory C:/Users/ilpes/Desktop/Antenne_e_clocks/project_MicroBlaze_simple/microv1/hw
TRACE::2025-05-28.23:01:21::SCWPlatform:: Platform Path C:/Users/ilpes/Desktop/Antenne_e_clocks/project_MicroBlaze_simple/microv1/hw/micro_core_v1_wrapper.xsa
TRACE::2025-05-28.23:01:21::SCWPlatform:: Unique name xilinx:cmod_a7-35t::0.0
TRACE::2025-05-28.23:01:21::SCWPlatform::Trying to set the existing hwdb with name micro_core_v0_wrapper_0
TRACE::2025-05-28.23:01:21::SCWPlatform::Opened existing hwdb micro_core_v0_wrapper_0
TRACE::2025-05-28.23:01:21::SCWPlatform::Found the Hw Db part of the input DSA
TRACE::2025-05-28.23:01:21::SCWMssOS::Checking the sw design at  C:/Users/ilpes/Desktop/Antenne_e_clocks/project_MicroBlaze_simple/microv1/microblaze_0/standalone_domain/bsp/system.mss
TRACE::2025-05-28.23:01:21::SCWMssOS::DEBUG:  swdes dump  C:/Users/ilpes/Desktop/Antenne_e_clocks/project_MicroBlaze_simple/microv1/microblaze_0/standalone_domain/bsp/system.mss|system||

TRACE::2025-05-28.23:01:21::SCWMssOS::Sw design exists and opened at  C:/Users/ilpes/Desktop/Antenne_e_clocks/project_MicroBlaze_simple/microv1/microblaze_0/standalone_domain/bsp/system.mss
TRACE::2025-05-28.23:01:21::SCWWriter::formatted JSON is {
	"platformName":	"microv1",
	"sprVersion":	"2.0",
	"mode":	"gui",
	"dsaType":	"Fixed",
	"platformDesc":	"microv1",
	"platHandOff":	"C:/Users/ilpes/Desktop/Antenne_e_clocks/project_MicroBlaze_simple/micro_core_v1_wrapper.xsa",
	"platIntHandOff":	"<platformDir>/hw/micro_core_v1_wrapper.xsa",
	"deviceType":	"FPGA",
	"platIsPrebuiltAutogen":	"false",
	"platIsNoBootBsp":	"false",
	"hasFsblMakeHasChanges":	"false",
	"hasPmufwMakeHasChanges":	"false",
	"platPreBuiltFlag":	false,
	"platformSamplesDir":	"",
	"platActiveSys":	"microv1",
	"systems":	[{
			"systemName":	"microv1",
			"systemDesc":	"microv1",
			"sysIsBootAutoGen":	"true",
			"systemDispName":	"microv1",
			"sysActiveDom":	"standalone_domain",
			"sysDefaultDom":	"standalone_domain",
			"domains":	[{
					"domainName":	"standalone_domain",
					"domainDispName":	"standalone_domain",
					"domainDesc":	"standalone_domain",
					"processors":	"microblaze_0",
					"os":	"standalone",
					"sdxOs":	"standalone",
					"debugEnable":	"False",
					"domRuntimes":	["cpp"],
					"swRepo":	"",
					"mssOsVer":	"7.3",
					"mssFile":	"",
					"md5Digest":	"86683b53985218a66e39a1a88c6ba1fa",
					"compatibleApp":	"",
					"domType":	"mssDomain",
					"arch":	"32-bit",
					"appSettings":	{
						"appCompilerFlags":	"",
						"appLinkerFlags":	""
					},
					"addedLibs":	[],
					"libOptions":	{
						"libsContainingOptions":	[]
					},
					"prebuiltLibs":	{
						"prebuiltIncPath":	[],
						"prebuiltLibPath":	[]
					},
					"isolation":	{
					}
				}]
		}]
}
KEYINFO::2025-05-28.23:01:21::SCWPlatform::updated the xpfm file.
TRACE::2025-05-28.23:01:21::SCWPlatform::Trying to open the hw design at C:/Users/ilpes/Desktop/Antenne_e_clocks/project_MicroBlaze_simple/microv1/hw/micro_core_v1_wrapper.xsa
TRACE::2025-05-28.23:01:21::SCWPlatform::DSA given C:/Users/ilpes/Desktop/Antenne_e_clocks/project_MicroBlaze_simple/microv1/hw/micro_core_v1_wrapper.xsa
TRACE::2025-05-28.23:01:21::SCWPlatform::DSA absoulate path C:/Users/ilpes/Desktop/Antenne_e_clocks/project_MicroBlaze_simple/microv1/hw/micro_core_v1_wrapper.xsa
TRACE::2025-05-28.23:01:21::SCWPlatform::DSA directory C:/Users/ilpes/Desktop/Antenne_e_clocks/project_MicroBlaze_simple/microv1/hw
TRACE::2025-05-28.23:01:21::SCWPlatform:: Platform Path C:/Users/ilpes/Desktop/Antenne_e_clocks/project_MicroBlaze_simple/microv1/hw/micro_core_v1_wrapper.xsa
TRACE::2025-05-28.23:01:21::SCWPlatform:: Unique name xilinx:cmod_a7-35t::0.0
TRACE::2025-05-28.23:01:21::SCWPlatform::Trying to set the existing hwdb with name micro_core_v0_wrapper_0
TRACE::2025-05-28.23:01:21::SCWPlatform::Opened existing hwdb micro_core_v0_wrapper_0
TRACE::2025-05-28.23:01:21::SCWPlatform::Found the Hw Db part of the input DSA
TRACE::2025-05-28.23:01:21::SCWMssOS::Checking the sw design at  C:/Users/ilpes/Desktop/Antenne_e_clocks/project_MicroBlaze_simple/microv1/microblaze_0/standalone_domain/bsp/system.mss
TRACE::2025-05-28.23:01:21::SCWMssOS::DEBUG:  swdes dump  C:/Users/ilpes/Desktop/Antenne_e_clocks/project_MicroBlaze_simple/microv1/microblaze_0/standalone_domain/bsp/system.mss|system||

TRACE::2025-05-28.23:01:21::SCWMssOS::Sw design exists and opened at  C:/Users/ilpes/Desktop/Antenne_e_clocks/project_MicroBlaze_simple/microv1/microblaze_0/standalone_domain/bsp/system.mss
TRACE::2025-05-28.23:01:21::SCWMssOS::Saving the mss changes C:/Users/ilpes/Desktop/Antenne_e_clocks/project_MicroBlaze_simple/microv1/microblaze_0/standalone_domain/bsp/system.mss
TRACE::2025-05-28.23:01:21::SCWMssOS::Found a swdesign opened with the mssfile.
TRACE::2025-05-28.23:01:21::SCWMssOS::Completed writemss as part of save.
TRACE::2025-05-28.23:01:21::SCWMssOS::Commit changes completed.
TRACE::2025-05-28.23:01:21::SCWPlatform::Trying to open the hw design at C:/Users/ilpes/Desktop/Antenne_e_clocks/project_MicroBlaze_simple/microv1/hw/micro_core_v1_wrapper.xsa
TRACE::2025-05-28.23:01:21::SCWPlatform::DSA given C:/Users/ilpes/Desktop/Antenne_e_clocks/project_MicroBlaze_simple/microv1/hw/micro_core_v1_wrapper.xsa
TRACE::2025-05-28.23:01:21::SCWPlatform::DSA absoulate path C:/Users/ilpes/Desktop/Antenne_e_clocks/project_MicroBlaze_simple/microv1/hw/micro_core_v1_wrapper.xsa
TRACE::2025-05-28.23:01:21::SCWPlatform::DSA directory C:/Users/ilpes/Desktop/Antenne_e_clocks/project_MicroBlaze_simple/microv1/hw
TRACE::2025-05-28.23:01:21::SCWPlatform:: Platform Path C:/Users/ilpes/Desktop/Antenne_e_clocks/project_MicroBlaze_simple/microv1/hw/micro_core_v1_wrapper.xsa
TRACE::2025-05-28.23:01:21::SCWPlatform:: Unique name xilinx:cmod_a7-35t::0.0
TRACE::2025-05-28.23:01:21::SCWPlatform::Trying to set the existing hwdb with name micro_core_v0_wrapper_0
TRACE::2025-05-28.23:01:21::SCWPlatform::Opened existing hwdb micro_core_v0_wrapper_0
TRACE::2025-05-28.23:01:21::SCWPlatform::Found the Hw Db part of the input DSA
TRACE::2025-05-28.23:01:21::SCWMssOS::Checking the sw design at  C:/Users/ilpes/Desktop/Antenne_e_clocks/project_MicroBlaze_simple/microv1/microblaze_0/standalone_domain/bsp/system.mss
TRACE::2025-05-28.23:01:21::SCWMssOS::DEBUG:  swdes dump  C:/Users/ilpes/Desktop/Antenne_e_clocks/project_MicroBlaze_simple/microv1/microblaze_0/standalone_domain/bsp/system.mss|system||

TRACE::2025-05-28.23:01:21::SCWMssOS::Sw design exists and opened at  C:/Users/ilpes/Desktop/Antenne_e_clocks/project_MicroBlaze_simple/microv1/microblaze_0/standalone_domain/bsp/system.mss
TRACE::2025-05-28.23:01:21::SCWPlatform::Trying to open the hw design at C:/Users/ilpes/Desktop/Antenne_e_clocks/project_MicroBlaze_simple/microv1/hw/micro_core_v1_wrapper.xsa
TRACE::2025-05-28.23:01:21::SCWPlatform::DSA given C:/Users/ilpes/Desktop/Antenne_e_clocks/project_MicroBlaze_simple/microv1/hw/micro_core_v1_wrapper.xsa
TRACE::2025-05-28.23:01:21::SCWPlatform::DSA absoulate path C:/Users/ilpes/Desktop/Antenne_e_clocks/project_MicroBlaze_simple/microv1/hw/micro_core_v1_wrapper.xsa
TRACE::2025-05-28.23:01:21::SCWPlatform::DSA directory C:/Users/ilpes/Desktop/Antenne_e_clocks/project_MicroBlaze_simple/microv1/hw
TRACE::2025-05-28.23:01:21::SCWPlatform:: Platform Path C:/Users/ilpes/Desktop/Antenne_e_clocks/project_MicroBlaze_simple/microv1/hw/micro_core_v1_wrapper.xsa
TRACE::2025-05-28.23:01:21::SCWPlatform:: Unique name xilinx:cmod_a7-35t::0.0
TRACE::2025-05-28.23:01:21::SCWPlatform::Trying to set the existing hwdb with name micro_core_v0_wrapper_0
TRACE::2025-05-28.23:01:21::SCWPlatform::Opened existing hwdb micro_core_v0_wrapper_0
TRACE::2025-05-28.23:01:21::SCWPlatform::Found the Hw Db part of the input DSA
TRACE::2025-05-28.23:01:21::SCWMssOS::Checking the sw design at  C:/Users/ilpes/Desktop/Antenne_e_clocks/project_MicroBlaze_simple/microv1/microblaze_0/standalone_domain/bsp/system.mss
TRACE::2025-05-28.23:01:21::SCWMssOS::DEBUG:  swdes dump  C:/Users/ilpes/Desktop/Antenne_e_clocks/project_MicroBlaze_simple/microv1/microblaze_0/standalone_domain/bsp/system.mss|system||

TRACE::2025-05-28.23:01:21::SCWMssOS::Sw design exists and opened at  C:/Users/ilpes/Desktop/Antenne_e_clocks/project_MicroBlaze_simple/microv1/microblaze_0/standalone_domain/bsp/system.mss
TRACE::2025-05-28.23:01:21::SCWPlatform::Trying to open the hw design at C:/Users/ilpes/Desktop/Antenne_e_clocks/project_MicroBlaze_simple/microv1/hw/micro_core_v1_wrapper.xsa
TRACE::2025-05-28.23:01:21::SCWPlatform::DSA given C:/Users/ilpes/Desktop/Antenne_e_clocks/project_MicroBlaze_simple/microv1/hw/micro_core_v1_wrapper.xsa
TRACE::2025-05-28.23:01:21::SCWPlatform::DSA absoulate path C:/Users/ilpes/Desktop/Antenne_e_clocks/project_MicroBlaze_simple/microv1/hw/micro_core_v1_wrapper.xsa
TRACE::2025-05-28.23:01:21::SCWPlatform::DSA directory C:/Users/ilpes/Desktop/Antenne_e_clocks/project_MicroBlaze_simple/microv1/hw
TRACE::2025-05-28.23:01:21::SCWPlatform:: Platform Path C:/Users/ilpes/Desktop/Antenne_e_clocks/project_MicroBlaze_simple/microv1/hw/micro_core_v1_wrapper.xsa
TRACE::2025-05-28.23:01:21::SCWPlatform:: Unique name xilinx:cmod_a7-35t::0.0
TRACE::2025-05-28.23:01:21::SCWPlatform::Trying to set the existing hwdb with name micro_core_v0_wrapper_0
TRACE::2025-05-28.23:01:21::SCWPlatform::Opened existing hwdb micro_core_v0_wrapper_0
TRACE::2025-05-28.23:01:21::SCWPlatform::Found the Hw Db part of the input DSA
TRACE::2025-05-28.23:01:21::SCWMssOS::Checking the sw design at  C:/Users/ilpes/Desktop/Antenne_e_clocks/project_MicroBlaze_simple/microv1/microblaze_0/standalone_domain/bsp/system.mss
TRACE::2025-05-28.23:01:21::SCWMssOS::DEBUG:  swdes dump  C:/Users/ilpes/Desktop/Antenne_e_clocks/project_MicroBlaze_simple/microv1/microblaze_0/standalone_domain/bsp/system.mss|system||

TRACE::2025-05-28.23:01:21::SCWMssOS::Sw design exists and opened at  C:/Users/ilpes/Desktop/Antenne_e_clocks/project_MicroBlaze_simple/microv1/microblaze_0/standalone_domain/bsp/system.mss
TRACE::2025-05-28.23:01:21::SCWWriter::formatted JSON is {
	"platformName":	"microv1",
	"sprVersion":	"2.0",
	"mode":	"gui",
	"dsaType":	"Fixed",
	"platformDesc":	"microv1",
	"platHandOff":	"C:/Users/ilpes/Desktop/Antenne_e_clocks/project_MicroBlaze_simple/micro_core_v1_wrapper.xsa",
	"platIntHandOff":	"<platformDir>/hw/micro_core_v1_wrapper.xsa",
	"deviceType":	"FPGA",
	"platIsPrebuiltAutogen":	"false",
	"platIsNoBootBsp":	"false",
	"hasFsblMakeHasChanges":	"false",
	"hasPmufwMakeHasChanges":	"false",
	"platPreBuiltFlag":	false,
	"platformSamplesDir":	"",
	"platActiveSys":	"microv1",
	"systems":	[{
			"systemName":	"microv1",
			"systemDesc":	"microv1",
			"sysIsBootAutoGen":	"true",
			"systemDispName":	"microv1",
			"sysActiveDom":	"standalone_domain",
			"sysDefaultDom":	"standalone_domain",
			"domains":	[{
					"domainName":	"standalone_domain",
					"domainDispName":	"standalone_domain",
					"domainDesc":	"standalone_domain",
					"processors":	"microblaze_0",
					"os":	"standalone",
					"sdxOs":	"standalone",
					"debugEnable":	"False",
					"domRuntimes":	["cpp"],
					"swRepo":	"",
					"mssOsVer":	"7.3",
					"mssFile":	"",
					"md5Digest":	"86683b53985218a66e39a1a88c6ba1fa",
					"compatibleApp":	"",
					"domType":	"mssDomain",
					"arch":	"32-bit",
					"appSettings":	{
						"appCompilerFlags":	"",
						"appLinkerFlags":	""
					},
					"addedLibs":	[],
					"libOptions":	{
						"libsContainingOptions":	[]
					},
					"prebuiltLibs":	{
						"prebuiltIncPath":	[],
						"prebuiltLibPath":	[]
					},
					"isolation":	{
					}
				}]
		}]
}
TRACE::2025-05-28.23:01:21::SCWPlatform::Trying to open the hw design at C:/Users/ilpes/Desktop/Antenne_e_clocks/project_MicroBlaze_simple/microv1/hw/micro_core_v1_wrapper.xsa
TRACE::2025-05-28.23:01:21::SCWPlatform::DSA given C:/Users/ilpes/Desktop/Antenne_e_clocks/project_MicroBlaze_simple/microv1/hw/micro_core_v1_wrapper.xsa
TRACE::2025-05-28.23:01:21::SCWPlatform::DSA absoulate path C:/Users/ilpes/Desktop/Antenne_e_clocks/project_MicroBlaze_simple/microv1/hw/micro_core_v1_wrapper.xsa
TRACE::2025-05-28.23:01:21::SCWPlatform::DSA directory C:/Users/ilpes/Desktop/Antenne_e_clocks/project_MicroBlaze_simple/microv1/hw
TRACE::2025-05-28.23:01:21::SCWPlatform:: Platform Path C:/Users/ilpes/Desktop/Antenne_e_clocks/project_MicroBlaze_simple/microv1/hw/micro_core_v1_wrapper.xsa
TRACE::2025-05-28.23:01:21::SCWPlatform:: Unique name xilinx:cmod_a7-35t::0.0
TRACE::2025-05-28.23:01:21::SCWPlatform::Trying to set the existing hwdb with name micro_core_v0_wrapper_0
TRACE::2025-05-28.23:01:21::SCWPlatform::Opened existing hwdb micro_core_v0_wrapper_0
TRACE::2025-05-28.23:01:21::SCWPlatform::Found the Hw Db part of the input DSA
TRACE::2025-05-28.23:01:21::SCWMssOS::Checking the sw design at  C:/Users/ilpes/Desktop/Antenne_e_clocks/project_MicroBlaze_simple/microv1/microblaze_0/standalone_domain/bsp/system.mss
TRACE::2025-05-28.23:01:21::SCWMssOS::DEBUG:  swdes dump  C:/Users/ilpes/Desktop/Antenne_e_clocks/project_MicroBlaze_simple/microv1/microblaze_0/standalone_domain/bsp/system.mss|system||

TRACE::2025-05-28.23:01:21::SCWMssOS::Sw design exists and opened at  C:/Users/ilpes/Desktop/Antenne_e_clocks/project_MicroBlaze_simple/microv1/microblaze_0/standalone_domain/bsp/system.mss
TRACE::2025-05-28.23:01:21::SCWPlatform::Trying to open the hw design at C:/Users/ilpes/Desktop/Antenne_e_clocks/project_MicroBlaze_simple/microv1/hw/micro_core_v1_wrapper.xsa
TRACE::2025-05-28.23:01:21::SCWPlatform::DSA given C:/Users/ilpes/Desktop/Antenne_e_clocks/project_MicroBlaze_simple/microv1/hw/micro_core_v1_wrapper.xsa
TRACE::2025-05-28.23:01:21::SCWPlatform::DSA absoulate path C:/Users/ilpes/Desktop/Antenne_e_clocks/project_MicroBlaze_simple/microv1/hw/micro_core_v1_wrapper.xsa
TRACE::2025-05-28.23:01:21::SCWPlatform::DSA directory C:/Users/ilpes/Desktop/Antenne_e_clocks/project_MicroBlaze_simple/microv1/hw
TRACE::2025-05-28.23:01:21::SCWPlatform:: Platform Path C:/Users/ilpes/Desktop/Antenne_e_clocks/project_MicroBlaze_simple/microv1/hw/micro_core_v1_wrapper.xsa
TRACE::2025-05-28.23:01:21::SCWPlatform:: Unique name xilinx:cmod_a7-35t::0.0
TRACE::2025-05-28.23:01:21::SCWPlatform::Trying to set the existing hwdb with name micro_core_v0_wrapper_0
TRACE::2025-05-28.23:01:21::SCWPlatform::Opened existing hwdb micro_core_v0_wrapper_0
TRACE::2025-05-28.23:01:21::SCWPlatform::Found the Hw Db part of the input DSA
TRACE::2025-05-28.23:01:21::SCWMssOS::Checking the sw design at  C:/Users/ilpes/Desktop/Antenne_e_clocks/project_MicroBlaze_simple/microv1/microblaze_0/standalone_domain/bsp/system.mss
TRACE::2025-05-28.23:01:21::SCWMssOS::DEBUG:  swdes dump  C:/Users/ilpes/Desktop/Antenne_e_clocks/project_MicroBlaze_simple/microv1/microblaze_0/standalone_domain/bsp/system.mss|system||

TRACE::2025-05-28.23:01:21::SCWMssOS::Sw design exists and opened at  C:/Users/ilpes/Desktop/Antenne_e_clocks/project_MicroBlaze_simple/microv1/microblaze_0/standalone_domain/bsp/system.mss
TRACE::2025-05-28.23:01:21::SCWPlatform::Trying to open the hw design at C:/Users/ilpes/Desktop/Antenne_e_clocks/project_MicroBlaze_simple/microv1/hw/micro_core_v1_wrapper.xsa
TRACE::2025-05-28.23:01:21::SCWPlatform::DSA given C:/Users/ilpes/Desktop/Antenne_e_clocks/project_MicroBlaze_simple/microv1/hw/micro_core_v1_wrapper.xsa
TRACE::2025-05-28.23:01:21::SCWPlatform::DSA absoulate path C:/Users/ilpes/Desktop/Antenne_e_clocks/project_MicroBlaze_simple/microv1/hw/micro_core_v1_wrapper.xsa
TRACE::2025-05-28.23:01:21::SCWPlatform::DSA directory C:/Users/ilpes/Desktop/Antenne_e_clocks/project_MicroBlaze_simple/microv1/hw
TRACE::2025-05-28.23:01:21::SCWPlatform:: Platform Path C:/Users/ilpes/Desktop/Antenne_e_clocks/project_MicroBlaze_simple/microv1/hw/micro_core_v1_wrapper.xsa
TRACE::2025-05-28.23:01:21::SCWPlatform:: Unique name xilinx:cmod_a7-35t::0.0
TRACE::2025-05-28.23:01:21::SCWPlatform::Trying to set the existing hwdb with name micro_core_v0_wrapper_0
TRACE::2025-05-28.23:01:21::SCWPlatform::Opened existing hwdb micro_core_v0_wrapper_0
TRACE::2025-05-28.23:01:21::SCWPlatform::Found the Hw Db part of the input DSA
TRACE::2025-05-28.23:01:21::SCWMssOS::Checking the sw design at  C:/Users/ilpes/Desktop/Antenne_e_clocks/project_MicroBlaze_simple/microv1/microblaze_0/standalone_domain/bsp/system.mss
TRACE::2025-05-28.23:01:21::SCWMssOS::DEBUG:  swdes dump  C:/Users/ilpes/Desktop/Antenne_e_clocks/project_MicroBlaze_simple/microv1/microblaze_0/standalone_domain/bsp/system.mss|system||

TRACE::2025-05-28.23:01:21::SCWMssOS::Sw design exists and opened at  C:/Users/ilpes/Desktop/Antenne_e_clocks/project_MicroBlaze_simple/microv1/microblaze_0/standalone_domain/bsp/system.mss
TRACE::2025-05-28.23:01:21::SCWMssOS::Saving the mss changes C:/Users/ilpes/Desktop/Antenne_e_clocks/project_MicroBlaze_simple/microv1/microblaze_0/standalone_domain/bsp/system.mss
TRACE::2025-05-28.23:01:21::SCWMssOS::Found a swdesign opened with the mssfile.
TRACE::2025-05-28.23:01:21::SCWMssOS::Completed writemss as part of save.
TRACE::2025-05-28.23:01:21::SCWMssOS::Commit changes completed.
TRACE::2025-05-28.23:01:21::SCWPlatform::Trying to open the hw design at C:/Users/ilpes/Desktop/Antenne_e_clocks/project_MicroBlaze_simple/microv1/hw/micro_core_v1_wrapper.xsa
TRACE::2025-05-28.23:01:21::SCWPlatform::DSA given C:/Users/ilpes/Desktop/Antenne_e_clocks/project_MicroBlaze_simple/microv1/hw/micro_core_v1_wrapper.xsa
TRACE::2025-05-28.23:01:21::SCWPlatform::DSA absoulate path C:/Users/ilpes/Desktop/Antenne_e_clocks/project_MicroBlaze_simple/microv1/hw/micro_core_v1_wrapper.xsa
TRACE::2025-05-28.23:01:21::SCWPlatform::DSA directory C:/Users/ilpes/Desktop/Antenne_e_clocks/project_MicroBlaze_simple/microv1/hw
TRACE::2025-05-28.23:01:21::SCWPlatform:: Platform Path C:/Users/ilpes/Desktop/Antenne_e_clocks/project_MicroBlaze_simple/microv1/hw/micro_core_v1_wrapper.xsa
TRACE::2025-05-28.23:01:21::SCWPlatform:: Unique name xilinx:cmod_a7-35t::0.0
TRACE::2025-05-28.23:01:21::SCWPlatform::Trying to set the existing hwdb with name micro_core_v0_wrapper_0
TRACE::2025-05-28.23:01:21::SCWPlatform::Opened existing hwdb micro_core_v0_wrapper_0
TRACE::2025-05-28.23:01:21::SCWPlatform::Found the Hw Db part of the input DSA
TRACE::2025-05-28.23:01:21::SCWMssOS::Checking the sw design at  C:/Users/ilpes/Desktop/Antenne_e_clocks/project_MicroBlaze_simple/microv1/microblaze_0/standalone_domain/bsp/system.mss
TRACE::2025-05-28.23:01:21::SCWMssOS::DEBUG:  swdes dump  C:/Users/ilpes/Desktop/Antenne_e_clocks/project_MicroBlaze_simple/microv1/microblaze_0/standalone_domain/bsp/system.mss|system||

TRACE::2025-05-28.23:01:21::SCWMssOS::Sw design exists and opened at  C:/Users/ilpes/Desktop/Antenne_e_clocks/project_MicroBlaze_simple/microv1/microblaze_0/standalone_domain/bsp/system.mss
TRACE::2025-05-28.23:01:21::SCWPlatform::Trying to open the hw design at C:/Users/ilpes/Desktop/Antenne_e_clocks/project_MicroBlaze_simple/microv1/hw/micro_core_v1_wrapper.xsa
TRACE::2025-05-28.23:01:21::SCWPlatform::DSA given C:/Users/ilpes/Desktop/Antenne_e_clocks/project_MicroBlaze_simple/microv1/hw/micro_core_v1_wrapper.xsa
TRACE::2025-05-28.23:01:21::SCWPlatform::DSA absoulate path C:/Users/ilpes/Desktop/Antenne_e_clocks/project_MicroBlaze_simple/microv1/hw/micro_core_v1_wrapper.xsa
TRACE::2025-05-28.23:01:21::SCWPlatform::DSA directory C:/Users/ilpes/Desktop/Antenne_e_clocks/project_MicroBlaze_simple/microv1/hw
TRACE::2025-05-28.23:01:21::SCWPlatform:: Platform Path C:/Users/ilpes/Desktop/Antenne_e_clocks/project_MicroBlaze_simple/microv1/hw/micro_core_v1_wrapper.xsa
TRACE::2025-05-28.23:01:21::SCWPlatform:: Unique name xilinx:cmod_a7-35t::0.0
TRACE::2025-05-28.23:01:21::SCWPlatform::Trying to set the existing hwdb with name micro_core_v0_wrapper_0
TRACE::2025-05-28.23:01:21::SCWPlatform::Opened existing hwdb micro_core_v0_wrapper_0
TRACE::2025-05-28.23:01:21::SCWPlatform::Found the Hw Db part of the input DSA
TRACE::2025-05-28.23:01:21::SCWMssOS::Checking the sw design at  C:/Users/ilpes/Desktop/Antenne_e_clocks/project_MicroBlaze_simple/microv1/microblaze_0/standalone_domain/bsp/system.mss
TRACE::2025-05-28.23:01:21::SCWMssOS::DEBUG:  swdes dump  C:/Users/ilpes/Desktop/Antenne_e_clocks/project_MicroBlaze_simple/microv1/microblaze_0/standalone_domain/bsp/system.mss|system||

TRACE::2025-05-28.23:01:21::SCWMssOS::Sw design exists and opened at  C:/Users/ilpes/Desktop/Antenne_e_clocks/project_MicroBlaze_simple/microv1/microblaze_0/standalone_domain/bsp/system.mss
TRACE::2025-05-28.23:01:21::SCWPlatform::Trying to open the hw design at C:/Users/ilpes/Desktop/Antenne_e_clocks/project_MicroBlaze_simple/microv1/hw/micro_core_v1_wrapper.xsa
TRACE::2025-05-28.23:01:21::SCWPlatform::DSA given C:/Users/ilpes/Desktop/Antenne_e_clocks/project_MicroBlaze_simple/microv1/hw/micro_core_v1_wrapper.xsa
TRACE::2025-05-28.23:01:21::SCWPlatform::DSA absoulate path C:/Users/ilpes/Desktop/Antenne_e_clocks/project_MicroBlaze_simple/microv1/hw/micro_core_v1_wrapper.xsa
TRACE::2025-05-28.23:01:21::SCWPlatform::DSA directory C:/Users/ilpes/Desktop/Antenne_e_clocks/project_MicroBlaze_simple/microv1/hw
TRACE::2025-05-28.23:01:21::SCWPlatform:: Platform Path C:/Users/ilpes/Desktop/Antenne_e_clocks/project_MicroBlaze_simple/microv1/hw/micro_core_v1_wrapper.xsa
TRACE::2025-05-28.23:01:21::SCWPlatform:: Unique name xilinx:cmod_a7-35t::0.0
TRACE::2025-05-28.23:01:21::SCWPlatform::Trying to set the existing hwdb with name micro_core_v0_wrapper_0
TRACE::2025-05-28.23:01:21::SCWPlatform::Opened existing hwdb micro_core_v0_wrapper_0
TRACE::2025-05-28.23:01:21::SCWPlatform::Found the Hw Db part of the input DSA
TRACE::2025-05-28.23:01:21::SCWMssOS::Checking the sw design at  C:/Users/ilpes/Desktop/Antenne_e_clocks/project_MicroBlaze_simple/microv1/microblaze_0/standalone_domain/bsp/system.mss
TRACE::2025-05-28.23:01:21::SCWMssOS::DEBUG:  swdes dump  C:/Users/ilpes/Desktop/Antenne_e_clocks/project_MicroBlaze_simple/microv1/microblaze_0/standalone_domain/bsp/system.mss|system||

TRACE::2025-05-28.23:01:21::SCWMssOS::Sw design exists and opened at  C:/Users/ilpes/Desktop/Antenne_e_clocks/project_MicroBlaze_simple/microv1/microblaze_0/standalone_domain/bsp/system.mss
TRACE::2025-05-28.23:01:21::SCWWriter::formatted JSON is {
	"platformName":	"microv1",
	"sprVersion":	"2.0",
	"mode":	"gui",
	"dsaType":	"Fixed",
	"platformDesc":	"microv1",
	"platHandOff":	"C:/Users/ilpes/Desktop/Antenne_e_clocks/project_MicroBlaze_simple/micro_core_v1_wrapper.xsa",
	"platIntHandOff":	"<platformDir>/hw/micro_core_v1_wrapper.xsa",
	"deviceType":	"FPGA",
	"platIsPrebuiltAutogen":	"false",
	"platIsNoBootBsp":	"false",
	"hasFsblMakeHasChanges":	"false",
	"hasPmufwMakeHasChanges":	"false",
	"platPreBuiltFlag":	false,
	"platformSamplesDir":	"",
	"platActiveSys":	"microv1",
	"systems":	[{
			"systemName":	"microv1",
			"systemDesc":	"microv1",
			"sysIsBootAutoGen":	"true",
			"systemDispName":	"microv1",
			"sysActiveDom":	"standalone_domain",
			"sysDefaultDom":	"standalone_domain",
			"domains":	[{
					"domainName":	"standalone_domain",
					"domainDispName":	"standalone on microblaze_0",
					"domainDesc":	"standalone_domain",
					"processors":	"microblaze_0",
					"os":	"standalone",
					"sdxOs":	"standalone",
					"debugEnable":	"False",
					"domRuntimes":	["cpp"],
					"swRepo":	"",
					"mssOsVer":	"7.3",
					"mssFile":	"",
					"md5Digest":	"86683b53985218a66e39a1a88c6ba1fa",
					"compatibleApp":	"",
					"domType":	"mssDomain",
					"arch":	"32-bit",
					"appSettings":	{
						"appCompilerFlags":	"",
						"appLinkerFlags":	""
					},
					"addedLibs":	[],
					"libOptions":	{
						"libsContainingOptions":	[]
					},
					"prebuiltLibs":	{
						"prebuiltIncPath":	[],
						"prebuiltLibPath":	[]
					},
					"isolation":	{
					}
				}]
		}]
}
TRACE::2025-05-28.23:01:21::SCWMssOS::Saving the mss changes C:/Users/ilpes/Desktop/Antenne_e_clocks/project_MicroBlaze_simple/microv1/microblaze_0/standalone_domain/bsp/system.mss
TRACE::2025-05-28.23:01:21::SCWMssOS::Found a swdesign opened with the mssfile.
TRACE::2025-05-28.23:01:21::SCWMssOS::Completed writemss as part of save.
TRACE::2025-05-28.23:01:21::SCWMssOS::Commit changes completed.
TRACE::2025-05-28.23:01:21::SCWPlatform::Trying to open the hw design at C:/Users/ilpes/Desktop/Antenne_e_clocks/project_MicroBlaze_simple/microv1/hw/micro_core_v1_wrapper.xsa
TRACE::2025-05-28.23:01:21::SCWPlatform::DSA given C:/Users/ilpes/Desktop/Antenne_e_clocks/project_MicroBlaze_simple/microv1/hw/micro_core_v1_wrapper.xsa
TRACE::2025-05-28.23:01:21::SCWPlatform::DSA absoulate path C:/Users/ilpes/Desktop/Antenne_e_clocks/project_MicroBlaze_simple/microv1/hw/micro_core_v1_wrapper.xsa
TRACE::2025-05-28.23:01:21::SCWPlatform::DSA directory C:/Users/ilpes/Desktop/Antenne_e_clocks/project_MicroBlaze_simple/microv1/hw
TRACE::2025-05-28.23:01:21::SCWPlatform:: Platform Path C:/Users/ilpes/Desktop/Antenne_e_clocks/project_MicroBlaze_simple/microv1/hw/micro_core_v1_wrapper.xsa
TRACE::2025-05-28.23:01:21::SCWPlatform:: Unique name xilinx:cmod_a7-35t::0.0
TRACE::2025-05-28.23:01:21::SCWPlatform::Trying to set the existing hwdb with name micro_core_v0_wrapper_0
TRACE::2025-05-28.23:01:21::SCWPlatform::Opened existing hwdb micro_core_v0_wrapper_0
TRACE::2025-05-28.23:01:21::SCWPlatform::Found the Hw Db part of the input DSA
TRACE::2025-05-28.23:01:21::SCWMssOS::Checking the sw design at  C:/Users/ilpes/Desktop/Antenne_e_clocks/project_MicroBlaze_simple/microv1/microblaze_0/standalone_domain/bsp/system.mss
TRACE::2025-05-28.23:01:21::SCWMssOS::DEBUG:  swdes dump  C:/Users/ilpes/Desktop/Antenne_e_clocks/project_MicroBlaze_simple/microv1/microblaze_0/standalone_domain/bsp/system.mss|system||

TRACE::2025-05-28.23:01:21::SCWMssOS::Sw design exists and opened at  C:/Users/ilpes/Desktop/Antenne_e_clocks/project_MicroBlaze_simple/microv1/microblaze_0/standalone_domain/bsp/system.mss
TRACE::2025-05-28.23:01:21::SCWPlatform::Trying to open the hw design at C:/Users/ilpes/Desktop/Antenne_e_clocks/project_MicroBlaze_simple/microv1/hw/micro_core_v1_wrapper.xsa
TRACE::2025-05-28.23:01:21::SCWPlatform::DSA given C:/Users/ilpes/Desktop/Antenne_e_clocks/project_MicroBlaze_simple/microv1/hw/micro_core_v1_wrapper.xsa
TRACE::2025-05-28.23:01:21::SCWPlatform::DSA absoulate path C:/Users/ilpes/Desktop/Antenne_e_clocks/project_MicroBlaze_simple/microv1/hw/micro_core_v1_wrapper.xsa
TRACE::2025-05-28.23:01:21::SCWPlatform::DSA directory C:/Users/ilpes/Desktop/Antenne_e_clocks/project_MicroBlaze_simple/microv1/hw
TRACE::2025-05-28.23:01:21::SCWPlatform:: Platform Path C:/Users/ilpes/Desktop/Antenne_e_clocks/project_MicroBlaze_simple/microv1/hw/micro_core_v1_wrapper.xsa
TRACE::2025-05-28.23:01:21::SCWPlatform:: Unique name xilinx:cmod_a7-35t::0.0
TRACE::2025-05-28.23:01:21::SCWPlatform::Trying to set the existing hwdb with name micro_core_v0_wrapper_0
TRACE::2025-05-28.23:01:21::SCWPlatform::Opened existing hwdb micro_core_v0_wrapper_0
TRACE::2025-05-28.23:01:21::SCWPlatform::Found the Hw Db part of the input DSA
TRACE::2025-05-28.23:01:21::SCWMssOS::Checking the sw design at  C:/Users/ilpes/Desktop/Antenne_e_clocks/project_MicroBlaze_simple/microv1/microblaze_0/standalone_domain/bsp/system.mss
TRACE::2025-05-28.23:01:21::SCWMssOS::DEBUG:  swdes dump  C:/Users/ilpes/Desktop/Antenne_e_clocks/project_MicroBlaze_simple/microv1/microblaze_0/standalone_domain/bsp/system.mss|system||

TRACE::2025-05-28.23:01:21::SCWMssOS::Sw design exists and opened at  C:/Users/ilpes/Desktop/Antenne_e_clocks/project_MicroBlaze_simple/microv1/microblaze_0/standalone_domain/bsp/system.mss
TRACE::2025-05-28.23:01:21::SCWPlatform::Trying to open the hw design at C:/Users/ilpes/Desktop/Antenne_e_clocks/project_MicroBlaze_simple/microv1/hw/micro_core_v1_wrapper.xsa
TRACE::2025-05-28.23:01:21::SCWPlatform::DSA given C:/Users/ilpes/Desktop/Antenne_e_clocks/project_MicroBlaze_simple/microv1/hw/micro_core_v1_wrapper.xsa
TRACE::2025-05-28.23:01:21::SCWPlatform::DSA absoulate path C:/Users/ilpes/Desktop/Antenne_e_clocks/project_MicroBlaze_simple/microv1/hw/micro_core_v1_wrapper.xsa
TRACE::2025-05-28.23:01:21::SCWPlatform::DSA directory C:/Users/ilpes/Desktop/Antenne_e_clocks/project_MicroBlaze_simple/microv1/hw
TRACE::2025-05-28.23:01:21::SCWPlatform:: Platform Path C:/Users/ilpes/Desktop/Antenne_e_clocks/project_MicroBlaze_simple/microv1/hw/micro_core_v1_wrapper.xsa
TRACE::2025-05-28.23:01:21::SCWPlatform:: Unique name xilinx:cmod_a7-35t::0.0
TRACE::2025-05-28.23:01:21::SCWPlatform::Trying to set the existing hwdb with name micro_core_v0_wrapper_0
TRACE::2025-05-28.23:01:21::SCWPlatform::Opened existing hwdb micro_core_v0_wrapper_0
TRACE::2025-05-28.23:01:21::SCWPlatform::Found the Hw Db part of the input DSA
TRACE::2025-05-28.23:01:21::SCWMssOS::Checking the sw design at  C:/Users/ilpes/Desktop/Antenne_e_clocks/project_MicroBlaze_simple/microv1/microblaze_0/standalone_domain/bsp/system.mss
TRACE::2025-05-28.23:01:21::SCWMssOS::DEBUG:  swdes dump  C:/Users/ilpes/Desktop/Antenne_e_clocks/project_MicroBlaze_simple/microv1/microblaze_0/standalone_domain/bsp/system.mss|system||

TRACE::2025-05-28.23:01:21::SCWMssOS::Sw design exists and opened at  C:/Users/ilpes/Desktop/Antenne_e_clocks/project_MicroBlaze_simple/microv1/microblaze_0/standalone_domain/bsp/system.mss
TRACE::2025-05-28.23:01:21::SCWWriter::formatted JSON is {
	"platformName":	"microv1",
	"sprVersion":	"2.0",
	"mode":	"gui",
	"dsaType":	"Fixed",
	"platformDesc":	"microv1",
	"platHandOff":	"C:/Users/ilpes/Desktop/Antenne_e_clocks/project_MicroBlaze_simple/micro_core_v1_wrapper.xsa",
	"platIntHandOff":	"<platformDir>/hw/micro_core_v1_wrapper.xsa",
	"deviceType":	"FPGA",
	"platIsPrebuiltAutogen":	"false",
	"platIsNoBootBsp":	"false",
	"hasFsblMakeHasChanges":	"false",
	"hasPmufwMakeHasChanges":	"false",
	"platPreBuiltFlag":	false,
	"platformSamplesDir":	"",
	"platActiveSys":	"microv1",
	"systems":	[{
			"systemName":	"microv1",
			"systemDesc":	"microv1",
			"sysIsBootAutoGen":	"true",
			"systemDispName":	"microv1",
			"sysActiveDom":	"standalone_domain",
			"sysDefaultDom":	"standalone_domain",
			"domains":	[{
					"domainName":	"standalone_domain",
					"domainDispName":	"standalone on microblaze_0",
					"domainDesc":	"standalone_domain",
					"processors":	"microblaze_0",
					"os":	"standalone",
					"sdxOs":	"standalone",
					"debugEnable":	"False",
					"domRuntimes":	["cpp"],
					"swRepo":	"",
					"mssOsVer":	"7.3",
					"mssFile":	"",
					"md5Digest":	"86683b53985218a66e39a1a88c6ba1fa",
					"compatibleApp":	"",
					"domType":	"mssDomain",
					"arch":	"32-bit",
					"appSettings":	{
						"appCompilerFlags":	"",
						"appLinkerFlags":	""
					},
					"addedLibs":	[],
					"libOptions":	{
						"libsContainingOptions":	[]
					},
					"prebuiltLibs":	{
						"prebuiltIncPath":	[],
						"prebuiltLibPath":	[]
					},
					"isolation":	{
					}
				}]
		}]
}
TRACE::2025-05-28.23:01:22::SCWPlatform::Clearing the existing platform
TRACE::2025-05-28.23:01:22::SCWSystem::Clearing the existing sysconfig
TRACE::2025-05-28.23:01:22::SCWMssOS::Removing the swdes entry for  C:/Users/ilpes/Desktop/Antenne_e_clocks/project_MicroBlaze_simple/microv1/microblaze_0/standalone_domain/bsp/system.mss
TRACE::2025-05-28.23:01:22::SCWSystem::Clearing the domains completed.
TRACE::2025-05-28.23:01:22::SCWPlatform::Clearing the opened hw db.
TRACE::2025-05-28.23:01:22::SCWPlatform::DSA given C:/Users/ilpes/Desktop/Antenne_e_clocks/project_MicroBlaze_simple/microv1/hw/micro_core_v1_wrapper.xsa
TRACE::2025-05-28.23:01:22::SCWPlatform::DSA absoulate path C:/Users/ilpes/Desktop/Antenne_e_clocks/project_MicroBlaze_simple/microv1/hw/micro_core_v1_wrapper.xsa
TRACE::2025-05-28.23:01:22::SCWPlatform:: Platform location is C:/Users/ilpes/Desktop/Antenne_e_clocks/project_MicroBlaze_simple/microv1/hw
TRACE::2025-05-28.23:01:22::SCWPlatform:: Platform Path C:/Users/ilpes/Desktop/Antenne_e_clocks/project_MicroBlaze_simple/microv1/hw/micro_core_v1_wrapper.xsa
TRACE::2025-05-28.23:01:22::SCWPlatform:: Unique name xilinx:cmod_a7-35t::0.0
TRACE::2025-05-28.23:01:22::SCWPlatform::Removing the HwDB with name C:/Users/ilpes/Desktop/Antenne_e_clocks/project_MicroBlaze_simple/microv1/hw/micro_core_v1_wrapper.xsa
TRACE::2025-05-28.23:01:22::SCWPlatform::Trying to open the hw design at C:/Users/ilpes/Desktop/Antenne_e_clocks/project_MicroBlaze_simple/microv1/hw/micro_core_v1_wrapper.xsa
TRACE::2025-05-28.23:01:22::SCWPlatform::DSA given C:/Users/ilpes/Desktop/Antenne_e_clocks/project_MicroBlaze_simple/microv1/hw/micro_core_v1_wrapper.xsa
TRACE::2025-05-28.23:01:22::SCWPlatform::DSA absoulate path C:/Users/ilpes/Desktop/Antenne_e_clocks/project_MicroBlaze_simple/microv1/hw/micro_core_v1_wrapper.xsa
TRACE::2025-05-28.23:01:22::SCWPlatform::DSA directory C:/Users/ilpes/Desktop/Antenne_e_clocks/project_MicroBlaze_simple/microv1/hw
TRACE::2025-05-28.23:01:22::SCWPlatform:: Platform Path C:/Users/ilpes/Desktop/Antenne_e_clocks/project_MicroBlaze_simple/microv1/hw/micro_core_v1_wrapper.xsa
TRACE::2025-05-28.23:01:22::SCWPlatform:: Unique name xilinx:cmod_a7-35t::0.0
TRACE::2025-05-28.23:01:22::SCWPlatform::Do not have an existing db opened. 
TRACE::2025-05-28.23:01:22::SCWPlatform::Opened new HwDB with name micro_core_v0_wrapper_1
TRACE::2025-05-28.23:01:22::SCWReader::Active system found as  microv1
TRACE::2025-05-28.23:01:22::SCWReader::Handling sysconfig microv1
TRACE::2025-05-28.23:01:22::SCWDomain::checking for install qemu data   : 
TRACE::2025-05-28.23:01:22::SCWPlatform::Trying to open the hw design at C:/Users/ilpes/Desktop/Antenne_e_clocks/project_MicroBlaze_simple/microv1/hw/micro_core_v1_wrapper.xsa
TRACE::2025-05-28.23:01:22::SCWPlatform::DSA given C:/Users/ilpes/Desktop/Antenne_e_clocks/project_MicroBlaze_simple/microv1/hw/micro_core_v1_wrapper.xsa
TRACE::2025-05-28.23:01:22::SCWPlatform::DSA absoulate path C:/Users/ilpes/Desktop/Antenne_e_clocks/project_MicroBlaze_simple/microv1/hw/micro_core_v1_wrapper.xsa
TRACE::2025-05-28.23:01:22::SCWPlatform::DSA directory C:/Users/ilpes/Desktop/Antenne_e_clocks/project_MicroBlaze_simple/microv1/hw
TRACE::2025-05-28.23:01:22::SCWPlatform:: Platform Path C:/Users/ilpes/Desktop/Antenne_e_clocks/project_MicroBlaze_simple/microv1/hw/micro_core_v1_wrapper.xsa
TRACE::2025-05-28.23:01:22::SCWPlatform:: Unique name xilinx:cmod_a7-35t::0.0
TRACE::2025-05-28.23:01:22::SCWPlatform::Trying to set the existing hwdb with name micro_core_v0_wrapper_1
TRACE::2025-05-28.23:01:22::SCWPlatform::Opened existing hwdb micro_core_v0_wrapper_1
TRACE::2025-05-28.23:01:22::SCWPlatform::Found the Hw Db part of the input DSA
TRACE::2025-05-28.23:01:22::SCWPlatform::Trying to open the hw design at C:/Users/ilpes/Desktop/Antenne_e_clocks/project_MicroBlaze_simple/microv1/hw/micro_core_v1_wrapper.xsa
TRACE::2025-05-28.23:01:22::SCWPlatform::DSA given C:/Users/ilpes/Desktop/Antenne_e_clocks/project_MicroBlaze_simple/microv1/hw/micro_core_v1_wrapper.xsa
TRACE::2025-05-28.23:01:22::SCWPlatform::DSA absoulate path C:/Users/ilpes/Desktop/Antenne_e_clocks/project_MicroBlaze_simple/microv1/hw/micro_core_v1_wrapper.xsa
TRACE::2025-05-28.23:01:22::SCWPlatform::DSA directory C:/Users/ilpes/Desktop/Antenne_e_clocks/project_MicroBlaze_simple/microv1/hw
TRACE::2025-05-28.23:01:22::SCWPlatform:: Platform Path C:/Users/ilpes/Desktop/Antenne_e_clocks/project_MicroBlaze_simple/microv1/hw/micro_core_v1_wrapper.xsa
TRACE::2025-05-28.23:01:22::SCWPlatform:: Unique name xilinx:cmod_a7-35t::0.0
TRACE::2025-05-28.23:01:22::SCWPlatform::Trying to set the existing hwdb with name micro_core_v0_wrapper_1
TRACE::2025-05-28.23:01:22::SCWPlatform::Opened existing hwdb micro_core_v0_wrapper_1
TRACE::2025-05-28.23:01:22::SCWPlatform::Found the Hw Db part of the input DSA
TRACE::2025-05-28.23:01:22::SCWPlatform::Trying to open the hw design at C:/Users/ilpes/Desktop/Antenne_e_clocks/project_MicroBlaze_simple/microv1/hw/micro_core_v1_wrapper.xsa
TRACE::2025-05-28.23:01:22::SCWPlatform::DSA given C:/Users/ilpes/Desktop/Antenne_e_clocks/project_MicroBlaze_simple/microv1/hw/micro_core_v1_wrapper.xsa
TRACE::2025-05-28.23:01:22::SCWPlatform::DSA absoulate path C:/Users/ilpes/Desktop/Antenne_e_clocks/project_MicroBlaze_simple/microv1/hw/micro_core_v1_wrapper.xsa
TRACE::2025-05-28.23:01:22::SCWPlatform::DSA directory C:/Users/ilpes/Desktop/Antenne_e_clocks/project_MicroBlaze_simple/microv1/hw
TRACE::2025-05-28.23:01:22::SCWPlatform:: Platform Path C:/Users/ilpes/Desktop/Antenne_e_clocks/project_MicroBlaze_simple/microv1/hw/micro_core_v1_wrapper.xsa
TRACE::2025-05-28.23:01:22::SCWPlatform:: Unique name xilinx:cmod_a7-35t::0.0
TRACE::2025-05-28.23:01:22::SCWPlatform::Trying to set the existing hwdb with name micro_core_v0_wrapper_1
TRACE::2025-05-28.23:01:22::SCWPlatform::Opened existing hwdb micro_core_v0_wrapper_1
TRACE::2025-05-28.23:01:22::SCWPlatform::Found the Hw Db part of the input DSA
TRACE::2025-05-28.23:01:22::SCWPlatform::Trying to open the hw design at C:/Users/ilpes/Desktop/Antenne_e_clocks/project_MicroBlaze_simple/microv1/hw/micro_core_v1_wrapper.xsa
TRACE::2025-05-28.23:01:22::SCWPlatform::DSA given C:/Users/ilpes/Desktop/Antenne_e_clocks/project_MicroBlaze_simple/microv1/hw/micro_core_v1_wrapper.xsa
TRACE::2025-05-28.23:01:22::SCWPlatform::DSA absoulate path C:/Users/ilpes/Desktop/Antenne_e_clocks/project_MicroBlaze_simple/microv1/hw/micro_core_v1_wrapper.xsa
TRACE::2025-05-28.23:01:22::SCWPlatform::DSA directory C:/Users/ilpes/Desktop/Antenne_e_clocks/project_MicroBlaze_simple/microv1/hw
TRACE::2025-05-28.23:01:22::SCWPlatform:: Platform Path C:/Users/ilpes/Desktop/Antenne_e_clocks/project_MicroBlaze_simple/microv1/hw/micro_core_v1_wrapper.xsa
TRACE::2025-05-28.23:01:22::SCWPlatform:: Unique name xilinx:cmod_a7-35t::0.0
TRACE::2025-05-28.23:01:22::SCWPlatform::Trying to set the existing hwdb with name micro_core_v0_wrapper_1
TRACE::2025-05-28.23:01:22::SCWPlatform::Opened existing hwdb micro_core_v0_wrapper_1
TRACE::2025-05-28.23:01:22::SCWPlatform::Found the Hw Db part of the input DSA
TRACE::2025-05-28.23:01:22::SCWMssOS::Checking the sw design at  C:/Users/ilpes/Desktop/Antenne_e_clocks/project_MicroBlaze_simple/microv1/microblaze_0/standalone_domain/bsp/system.mss
TRACE::2025-05-28.23:01:22::SCWMssOS::DEBUG:  swdes dump  
TRACE::2025-05-28.23:01:22::SCWMssOS::No sw design opened at  C:/Users/ilpes/Desktop/Antenne_e_clocks/project_MicroBlaze_simple/microv1/microblaze_0/standalone_domain/bsp/system.mss
TRACE::2025-05-28.23:01:22::SCWMssOS::mss exists loading the mss file  C:/Users/ilpes/Desktop/Antenne_e_clocks/project_MicroBlaze_simple/microv1/microblaze_0/standalone_domain/bsp/system.mss
TRACE::2025-05-28.23:01:22::SCWMssOS::Opened the sw design from mss  C:/Users/ilpes/Desktop/Antenne_e_clocks/project_MicroBlaze_simple/microv1/microblaze_0/standalone_domain/bsp/system.mss
TRACE::2025-05-28.23:01:22::SCWMssOS::Adding the swdes entry C:/Users/ilpes/Desktop/Antenne_e_clocks/project_MicroBlaze_simple/microv1/microblaze_0/standalone_domain/bsp/system.mss with des name system
TRACE::2025-05-28.23:01:22::SCWMssOS::updating the scw layer about changes
TRACE::2025-05-28.23:01:22::SCWMssOS::Opened the sw design.  C:/Users/ilpes/Desktop/Antenne_e_clocks/project_MicroBlaze_simple/microv1/microblaze_0/standalone_domain/bsp/system.mss
TRACE::2025-05-28.23:01:22::SCWMssOS::Saving the mss changes C:/Users/ilpes/Desktop/Antenne_e_clocks/project_MicroBlaze_simple/microv1/microblaze_0/standalone_domain/bsp/system.mss
TRACE::2025-05-28.23:01:22::SCWMssOS::Found a swdesign opened with the mssfile.
TRACE::2025-05-28.23:01:22::SCWMssOS::Completed writemss as part of save.
TRACE::2025-05-28.23:01:22::SCWMssOS::Commit changes completed.
TRACE::2025-05-28.23:01:22::SCWReader::Adding prebuilt librarypaths as   
TRACE::2025-05-28.23:01:22::SCWReader::Adding prebuilt incpaths  as   
TRACE::2025-05-28.23:01:22::SCWPlatform::Trying to open the hw design at C:/Users/ilpes/Desktop/Antenne_e_clocks/project_MicroBlaze_simple/microv1/hw/micro_core_v1_wrapper.xsa
TRACE::2025-05-28.23:01:22::SCWPlatform::DSA given C:/Users/ilpes/Desktop/Antenne_e_clocks/project_MicroBlaze_simple/microv1/hw/micro_core_v1_wrapper.xsa
TRACE::2025-05-28.23:01:22::SCWPlatform::DSA absoulate path C:/Users/ilpes/Desktop/Antenne_e_clocks/project_MicroBlaze_simple/microv1/hw/micro_core_v1_wrapper.xsa
TRACE::2025-05-28.23:01:22::SCWPlatform::DSA directory C:/Users/ilpes/Desktop/Antenne_e_clocks/project_MicroBlaze_simple/microv1/hw
TRACE::2025-05-28.23:01:22::SCWPlatform:: Platform Path C:/Users/ilpes/Desktop/Antenne_e_clocks/project_MicroBlaze_simple/microv1/hw/micro_core_v1_wrapper.xsa
TRACE::2025-05-28.23:01:22::SCWPlatform:: Unique name xilinx:cmod_a7-35t::0.0
TRACE::2025-05-28.23:01:22::SCWPlatform::Trying to set the existing hwdb with name micro_core_v0_wrapper_1
TRACE::2025-05-28.23:01:22::SCWPlatform::Opened existing hwdb micro_core_v0_wrapper_1
TRACE::2025-05-28.23:01:22::SCWPlatform::Found the Hw Db part of the input DSA
TRACE::2025-05-28.23:01:22::SCWMssOS::Checking the sw design at  C:/Users/ilpes/Desktop/Antenne_e_clocks/project_MicroBlaze_simple/microv1/microblaze_0/standalone_domain/bsp/system.mss
TRACE::2025-05-28.23:01:22::SCWMssOS::DEBUG:  swdes dump  C:/Users/ilpes/Desktop/Antenne_e_clocks/project_MicroBlaze_simple/microv1/microblaze_0/standalone_domain/bsp/system.mss|system||

TRACE::2025-05-28.23:01:22::SCWMssOS::Sw design exists and opened at  C:/Users/ilpes/Desktop/Antenne_e_clocks/project_MicroBlaze_simple/microv1/microblaze_0/standalone_domain/bsp/system.mss
TRACE::2025-05-28.23:01:22::SCWReader::No isolation master present  
LOG::2025-05-28.23:02:05::SCWPlatform::Started generating the artifacts platform microv1
TRACE::2025-05-28.23:02:05::SCWPlatform::Sanity checking of platform is completed
LOG::2025-05-28.23:02:05::SCWPlatform::Started generating the artifacts for system configuration microv1
LOG::2025-05-28.23:02:05::SCWSystem::Checking the domain standalone_domain
LOG::2025-05-28.23:02:05::SCWSystem::Not a boot domain 
LOG::2025-05-28.23:02:05::SCWSystem::Started Processing the domain standalone_domain
TRACE::2025-05-28.23:02:05::SCWDomain::Generating domain artifcats
TRACE::2025-05-28.23:02:05::SCWMssOS::Generating standalone artifcats
TRACE::2025-05-28.23:02:05::SCWMssOS:: Copying the user libraries. 
TRACE::2025-05-28.23:02:05::SCWPlatform::Trying to open the hw design at C:/Users/ilpes/Desktop/Antenne_e_clocks/project_MicroBlaze_simple/microv1/hw/micro_core_v1_wrapper.xsa
TRACE::2025-05-28.23:02:05::SCWPlatform::DSA given C:/Users/ilpes/Desktop/Antenne_e_clocks/project_MicroBlaze_simple/microv1/hw/micro_core_v1_wrapper.xsa
TRACE::2025-05-28.23:02:05::SCWPlatform::DSA absoulate path C:/Users/ilpes/Desktop/Antenne_e_clocks/project_MicroBlaze_simple/microv1/hw/micro_core_v1_wrapper.xsa
TRACE::2025-05-28.23:02:05::SCWPlatform::DSA directory C:/Users/ilpes/Desktop/Antenne_e_clocks/project_MicroBlaze_simple/microv1/hw
TRACE::2025-05-28.23:02:05::SCWPlatform:: Platform Path C:/Users/ilpes/Desktop/Antenne_e_clocks/project_MicroBlaze_simple/microv1/hw/micro_core_v1_wrapper.xsa
TRACE::2025-05-28.23:02:05::SCWPlatform:: Unique name xilinx:cmod_a7-35t::0.0
TRACE::2025-05-28.23:02:05::SCWPlatform::Trying to set the existing hwdb with name micro_core_v0_wrapper_1
TRACE::2025-05-28.23:02:05::SCWPlatform::Opened existing hwdb micro_core_v0_wrapper_1
TRACE::2025-05-28.23:02:05::SCWPlatform::Found the Hw Db part of the input DSA
TRACE::2025-05-28.23:02:05::SCWMssOS::Checking the sw design at  C:/Users/ilpes/Desktop/Antenne_e_clocks/project_MicroBlaze_simple/microv1/microblaze_0/standalone_domain/bsp/system.mss
TRACE::2025-05-28.23:02:05::SCWMssOS::DEBUG:  swdes dump  C:/Users/ilpes/Desktop/Antenne_e_clocks/project_MicroBlaze_simple/microv1/microblaze_0/standalone_domain/bsp/system.mss|system||

TRACE::2025-05-28.23:02:05::SCWMssOS::Sw design exists and opened at  C:/Users/ilpes/Desktop/Antenne_e_clocks/project_MicroBlaze_simple/microv1/microblaze_0/standalone_domain/bsp/system.mss
TRACE::2025-05-28.23:02:05::SCWMssOS::Completed writing the mss file at C:/Users/ilpes/Desktop/Antenne_e_clocks/project_MicroBlaze_simple/microv1/microblaze_0/standalone_domain/bsp
TRACE::2025-05-28.23:02:05::SCWMssOS::Mss edits present, copying mssfile into export location C:/Users/ilpes/Desktop/Antenne_e_clocks/project_MicroBlaze_simple/microv1/microblaze_0/standalone_domain/bsp/system.mss
TRACE::2025-05-28.23:02:05::SCWMssOS::bsp generated is upto date with the mss file. Skipping bsp generation.
TRACE::2025-05-28.23:02:05::SCWMssOS::BSP is already built. skipping the bsp build ... 
TRACE::2025-05-28.23:02:05::SCWDomain::Building the domain as part of full build :  standalone_domain
TRACE::2025-05-28.23:02:05::SCWMssOS::doing bsp build ... 
TRACE::2025-05-28.23:02:05::SCWMssOS::System Command Ran  C: & cd  C:/Users/ilpes/Desktop/Antenne_e_clocks/project_MicroBlaze_simple/microv1/microblaze_0/standalone_domain/bsp & make 
TRACE::2025-05-28.23:02:05::SCWMssOS::make --no-print-directory seq_libs

TRACE::2025-05-28.23:02:05::SCWMssOS::'Finished building libraries sequentially.'

TRACE::2025-05-28.23:02:05::SCWMssOS::make -j --no-print-directory par_libs

TRACE::2025-05-28.23:02:05::SCWMssOS::"Running Make include in microblaze_0/libsrc/bram_v4_5/src"

TRACE::2025-05-28.23:02:05::SCWMssOS::make -C microblaze_0/libsrc/bram_v4_5/src -s include  "SHELL=CMD" "COMPILER=mb-gcc" "ASSEMBLER=mb-as" "ARCHIVER=mb-ar" "COMPILE
TRACE::2025-05-28.23:02:05::SCWMssOS::R_FLAGS=  -O2 -c -mcpu=v11.0 -mlittle-endian -mno-xl-soft-mul -mxl-barrel-shift -mxl-pattern-compare" "EXTRA_COMPILER_FLAGS=-g 
TRACE::2025-05-28.23:02:05::SCWMssOS::-ffunction-sections -fdata-sections -Wall -Wextra"

TRACE::2025-05-28.23:02:05::SCWMssOS::"Running Make include in microblaze_0/libsrc/clk_wiz_v1_4/src"

TRACE::2025-05-28.23:02:05::SCWMssOS::make -C microblaze_0/libsrc/clk_wiz_v1_4/src -s include  "SHELL=CMD" "COMPILER=mb-gcc" "ASSEMBLER=mb-as" "ARCHIVER=mb-ar" "COMP
TRACE::2025-05-28.23:02:05::SCWMssOS::ILER_FLAGS=  -O2 -c -mcpu=v11.0 -mlittle-endian -mno-xl-soft-mul -mxl-barrel-shift -mxl-pattern-compare" "EXTRA_COMPILER_FLAGS=
TRACE::2025-05-28.23:02:05::SCWMssOS::-g -ffunction-sections -fdata-sections -Wall -Wextra"

TRACE::2025-05-28.23:02:05::SCWMssOS::"Running Make include in microblaze_0/libsrc/cpu_v2_12/src"

TRACE::2025-05-28.23:02:05::SCWMssOS::make -C microblaze_0/libsrc/cpu_v2_12/src -s include  "SHELL=CMD" "COMPILER=mb-gcc" "ASSEMBLER=mb-as" "ARCHIVER=mb-ar" "COMPILE
TRACE::2025-05-28.23:02:05::SCWMssOS::R_FLAGS=  -O2 -c -mcpu=v11.0 -mlittle-endian -mno-xl-soft-mul -mxl-barrel-shift -mxl-pattern-compare" "EXTRA_COMPILER_FLAGS=-g 
TRACE::2025-05-28.23:02:05::SCWMssOS::-ffunction-sections -fdata-sections -Wall -Wextra"

TRACE::2025-05-28.23:02:05::SCWMssOS::"Running Make include in microblaze_0/libsrc/gpio_v4_7/src"

TRACE::2025-05-28.23:02:05::SCWMssOS::make -C microblaze_0/libsrc/gpio_v4_7/src -s include  "SHELL=CMD" "COMPILER=mb-gcc" "ASSEMBLER=mb-as" "ARCHIVER=mb-ar" "COMPILE
TRACE::2025-05-28.23:02:05::SCWMssOS::R_FLAGS=  -O2 -c -mcpu=v11.0 -mlittle-endian -mno-xl-soft-mul -mxl-barrel-shift -mxl-pattern-compare" "EXTRA_COMPILER_FLAGS=-g 
TRACE::2025-05-28.23:02:05::SCWMssOS::-ffunction-sections -fdata-sections -Wall -Wextra"

TRACE::2025-05-28.23:02:05::SCWMssOS::"Running Make include in microblaze_0/libsrc/standalone_v7_3/src"

TRACE::2025-05-28.23:02:05::SCWMssOS::make -C microblaze_0/libsrc/standalone_v7_3/src -s include  "SHELL=CMD" "COMPILER=mb-gcc" "ASSEMBLER=mb-as" "ARCHIVER=mb-ar" "C
TRACE::2025-05-28.23:02:05::SCWMssOS::OMPILER_FLAGS=  -O2 -c -mcpu=v11.0 -mlittle-endian -mno-xl-soft-mul -mxl-barrel-shift -mxl-pattern-compare" "EXTRA_COMPILER_FLA
TRACE::2025-05-28.23:02:05::SCWMssOS::GS=-g -ffunction-sections -fdata-sections -Wall -Wextra"

TRACE::2025-05-28.23:02:05::SCWMssOS::"Running Make include in microblaze_0/libsrc/uartlite_v3_5/src"

TRACE::2025-05-28.23:02:05::SCWMssOS::make -C microblaze_0/libsrc/uartlite_v3_5/src -s include  "SHELL=CMD" "COMPILER=mb-gcc" "ASSEMBLER=mb-as" "ARCHIVER=mb-ar" "COM
TRACE::2025-05-28.23:02:05::SCWMssOS::PILER_FLAGS=  -O2 -c -mcpu=v11.0 -mlittle-endian -mno-xl-soft-mul -mxl-barrel-shift -mxl-pattern-compare" "EXTRA_COMPILER_FLAGS
TRACE::2025-05-28.23:02:05::SCWMssOS::=-g -ffunction-sections -fdata-sections -Wall -Wextra"

TRACE::2025-05-28.23:02:06::SCWMssOS::"Running Make libs in microblaze_0/libsrc/bram_v4_5/src"

TRACE::2025-05-28.23:02:06::SCWMssOS::make -C microblaze_0/libsrc/bram_v4_5/src -s libs  "SHELL=CMD" "COMPILER=mb-gcc" "ASSEMBLER=mb-as" "ARCHIVER=mb-ar" "COMPILER_F
TRACE::2025-05-28.23:02:06::SCWMssOS::LAGS=  -O2 -c -mcpu=v11.0 -mlittle-endian -mno-xl-soft-mul -mxl-barrel-shift -mxl-pattern-compare" "EXTRA_COMPILER_FLAGS=-g -ff
TRACE::2025-05-28.23:02:06::SCWMssOS::unction-sections -fdata-sections -Wall -Wextra"

TRACE::2025-05-28.23:02:06::SCWMssOS::"Running Make libs in microblaze_0/libsrc/clk_wiz_v1_4/src"

TRACE::2025-05-28.23:02:06::SCWMssOS::make -C microblaze_0/libsrc/clk_wiz_v1_4/src -s libs  "SHELL=CMD" "COMPILER=mb-gcc" "ASSEMBLER=mb-as" "ARCHIVER=mb-ar" "COMPILE
TRACE::2025-05-28.23:02:06::SCWMssOS::R_FLAGS=  -O2 -c -mcpu=v11.0 -mlittle-endian -mno-xl-soft-mul -mxl-barrel-shift -mxl-pattern-compare" "EXTRA_COMPILER_FLAGS=-g 
TRACE::2025-05-28.23:02:06::SCWMssOS::-ffunction-sections -fdata-sections -Wall -Wextra"

TRACE::2025-05-28.23:02:06::SCWMssOS::"Running Make libs in microblaze_0/libsrc/cpu_v2_12/src"

TRACE::2025-05-28.23:02:06::SCWMssOS::make -C microblaze_0/libsrc/cpu_v2_12/src -s libs  "SHELL=CMD" "COMPILER=mb-gcc" "ASSEMBLER=mb-as" "ARCHIVER=mb-ar" "COMPILER_F
TRACE::2025-05-28.23:02:06::SCWMssOS::LAGS=  -O2 -c -mcpu=v11.0 -mlittle-endian -mno-xl-soft-mul -mxl-barrel-shift -mxl-pattern-compare" "EXTRA_COMPILER_FLAGS=-g -ff
TRACE::2025-05-28.23:02:06::SCWMssOS::unction-sections -fdata-sections -Wall -Wextra"

TRACE::2025-05-28.23:02:06::SCWMssOS::"Running Make libs in microblaze_0/libsrc/standalone_v7_3/src"

TRACE::2025-05-28.23:02:06::SCWMssOS::"Running Make libs in microblaze_0/libsrc/gpio_v4_7/src"

TRACE::2025-05-28.23:02:06::SCWMssOS::make -C microblaze_0/libsrc/gpio_v4_7/src -s libs  "SHELL=CMD" "COMPILER=mb-gcc" "ASSEMBLER=mb-as" "ARCHIVER=mb-ar" "COMPILER_F
TRACE::2025-05-28.23:02:06::SCWMssOS::LAGS=  -O2 -c -mcpu=v11.0 -mlittle-endian -mno-xl-soft-mul -mxl-barrel-shift -mxl-pattern-compare" "EXTRA_COMPILER_FLAGS=-g -ff
TRACE::2025-05-28.23:02:06::SCWMssOS::unction-sections -fdata-sections -Wall -Wextra"

TRACE::2025-05-28.23:02:06::SCWMssOS::make -C microblaze_0/libsrc/standalone_v7_3/src -s libs  "SHELL=CMD" "COMPILER=mb-gcc" "ASSEMBLER=mb-as" "ARCHIVER=mb-ar" "COMP
TRACE::2025-05-28.23:02:06::SCWMssOS::ILER_FLAGS=  -O2 -c -mcpu=v11.0 -mlittle-endian -mno-xl-soft-mul -mxl-barrel-shift -mxl-pattern-compare" "EXTRA_COMPILER_FLAGS=
TRACE::2025-05-28.23:02:06::SCWMssOS::-g -ffunction-sections -fdata-sections -Wall -Wextra"

TRACE::2025-05-28.23:02:06::SCWMssOS::"Running Make libs in microblaze_0/libsrc/uartlite_v3_5/src"

TRACE::2025-05-28.23:02:07::SCWMssOS::make -C microblaze_0/libsrc/uartlite_v3_5/src -s libs  "SHELL=CMD" "COMPILER=mb-gcc" "ASSEMBLER=mb-as" "ARCHIVER=mb-ar" "COMPIL
TRACE::2025-05-28.23:02:07::SCWMssOS::ER_FLAGS=  -O2 -c -mcpu=v11.0 -mlittle-endian -mno-xl-soft-mul -mxl-barrel-shift -mxl-pattern-compare" "EXTRA_COMPILER_FLAGS=-g
TRACE::2025-05-28.23:02:07::SCWMssOS:: -ffunction-sections -fdata-sections -Wall -Wextra"

TRACE::2025-05-28.23:02:08::SCWMssOS::"DEBUG NON_LTO_OBJECTS is ../../../lib/microblaze_interrupt_handler.o"

TRACE::2025-05-28.23:02:09::SCWMssOS::'Finished building libraries parallelly.'

TRACE::2025-05-28.23:02:09::SCWMssOS::make --no-print-directory archive

TRACE::2025-05-28.23:02:09::SCWMssOS::mb-ar -r  microblaze_0/lib/libxil.a microblaze_0/lib/xplatform_info.o microblaze_0/lib/xuartlite.o microblaze_0/lib/microblaze_
TRACE::2025-05-28.23:02:09::SCWMssOS::disable_exceptions.o microblaze_0/lib/print.o microblaze_0/lib/_exit.o microblaze_0/lib/xil_testio.o microblaze_0/lib/microblaz
TRACE::2025-05-28.23:02:09::SCWMssOS::e_disable_dcache.o microblaze_0/lib/microblaze_flush_dcache_range.o microblaze_0/lib/microblaze_flush_cache_ext.o microblaze_0/
TRACE::2025-05-28.23:02:09::SCWMssOS::lib/xbram_sinit.o microblaze_0/lib/inbyte.o microblaze_0/lib/xclk_wiz_g.o microblaze_0/lib/xil_misc_psreset_api.o microblaze_0/
TRACE::2025-05-28.23:02:09::SCWMssOS::lib/xil_cache.o microblaze_0/lib/xil_util.o microblaze_0/lib/xclk_wiz_sinit.o microblaze_0/lib/microblaze_exception_handler.o m
TRACE::2025-05-28.23:02:09::SCWMssOS::icroblaze_0/lib/xbram_g.o microblaze_0/lib/microblaze_scrub.o microblaze_0/lib/microblaze_invalidate_dcache.o microblaze_0/lib/
TRACE::2025-05-28.23:02:09::SCWMssOS::microblaze_disable_interrupts.o microblaze_0/lib/xbram_selftest.o microblaze_0/lib/microblaze_interrupt_handler.o microblaze_0/
TRACE::2025-05-28.23:02:09::SCWMssOS::lib/microblaze_disable_icache.o microblaze_0/lib/xgpio_g.o microblaze_0/lib/xil_mem.o microblaze_0/lib/xclk_wiz_intr.o microbla
TRACE::2025-05-28.23:02:09::SCWMssOS::ze_0/lib/microblaze_flush_cache_ext_range.o microblaze_0/lib/xbram_intr.o microblaze_0/lib/xil_sleepcommon.o microblaze_0/lib/x
TRACE::2025-05-28.23:02:09::SCWMssOS::il_printf.o microblaze_0/lib/xio.o microblaze_0/lib/outbyte.o microblaze_0/lib/xgpio_intr.o microblaze_0/lib/microblaze_invalid
TRACE::2025-05-28.23:02:09::SCWMssOS::ate_dcache_range.o microblaze_0/lib/xuartlite_g.o microblaze_0/lib/microblaze_invalidate_cache_ext.o microblaze_0/lib/microblaz
TRACE::2025-05-28.23:02:09::SCWMssOS::e_sleep.o microblaze_0/lib/xuartlite_sinit.o microblaze_0/lib/hw_exception_handler.o microblaze_0/lib/xuartlite_selftest.o micr
TRACE::2025-05-28.23:02:09::SCWMssOS::oblaze_0/lib/xgpio_sinit.o microblaze_0/lib/microblaze_update_dcache.o microblaze_0/lib/xil_testcache.o microblaze_0/lib/microb
TRACE::2025-05-28.23:02:09::SCWMssOS::laze_selftest.o microblaze_0/lib/microblaze_interrupts_g.o microblaze_0/lib/microblaze_enable_exceptions.o microblaze_0/lib/xcl
TRACE::2025-05-28.23:02:09::SCWMssOS::k_wiz.o microblaze_0/lib/microblaze_enable_dcache.o microblaze_0/lib/xbram.o microblaze_0/lib/microblaze_invalidate_icache_rang
TRACE::2025-05-28.23:02:09::SCWMssOS::e.o microblaze_0/lib/microblaze_init_dcache_range.o microblaze_0/lib/microblaze_invalidate_icache.o microblaze_0/lib/errno.o mi
TRACE::2025-05-28.23:02:09::SCWMssOS::croblaze_0/lib/xuartlite_l.o microblaze_0/lib/xuartlite_stats.o microblaze_0/lib/microblaze_invalidate_cache_ext_range.o microb
TRACE::2025-05-28.23:02:09::SCWMssOS::laze_0/lib/xil_exception.o microblaze_0/lib/pvr.o microblaze_0/lib/xgpio.o microblaze_0/lib/xil_testmem.o microblaze_0/lib/micr
TRACE::2025-05-28.23:02:09::SCWMssOS::oblaze_update_icache.o microblaze_0/lib/xuartlite_intr.o microblaze_0/lib/microblaze_flush_dcache.o microblaze_0/lib/xil_clocki
TRACE::2025-05-28.23:02:09::SCWMssOS::ng.o microblaze_0/lib/xil_assert.o microblaze_0/lib/microblaze_enable_interrupts.o microblaze_0/lib/xgpio_extra.o microblaze_0/
TRACE::2025-05-28.23:02:09::SCWMssOS::lib/microblaze_enable_icache.o microblaze_0/lib/microblaze_init_icache_range.o microblaze_0/lib/fcntl.o microblaze_0/lib/xgpio_
TRACE::2025-05-28.23:02:09::SCWMssOS::selftest.o

TRACE::2025-05-28.23:02:09::SCWMssOS::'Finished building libraries'

TRACE::2025-05-28.23:02:09::SCWMssOS::Copying to export directory.
TRACE::2025-05-28.23:02:10::SCWMssOS:: Checking if to create the Supporting Applications
TRACE::2025-05-28.23:02:10::SCWMssOS:: No Linux domain exists, trying to generate FSBL 
LOG::2025-05-28.23:02:10::SCWSystem::Completed Processing the domain standalone_domain
LOG::2025-05-28.23:02:10::SCWSystem::Completed Processing the sysconfig microv1
LOG::2025-05-28.23:02:10::SCWPlatform::Completed generating the artifacts for system configuration microv1
TRACE::2025-05-28.23:02:10::SCWPlatform::Started preparing the platform 
TRACE::2025-05-28.23:02:10::SCWSystem::Writing the bif file for system config microv1
TRACE::2025-05-28.23:02:10::SCWSystem::dir created 
TRACE::2025-05-28.23:02:10::SCWSystem::Writing the bif 
TRACE::2025-05-28.23:02:10::SCWPlatform::Started writing the spfm file 
TRACE::2025-05-28.23:02:10::SCWPlatform::Started writing the xpfm file 
TRACE::2025-05-28.23:02:10::SCWPlatform::Completed generating the platform
TRACE::2025-05-28.23:02:10::SCWMssOS::Saving the mss changes C:/Users/ilpes/Desktop/Antenne_e_clocks/project_MicroBlaze_simple/microv1/microblaze_0/standalone_domain/bsp/system.mss
TRACE::2025-05-28.23:02:10::SCWMssOS::Found a swdesign opened with the mssfile.
TRACE::2025-05-28.23:02:10::SCWMssOS::Completed writemss as part of save.
TRACE::2025-05-28.23:02:10::SCWMssOS::Commit changes completed.
TRACE::2025-05-28.23:02:10::SCWPlatform::Trying to open the hw design at C:/Users/ilpes/Desktop/Antenne_e_clocks/project_MicroBlaze_simple/microv1/hw/micro_core_v1_wrapper.xsa
TRACE::2025-05-28.23:02:10::SCWPlatform::DSA given C:/Users/ilpes/Desktop/Antenne_e_clocks/project_MicroBlaze_simple/microv1/hw/micro_core_v1_wrapper.xsa
TRACE::2025-05-28.23:02:10::SCWPlatform::DSA absoulate path C:/Users/ilpes/Desktop/Antenne_e_clocks/project_MicroBlaze_simple/microv1/hw/micro_core_v1_wrapper.xsa
TRACE::2025-05-28.23:02:10::SCWPlatform::DSA directory C:/Users/ilpes/Desktop/Antenne_e_clocks/project_MicroBlaze_simple/microv1/hw
TRACE::2025-05-28.23:02:10::SCWPlatform:: Platform Path C:/Users/ilpes/Desktop/Antenne_e_clocks/project_MicroBlaze_simple/microv1/hw/micro_core_v1_wrapper.xsa
TRACE::2025-05-28.23:02:10::SCWPlatform:: Unique name xilinx:cmod_a7-35t::0.0
TRACE::2025-05-28.23:02:10::SCWPlatform::Trying to set the existing hwdb with name micro_core_v0_wrapper_1
TRACE::2025-05-28.23:02:10::SCWPlatform::Opened existing hwdb micro_core_v0_wrapper_1
TRACE::2025-05-28.23:02:10::SCWPlatform::Found the Hw Db part of the input DSA
TRACE::2025-05-28.23:02:10::SCWMssOS::Checking the sw design at  C:/Users/ilpes/Desktop/Antenne_e_clocks/project_MicroBlaze_simple/microv1/microblaze_0/standalone_domain/bsp/system.mss
TRACE::2025-05-28.23:02:10::SCWMssOS::DEBUG:  swdes dump  C:/Users/ilpes/Desktop/Antenne_e_clocks/project_MicroBlaze_simple/microv1/microblaze_0/standalone_domain/bsp/system.mss|system||

TRACE::2025-05-28.23:02:10::SCWMssOS::Sw design exists and opened at  C:/Users/ilpes/Desktop/Antenne_e_clocks/project_MicroBlaze_simple/microv1/microblaze_0/standalone_domain/bsp/system.mss
TRACE::2025-05-28.23:02:10::SCWWriter::formatted JSON is {
	"platformName":	"microv1",
	"sprVersion":	"2.0",
	"mode":	"gui",
	"dsaType":	"Fixed",
	"platformDesc":	"microv1",
	"platHandOff":	"C:/Users/ilpes/Desktop/Antenne_e_clocks/project_MicroBlaze_simple/micro_core_v1_wrapper.xsa",
	"platIntHandOff":	"<platformDir>/hw/micro_core_v1_wrapper.xsa",
	"deviceType":	"FPGA",
	"platIsPrebuiltAutogen":	"false",
	"platIsNoBootBsp":	"false",
	"hasFsblMakeHasChanges":	"false",
	"hasPmufwMakeHasChanges":	"false",
	"platPreBuiltFlag":	false,
	"platformSamplesDir":	"",
	"platActiveSys":	"microv1",
	"systems":	[{
			"systemName":	"microv1",
			"systemDesc":	"microv1",
			"sysIsBootAutoGen":	"true",
			"systemDispName":	"microv1",
			"sysActiveDom":	"standalone_domain",
			"sysDefaultDom":	"standalone_domain",
			"domains":	[{
					"domainName":	"standalone_domain",
					"domainDispName":	"standalone on microblaze_0",
					"domainDesc":	"standalone_domain",
					"processors":	"microblaze_0",
					"os":	"standalone",
					"sdxOs":	"standalone",
					"debugEnable":	"False",
					"domRuntimes":	["cpp"],
					"swRepo":	"",
					"mssOsVer":	"7.3",
					"mssFile":	"",
					"md5Digest":	"86683b53985218a66e39a1a88c6ba1fa",
					"compatibleApp":	"",
					"domType":	"mssDomain",
					"arch":	"32-bit",
					"appSettings":	{
						"appCompilerFlags":	"",
						"appLinkerFlags":	""
					},
					"addedLibs":	[],
					"libOptions":	{
						"libsContainingOptions":	[]
					},
					"prebuiltLibs":	{
						"prebuiltIncPath":	[],
						"prebuiltLibPath":	[]
					},
					"isolation":	{
					}
				}]
		}]
}
KEYINFO::2025-05-28.23:02:10::SCWPlatform::updated the xpfm file.
TRACE::2025-05-28.23:02:10::SCWPlatform::Trying to open the hw design at C:/Users/ilpes/Desktop/Antenne_e_clocks/project_MicroBlaze_simple/microv1/hw/micro_core_v1_wrapper.xsa
TRACE::2025-05-28.23:02:10::SCWPlatform::DSA given C:/Users/ilpes/Desktop/Antenne_e_clocks/project_MicroBlaze_simple/microv1/hw/micro_core_v1_wrapper.xsa
TRACE::2025-05-28.23:02:10::SCWPlatform::DSA absoulate path C:/Users/ilpes/Desktop/Antenne_e_clocks/project_MicroBlaze_simple/microv1/hw/micro_core_v1_wrapper.xsa
TRACE::2025-05-28.23:02:10::SCWPlatform::DSA directory C:/Users/ilpes/Desktop/Antenne_e_clocks/project_MicroBlaze_simple/microv1/hw
TRACE::2025-05-28.23:02:10::SCWPlatform:: Platform Path C:/Users/ilpes/Desktop/Antenne_e_clocks/project_MicroBlaze_simple/microv1/hw/micro_core_v1_wrapper.xsa
TRACE::2025-05-28.23:02:10::SCWPlatform:: Unique name xilinx:cmod_a7-35t::0.0
TRACE::2025-05-28.23:02:10::SCWPlatform::Trying to set the existing hwdb with name micro_core_v0_wrapper_1
TRACE::2025-05-28.23:02:10::SCWPlatform::Opened existing hwdb micro_core_v0_wrapper_1
TRACE::2025-05-28.23:02:10::SCWPlatform::Found the Hw Db part of the input DSA
TRACE::2025-05-28.23:02:10::SCWMssOS::Checking the sw design at  C:/Users/ilpes/Desktop/Antenne_e_clocks/project_MicroBlaze_simple/microv1/microblaze_0/standalone_domain/bsp/system.mss
TRACE::2025-05-28.23:02:10::SCWMssOS::DEBUG:  swdes dump  C:/Users/ilpes/Desktop/Antenne_e_clocks/project_MicroBlaze_simple/microv1/microblaze_0/standalone_domain/bsp/system.mss|system||

TRACE::2025-05-28.23:02:10::SCWMssOS::Sw design exists and opened at  C:/Users/ilpes/Desktop/Antenne_e_clocks/project_MicroBlaze_simple/microv1/microblaze_0/standalone_domain/bsp/system.mss
