
*** Running vivado
    with args -log user_35t_axi_gpio_2_0.vds -m64 -product Vivado -mode batch -messageDb vivado.pb -notrace -source user_35t_axi_gpio_2_0.tcl



****** Vivado v2020.2 (64-bit)
  **** SW Build 3064766 on Wed Nov 18 09:12:45 MST 2020
  **** IP Build 3064653 on Wed Nov 18 14:17:31 MST 2020
    ** Copyright 1986-2020 Xilinx, Inc. All Rights Reserved.

source user_35t_axi_gpio_2_0.tcl -notrace
create_project: Time (s): cpu = 00:00:08 ; elapsed = 00:00:21 . Memory (MB): peak = 1117.820 ; gain = 0.000
Command: synth_design -top user_35t_axi_gpio_2_0 -part xc7a35tcpg236-1 -mode out_of_context
Starting synth_design
Attempting to get a license for feature 'Synthesis' and/or device 'xc7a35t'
INFO: [Common 17-349] Got license for feature 'Synthesis' and/or device 'xc7a35t'
INFO: [Device 21-403] Loading part xc7a35tcpg236-1
INFO: [Synth 8-7079] Multithreading enabled for synth_design using a maximum of 2 processes.
INFO: [Synth 8-7078] Launching helper process for spawning children vivado processes
INFO: [Synth 8-7075] Helper process launched with PID 10532
---------------------------------------------------------------------------------
Starting RTL Elaboration : Time (s): cpu = 00:00:16 ; elapsed = 00:00:36 . Memory (MB): peak = 1181.332 ; gain = 63.512
---------------------------------------------------------------------------------
INFO: [Synth 8-638] synthesizing module 'user_35t_axi_gpio_2_0' [c:/Users/ilpes/Downloads/project_CMOD_emc_golden_uart/project_uart_MMCM_IIC/project_uart_MMCM_IIC.srcs/sources_1/bd/user_35t/ip/user_35t_axi_gpio_2_0/synth/user_35t_axi_gpio_2_0.vhd:86]
	Parameter C_FAMILY bound to: artix7 - type: string 
	Parameter C_S_AXI_ADDR_WIDTH bound to: 9 - type: integer 
	Parameter C_S_AXI_DATA_WIDTH bound to: 32 - type: integer 
	Parameter C_GPIO_WIDTH bound to: 2 - type: integer 
	Parameter C_GPIO2_WIDTH bound to: 2 - type: integer 
	Parameter C_ALL_INPUTS bound to: 0 - type: integer 
	Parameter C_ALL_INPUTS_2 bound to: 1 - type: integer 
	Parameter C_ALL_OUTPUTS bound to: 1 - type: integer 
	Parameter C_ALL_OUTPUTS_2 bound to: 0 - type: integer 
	Parameter C_INTERRUPT_PRESENT bound to: 1 - type: integer 
	Parameter C_DOUT_DEFAULT bound to: 32'b00000000000000000000000000000000 
	Parameter C_TRI_DEFAULT bound to: 32'b11111111111111111111111111111111 
	Parameter C_IS_DUAL bound to: 1 - type: integer 
	Parameter C_DOUT_DEFAULT_2 bound to: 32'b00000000000000000000000000000000 
	Parameter C_TRI_DEFAULT_2 bound to: 32'b11111111111111111111111111111111 
INFO: [Synth 8-3491] module 'axi_gpio' declared at 'c:/Users/ilpes/Downloads/project_CMOD_emc_golden_uart/project_uart_MMCM_IIC/project_uart_MMCM_IIC.srcs/sources_1/bd/user_35t/ipshared/4318/hdl/axi_gpio_v2_0_vh_rfs.vhd:1265' bound to instance 'U0' of component 'axi_gpio' [c:/Users/ilpes/Downloads/project_CMOD_emc_golden_uart/project_uart_MMCM_IIC/project_uart_MMCM_IIC.srcs/sources_1/bd/user_35t/ip/user_35t_axi_gpio_2_0/synth/user_35t_axi_gpio_2_0.vhd:174]
INFO: [Synth 8-638] synthesizing module 'axi_gpio' [c:/Users/ilpes/Downloads/project_CMOD_emc_golden_uart/project_uart_MMCM_IIC/project_uart_MMCM_IIC.srcs/sources_1/bd/user_35t/ipshared/4318/hdl/axi_gpio_v2_0_vh_rfs.vhd:1351]
	Parameter C_FAMILY bound to: artix7 - type: string 
	Parameter C_S_AXI_ADDR_WIDTH bound to: 9 - type: integer 
	Parameter C_S_AXI_DATA_WIDTH bound to: 32 - type: integer 
	Parameter C_GPIO_WIDTH bound to: 2 - type: integer 
	Parameter C_GPIO2_WIDTH bound to: 2 - type: integer 
	Parameter C_ALL_INPUTS bound to: 0 - type: integer 
	Parameter C_ALL_INPUTS_2 bound to: 1 - type: integer 
	Parameter C_ALL_OUTPUTS bound to: 1 - type: integer 
	Parameter C_ALL_OUTPUTS_2 bound to: 0 - type: integer 
	Parameter C_INTERRUPT_PRESENT bound to: 1 - type: integer 
	Parameter C_DOUT_DEFAULT bound to: 0 - type: integer 
	Parameter C_TRI_DEFAULT bound to: -1 - type: integer 
	Parameter C_IS_DUAL bound to: 1 - type: integer 
	Parameter C_DOUT_DEFAULT_2 bound to: 0 - type: integer 
	Parameter C_TRI_DEFAULT_2 bound to: -1 - type: integer 
INFO: [Synth 8-638] synthesizing module 'axi_lite_ipif' [c:/Users/ilpes/Downloads/project_CMOD_emc_golden_uart/project_uart_MMCM_IIC/project_uart_MMCM_IIC.srcs/sources_1/bd/user_35t/ipshared/66ea/hdl/axi_lite_ipif_v3_0_vh_rfs.vhd:2948]
	Parameter C_S_AXI_DATA_WIDTH bound to: 32 - type: integer 
	Parameter C_S_AXI_ADDR_WIDTH bound to: 9 - type: integer 
	Parameter C_S_AXI_MIN_SIZE bound to: 32'b00000000000000000000000111111111 
	Parameter C_USE_WSTRB bound to: 0 - type: integer 
	Parameter C_DPHASE_TIMEOUT bound to: 8 - type: integer 
	Parameter C_ARD_ADDR_RANGE_ARRAY bound to: 256'b0000000000000000000000000000000000000000000000000000000000000000000000000000000000000000000000000000000000000000000000000000111100000000000000000000000000000000000000000000000000000001000000000000000000000000000000000000000000000000000000000000000111111111 
	Parameter C_ARD_NUM_CE_ARRAY bound to: 64'b0000000000000000000000000001000000000000000000000000000000000100 
	Parameter C_FAMILY bound to: artix7 - type: string 
INFO: [Synth 8-638] synthesizing module 'slave_attachment' [c:/Users/ilpes/Downloads/project_CMOD_emc_golden_uart/project_uart_MMCM_IIC/project_uart_MMCM_IIC.srcs/sources_1/bd/user_35t/ipshared/66ea/hdl/axi_lite_ipif_v3_0_vh_rfs.vhd:2341]
	Parameter C_ARD_ADDR_RANGE_ARRAY bound to: 256'b0000000000000000000000000000000000000000000000000000000000000000000000000000000000000000000000000000000000000000000000000000111100000000000000000000000000000000000000000000000000000001000000000000000000000000000000000000000000000000000000000000000111111111 
	Parameter C_ARD_NUM_CE_ARRAY bound to: 64'b0000000000000000000000000001000000000000000000000000000000000100 
	Parameter C_IPIF_ABUS_WIDTH bound to: 9 - type: integer 
	Parameter C_IPIF_DBUS_WIDTH bound to: 32 - type: integer 
	Parameter C_S_AXI_MIN_SIZE bound to: 511 - type: integer 
	Parameter C_USE_WSTRB bound to: 0 - type: integer 
	Parameter C_DPHASE_TIMEOUT bound to: 8 - type: integer 
	Parameter C_FAMILY bound to: artix7 - type: string 
INFO: [Synth 8-638] synthesizing module 'address_decoder' [c:/Users/ilpes/Downloads/project_CMOD_emc_golden_uart/project_uart_MMCM_IIC/project_uart_MMCM_IIC.srcs/sources_1/bd/user_35t/ipshared/66ea/hdl/axi_lite_ipif_v3_0_vh_rfs.vhd:1775]
	Parameter C_BUS_AWIDTH bound to: 9 - type: integer 
	Parameter C_S_AXI_MIN_SIZE bound to: 511 - type: integer 
	Parameter C_ARD_ADDR_RANGE_ARRAY bound to: 256'b0000000000000000000000000000000000000000000000000000000000000000000000000000000000000000000000000000000000000000000000000000111100000000000000000000000000000000000000000000000000000001000000000000000000000000000000000000000000000000000000000000000111111111 
	Parameter C_ARD_NUM_CE_ARRAY bound to: 64'b0000000000000000000000000001000000000000000000000000000000000100 
	Parameter C_FAMILY bound to: nofamily - type: string 
INFO: [Synth 8-638] synthesizing module 'pselect_f' [c:/Users/ilpes/Downloads/project_CMOD_emc_golden_uart/project_uart_MMCM_IIC/project_uart_MMCM_IIC.srcs/sources_1/bd/user_35t/ipshared/66ea/hdl/axi_lite_ipif_v3_0_vh_rfs.vhd:1534]
	Parameter C_AB bound to: 5 - type: integer 
	Parameter C_AW bound to: 9 - type: integer 
	Parameter C_BAR bound to: 9'b000000000 
	Parameter C_FAMILY bound to: nofamily - type: string 
INFO: [Synth 8-256] done synthesizing module 'pselect_f' (1#1) [c:/Users/ilpes/Downloads/project_CMOD_emc_golden_uart/project_uart_MMCM_IIC/project_uart_MMCM_IIC.srcs/sources_1/bd/user_35t/ipshared/66ea/hdl/axi_lite_ipif_v3_0_vh_rfs.vhd:1534]
INFO: [Synth 8-638] synthesizing module 'pselect_f__parameterized0' [c:/Users/ilpes/Downloads/project_CMOD_emc_golden_uart/project_uart_MMCM_IIC/project_uart_MMCM_IIC.srcs/sources_1/bd/user_35t/ipshared/66ea/hdl/axi_lite_ipif_v3_0_vh_rfs.vhd:1534]
	Parameter C_AB bound to: 2 - type: integer 
	Parameter C_AW bound to: 2 - type: integer 
	Parameter C_BAR bound to: 2'b00 
	Parameter C_FAMILY bound to: nofamily - type: string 
INFO: [Synth 8-256] done synthesizing module 'pselect_f__parameterized0' (1#1) [c:/Users/ilpes/Downloads/project_CMOD_emc_golden_uart/project_uart_MMCM_IIC/project_uart_MMCM_IIC.srcs/sources_1/bd/user_35t/ipshared/66ea/hdl/axi_lite_ipif_v3_0_vh_rfs.vhd:1534]
INFO: [Synth 8-638] synthesizing module 'pselect_f__parameterized1' [c:/Users/ilpes/Downloads/project_CMOD_emc_golden_uart/project_uart_MMCM_IIC/project_uart_MMCM_IIC.srcs/sources_1/bd/user_35t/ipshared/66ea/hdl/axi_lite_ipif_v3_0_vh_rfs.vhd:1534]
	Parameter C_AB bound to: 2 - type: integer 
	Parameter C_AW bound to: 2 - type: integer 
	Parameter C_BAR bound to: 2'b01 
	Parameter C_FAMILY bound to: nofamily - type: string 
INFO: [Synth 8-256] done synthesizing module 'pselect_f__parameterized1' (1#1) [c:/Users/ilpes/Downloads/project_CMOD_emc_golden_uart/project_uart_MMCM_IIC/project_uart_MMCM_IIC.srcs/sources_1/bd/user_35t/ipshared/66ea/hdl/axi_lite_ipif_v3_0_vh_rfs.vhd:1534]
INFO: [Synth 8-638] synthesizing module 'pselect_f__parameterized2' [c:/Users/ilpes/Downloads/project_CMOD_emc_golden_uart/project_uart_MMCM_IIC/project_uart_MMCM_IIC.srcs/sources_1/bd/user_35t/ipshared/66ea/hdl/axi_lite_ipif_v3_0_vh_rfs.vhd:1534]
	Parameter C_AB bound to: 2 - type: integer 
	Parameter C_AW bound to: 2 - type: integer 
	Parameter C_BAR bound to: 2'b10 
	Parameter C_FAMILY bound to: nofamily - type: string 
INFO: [Synth 8-256] done synthesizing module 'pselect_f__parameterized2' (1#1) [c:/Users/ilpes/Downloads/project_CMOD_emc_golden_uart/project_uart_MMCM_IIC/project_uart_MMCM_IIC.srcs/sources_1/bd/user_35t/ipshared/66ea/hdl/axi_lite_ipif_v3_0_vh_rfs.vhd:1534]
INFO: [Synth 8-638] synthesizing module 'pselect_f__parameterized3' [c:/Users/ilpes/Downloads/project_CMOD_emc_golden_uart/project_uart_MMCM_IIC/project_uart_MMCM_IIC.srcs/sources_1/bd/user_35t/ipshared/66ea/hdl/axi_lite_ipif_v3_0_vh_rfs.vhd:1534]
	Parameter C_AB bound to: 2 - type: integer 
	Parameter C_AW bound to: 2 - type: integer 
	Parameter C_BAR bound to: 2'b11 
	Parameter C_FAMILY bound to: nofamily - type: string 
INFO: [Synth 8-256] done synthesizing module 'pselect_f__parameterized3' (1#1) [c:/Users/ilpes/Downloads/project_CMOD_emc_golden_uart/project_uart_MMCM_IIC/project_uart_MMCM_IIC.srcs/sources_1/bd/user_35t/ipshared/66ea/hdl/axi_lite_ipif_v3_0_vh_rfs.vhd:1534]
INFO: [Synth 8-638] synthesizing module 'pselect_f__parameterized4' [c:/Users/ilpes/Downloads/project_CMOD_emc_golden_uart/project_uart_MMCM_IIC/project_uart_MMCM_IIC.srcs/sources_1/bd/user_35t/ipshared/66ea/hdl/axi_lite_ipif_v3_0_vh_rfs.vhd:1534]
	Parameter C_AB bound to: 1 - type: integer 
	Parameter C_AW bound to: 9 - type: integer 
	Parameter C_BAR bound to: 9'b100000000 
	Parameter C_FAMILY bound to: nofamily - type: string 
INFO: [Synth 8-256] done synthesizing module 'pselect_f__parameterized4' (1#1) [c:/Users/ilpes/Downloads/project_CMOD_emc_golden_uart/project_uart_MMCM_IIC/project_uart_MMCM_IIC.srcs/sources_1/bd/user_35t/ipshared/66ea/hdl/axi_lite_ipif_v3_0_vh_rfs.vhd:1534]
INFO: [Synth 8-638] synthesizing module 'pselect_f__parameterized5' [c:/Users/ilpes/Downloads/project_CMOD_emc_golden_uart/project_uart_MMCM_IIC/project_uart_MMCM_IIC.srcs/sources_1/bd/user_35t/ipshared/66ea/hdl/axi_lite_ipif_v3_0_vh_rfs.vhd:1534]
	Parameter C_AB bound to: 4 - type: integer 
	Parameter C_AW bound to: 4 - type: integer 
	Parameter C_BAR bound to: 4'b0000 
	Parameter C_FAMILY bound to: nofamily - type: string 
INFO: [Synth 8-256] done synthesizing module 'pselect_f__parameterized5' (1#1) [c:/Users/ilpes/Downloads/project_CMOD_emc_golden_uart/project_uart_MMCM_IIC/project_uart_MMCM_IIC.srcs/sources_1/bd/user_35t/ipshared/66ea/hdl/axi_lite_ipif_v3_0_vh_rfs.vhd:1534]
INFO: [Synth 8-638] synthesizing module 'pselect_f__parameterized6' [c:/Users/ilpes/Downloads/project_CMOD_emc_golden_uart/project_uart_MMCM_IIC/project_uart_MMCM_IIC.srcs/sources_1/bd/user_35t/ipshared/66ea/hdl/axi_lite_ipif_v3_0_vh_rfs.vhd:1534]
	Parameter C_AB bound to: 4 - type: integer 
	Parameter C_AW bound to: 4 - type: integer 
	Parameter C_BAR bound to: 4'b0001 
	Parameter C_FAMILY bound to: nofamily - type: string 
INFO: [Synth 8-256] done synthesizing module 'pselect_f__parameterized6' (1#1) [c:/Users/ilpes/Downloads/project_CMOD_emc_golden_uart/project_uart_MMCM_IIC/project_uart_MMCM_IIC.srcs/sources_1/bd/user_35t/ipshared/66ea/hdl/axi_lite_ipif_v3_0_vh_rfs.vhd:1534]
INFO: [Synth 8-638] synthesizing module 'pselect_f__parameterized7' [c:/Users/ilpes/Downloads/project_CMOD_emc_golden_uart/project_uart_MMCM_IIC/project_uart_MMCM_IIC.srcs/sources_1/bd/user_35t/ipshared/66ea/hdl/axi_lite_ipif_v3_0_vh_rfs.vhd:1534]
	Parameter C_AB bound to: 4 - type: integer 
	Parameter C_AW bound to: 4 - type: integer 
	Parameter C_BAR bound to: 4'b0010 
	Parameter C_FAMILY bound to: nofamily - type: string 
INFO: [Synth 8-256] done synthesizing module 'pselect_f__parameterized7' (1#1) [c:/Users/ilpes/Downloads/project_CMOD_emc_golden_uart/project_uart_MMCM_IIC/project_uart_MMCM_IIC.srcs/sources_1/bd/user_35t/ipshared/66ea/hdl/axi_lite_ipif_v3_0_vh_rfs.vhd:1534]
INFO: [Synth 8-638] synthesizing module 'pselect_f__parameterized8' [c:/Users/ilpes/Downloads/project_CMOD_emc_golden_uart/project_uart_MMCM_IIC/project_uart_MMCM_IIC.srcs/sources_1/bd/user_35t/ipshared/66ea/hdl/axi_lite_ipif_v3_0_vh_rfs.vhd:1534]
	Parameter C_AB bound to: 4 - type: integer 
	Parameter C_AW bound to: 4 - type: integer 
	Parameter C_BAR bound to: 4'b0011 
	Parameter C_FAMILY bound to: nofamily - type: string 
INFO: [Synth 8-256] done synthesizing module 'pselect_f__parameterized8' (1#1) [c:/Users/ilpes/Downloads/project_CMOD_emc_golden_uart/project_uart_MMCM_IIC/project_uart_MMCM_IIC.srcs/sources_1/bd/user_35t/ipshared/66ea/hdl/axi_lite_ipif_v3_0_vh_rfs.vhd:1534]
INFO: [Synth 8-638] synthesizing module 'pselect_f__parameterized9' [c:/Users/ilpes/Downloads/project_CMOD_emc_golden_uart/project_uart_MMCM_IIC/project_uart_MMCM_IIC.srcs/sources_1/bd/user_35t/ipshared/66ea/hdl/axi_lite_ipif_v3_0_vh_rfs.vhd:1534]
	Parameter C_AB bound to: 4 - type: integer 
	Parameter C_AW bound to: 4 - type: integer 
	Parameter C_BAR bound to: 4'b0100 
	Parameter C_FAMILY bound to: nofamily - type: string 
INFO: [Synth 8-256] done synthesizing module 'pselect_f__parameterized9' (1#1) [c:/Users/ilpes/Downloads/project_CMOD_emc_golden_uart/project_uart_MMCM_IIC/project_uart_MMCM_IIC.srcs/sources_1/bd/user_35t/ipshared/66ea/hdl/axi_lite_ipif_v3_0_vh_rfs.vhd:1534]
INFO: [Synth 8-638] synthesizing module 'pselect_f__parameterized10' [c:/Users/ilpes/Downloads/project_CMOD_emc_golden_uart/project_uart_MMCM_IIC/project_uart_MMCM_IIC.srcs/sources_1/bd/user_35t/ipshared/66ea/hdl/axi_lite_ipif_v3_0_vh_rfs.vhd:1534]
	Parameter C_AB bound to: 4 - type: integer 
	Parameter C_AW bound to: 4 - type: integer 
	Parameter C_BAR bound to: 4'b0101 
	Parameter C_FAMILY bound to: nofamily - type: string 
INFO: [Synth 8-256] done synthesizing module 'pselect_f__parameterized10' (1#1) [c:/Users/ilpes/Downloads/project_CMOD_emc_golden_uart/project_uart_MMCM_IIC/project_uart_MMCM_IIC.srcs/sources_1/bd/user_35t/ipshared/66ea/hdl/axi_lite_ipif_v3_0_vh_rfs.vhd:1534]
INFO: [Synth 8-638] synthesizing module 'pselect_f__parameterized11' [c:/Users/ilpes/Downloads/project_CMOD_emc_golden_uart/project_uart_MMCM_IIC/project_uart_MMCM_IIC.srcs/sources_1/bd/user_35t/ipshared/66ea/hdl/axi_lite_ipif_v3_0_vh_rfs.vhd:1534]
	Parameter C_AB bound to: 4 - type: integer 
	Parameter C_AW bound to: 4 - type: integer 
	Parameter C_BAR bound to: 4'b0110 
	Parameter C_FAMILY bound to: nofamily - type: string 
INFO: [Synth 8-256] done synthesizing module 'pselect_f__parameterized11' (1#1) [c:/Users/ilpes/Downloads/project_CMOD_emc_golden_uart/project_uart_MMCM_IIC/project_uart_MMCM_IIC.srcs/sources_1/bd/user_35t/ipshared/66ea/hdl/axi_lite_ipif_v3_0_vh_rfs.vhd:1534]
INFO: [Synth 8-638] synthesizing module 'pselect_f__parameterized12' [c:/Users/ilpes/Downloads/project_CMOD_emc_golden_uart/project_uart_MMCM_IIC/project_uart_MMCM_IIC.srcs/sources_1/bd/user_35t/ipshared/66ea/hdl/axi_lite_ipif_v3_0_vh_rfs.vhd:1534]
	Parameter C_AB bound to: 4 - type: integer 
	Parameter C_AW bound to: 4 - type: integer 
	Parameter C_BAR bound to: 4'b0111 
	Parameter C_FAMILY bound to: nofamily - type: string 
INFO: [Synth 8-256] done synthesizing module 'pselect_f__parameterized12' (1#1) [c:/Users/ilpes/Downloads/project_CMOD_emc_golden_uart/project_uart_MMCM_IIC/project_uart_MMCM_IIC.srcs/sources_1/bd/user_35t/ipshared/66ea/hdl/axi_lite_ipif_v3_0_vh_rfs.vhd:1534]
INFO: [Synth 8-638] synthesizing module 'pselect_f__parameterized13' [c:/Users/ilpes/Downloads/project_CMOD_emc_golden_uart/project_uart_MMCM_IIC/project_uart_MMCM_IIC.srcs/sources_1/bd/user_35t/ipshared/66ea/hdl/axi_lite_ipif_v3_0_vh_rfs.vhd:1534]
	Parameter C_AB bound to: 4 - type: integer 
	Parameter C_AW bound to: 4 - type: integer 
	Parameter C_BAR bound to: 4'b1000 
	Parameter C_FAMILY bound to: nofamily - type: string 
INFO: [Synth 8-256] done synthesizing module 'pselect_f__parameterized13' (1#1) [c:/Users/ilpes/Downloads/project_CMOD_emc_golden_uart/project_uart_MMCM_IIC/project_uart_MMCM_IIC.srcs/sources_1/bd/user_35t/ipshared/66ea/hdl/axi_lite_ipif_v3_0_vh_rfs.vhd:1534]
INFO: [Synth 8-638] synthesizing module 'pselect_f__parameterized14' [c:/Users/ilpes/Downloads/project_CMOD_emc_golden_uart/project_uart_MMCM_IIC/project_uart_MMCM_IIC.srcs/sources_1/bd/user_35t/ipshared/66ea/hdl/axi_lite_ipif_v3_0_vh_rfs.vhd:1534]
	Parameter C_AB bound to: 4 - type: integer 
	Parameter C_AW bound to: 4 - type: integer 
	Parameter C_BAR bound to: 4'b1001 
	Parameter C_FAMILY bound to: nofamily - type: string 
INFO: [Synth 8-256] done synthesizing module 'pselect_f__parameterized14' (1#1) [c:/Users/ilpes/Downloads/project_CMOD_emc_golden_uart/project_uart_MMCM_IIC/project_uart_MMCM_IIC.srcs/sources_1/bd/user_35t/ipshared/66ea/hdl/axi_lite_ipif_v3_0_vh_rfs.vhd:1534]
INFO: [Synth 8-638] synthesizing module 'pselect_f__parameterized15' [c:/Users/ilpes/Downloads/project_CMOD_emc_golden_uart/project_uart_MMCM_IIC/project_uart_MMCM_IIC.srcs/sources_1/bd/user_35t/ipshared/66ea/hdl/axi_lite_ipif_v3_0_vh_rfs.vhd:1534]
	Parameter C_AB bound to: 4 - type: integer 
	Parameter C_AW bound to: 4 - type: integer 
	Parameter C_BAR bound to: 4'b1010 
	Parameter C_FAMILY bound to: nofamily - type: string 
INFO: [Synth 8-256] done synthesizing module 'pselect_f__parameterized15' (1#1) [c:/Users/ilpes/Downloads/project_CMOD_emc_golden_uart/project_uart_MMCM_IIC/project_uart_MMCM_IIC.srcs/sources_1/bd/user_35t/ipshared/66ea/hdl/axi_lite_ipif_v3_0_vh_rfs.vhd:1534]
INFO: [Synth 8-638] synthesizing module 'pselect_f__parameterized16' [c:/Users/ilpes/Downloads/project_CMOD_emc_golden_uart/project_uart_MMCM_IIC/project_uart_MMCM_IIC.srcs/sources_1/bd/user_35t/ipshared/66ea/hdl/axi_lite_ipif_v3_0_vh_rfs.vhd:1534]
	Parameter C_AB bound to: 4 - type: integer 
	Parameter C_AW bound to: 4 - type: integer 
	Parameter C_BAR bound to: 4'b1011 
	Parameter C_FAMILY bound to: nofamily - type: string 
INFO: [Synth 8-256] done synthesizing module 'pselect_f__parameterized16' (1#1) [c:/Users/ilpes/Downloads/project_CMOD_emc_golden_uart/project_uart_MMCM_IIC/project_uart_MMCM_IIC.srcs/sources_1/bd/user_35t/ipshared/66ea/hdl/axi_lite_ipif_v3_0_vh_rfs.vhd:1534]
INFO: [Synth 8-638] synthesizing module 'pselect_f__parameterized17' [c:/Users/ilpes/Downloads/project_CMOD_emc_golden_uart/project_uart_MMCM_IIC/project_uart_MMCM_IIC.srcs/sources_1/bd/user_35t/ipshared/66ea/hdl/axi_lite_ipif_v3_0_vh_rfs.vhd:1534]
	Parameter C_AB bound to: 4 - type: integer 
	Parameter C_AW bound to: 4 - type: integer 
	Parameter C_BAR bound to: 4'b1100 
	Parameter C_FAMILY bound to: nofamily - type: string 
INFO: [Synth 8-256] done synthesizing module 'pselect_f__parameterized17' (1#1) [c:/Users/ilpes/Downloads/project_CMOD_emc_golden_uart/project_uart_MMCM_IIC/project_uart_MMCM_IIC.srcs/sources_1/bd/user_35t/ipshared/66ea/hdl/axi_lite_ipif_v3_0_vh_rfs.vhd:1534]
INFO: [Synth 8-638] synthesizing module 'pselect_f__parameterized18' [c:/Users/ilpes/Downloads/project_CMOD_emc_golden_uart/project_uart_MMCM_IIC/project_uart_MMCM_IIC.srcs/sources_1/bd/user_35t/ipshared/66ea/hdl/axi_lite_ipif_v3_0_vh_rfs.vhd:1534]
	Parameter C_AB bound to: 4 - type: integer 
	Parameter C_AW bound to: 4 - type: integer 
	Parameter C_BAR bound to: 4'b1101 
	Parameter C_FAMILY bound to: nofamily - type: string 
INFO: [Synth 8-256] done synthesizing module 'pselect_f__parameterized18' (1#1) [c:/Users/ilpes/Downloads/project_CMOD_emc_golden_uart/project_uart_MMCM_IIC/project_uart_MMCM_IIC.srcs/sources_1/bd/user_35t/ipshared/66ea/hdl/axi_lite_ipif_v3_0_vh_rfs.vhd:1534]
INFO: [Synth 8-638] synthesizing module 'pselect_f__parameterized19' [c:/Users/ilpes/Downloads/project_CMOD_emc_golden_uart/project_uart_MMCM_IIC/project_uart_MMCM_IIC.srcs/sources_1/bd/user_35t/ipshared/66ea/hdl/axi_lite_ipif_v3_0_vh_rfs.vhd:1534]
	Parameter C_AB bound to: 4 - type: integer 
	Parameter C_AW bound to: 4 - type: integer 
	Parameter C_BAR bound to: 4'b1110 
	Parameter C_FAMILY bound to: nofamily - type: string 
INFO: [Synth 8-256] done synthesizing module 'pselect_f__parameterized19' (1#1) [c:/Users/ilpes/Downloads/project_CMOD_emc_golden_uart/project_uart_MMCM_IIC/project_uart_MMCM_IIC.srcs/sources_1/bd/user_35t/ipshared/66ea/hdl/axi_lite_ipif_v3_0_vh_rfs.vhd:1534]
INFO: [Synth 8-638] synthesizing module 'pselect_f__parameterized20' [c:/Users/ilpes/Downloads/project_CMOD_emc_golden_uart/project_uart_MMCM_IIC/project_uart_MMCM_IIC.srcs/sources_1/bd/user_35t/ipshared/66ea/hdl/axi_lite_ipif_v3_0_vh_rfs.vhd:1534]
	Parameter C_AB bound to: 4 - type: integer 
	Parameter C_AW bound to: 4 - type: integer 
	Parameter C_BAR bound to: 4'b1111 
	Parameter C_FAMILY bound to: nofamily - type: string 
INFO: [Synth 8-256] done synthesizing module 'pselect_f__parameterized20' (1#1) [c:/Users/ilpes/Downloads/project_CMOD_emc_golden_uart/project_uart_MMCM_IIC/project_uart_MMCM_IIC.srcs/sources_1/bd/user_35t/ipshared/66ea/hdl/axi_lite_ipif_v3_0_vh_rfs.vhd:1534]
INFO: [Synth 8-256] done synthesizing module 'address_decoder' (2#1) [c:/Users/ilpes/Downloads/project_CMOD_emc_golden_uart/project_uart_MMCM_IIC/project_uart_MMCM_IIC.srcs/sources_1/bd/user_35t/ipshared/66ea/hdl/axi_lite_ipif_v3_0_vh_rfs.vhd:1775]
INFO: [Synth 8-226] default block is never used [c:/Users/ilpes/Downloads/project_CMOD_emc_golden_uart/project_uart_MMCM_IIC/project_uart_MMCM_IIC.srcs/sources_1/bd/user_35t/ipshared/66ea/hdl/axi_lite_ipif_v3_0_vh_rfs.vhd:2550]
INFO: [Synth 8-256] done synthesizing module 'slave_attachment' (3#1) [c:/Users/ilpes/Downloads/project_CMOD_emc_golden_uart/project_uart_MMCM_IIC/project_uart_MMCM_IIC.srcs/sources_1/bd/user_35t/ipshared/66ea/hdl/axi_lite_ipif_v3_0_vh_rfs.vhd:2341]
INFO: [Synth 8-256] done synthesizing module 'axi_lite_ipif' (4#1) [c:/Users/ilpes/Downloads/project_CMOD_emc_golden_uart/project_uart_MMCM_IIC/project_uart_MMCM_IIC.srcs/sources_1/bd/user_35t/ipshared/66ea/hdl/axi_lite_ipif_v3_0_vh_rfs.vhd:2948]
INFO: [Synth 8-638] synthesizing module 'interrupt_control' [c:/Users/ilpes/Downloads/project_CMOD_emc_golden_uart/project_uart_MMCM_IIC/project_uart_MMCM_IIC.srcs/sources_1/bd/user_35t/ipshared/a040/hdl/interrupt_control_v3_1_vh_rfs.vhd:259]
	Parameter C_NUM_CE bound to: 16 - type: integer 
	Parameter C_NUM_IPIF_IRPT_SRC bound to: 1 - type: integer 
	Parameter C_IP_INTR_MODE_ARRAY bound to: 64'b0000000000000000000000000000010100000000000000000000000000000101 
	Parameter C_INCLUDE_DEV_PENCODER bound to: 0 - type: bool 
	Parameter C_INCLUDE_DEV_ISC bound to: 0 - type: bool 
	Parameter C_IPIF_DWIDTH bound to: 32 - type: integer 
INFO: [Synth 8-256] done synthesizing module 'interrupt_control' (5#1) [c:/Users/ilpes/Downloads/project_CMOD_emc_golden_uart/project_uart_MMCM_IIC/project_uart_MMCM_IIC.srcs/sources_1/bd/user_35t/ipshared/a040/hdl/interrupt_control_v3_1_vh_rfs.vhd:259]
INFO: [Synth 8-638] synthesizing module 'GPIO_Core' [c:/Users/ilpes/Downloads/project_CMOD_emc_golden_uart/project_uart_MMCM_IIC/project_uart_MMCM_IIC.srcs/sources_1/bd/user_35t/ipshared/4318/hdl/axi_gpio_v2_0_vh_rfs.vhd:178]
	Parameter C_DW bound to: 32 - type: integer 
	Parameter C_AW bound to: 9 - type: integer 
	Parameter C_GPIO_WIDTH bound to: 2 - type: integer 
	Parameter C_GPIO2_WIDTH bound to: 2 - type: integer 
	Parameter C_MAX_GPIO_WIDTH bound to: 2 - type: integer 
	Parameter C_INTERRUPT_PRESENT bound to: 1 - type: integer 
	Parameter C_DOUT_DEFAULT bound to: 0 - type: integer 
	Parameter C_TRI_DEFAULT bound to: -1 - type: integer 
	Parameter C_IS_DUAL bound to: 1 - type: integer 
	Parameter C_ALL_OUTPUTS bound to: 1 - type: integer 
	Parameter C_ALL_OUTPUTS_2 bound to: 0 - type: integer 
	Parameter C_ALL_INPUTS bound to: 0 - type: integer 
	Parameter C_ALL_INPUTS_2 bound to: 1 - type: integer 
	Parameter C_DOUT_DEFAULT_2 bound to: 0 - type: integer 
	Parameter C_TRI_DEFAULT_2 bound to: -1 - type: integer 
	Parameter C_FAMILY bound to: artix7 - type: string 
INFO: [Synth 8-226] default block is never used [c:/Users/ilpes/Downloads/project_CMOD_emc_golden_uart/project_uart_MMCM_IIC/project_uart_MMCM_IIC.srcs/sources_1/bd/user_35t/ipshared/4318/hdl/axi_gpio_v2_0_vh_rfs.vhd:835]
INFO: [Synth 8-638] synthesizing module 'cdc_sync' [c:/Users/ilpes/Downloads/project_CMOD_emc_golden_uart/project_uart_MMCM_IIC/project_uart_MMCM_IIC.srcs/sources_1/bd/user_35t/ipshared/ef1e/hdl/lib_cdc_v1_0_rfs.vhd:106]
	Parameter C_CDC_TYPE bound to: 1 - type: integer 
	Parameter C_RESET_STATE bound to: 0 - type: integer 
	Parameter C_SINGLE_BIT bound to: 0 - type: integer 
	Parameter C_FLOP_INPUT bound to: 0 - type: integer 
	Parameter C_VECTOR_WIDTH bound to: 2 - type: integer 
	Parameter C_MTBF_STAGES bound to: 4 - type: integer 
	Parameter INIT bound to: 1'b0 
INFO: [Synth 8-113] binding component instance 'CROSS2_PLEVEL_IN2SCNDRY_IN_cdc_to' to cell 'FDR' [c:/Users/ilpes/Downloads/project_CMOD_emc_golden_uart/project_uart_MMCM_IIC/project_uart_MMCM_IIC.srcs/sources_1/bd/user_35t/ipshared/ef1e/hdl/lib_cdc_v1_0_rfs.vhd:736]
	Parameter INIT bound to: 1'b0 
INFO: [Synth 8-113] binding component instance 'CROSS2_PLEVEL_IN2SCNDRY_IN_cdc_to' to cell 'FDR' [c:/Users/ilpes/Downloads/project_CMOD_emc_golden_uart/project_uart_MMCM_IIC/project_uart_MMCM_IIC.srcs/sources_1/bd/user_35t/ipshared/ef1e/hdl/lib_cdc_v1_0_rfs.vhd:736]
	Parameter INIT bound to: 1'b0 
INFO: [Synth 8-113] binding component instance 'CROSS2_PLEVEL_IN2SCNDRY_s_level_out_bus_d2' to cell 'FDR' [c:/Users/ilpes/Downloads/project_CMOD_emc_golden_uart/project_uart_MMCM_IIC/project_uart_MMCM_IIC.srcs/sources_1/bd/user_35t/ipshared/ef1e/hdl/lib_cdc_v1_0_rfs.vhd:772]
	Parameter INIT bound to: 1'b0 
INFO: [Synth 8-113] binding component instance 'CROSS2_PLEVEL_IN2SCNDRY_s_level_out_bus_d2' to cell 'FDR' [c:/Users/ilpes/Downloads/project_CMOD_emc_golden_uart/project_uart_MMCM_IIC/project_uart_MMCM_IIC.srcs/sources_1/bd/user_35t/ipshared/ef1e/hdl/lib_cdc_v1_0_rfs.vhd:772]
	Parameter INIT bound to: 1'b0 
INFO: [Synth 8-113] binding component instance 'CROSS2_PLEVEL_IN2SCNDRY_s_level_out_bus_d3' to cell 'FDR' [c:/Users/ilpes/Downloads/project_CMOD_emc_golden_uart/project_uart_MMCM_IIC/project_uart_MMCM_IIC.srcs/sources_1/bd/user_35t/ipshared/ef1e/hdl/lib_cdc_v1_0_rfs.vhd:788]
	Parameter INIT bound to: 1'b0 
INFO: [Synth 8-113] binding component instance 'CROSS2_PLEVEL_IN2SCNDRY_s_level_out_bus_d3' to cell 'FDR' [c:/Users/ilpes/Downloads/project_CMOD_emc_golden_uart/project_uart_MMCM_IIC/project_uart_MMCM_IIC.srcs/sources_1/bd/user_35t/ipshared/ef1e/hdl/lib_cdc_v1_0_rfs.vhd:788]
	Parameter INIT bound to: 1'b0 
INFO: [Synth 8-113] binding component instance 'CROSS2_PLEVEL_IN2SCNDRY_s_level_out_bus_d4' to cell 'FDR' [c:/Users/ilpes/Downloads/project_CMOD_emc_golden_uart/project_uart_MMCM_IIC/project_uart_MMCM_IIC.srcs/sources_1/bd/user_35t/ipshared/ef1e/hdl/lib_cdc_v1_0_rfs.vhd:804]
	Parameter INIT bound to: 1'b0 
INFO: [Synth 8-113] binding component instance 'CROSS2_PLEVEL_IN2SCNDRY_s_level_out_bus_d4' to cell 'FDR' [c:/Users/ilpes/Downloads/project_CMOD_emc_golden_uart/project_uart_MMCM_IIC/project_uart_MMCM_IIC.srcs/sources_1/bd/user_35t/ipshared/ef1e/hdl/lib_cdc_v1_0_rfs.vhd:804]
	Parameter INIT bound to: 1'b0 
INFO: [Synth 8-113] binding component instance 'CROSS2_PLEVEL_IN2SCNDRY_s_level_out_bus_d5' to cell 'FDR' [c:/Users/ilpes/Downloads/project_CMOD_emc_golden_uart/project_uart_MMCM_IIC/project_uart_MMCM_IIC.srcs/sources_1/bd/user_35t/ipshared/ef1e/hdl/lib_cdc_v1_0_rfs.vhd:821]
	Parameter INIT bound to: 1'b0 
INFO: [Synth 8-113] binding component instance 'CROSS2_PLEVEL_IN2SCNDRY_s_level_out_bus_d5' to cell 'FDR' [c:/Users/ilpes/Downloads/project_CMOD_emc_golden_uart/project_uart_MMCM_IIC/project_uart_MMCM_IIC.srcs/sources_1/bd/user_35t/ipshared/ef1e/hdl/lib_cdc_v1_0_rfs.vhd:821]
	Parameter INIT bound to: 1'b0 
INFO: [Synth 8-113] binding component instance 'CROSS2_PLEVEL_IN2SCNDRY_s_level_out_bus_d6' to cell 'FDR' [c:/Users/ilpes/Downloads/project_CMOD_emc_golden_uart/project_uart_MMCM_IIC/project_uart_MMCM_IIC.srcs/sources_1/bd/user_35t/ipshared/ef1e/hdl/lib_cdc_v1_0_rfs.vhd:837]
	Parameter INIT bound to: 1'b0 
INFO: [Synth 8-113] binding component instance 'CROSS2_PLEVEL_IN2SCNDRY_s_level_out_bus_d6' to cell 'FDR' [c:/Users/ilpes/Downloads/project_CMOD_emc_golden_uart/project_uart_MMCM_IIC/project_uart_MMCM_IIC.srcs/sources_1/bd/user_35t/ipshared/ef1e/hdl/lib_cdc_v1_0_rfs.vhd:837]
INFO: [Synth 8-256] done synthesizing module 'cdc_sync' (6#1) [c:/Users/ilpes/Downloads/project_CMOD_emc_golden_uart/project_uart_MMCM_IIC/project_uart_MMCM_IIC.srcs/sources_1/bd/user_35t/ipshared/ef1e/hdl/lib_cdc_v1_0_rfs.vhd:106]
INFO: [Synth 8-256] done synthesizing module 'GPIO_Core' (7#1) [c:/Users/ilpes/Downloads/project_CMOD_emc_golden_uart/project_uart_MMCM_IIC/project_uart_MMCM_IIC.srcs/sources_1/bd/user_35t/ipshared/4318/hdl/axi_gpio_v2_0_vh_rfs.vhd:178]
INFO: [Synth 8-256] done synthesizing module 'axi_gpio' (8#1) [c:/Users/ilpes/Downloads/project_CMOD_emc_golden_uart/project_uart_MMCM_IIC/project_uart_MMCM_IIC.srcs/sources_1/bd/user_35t/ipshared/4318/hdl/axi_gpio_v2_0_vh_rfs.vhd:1351]
INFO: [Synth 8-256] done synthesizing module 'user_35t_axi_gpio_2_0' (9#1) [c:/Users/ilpes/Downloads/project_CMOD_emc_golden_uart/project_uart_MMCM_IIC/project_uart_MMCM_IIC.srcs/sources_1/bd/user_35t/ip/user_35t_axi_gpio_2_0/synth/user_35t_axi_gpio_2_0.vhd:86]
---------------------------------------------------------------------------------
Finished RTL Elaboration : Time (s): cpu = 00:00:21 ; elapsed = 00:00:45 . Memory (MB): peak = 1244.465 ; gain = 126.645
---------------------------------------------------------------------------------
---------------------------------------------------------------------------------
Start Handling Custom Attributes
---------------------------------------------------------------------------------
---------------------------------------------------------------------------------
Finished Handling Custom Attributes : Time (s): cpu = 00:00:22 ; elapsed = 00:00:48 . Memory (MB): peak = 1262.395 ; gain = 144.574
---------------------------------------------------------------------------------
---------------------------------------------------------------------------------
Finished RTL Optimization Phase 1 : Time (s): cpu = 00:00:22 ; elapsed = 00:00:48 . Memory (MB): peak = 1262.395 ; gain = 144.574
---------------------------------------------------------------------------------
Netlist sorting complete. Time (s): cpu = 00:00:00 ; elapsed = 00:00:00.081 . Memory (MB): peak = 1274.387 ; gain = 0.000
INFO: [Netlist 29-17] Analyzing 24 Unisim elements for replacement
INFO: [Netlist 29-28] Unisim Transformation completed in 0 CPU seconds
INFO: [Project 1-570] Preparing netlist for logic optimization

Processing XDC Constraints
Initializing timing engine
Parsing XDC File [c:/Users/ilpes/Downloads/project_CMOD_emc_golden_uart/project_uart_MMCM_IIC/project_uart_MMCM_IIC.srcs/sources_1/bd/user_35t/ip/user_35t_axi_gpio_2_0/user_35t_axi_gpio_2_0_ooc.xdc] for cell 'U0'
Finished Parsing XDC File [c:/Users/ilpes/Downloads/project_CMOD_emc_golden_uart/project_uart_MMCM_IIC/project_uart_MMCM_IIC.srcs/sources_1/bd/user_35t/ip/user_35t_axi_gpio_2_0/user_35t_axi_gpio_2_0_ooc.xdc] for cell 'U0'
Parsing XDC File [c:/Users/ilpes/Downloads/project_CMOD_emc_golden_uart/project_uart_MMCM_IIC/project_uart_MMCM_IIC.srcs/sources_1/bd/user_35t/ip/user_35t_axi_gpio_2_0/user_35t_axi_gpio_2_0_board.xdc] for cell 'U0'
Finished Parsing XDC File [c:/Users/ilpes/Downloads/project_CMOD_emc_golden_uart/project_uart_MMCM_IIC/project_uart_MMCM_IIC.srcs/sources_1/bd/user_35t/ip/user_35t_axi_gpio_2_0/user_35t_axi_gpio_2_0_board.xdc] for cell 'U0'
Parsing XDC File [c:/Users/ilpes/Downloads/project_CMOD_emc_golden_uart/project_uart_MMCM_IIC/project_uart_MMCM_IIC.srcs/sources_1/bd/user_35t/ip/user_35t_axi_gpio_2_0/user_35t_axi_gpio_2_0.xdc] for cell 'U0'
Finished Parsing XDC File [c:/Users/ilpes/Downloads/project_CMOD_emc_golden_uart/project_uart_MMCM_IIC/project_uart_MMCM_IIC.srcs/sources_1/bd/user_35t/ip/user_35t_axi_gpio_2_0/user_35t_axi_gpio_2_0.xdc] for cell 'U0'
Parsing XDC File [C:/Users/ilpes/Downloads/project_CMOD_emc_golden_uart/project_uart_MMCM_IIC/project_uart_MMCM_IIC.runs/user_35t_axi_gpio_2_0_synth_1/dont_touch.xdc]
Finished Parsing XDC File [C:/Users/ilpes/Downloads/project_CMOD_emc_golden_uart/project_uart_MMCM_IIC/project_uart_MMCM_IIC.runs/user_35t_axi_gpio_2_0_synth_1/dont_touch.xdc]
Completed Processing XDC Constraints

Netlist sorting complete. Time (s): cpu = 00:00:00 ; elapsed = 00:00:00.003 . Memory (MB): peak = 1369.352 ; gain = 0.000
INFO: [Project 1-111] Unisim Transformation Summary:
  A total of 24 instances were transformed.
  FDR => FDRE: 24 instances

Constraint Validation Runtime : Time (s): cpu = 00:00:00 ; elapsed = 00:00:00.157 . Memory (MB): peak = 1372.312 ; gain = 2.961
---------------------------------------------------------------------------------
Finished Constraint Validation : Time (s): cpu = 00:00:46 ; elapsed = 00:01:20 . Memory (MB): peak = 1372.312 ; gain = 254.492
---------------------------------------------------------------------------------
---------------------------------------------------------------------------------
Start Loading Part and Timing Information
---------------------------------------------------------------------------------
Loading part: xc7a35tcpg236-1
---------------------------------------------------------------------------------
Finished Loading Part and Timing Information : Time (s): cpu = 00:00:46 ; elapsed = 00:01:20 . Memory (MB): peak = 1372.312 ; gain = 254.492
---------------------------------------------------------------------------------
---------------------------------------------------------------------------------
Start Applying 'set_property' XDC Constraints
---------------------------------------------------------------------------------
Applied set_property KEEP_HIERARCHY = SOFT for U0. (constraint file  C:/Users/ilpes/Downloads/project_CMOD_emc_golden_uart/project_uart_MMCM_IIC/project_uart_MMCM_IIC.runs/user_35t_axi_gpio_2_0_synth_1/dont_touch.xdc, line 9).
---------------------------------------------------------------------------------
Finished applying 'set_property' XDC Constraints : Time (s): cpu = 00:00:46 ; elapsed = 00:01:20 . Memory (MB): peak = 1372.312 ; gain = 254.492
---------------------------------------------------------------------------------
INFO: [Synth 8-802] inferred FSM for state register 'state_reg' in module 'slave_attachment'
---------------------------------------------------------------------------------------------------
                   State |                     New Encoding |                Previous Encoding 
---------------------------------------------------------------------------------------------------
                 iSTATE2 |                             0001 |                               00
                  iSTATE |                             0010 |                               01
                 iSTATE0 |                             0100 |                               10
                 iSTATE1 |                             1000 |                               11
---------------------------------------------------------------------------------------------------
INFO: [Synth 8-3354] encoded FSM with state register 'state_reg' using encoding 'one-hot' in module 'slave_attachment'
---------------------------------------------------------------------------------
Finished RTL Optimization Phase 2 : Time (s): cpu = 00:00:48 ; elapsed = 00:01:22 . Memory (MB): peak = 1372.312 ; gain = 254.492
---------------------------------------------------------------------------------
---------------------------------------------------------------------------------
Start RTL Component Statistics 
---------------------------------------------------------------------------------
Detailed RTL Component Info : 
+---Adders : 
	   2 Input    4 Bit       Adders := 1     
+---XORs : 
	   2 Input      2 Bit         XORs := 2     
	   2 Input      1 Bit         XORs := 2     
+---Registers : 
	               32 Bit    Registers := 2     
	                9 Bit    Registers := 1     
	                4 Bit    Registers := 1     
	                2 Bit    Registers := 12    
	                1 Bit    Registers := 53    
+---Muxes : 
	   2 Input   32 Bit        Muxes := 3     
	   5 Input   32 Bit        Muxes := 1     
	   2 Input    9 Bit        Muxes := 1     
	   4 Input    4 Bit        Muxes := 1     
	   2 Input    4 Bit        Muxes := 5     
	   7 Input    2 Bit        Muxes := 1     
	   2 Input    2 Bit        Muxes := 5     
	   4 Input    2 Bit        Muxes := 2     
	   2 Input    1 Bit        Muxes := 33    
	   4 Input    1 Bit        Muxes := 3     
---------------------------------------------------------------------------------
Finished RTL Component Statistics 
---------------------------------------------------------------------------------
---------------------------------------------------------------------------------
Start Part Resource Summary
---------------------------------------------------------------------------------
Part Resources:
DSPs: 90 (col length:60)
BRAMs: 100 (col length: RAMB18 60 RAMB36 30)
---------------------------------------------------------------------------------
Finished Part Resource Summary
---------------------------------------------------------------------------------
---------------------------------------------------------------------------------
Start Cross Boundary and Area Optimization
---------------------------------------------------------------------------------
---------------------------------------------------------------------------------
Finished Cross Boundary and Area Optimization : Time (s): cpu = 00:00:54 ; elapsed = 00:01:29 . Memory (MB): peak = 1372.312 ; gain = 254.492
---------------------------------------------------------------------------------
---------------------------------------------------------------------------------
Start Applying XDC Timing Constraints
---------------------------------------------------------------------------------
---------------------------------------------------------------------------------
Finished Applying XDC Timing Constraints : Time (s): cpu = 00:01:16 ; elapsed = 00:01:56 . Memory (MB): peak = 1372.312 ; gain = 254.492
---------------------------------------------------------------------------------
---------------------------------------------------------------------------------
Start Timing Optimization
---------------------------------------------------------------------------------
---------------------------------------------------------------------------------
Finished Timing Optimization : Time (s): cpu = 00:01:17 ; elapsed = 00:01:57 . Memory (MB): peak = 1372.312 ; gain = 254.492
---------------------------------------------------------------------------------
---------------------------------------------------------------------------------
Start Technology Mapping
---------------------------------------------------------------------------------
---------------------------------------------------------------------------------
Finished Technology Mapping : Time (s): cpu = 00:01:17 ; elapsed = 00:01:57 . Memory (MB): peak = 1372.312 ; gain = 254.492
---------------------------------------------------------------------------------
---------------------------------------------------------------------------------
Start IO Insertion
---------------------------------------------------------------------------------
---------------------------------------------------------------------------------
Start Flattening Before IO Insertion
---------------------------------------------------------------------------------
---------------------------------------------------------------------------------
Finished Flattening Before IO Insertion
---------------------------------------------------------------------------------
---------------------------------------------------------------------------------
Start Final Netlist Cleanup
---------------------------------------------------------------------------------
---------------------------------------------------------------------------------
Finished Final Netlist Cleanup
---------------------------------------------------------------------------------
---------------------------------------------------------------------------------
Finished IO Insertion : Time (s): cpu = 00:01:28 ; elapsed = 00:02:10 . Memory (MB): peak = 1372.312 ; gain = 254.492
---------------------------------------------------------------------------------
---------------------------------------------------------------------------------
Start Renaming Generated Instances
---------------------------------------------------------------------------------
---------------------------------------------------------------------------------
Finished Renaming Generated Instances : Time (s): cpu = 00:01:28 ; elapsed = 00:02:10 . Memory (MB): peak = 1372.312 ; gain = 254.492
---------------------------------------------------------------------------------
---------------------------------------------------------------------------------
Start Rebuilding User Hierarchy
---------------------------------------------------------------------------------
---------------------------------------------------------------------------------
Finished Rebuilding User Hierarchy : Time (s): cpu = 00:01:29 ; elapsed = 00:02:10 . Memory (MB): peak = 1372.312 ; gain = 254.492
---------------------------------------------------------------------------------
---------------------------------------------------------------------------------
Start Renaming Generated Ports
---------------------------------------------------------------------------------
---------------------------------------------------------------------------------
Finished Renaming Generated Ports : Time (s): cpu = 00:01:29 ; elapsed = 00:02:10 . Memory (MB): peak = 1372.312 ; gain = 254.492
---------------------------------------------------------------------------------
---------------------------------------------------------------------------------
Start Handling Custom Attributes
---------------------------------------------------------------------------------
---------------------------------------------------------------------------------
Finished Handling Custom Attributes : Time (s): cpu = 00:01:29 ; elapsed = 00:02:10 . Memory (MB): peak = 1372.312 ; gain = 254.492
---------------------------------------------------------------------------------
---------------------------------------------------------------------------------
Start Renaming Generated Nets
---------------------------------------------------------------------------------
---------------------------------------------------------------------------------
Finished Renaming Generated Nets : Time (s): cpu = 00:01:29 ; elapsed = 00:02:10 . Memory (MB): peak = 1372.312 ; gain = 254.492
---------------------------------------------------------------------------------
---------------------------------------------------------------------------------
Start Writing Synthesis Report
---------------------------------------------------------------------------------

Report BlackBoxes: 
+-+--------------+----------+
| |BlackBox name |Instances |
+-+--------------+----------+
+-+--------------+----------+

Report Cell Usage: 
+------+-----+------+
|      |Cell |Count |
+------+-----+------+
|1     |LUT1 |     2|
|2     |LUT2 |     6|
|3     |LUT3 |    16|
|4     |LUT4 |    23|
|5     |LUT5 |    33|
|6     |LUT6 |    16|
|7     |FDR  |     8|
|8     |FDRE |    82|
|9     |FDSE |     7|
+------+-----+------+
---------------------------------------------------------------------------------
Finished Writing Synthesis Report : Time (s): cpu = 00:01:29 ; elapsed = 00:02:10 . Memory (MB): peak = 1372.312 ; gain = 254.492
---------------------------------------------------------------------------------
Synthesis finished with 0 errors, 0 critical warnings and 0 warnings.
Synthesis Optimization Runtime : Time (s): cpu = 00:00:58 ; elapsed = 00:01:58 . Memory (MB): peak = 1372.312 ; gain = 144.574
Synthesis Optimization Complete : Time (s): cpu = 00:01:29 ; elapsed = 00:02:10 . Memory (MB): peak = 1372.312 ; gain = 254.492
INFO: [Project 1-571] Translating synthesized netlist
Netlist sorting complete. Time (s): cpu = 00:00:00 ; elapsed = 00:00:00.013 . Memory (MB): peak = 1372.312 ; gain = 0.000
INFO: [Netlist 29-17] Analyzing 8 Unisim elements for replacement
INFO: [Netlist 29-28] Unisim Transformation completed in 0 CPU seconds
INFO: [Project 1-570] Preparing netlist for logic optimization
INFO: [Opt 31-138] Pushed 0 inverter(s) to 0 load pin(s).
Netlist sorting complete. Time (s): cpu = 00:00:00 ; elapsed = 00:00:00 . Memory (MB): peak = 1372.312 ; gain = 0.000
INFO: [Project 1-111] Unisim Transformation Summary:
  A total of 8 instances were transformed.
  FDR => FDRE: 8 instances

INFO: [Common 17-83] Releasing license: Synthesis
93 Infos, 0 Warnings, 0 Critical Warnings and 0 Errors encountered.
synth_design completed successfully
synth_design: Time (s): cpu = 00:01:49 ; elapsed = 00:02:40 . Memory (MB): peak = 1372.312 ; gain = 254.492
INFO: [Common 17-1381] The checkpoint 'C:/Users/ilpes/Downloads/project_CMOD_emc_golden_uart/project_uart_MMCM_IIC/project_uart_MMCM_IIC.runs/user_35t_axi_gpio_2_0_synth_1/user_35t_axi_gpio_2_0.dcp' has been generated.
WARNING: [Common 17-576] 'use_project_ipc' is deprecated. This option is deprecated and no longer used.
INFO: [Coretcl 2-1648] Added synthesis output to IP cache for IP user_35t_axi_gpio_2_0, cache-ID = 3d4d8eae4427957e
INFO: [Coretcl 2-1174] Renamed 7 cell refs.
INFO: [Common 17-1381] The checkpoint 'C:/Users/ilpes/Downloads/project_CMOD_emc_golden_uart/project_uart_MMCM_IIC/project_uart_MMCM_IIC.runs/user_35t_axi_gpio_2_0_synth_1/user_35t_axi_gpio_2_0.dcp' has been generated.
INFO: [runtcl-4] Executing : report_utilization -file user_35t_axi_gpio_2_0_utilization_synth.rpt -pb user_35t_axi_gpio_2_0_utilization_synth.pb
INFO: [Common 17-206] Exiting Vivado at Tue Jun 10 09:04:22 2025...

*** Running vivado
    with args -log user_35t_axi_gpio_2_0.vds -m64 -product Vivado -mode batch -messageDb vivado.pb -notrace -source user_35t_axi_gpio_2_0.tcl



****** Vivado v2020.2 (64-bit)
  **** SW Build 3064766 on Wed Nov 18 09:12:45 MST 2020
  **** IP Build 3064653 on Wed Nov 18 14:17:31 MST 2020
    ** Copyright 1986-2020 Xilinx, Inc. All Rights Reserved.

source user_35t_axi_gpio_2_0.tcl -notrace
Command: synth_design -top user_35t_axi_gpio_2_0 -part xc7a35tcpg236-1 -mode out_of_context
Starting synth_design
Attempting to get a license for feature 'Synthesis' and/or device 'xc7a35t'
INFO: [Common 17-349] Got license for feature 'Synthesis' and/or device 'xc7a35t'
INFO: [Device 21-403] Loading part xc7a35tcpg236-1
INFO: [Synth 8-7079] Multithreading enabled for synth_design using a maximum of 2 processes.
INFO: [Synth 8-7078] Launching helper process for spawning children vivado processes
INFO: [Synth 8-7075] Helper process launched with PID 24572
---------------------------------------------------------------------------------
Starting RTL Elaboration : Time (s): cpu = 00:00:10 ; elapsed = 00:00:13 . Memory (MB): peak = 1182.699 ; gain = 56.348
---------------------------------------------------------------------------------
INFO: [Synth 8-638] synthesizing module 'user_35t_axi_gpio_2_0' [c:/Users/ilpes/Downloads/project_CMOD_emc_golden_uart/project_MMCM_IIC_noor/project_MMCM_IIC_noor.srcs/sources_1/bd/user_35t/ip/user_35t_axi_gpio_2_0/synth/user_35t_axi_gpio_2_0.vhd:86]
	Parameter C_FAMILY bound to: artix7 - type: string 
	Parameter C_S_AXI_ADDR_WIDTH bound to: 9 - type: integer 
	Parameter C_S_AXI_DATA_WIDTH bound to: 32 - type: integer 
	Parameter C_GPIO_WIDTH bound to: 2 - type: integer 
	Parameter C_GPIO2_WIDTH bound to: 2 - type: integer 
	Parameter C_ALL_INPUTS bound to: 0 - type: integer 
	Parameter C_ALL_INPUTS_2 bound to: 1 - type: integer 
	Parameter C_ALL_OUTPUTS bound to: 1 - type: integer 
	Parameter C_ALL_OUTPUTS_2 bound to: 0 - type: integer 
	Parameter C_INTERRUPT_PRESENT bound to: 1 - type: integer 
	Parameter C_DOUT_DEFAULT bound to: 32'b00000000000000000000000000000000 
	Parameter C_TRI_DEFAULT bound to: 32'b11111111111111111111111111111111 
	Parameter C_IS_DUAL bound to: 1 - type: integer 
	Parameter C_DOUT_DEFAULT_2 bound to: 32'b00000000000000000000000000000000 
	Parameter C_TRI_DEFAULT_2 bound to: 32'b11111111111111111111111111111111 
INFO: [Synth 8-3491] module 'axi_gpio' declared at 'c:/Users/ilpes/Downloads/project_CMOD_emc_golden_uart/project_MMCM_IIC_noor/project_MMCM_IIC_noor.srcs/sources_1/bd/user_35t/ipshared/4318/hdl/axi_gpio_v2_0_vh_rfs.vhd:1265' bound to instance 'U0' of component 'axi_gpio' [c:/Users/ilpes/Downloads/project_CMOD_emc_golden_uart/project_MMCM_IIC_noor/project_MMCM_IIC_noor.srcs/sources_1/bd/user_35t/ip/user_35t_axi_gpio_2_0/synth/user_35t_axi_gpio_2_0.vhd:174]
INFO: [Synth 8-638] synthesizing module 'axi_gpio' [c:/Users/ilpes/Downloads/project_CMOD_emc_golden_uart/project_MMCM_IIC_noor/project_MMCM_IIC_noor.srcs/sources_1/bd/user_35t/ipshared/4318/hdl/axi_gpio_v2_0_vh_rfs.vhd:1351]
	Parameter C_FAMILY bound to: artix7 - type: string 
	Parameter C_S_AXI_ADDR_WIDTH bound to: 9 - type: integer 
	Parameter C_S_AXI_DATA_WIDTH bound to: 32 - type: integer 
	Parameter C_GPIO_WIDTH bound to: 2 - type: integer 
	Parameter C_GPIO2_WIDTH bound to: 2 - type: integer 
	Parameter C_ALL_INPUTS bound to: 0 - type: integer 
	Parameter C_ALL_INPUTS_2 bound to: 1 - type: integer 
	Parameter C_ALL_OUTPUTS bound to: 1 - type: integer 
	Parameter C_ALL_OUTPUTS_2 bound to: 0 - type: integer 
	Parameter C_INTERRUPT_PRESENT bound to: 1 - type: integer 
	Parameter C_DOUT_DEFAULT bound to: 0 - type: integer 
	Parameter C_TRI_DEFAULT bound to: -1 - type: integer 
	Parameter C_IS_DUAL bound to: 1 - type: integer 
	Parameter C_DOUT_DEFAULT_2 bound to: 0 - type: integer 
	Parameter C_TRI_DEFAULT_2 bound to: -1 - type: integer 
INFO: [Synth 8-638] synthesizing module 'axi_lite_ipif' [c:/Users/ilpes/Downloads/project_CMOD_emc_golden_uart/project_MMCM_IIC_noor/project_MMCM_IIC_noor.srcs/sources_1/bd/user_35t/ipshared/66ea/hdl/axi_lite_ipif_v3_0_vh_rfs.vhd:2948]
	Parameter C_S_AXI_DATA_WIDTH bound to: 32 - type: integer 
	Parameter C_S_AXI_ADDR_WIDTH bound to: 9 - type: integer 
	Parameter C_S_AXI_MIN_SIZE bound to: 32'b00000000000000000000000111111111 
	Parameter C_USE_WSTRB bound to: 0 - type: integer 
	Parameter C_DPHASE_TIMEOUT bound to: 8 - type: integer 
	Parameter C_ARD_ADDR_RANGE_ARRAY bound to: 256'b0000000000000000000000000000000000000000000000000000000000000000000000000000000000000000000000000000000000000000000000000000111100000000000000000000000000000000000000000000000000000001000000000000000000000000000000000000000000000000000000000000000111111111 
	Parameter C_ARD_NUM_CE_ARRAY bound to: 64'b0000000000000000000000000001000000000000000000000000000000000100 
	Parameter C_FAMILY bound to: artix7 - type: string 
INFO: [Synth 8-638] synthesizing module 'slave_attachment' [c:/Users/ilpes/Downloads/project_CMOD_emc_golden_uart/project_MMCM_IIC_noor/project_MMCM_IIC_noor.srcs/sources_1/bd/user_35t/ipshared/66ea/hdl/axi_lite_ipif_v3_0_vh_rfs.vhd:2341]
	Parameter C_ARD_ADDR_RANGE_ARRAY bound to: 256'b0000000000000000000000000000000000000000000000000000000000000000000000000000000000000000000000000000000000000000000000000000111100000000000000000000000000000000000000000000000000000001000000000000000000000000000000000000000000000000000000000000000111111111 
	Parameter C_ARD_NUM_CE_ARRAY bound to: 64'b0000000000000000000000000001000000000000000000000000000000000100 
	Parameter C_IPIF_ABUS_WIDTH bound to: 9 - type: integer 
	Parameter C_IPIF_DBUS_WIDTH bound to: 32 - type: integer 
	Parameter C_S_AXI_MIN_SIZE bound to: 511 - type: integer 
	Parameter C_USE_WSTRB bound to: 0 - type: integer 
	Parameter C_DPHASE_TIMEOUT bound to: 8 - type: integer 
	Parameter C_FAMILY bound to: artix7 - type: string 
INFO: [Synth 8-638] synthesizing module 'address_decoder' [c:/Users/ilpes/Downloads/project_CMOD_emc_golden_uart/project_MMCM_IIC_noor/project_MMCM_IIC_noor.srcs/sources_1/bd/user_35t/ipshared/66ea/hdl/axi_lite_ipif_v3_0_vh_rfs.vhd:1775]
	Parameter C_BUS_AWIDTH bound to: 9 - type: integer 
	Parameter C_S_AXI_MIN_SIZE bound to: 511 - type: integer 
	Parameter C_ARD_ADDR_RANGE_ARRAY bound to: 256'b0000000000000000000000000000000000000000000000000000000000000000000000000000000000000000000000000000000000000000000000000000111100000000000000000000000000000000000000000000000000000001000000000000000000000000000000000000000000000000000000000000000111111111 
	Parameter C_ARD_NUM_CE_ARRAY bound to: 64'b0000000000000000000000000001000000000000000000000000000000000100 
	Parameter C_FAMILY bound to: nofamily - type: string 
INFO: [Synth 8-638] synthesizing module 'pselect_f' [c:/Users/ilpes/Downloads/project_CMOD_emc_golden_uart/project_MMCM_IIC_noor/project_MMCM_IIC_noor.srcs/sources_1/bd/user_35t/ipshared/66ea/hdl/axi_lite_ipif_v3_0_vh_rfs.vhd:1534]
	Parameter C_AB bound to: 5 - type: integer 
	Parameter C_AW bound to: 9 - type: integer 
	Parameter C_BAR bound to: 9'b000000000 
	Parameter C_FAMILY bound to: nofamily - type: string 
INFO: [Synth 8-256] done synthesizing module 'pselect_f' (1#1) [c:/Users/ilpes/Downloads/project_CMOD_emc_golden_uart/project_MMCM_IIC_noor/project_MMCM_IIC_noor.srcs/sources_1/bd/user_35t/ipshared/66ea/hdl/axi_lite_ipif_v3_0_vh_rfs.vhd:1534]
INFO: [Synth 8-638] synthesizing module 'pselect_f__parameterized0' [c:/Users/ilpes/Downloads/project_CMOD_emc_golden_uart/project_MMCM_IIC_noor/project_MMCM_IIC_noor.srcs/sources_1/bd/user_35t/ipshared/66ea/hdl/axi_lite_ipif_v3_0_vh_rfs.vhd:1534]
	Parameter C_AB bound to: 2 - type: integer 
	Parameter C_AW bound to: 2 - type: integer 
	Parameter C_BAR bound to: 2'b00 
	Parameter C_FAMILY bound to: nofamily - type: string 
INFO: [Synth 8-256] done synthesizing module 'pselect_f__parameterized0' (1#1) [c:/Users/ilpes/Downloads/project_CMOD_emc_golden_uart/project_MMCM_IIC_noor/project_MMCM_IIC_noor.srcs/sources_1/bd/user_35t/ipshared/66ea/hdl/axi_lite_ipif_v3_0_vh_rfs.vhd:1534]
INFO: [Synth 8-638] synthesizing module 'pselect_f__parameterized1' [c:/Users/ilpes/Downloads/project_CMOD_emc_golden_uart/project_MMCM_IIC_noor/project_MMCM_IIC_noor.srcs/sources_1/bd/user_35t/ipshared/66ea/hdl/axi_lite_ipif_v3_0_vh_rfs.vhd:1534]
	Parameter C_AB bound to: 2 - type: integer 
	Parameter C_AW bound to: 2 - type: integer 
	Parameter C_BAR bound to: 2'b01 
	Parameter C_FAMILY bound to: nofamily - type: string 
INFO: [Synth 8-256] done synthesizing module 'pselect_f__parameterized1' (1#1) [c:/Users/ilpes/Downloads/project_CMOD_emc_golden_uart/project_MMCM_IIC_noor/project_MMCM_IIC_noor.srcs/sources_1/bd/user_35t/ipshared/66ea/hdl/axi_lite_ipif_v3_0_vh_rfs.vhd:1534]
INFO: [Synth 8-638] synthesizing module 'pselect_f__parameterized2' [c:/Users/ilpes/Downloads/project_CMOD_emc_golden_uart/project_MMCM_IIC_noor/project_MMCM_IIC_noor.srcs/sources_1/bd/user_35t/ipshared/66ea/hdl/axi_lite_ipif_v3_0_vh_rfs.vhd:1534]
	Parameter C_AB bound to: 2 - type: integer 
	Parameter C_AW bound to: 2 - type: integer 
	Parameter C_BAR bound to: 2'b10 
	Parameter C_FAMILY bound to: nofamily - type: string 
INFO: [Synth 8-256] done synthesizing module 'pselect_f__parameterized2' (1#1) [c:/Users/ilpes/Downloads/project_CMOD_emc_golden_uart/project_MMCM_IIC_noor/project_MMCM_IIC_noor.srcs/sources_1/bd/user_35t/ipshared/66ea/hdl/axi_lite_ipif_v3_0_vh_rfs.vhd:1534]
INFO: [Synth 8-638] synthesizing module 'pselect_f__parameterized3' [c:/Users/ilpes/Downloads/project_CMOD_emc_golden_uart/project_MMCM_IIC_noor/project_MMCM_IIC_noor.srcs/sources_1/bd/user_35t/ipshared/66ea/hdl/axi_lite_ipif_v3_0_vh_rfs.vhd:1534]
	Parameter C_AB bound to: 2 - type: integer 
	Parameter C_AW bound to: 2 - type: integer 
	Parameter C_BAR bound to: 2'b11 
	Parameter C_FAMILY bound to: nofamily - type: string 
INFO: [Synth 8-256] done synthesizing module 'pselect_f__parameterized3' (1#1) [c:/Users/ilpes/Downloads/project_CMOD_emc_golden_uart/project_MMCM_IIC_noor/project_MMCM_IIC_noor.srcs/sources_1/bd/user_35t/ipshared/66ea/hdl/axi_lite_ipif_v3_0_vh_rfs.vhd:1534]
INFO: [Synth 8-638] synthesizing module 'pselect_f__parameterized4' [c:/Users/ilpes/Downloads/project_CMOD_emc_golden_uart/project_MMCM_IIC_noor/project_MMCM_IIC_noor.srcs/sources_1/bd/user_35t/ipshared/66ea/hdl/axi_lite_ipif_v3_0_vh_rfs.vhd:1534]
	Parameter C_AB bound to: 1 - type: integer 
	Parameter C_AW bound to: 9 - type: integer 
	Parameter C_BAR bound to: 9'b100000000 
	Parameter C_FAMILY bound to: nofamily - type: string 
INFO: [Synth 8-256] done synthesizing module 'pselect_f__parameterized4' (1#1) [c:/Users/ilpes/Downloads/project_CMOD_emc_golden_uart/project_MMCM_IIC_noor/project_MMCM_IIC_noor.srcs/sources_1/bd/user_35t/ipshared/66ea/hdl/axi_lite_ipif_v3_0_vh_rfs.vhd:1534]
INFO: [Synth 8-638] synthesizing module 'pselect_f__parameterized5' [c:/Users/ilpes/Downloads/project_CMOD_emc_golden_uart/project_MMCM_IIC_noor/project_MMCM_IIC_noor.srcs/sources_1/bd/user_35t/ipshared/66ea/hdl/axi_lite_ipif_v3_0_vh_rfs.vhd:1534]
	Parameter C_AB bound to: 4 - type: integer 
	Parameter C_AW bound to: 4 - type: integer 
	Parameter C_BAR bound to: 4'b0000 
	Parameter C_FAMILY bound to: nofamily - type: string 
INFO: [Synth 8-256] done synthesizing module 'pselect_f__parameterized5' (1#1) [c:/Users/ilpes/Downloads/project_CMOD_emc_golden_uart/project_MMCM_IIC_noor/project_MMCM_IIC_noor.srcs/sources_1/bd/user_35t/ipshared/66ea/hdl/axi_lite_ipif_v3_0_vh_rfs.vhd:1534]
INFO: [Synth 8-638] synthesizing module 'pselect_f__parameterized6' [c:/Users/ilpes/Downloads/project_CMOD_emc_golden_uart/project_MMCM_IIC_noor/project_MMCM_IIC_noor.srcs/sources_1/bd/user_35t/ipshared/66ea/hdl/axi_lite_ipif_v3_0_vh_rfs.vhd:1534]
	Parameter C_AB bound to: 4 - type: integer 
	Parameter C_AW bound to: 4 - type: integer 
	Parameter C_BAR bound to: 4'b0001 
	Parameter C_FAMILY bound to: nofamily - type: string 
INFO: [Synth 8-256] done synthesizing module 'pselect_f__parameterized6' (1#1) [c:/Users/ilpes/Downloads/project_CMOD_emc_golden_uart/project_MMCM_IIC_noor/project_MMCM_IIC_noor.srcs/sources_1/bd/user_35t/ipshared/66ea/hdl/axi_lite_ipif_v3_0_vh_rfs.vhd:1534]
INFO: [Synth 8-638] synthesizing module 'pselect_f__parameterized7' [c:/Users/ilpes/Downloads/project_CMOD_emc_golden_uart/project_MMCM_IIC_noor/project_MMCM_IIC_noor.srcs/sources_1/bd/user_35t/ipshared/66ea/hdl/axi_lite_ipif_v3_0_vh_rfs.vhd:1534]
	Parameter C_AB bound to: 4 - type: integer 
	Parameter C_AW bound to: 4 - type: integer 
	Parameter C_BAR bound to: 4'b0010 
	Parameter C_FAMILY bound to: nofamily - type: string 
INFO: [Synth 8-256] done synthesizing module 'pselect_f__parameterized7' (1#1) [c:/Users/ilpes/Downloads/project_CMOD_emc_golden_uart/project_MMCM_IIC_noor/project_MMCM_IIC_noor.srcs/sources_1/bd/user_35t/ipshared/66ea/hdl/axi_lite_ipif_v3_0_vh_rfs.vhd:1534]
INFO: [Synth 8-638] synthesizing module 'pselect_f__parameterized8' [c:/Users/ilpes/Downloads/project_CMOD_emc_golden_uart/project_MMCM_IIC_noor/project_MMCM_IIC_noor.srcs/sources_1/bd/user_35t/ipshared/66ea/hdl/axi_lite_ipif_v3_0_vh_rfs.vhd:1534]
	Parameter C_AB bound to: 4 - type: integer 
	Parameter C_AW bound to: 4 - type: integer 
	Parameter C_BAR bound to: 4'b0011 
	Parameter C_FAMILY bound to: nofamily - type: string 
INFO: [Synth 8-256] done synthesizing module 'pselect_f__parameterized8' (1#1) [c:/Users/ilpes/Downloads/project_CMOD_emc_golden_uart/project_MMCM_IIC_noor/project_MMCM_IIC_noor.srcs/sources_1/bd/user_35t/ipshared/66ea/hdl/axi_lite_ipif_v3_0_vh_rfs.vhd:1534]
INFO: [Synth 8-638] synthesizing module 'pselect_f__parameterized9' [c:/Users/ilpes/Downloads/project_CMOD_emc_golden_uart/project_MMCM_IIC_noor/project_MMCM_IIC_noor.srcs/sources_1/bd/user_35t/ipshared/66ea/hdl/axi_lite_ipif_v3_0_vh_rfs.vhd:1534]
	Parameter C_AB bound to: 4 - type: integer 
	Parameter C_AW bound to: 4 - type: integer 
	Parameter C_BAR bound to: 4'b0100 
	Parameter C_FAMILY bound to: nofamily - type: string 
INFO: [Synth 8-256] done synthesizing module 'pselect_f__parameterized9' (1#1) [c:/Users/ilpes/Downloads/project_CMOD_emc_golden_uart/project_MMCM_IIC_noor/project_MMCM_IIC_noor.srcs/sources_1/bd/user_35t/ipshared/66ea/hdl/axi_lite_ipif_v3_0_vh_rfs.vhd:1534]
INFO: [Synth 8-638] synthesizing module 'pselect_f__parameterized10' [c:/Users/ilpes/Downloads/project_CMOD_emc_golden_uart/project_MMCM_IIC_noor/project_MMCM_IIC_noor.srcs/sources_1/bd/user_35t/ipshared/66ea/hdl/axi_lite_ipif_v3_0_vh_rfs.vhd:1534]
	Parameter C_AB bound to: 4 - type: integer 
	Parameter C_AW bound to: 4 - type: integer 
	Parameter C_BAR bound to: 4'b0101 
	Parameter C_FAMILY bound to: nofamily - type: string 
INFO: [Synth 8-256] done synthesizing module 'pselect_f__parameterized10' (1#1) [c:/Users/ilpes/Downloads/project_CMOD_emc_golden_uart/project_MMCM_IIC_noor/project_MMCM_IIC_noor.srcs/sources_1/bd/user_35t/ipshared/66ea/hdl/axi_lite_ipif_v3_0_vh_rfs.vhd:1534]
INFO: [Synth 8-638] synthesizing module 'pselect_f__parameterized11' [c:/Users/ilpes/Downloads/project_CMOD_emc_golden_uart/project_MMCM_IIC_noor/project_MMCM_IIC_noor.srcs/sources_1/bd/user_35t/ipshared/66ea/hdl/axi_lite_ipif_v3_0_vh_rfs.vhd:1534]
	Parameter C_AB bound to: 4 - type: integer 
	Parameter C_AW bound to: 4 - type: integer 
	Parameter C_BAR bound to: 4'b0110 
	Parameter C_FAMILY bound to: nofamily - type: string 
INFO: [Synth 8-256] done synthesizing module 'pselect_f__parameterized11' (1#1) [c:/Users/ilpes/Downloads/project_CMOD_emc_golden_uart/project_MMCM_IIC_noor/project_MMCM_IIC_noor.srcs/sources_1/bd/user_35t/ipshared/66ea/hdl/axi_lite_ipif_v3_0_vh_rfs.vhd:1534]
INFO: [Synth 8-638] synthesizing module 'pselect_f__parameterized12' [c:/Users/ilpes/Downloads/project_CMOD_emc_golden_uart/project_MMCM_IIC_noor/project_MMCM_IIC_noor.srcs/sources_1/bd/user_35t/ipshared/66ea/hdl/axi_lite_ipif_v3_0_vh_rfs.vhd:1534]
	Parameter C_AB bound to: 4 - type: integer 
	Parameter C_AW bound to: 4 - type: integer 
	Parameter C_BAR bound to: 4'b0111 
	Parameter C_FAMILY bound to: nofamily - type: string 
INFO: [Synth 8-256] done synthesizing module 'pselect_f__parameterized12' (1#1) [c:/Users/ilpes/Downloads/project_CMOD_emc_golden_uart/project_MMCM_IIC_noor/project_MMCM_IIC_noor.srcs/sources_1/bd/user_35t/ipshared/66ea/hdl/axi_lite_ipif_v3_0_vh_rfs.vhd:1534]
INFO: [Synth 8-638] synthesizing module 'pselect_f__parameterized13' [c:/Users/ilpes/Downloads/project_CMOD_emc_golden_uart/project_MMCM_IIC_noor/project_MMCM_IIC_noor.srcs/sources_1/bd/user_35t/ipshared/66ea/hdl/axi_lite_ipif_v3_0_vh_rfs.vhd:1534]
	Parameter C_AB bound to: 4 - type: integer 
	Parameter C_AW bound to: 4 - type: integer 
	Parameter C_BAR bound to: 4'b1000 
	Parameter C_FAMILY bound to: nofamily - type: string 
INFO: [Synth 8-256] done synthesizing module 'pselect_f__parameterized13' (1#1) [c:/Users/ilpes/Downloads/project_CMOD_emc_golden_uart/project_MMCM_IIC_noor/project_MMCM_IIC_noor.srcs/sources_1/bd/user_35t/ipshared/66ea/hdl/axi_lite_ipif_v3_0_vh_rfs.vhd:1534]
INFO: [Synth 8-638] synthesizing module 'pselect_f__parameterized14' [c:/Users/ilpes/Downloads/project_CMOD_emc_golden_uart/project_MMCM_IIC_noor/project_MMCM_IIC_noor.srcs/sources_1/bd/user_35t/ipshared/66ea/hdl/axi_lite_ipif_v3_0_vh_rfs.vhd:1534]
	Parameter C_AB bound to: 4 - type: integer 
	Parameter C_AW bound to: 4 - type: integer 
	Parameter C_BAR bound to: 4'b1001 
	Parameter C_FAMILY bound to: nofamily - type: string 
INFO: [Synth 8-256] done synthesizing module 'pselect_f__parameterized14' (1#1) [c:/Users/ilpes/Downloads/project_CMOD_emc_golden_uart/project_MMCM_IIC_noor/project_MMCM_IIC_noor.srcs/sources_1/bd/user_35t/ipshared/66ea/hdl/axi_lite_ipif_v3_0_vh_rfs.vhd:1534]
INFO: [Synth 8-638] synthesizing module 'pselect_f__parameterized15' [c:/Users/ilpes/Downloads/project_CMOD_emc_golden_uart/project_MMCM_IIC_noor/project_MMCM_IIC_noor.srcs/sources_1/bd/user_35t/ipshared/66ea/hdl/axi_lite_ipif_v3_0_vh_rfs.vhd:1534]
	Parameter C_AB bound to: 4 - type: integer 
	Parameter C_AW bound to: 4 - type: integer 
	Parameter C_BAR bound to: 4'b1010 
	Parameter C_FAMILY bound to: nofamily - type: string 
INFO: [Synth 8-256] done synthesizing module 'pselect_f__parameterized15' (1#1) [c:/Users/ilpes/Downloads/project_CMOD_emc_golden_uart/project_MMCM_IIC_noor/project_MMCM_IIC_noor.srcs/sources_1/bd/user_35t/ipshared/66ea/hdl/axi_lite_ipif_v3_0_vh_rfs.vhd:1534]
INFO: [Synth 8-638] synthesizing module 'pselect_f__parameterized16' [c:/Users/ilpes/Downloads/project_CMOD_emc_golden_uart/project_MMCM_IIC_noor/project_MMCM_IIC_noor.srcs/sources_1/bd/user_35t/ipshared/66ea/hdl/axi_lite_ipif_v3_0_vh_rfs.vhd:1534]
	Parameter C_AB bound to: 4 - type: integer 
	Parameter C_AW bound to: 4 - type: integer 
	Parameter C_BAR bound to: 4'b1011 
	Parameter C_FAMILY bound to: nofamily - type: string 
INFO: [Synth 8-256] done synthesizing module 'pselect_f__parameterized16' (1#1) [c:/Users/ilpes/Downloads/project_CMOD_emc_golden_uart/project_MMCM_IIC_noor/project_MMCM_IIC_noor.srcs/sources_1/bd/user_35t/ipshared/66ea/hdl/axi_lite_ipif_v3_0_vh_rfs.vhd:1534]
INFO: [Synth 8-638] synthesizing module 'pselect_f__parameterized17' [c:/Users/ilpes/Downloads/project_CMOD_emc_golden_uart/project_MMCM_IIC_noor/project_MMCM_IIC_noor.srcs/sources_1/bd/user_35t/ipshared/66ea/hdl/axi_lite_ipif_v3_0_vh_rfs.vhd:1534]
	Parameter C_AB bound to: 4 - type: integer 
	Parameter C_AW bound to: 4 - type: integer 
	Parameter C_BAR bound to: 4'b1100 
	Parameter C_FAMILY bound to: nofamily - type: string 
INFO: [Synth 8-256] done synthesizing module 'pselect_f__parameterized17' (1#1) [c:/Users/ilpes/Downloads/project_CMOD_emc_golden_uart/project_MMCM_IIC_noor/project_MMCM_IIC_noor.srcs/sources_1/bd/user_35t/ipshared/66ea/hdl/axi_lite_ipif_v3_0_vh_rfs.vhd:1534]
INFO: [Synth 8-638] synthesizing module 'pselect_f__parameterized18' [c:/Users/ilpes/Downloads/project_CMOD_emc_golden_uart/project_MMCM_IIC_noor/project_MMCM_IIC_noor.srcs/sources_1/bd/user_35t/ipshared/66ea/hdl/axi_lite_ipif_v3_0_vh_rfs.vhd:1534]
	Parameter C_AB bound to: 4 - type: integer 
	Parameter C_AW bound to: 4 - type: integer 
	Parameter C_BAR bound to: 4'b1101 
	Parameter C_FAMILY bound to: nofamily - type: string 
INFO: [Synth 8-256] done synthesizing module 'pselect_f__parameterized18' (1#1) [c:/Users/ilpes/Downloads/project_CMOD_emc_golden_uart/project_MMCM_IIC_noor/project_MMCM_IIC_noor.srcs/sources_1/bd/user_35t/ipshared/66ea/hdl/axi_lite_ipif_v3_0_vh_rfs.vhd:1534]
INFO: [Synth 8-638] synthesizing module 'pselect_f__parameterized19' [c:/Users/ilpes/Downloads/project_CMOD_emc_golden_uart/project_MMCM_IIC_noor/project_MMCM_IIC_noor.srcs/sources_1/bd/user_35t/ipshared/66ea/hdl/axi_lite_ipif_v3_0_vh_rfs.vhd:1534]
	Parameter C_AB bound to: 4 - type: integer 
	Parameter C_AW bound to: 4 - type: integer 
	Parameter C_BAR bound to: 4'b1110 
	Parameter C_FAMILY bound to: nofamily - type: string 
INFO: [Synth 8-256] done synthesizing module 'pselect_f__parameterized19' (1#1) [c:/Users/ilpes/Downloads/project_CMOD_emc_golden_uart/project_MMCM_IIC_noor/project_MMCM_IIC_noor.srcs/sources_1/bd/user_35t/ipshared/66ea/hdl/axi_lite_ipif_v3_0_vh_rfs.vhd:1534]
INFO: [Synth 8-638] synthesizing module 'pselect_f__parameterized20' [c:/Users/ilpes/Downloads/project_CMOD_emc_golden_uart/project_MMCM_IIC_noor/project_MMCM_IIC_noor.srcs/sources_1/bd/user_35t/ipshared/66ea/hdl/axi_lite_ipif_v3_0_vh_rfs.vhd:1534]
	Parameter C_AB bound to: 4 - type: integer 
	Parameter C_AW bound to: 4 - type: integer 
	Parameter C_BAR bound to: 4'b1111 
	Parameter C_FAMILY bound to: nofamily - type: string 
INFO: [Synth 8-256] done synthesizing module 'pselect_f__parameterized20' (1#1) [c:/Users/ilpes/Downloads/project_CMOD_emc_golden_uart/project_MMCM_IIC_noor/project_MMCM_IIC_noor.srcs/sources_1/bd/user_35t/ipshared/66ea/hdl/axi_lite_ipif_v3_0_vh_rfs.vhd:1534]
INFO: [Synth 8-256] done synthesizing module 'address_decoder' (2#1) [c:/Users/ilpes/Downloads/project_CMOD_emc_golden_uart/project_MMCM_IIC_noor/project_MMCM_IIC_noor.srcs/sources_1/bd/user_35t/ipshared/66ea/hdl/axi_lite_ipif_v3_0_vh_rfs.vhd:1775]
INFO: [Synth 8-226] default block is never used [c:/Users/ilpes/Downloads/project_CMOD_emc_golden_uart/project_MMCM_IIC_noor/project_MMCM_IIC_noor.srcs/sources_1/bd/user_35t/ipshared/66ea/hdl/axi_lite_ipif_v3_0_vh_rfs.vhd:2550]
INFO: [Synth 8-256] done synthesizing module 'slave_attachment' (3#1) [c:/Users/ilpes/Downloads/project_CMOD_emc_golden_uart/project_MMCM_IIC_noor/project_MMCM_IIC_noor.srcs/sources_1/bd/user_35t/ipshared/66ea/hdl/axi_lite_ipif_v3_0_vh_rfs.vhd:2341]
INFO: [Synth 8-256] done synthesizing module 'axi_lite_ipif' (4#1) [c:/Users/ilpes/Downloads/project_CMOD_emc_golden_uart/project_MMCM_IIC_noor/project_MMCM_IIC_noor.srcs/sources_1/bd/user_35t/ipshared/66ea/hdl/axi_lite_ipif_v3_0_vh_rfs.vhd:2948]
INFO: [Synth 8-638] synthesizing module 'interrupt_control' [c:/Users/ilpes/Downloads/project_CMOD_emc_golden_uart/project_MMCM_IIC_noor/project_MMCM_IIC_noor.srcs/sources_1/bd/user_35t/ipshared/a040/hdl/interrupt_control_v3_1_vh_rfs.vhd:259]
	Parameter C_NUM_CE bound to: 16 - type: integer 
	Parameter C_NUM_IPIF_IRPT_SRC bound to: 1 - type: integer 
	Parameter C_IP_INTR_MODE_ARRAY bound to: 64'b0000000000000000000000000000010100000000000000000000000000000101 
	Parameter C_INCLUDE_DEV_PENCODER bound to: 0 - type: bool 
	Parameter C_INCLUDE_DEV_ISC bound to: 0 - type: bool 
	Parameter C_IPIF_DWIDTH bound to: 32 - type: integer 
INFO: [Synth 8-256] done synthesizing module 'interrupt_control' (5#1) [c:/Users/ilpes/Downloads/project_CMOD_emc_golden_uart/project_MMCM_IIC_noor/project_MMCM_IIC_noor.srcs/sources_1/bd/user_35t/ipshared/a040/hdl/interrupt_control_v3_1_vh_rfs.vhd:259]
INFO: [Synth 8-638] synthesizing module 'GPIO_Core' [c:/Users/ilpes/Downloads/project_CMOD_emc_golden_uart/project_MMCM_IIC_noor/project_MMCM_IIC_noor.srcs/sources_1/bd/user_35t/ipshared/4318/hdl/axi_gpio_v2_0_vh_rfs.vhd:178]
	Parameter C_DW bound to: 32 - type: integer 
	Parameter C_AW bound to: 9 - type: integer 
	Parameter C_GPIO_WIDTH bound to: 2 - type: integer 
	Parameter C_GPIO2_WIDTH bound to: 2 - type: integer 
	Parameter C_MAX_GPIO_WIDTH bound to: 2 - type: integer 
	Parameter C_INTERRUPT_PRESENT bound to: 1 - type: integer 
	Parameter C_DOUT_DEFAULT bound to: 0 - type: integer 
	Parameter C_TRI_DEFAULT bound to: -1 - type: integer 
	Parameter C_IS_DUAL bound to: 1 - type: integer 
	Parameter C_ALL_OUTPUTS bound to: 1 - type: integer 
	Parameter C_ALL_OUTPUTS_2 bound to: 0 - type: integer 
	Parameter C_ALL_INPUTS bound to: 0 - type: integer 
	Parameter C_ALL_INPUTS_2 bound to: 1 - type: integer 
	Parameter C_DOUT_DEFAULT_2 bound to: 0 - type: integer 
	Parameter C_TRI_DEFAULT_2 bound to: -1 - type: integer 
	Parameter C_FAMILY bound to: artix7 - type: string 
INFO: [Synth 8-226] default block is never used [c:/Users/ilpes/Downloads/project_CMOD_emc_golden_uart/project_MMCM_IIC_noor/project_MMCM_IIC_noor.srcs/sources_1/bd/user_35t/ipshared/4318/hdl/axi_gpio_v2_0_vh_rfs.vhd:835]
INFO: [Synth 8-638] synthesizing module 'cdc_sync' [c:/Users/ilpes/Downloads/project_CMOD_emc_golden_uart/project_MMCM_IIC_noor/project_MMCM_IIC_noor.srcs/sources_1/bd/user_35t/ipshared/ef1e/hdl/lib_cdc_v1_0_rfs.vhd:106]
	Parameter C_CDC_TYPE bound to: 1 - type: integer 
	Parameter C_RESET_STATE bound to: 0 - type: integer 
	Parameter C_SINGLE_BIT bound to: 0 - type: integer 
	Parameter C_FLOP_INPUT bound to: 0 - type: integer 
	Parameter C_VECTOR_WIDTH bound to: 2 - type: integer 
	Parameter C_MTBF_STAGES bound to: 4 - type: integer 
	Parameter INIT bound to: 1'b0 
INFO: [Synth 8-113] binding component instance 'CROSS2_PLEVEL_IN2SCNDRY_IN_cdc_to' to cell 'FDR' [c:/Users/ilpes/Downloads/project_CMOD_emc_golden_uart/project_MMCM_IIC_noor/project_MMCM_IIC_noor.srcs/sources_1/bd/user_35t/ipshared/ef1e/hdl/lib_cdc_v1_0_rfs.vhd:736]
	Parameter INIT bound to: 1'b0 
INFO: [Synth 8-113] binding component instance 'CROSS2_PLEVEL_IN2SCNDRY_IN_cdc_to' to cell 'FDR' [c:/Users/ilpes/Downloads/project_CMOD_emc_golden_uart/project_MMCM_IIC_noor/project_MMCM_IIC_noor.srcs/sources_1/bd/user_35t/ipshared/ef1e/hdl/lib_cdc_v1_0_rfs.vhd:736]
	Parameter INIT bound to: 1'b0 
INFO: [Synth 8-113] binding component instance 'CROSS2_PLEVEL_IN2SCNDRY_s_level_out_bus_d2' to cell 'FDR' [c:/Users/ilpes/Downloads/project_CMOD_emc_golden_uart/project_MMCM_IIC_noor/project_MMCM_IIC_noor.srcs/sources_1/bd/user_35t/ipshared/ef1e/hdl/lib_cdc_v1_0_rfs.vhd:772]
	Parameter INIT bound to: 1'b0 
INFO: [Synth 8-113] binding component instance 'CROSS2_PLEVEL_IN2SCNDRY_s_level_out_bus_d2' to cell 'FDR' [c:/Users/ilpes/Downloads/project_CMOD_emc_golden_uart/project_MMCM_IIC_noor/project_MMCM_IIC_noor.srcs/sources_1/bd/user_35t/ipshared/ef1e/hdl/lib_cdc_v1_0_rfs.vhd:772]
	Parameter INIT bound to: 1'b0 
INFO: [Synth 8-113] binding component instance 'CROSS2_PLEVEL_IN2SCNDRY_s_level_out_bus_d3' to cell 'FDR' [c:/Users/ilpes/Downloads/project_CMOD_emc_golden_uart/project_MMCM_IIC_noor/project_MMCM_IIC_noor.srcs/sources_1/bd/user_35t/ipshared/ef1e/hdl/lib_cdc_v1_0_rfs.vhd:788]
	Parameter INIT bound to: 1'b0 
INFO: [Synth 8-113] binding component instance 'CROSS2_PLEVEL_IN2SCNDRY_s_level_out_bus_d3' to cell 'FDR' [c:/Users/ilpes/Downloads/project_CMOD_emc_golden_uart/project_MMCM_IIC_noor/project_MMCM_IIC_noor.srcs/sources_1/bd/user_35t/ipshared/ef1e/hdl/lib_cdc_v1_0_rfs.vhd:788]
	Parameter INIT bound to: 1'b0 
INFO: [Synth 8-113] binding component instance 'CROSS2_PLEVEL_IN2SCNDRY_s_level_out_bus_d4' to cell 'FDR' [c:/Users/ilpes/Downloads/project_CMOD_emc_golden_uart/project_MMCM_IIC_noor/project_MMCM_IIC_noor.srcs/sources_1/bd/user_35t/ipshared/ef1e/hdl/lib_cdc_v1_0_rfs.vhd:804]
	Parameter INIT bound to: 1'b0 
INFO: [Synth 8-113] binding component instance 'CROSS2_PLEVEL_IN2SCNDRY_s_level_out_bus_d4' to cell 'FDR' [c:/Users/ilpes/Downloads/project_CMOD_emc_golden_uart/project_MMCM_IIC_noor/project_MMCM_IIC_noor.srcs/sources_1/bd/user_35t/ipshared/ef1e/hdl/lib_cdc_v1_0_rfs.vhd:804]
	Parameter INIT bound to: 1'b0 
INFO: [Synth 8-113] binding component instance 'CROSS2_PLEVEL_IN2SCNDRY_s_level_out_bus_d5' to cell 'FDR' [c:/Users/ilpes/Downloads/project_CMOD_emc_golden_uart/project_MMCM_IIC_noor/project_MMCM_IIC_noor.srcs/sources_1/bd/user_35t/ipshared/ef1e/hdl/lib_cdc_v1_0_rfs.vhd:821]
	Parameter INIT bound to: 1'b0 
INFO: [Synth 8-113] binding component instance 'CROSS2_PLEVEL_IN2SCNDRY_s_level_out_bus_d5' to cell 'FDR' [c:/Users/ilpes/Downloads/project_CMOD_emc_golden_uart/project_MMCM_IIC_noor/project_MMCM_IIC_noor.srcs/sources_1/bd/user_35t/ipshared/ef1e/hdl/lib_cdc_v1_0_rfs.vhd:821]
	Parameter INIT bound to: 1'b0 
INFO: [Synth 8-113] binding component instance 'CROSS2_PLEVEL_IN2SCNDRY_s_level_out_bus_d6' to cell 'FDR' [c:/Users/ilpes/Downloads/project_CMOD_emc_golden_uart/project_MMCM_IIC_noor/project_MMCM_IIC_noor.srcs/sources_1/bd/user_35t/ipshared/ef1e/hdl/lib_cdc_v1_0_rfs.vhd:837]
	Parameter INIT bound to: 1'b0 
INFO: [Synth 8-113] binding component instance 'CROSS2_PLEVEL_IN2SCNDRY_s_level_out_bus_d6' to cell 'FDR' [c:/Users/ilpes/Downloads/project_CMOD_emc_golden_uart/project_MMCM_IIC_noor/project_MMCM_IIC_noor.srcs/sources_1/bd/user_35t/ipshared/ef1e/hdl/lib_cdc_v1_0_rfs.vhd:837]
INFO: [Synth 8-256] done synthesizing module 'cdc_sync' (6#1) [c:/Users/ilpes/Downloads/project_CMOD_emc_golden_uart/project_MMCM_IIC_noor/project_MMCM_IIC_noor.srcs/sources_1/bd/user_35t/ipshared/ef1e/hdl/lib_cdc_v1_0_rfs.vhd:106]
INFO: [Synth 8-256] done synthesizing module 'GPIO_Core' (7#1) [c:/Users/ilpes/Downloads/project_CMOD_emc_golden_uart/project_MMCM_IIC_noor/project_MMCM_IIC_noor.srcs/sources_1/bd/user_35t/ipshared/4318/hdl/axi_gpio_v2_0_vh_rfs.vhd:178]
INFO: [Synth 8-256] done synthesizing module 'axi_gpio' (8#1) [c:/Users/ilpes/Downloads/project_CMOD_emc_golden_uart/project_MMCM_IIC_noor/project_MMCM_IIC_noor.srcs/sources_1/bd/user_35t/ipshared/4318/hdl/axi_gpio_v2_0_vh_rfs.vhd:1351]
INFO: [Synth 8-256] done synthesizing module 'user_35t_axi_gpio_2_0' (9#1) [c:/Users/ilpes/Downloads/project_CMOD_emc_golden_uart/project_MMCM_IIC_noor/project_MMCM_IIC_noor.srcs/sources_1/bd/user_35t/ip/user_35t_axi_gpio_2_0/synth/user_35t_axi_gpio_2_0.vhd:86]
---------------------------------------------------------------------------------
Finished RTL Elaboration : Time (s): cpu = 00:00:12 ; elapsed = 00:00:16 . Memory (MB): peak = 1245.039 ; gain = 118.688
---------------------------------------------------------------------------------
---------------------------------------------------------------------------------
Start Handling Custom Attributes
---------------------------------------------------------------------------------
---------------------------------------------------------------------------------
Finished Handling Custom Attributes : Time (s): cpu = 00:00:13 ; elapsed = 00:00:17 . Memory (MB): peak = 1265.930 ; gain = 139.578
---------------------------------------------------------------------------------
---------------------------------------------------------------------------------
Finished RTL Optimization Phase 1 : Time (s): cpu = 00:00:13 ; elapsed = 00:00:17 . Memory (MB): peak = 1265.930 ; gain = 139.578
---------------------------------------------------------------------------------
Netlist sorting complete. Time (s): cpu = 00:00:00 ; elapsed = 00:00:00.029 . Memory (MB): peak = 1277.977 ; gain = 0.000
INFO: [Netlist 29-17] Analyzing 24 Unisim elements for replacement
INFO: [Netlist 29-28] Unisim Transformation completed in 0 CPU seconds
INFO: [Project 1-570] Preparing netlist for logic optimization

Processing XDC Constraints
Initializing timing engine
Parsing XDC File [c:/Users/ilpes/Downloads/project_CMOD_emc_golden_uart/project_MMCM_IIC_noor/project_MMCM_IIC_noor.srcs/sources_1/bd/user_35t/ip/user_35t_axi_gpio_2_0/user_35t_axi_gpio_2_0_ooc.xdc] for cell 'U0'
Finished Parsing XDC File [c:/Users/ilpes/Downloads/project_CMOD_emc_golden_uart/project_MMCM_IIC_noor/project_MMCM_IIC_noor.srcs/sources_1/bd/user_35t/ip/user_35t_axi_gpio_2_0/user_35t_axi_gpio_2_0_ooc.xdc] for cell 'U0'
Parsing XDC File [c:/Users/ilpes/Downloads/project_CMOD_emc_golden_uart/project_MMCM_IIC_noor/project_MMCM_IIC_noor.srcs/sources_1/bd/user_35t/ip/user_35t_axi_gpio_2_0/user_35t_axi_gpio_2_0_board.xdc] for cell 'U0'
Finished Parsing XDC File [c:/Users/ilpes/Downloads/project_CMOD_emc_golden_uart/project_MMCM_IIC_noor/project_MMCM_IIC_noor.srcs/sources_1/bd/user_35t/ip/user_35t_axi_gpio_2_0/user_35t_axi_gpio_2_0_board.xdc] for cell 'U0'
Parsing XDC File [c:/Users/ilpes/Downloads/project_CMOD_emc_golden_uart/project_MMCM_IIC_noor/project_MMCM_IIC_noor.srcs/sources_1/bd/user_35t/ip/user_35t_axi_gpio_2_0/user_35t_axi_gpio_2_0.xdc] for cell 'U0'
Finished Parsing XDC File [c:/Users/ilpes/Downloads/project_CMOD_emc_golden_uart/project_MMCM_IIC_noor/project_MMCM_IIC_noor.srcs/sources_1/bd/user_35t/ip/user_35t_axi_gpio_2_0/user_35t_axi_gpio_2_0.xdc] for cell 'U0'
Parsing XDC File [C:/Users/ilpes/Downloads/project_CMOD_emc_golden_uart/project_MMCM_IIC_noor/project_MMCM_IIC_noor.runs/user_35t_axi_gpio_2_0_synth_1/dont_touch.xdc]
Finished Parsing XDC File [C:/Users/ilpes/Downloads/project_CMOD_emc_golden_uart/project_MMCM_IIC_noor/project_MMCM_IIC_noor.runs/user_35t_axi_gpio_2_0_synth_1/dont_touch.xdc]
Completed Processing XDC Constraints

Netlist sorting complete. Time (s): cpu = 00:00:00 ; elapsed = 00:00:00.001 . Memory (MB): peak = 1377.117 ; gain = 0.000
INFO: [Project 1-111] Unisim Transformation Summary:
  A total of 24 instances were transformed.
  FDR => FDRE: 24 instances

Constraint Validation Runtime : Time (s): cpu = 00:00:00 ; elapsed = 00:00:00.059 . Memory (MB): peak = 1380.113 ; gain = 2.996
---------------------------------------------------------------------------------
Finished Constraint Validation : Time (s): cpu = 00:00:25 ; elapsed = 00:00:29 . Memory (MB): peak = 1380.113 ; gain = 253.762
---------------------------------------------------------------------------------
---------------------------------------------------------------------------------
Start Loading Part and Timing Information
---------------------------------------------------------------------------------
Loading part: xc7a35tcpg236-1
---------------------------------------------------------------------------------
Finished Loading Part and Timing Information : Time (s): cpu = 00:00:25 ; elapsed = 00:00:29 . Memory (MB): peak = 1380.113 ; gain = 253.762
---------------------------------------------------------------------------------
---------------------------------------------------------------------------------
Start Applying 'set_property' XDC Constraints
---------------------------------------------------------------------------------
Applied set_property KEEP_HIERARCHY = SOFT for U0. (constraint file  C:/Users/ilpes/Downloads/project_CMOD_emc_golden_uart/project_MMCM_IIC_noor/project_MMCM_IIC_noor.runs/user_35t_axi_gpio_2_0_synth_1/dont_touch.xdc, line 9).
---------------------------------------------------------------------------------
Finished applying 'set_property' XDC Constraints : Time (s): cpu = 00:00:25 ; elapsed = 00:00:29 . Memory (MB): peak = 1380.113 ; gain = 253.762
---------------------------------------------------------------------------------
INFO: [Synth 8-802] inferred FSM for state register 'state_reg' in module 'slave_attachment'
---------------------------------------------------------------------------------------------------
                   State |                     New Encoding |                Previous Encoding 
---------------------------------------------------------------------------------------------------
                 iSTATE2 |                             0001 |                               00
                  iSTATE |                             0010 |                               01
                 iSTATE0 |                             0100 |                               10
                 iSTATE1 |                             1000 |                               11
---------------------------------------------------------------------------------------------------
INFO: [Synth 8-3354] encoded FSM with state register 'state_reg' using encoding 'one-hot' in module 'slave_attachment'
---------------------------------------------------------------------------------
Finished RTL Optimization Phase 2 : Time (s): cpu = 00:00:26 ; elapsed = 00:00:30 . Memory (MB): peak = 1380.113 ; gain = 253.762
---------------------------------------------------------------------------------
---------------------------------------------------------------------------------
Start RTL Component Statistics 
---------------------------------------------------------------------------------
Detailed RTL Component Info : 
+---Adders : 
	   2 Input    4 Bit       Adders := 1     
+---XORs : 
	   2 Input      2 Bit         XORs := 2     
	   2 Input      1 Bit         XORs := 2     
+---Registers : 
	               32 Bit    Registers := 2     
	                9 Bit    Registers := 1     
	                4 Bit    Registers := 1     
	                2 Bit    Registers := 12    
	                1 Bit    Registers := 53    
+---Muxes : 
	   2 Input   32 Bit        Muxes := 3     
	   5 Input   32 Bit        Muxes := 1     
	   2 Input    9 Bit        Muxes := 1     
	   4 Input    4 Bit        Muxes := 1     
	   2 Input    4 Bit        Muxes := 5     
	   7 Input    2 Bit        Muxes := 1     
	   2 Input    2 Bit        Muxes := 5     
	   4 Input    2 Bit        Muxes := 2     
	   2 Input    1 Bit        Muxes := 33    
	   4 Input    1 Bit        Muxes := 3     
---------------------------------------------------------------------------------
Finished RTL Component Statistics 
---------------------------------------------------------------------------------
---------------------------------------------------------------------------------
Start Part Resource Summary
---------------------------------------------------------------------------------
Part Resources:
DSPs: 90 (col length:60)
BRAMs: 100 (col length: RAMB18 60 RAMB36 30)
---------------------------------------------------------------------------------
Finished Part Resource Summary
---------------------------------------------------------------------------------
---------------------------------------------------------------------------------
Start Cross Boundary and Area Optimization
---------------------------------------------------------------------------------
---------------------------------------------------------------------------------
Finished Cross Boundary and Area Optimization : Time (s): cpu = 00:00:29 ; elapsed = 00:00:34 . Memory (MB): peak = 1380.113 ; gain = 253.762
---------------------------------------------------------------------------------
---------------------------------------------------------------------------------
Start Applying XDC Timing Constraints
---------------------------------------------------------------------------------
---------------------------------------------------------------------------------
Finished Applying XDC Timing Constraints : Time (s): cpu = 00:00:41 ; elapsed = 00:00:46 . Memory (MB): peak = 1380.113 ; gain = 253.762
---------------------------------------------------------------------------------
---------------------------------------------------------------------------------
Start Timing Optimization
---------------------------------------------------------------------------------
---------------------------------------------------------------------------------
Finished Timing Optimization : Time (s): cpu = 00:00:41 ; elapsed = 00:00:46 . Memory (MB): peak = 1380.113 ; gain = 253.762
---------------------------------------------------------------------------------
---------------------------------------------------------------------------------
Start Technology Mapping
---------------------------------------------------------------------------------
---------------------------------------------------------------------------------
Finished Technology Mapping : Time (s): cpu = 00:00:41 ; elapsed = 00:00:47 . Memory (MB): peak = 1380.113 ; gain = 253.762
---------------------------------------------------------------------------------
---------------------------------------------------------------------------------
Start IO Insertion
---------------------------------------------------------------------------------
---------------------------------------------------------------------------------
Start Flattening Before IO Insertion
---------------------------------------------------------------------------------
---------------------------------------------------------------------------------
Finished Flattening Before IO Insertion
---------------------------------------------------------------------------------
---------------------------------------------------------------------------------
Start Final Netlist Cleanup
---------------------------------------------------------------------------------
---------------------------------------------------------------------------------
Finished Final Netlist Cleanup
---------------------------------------------------------------------------------
---------------------------------------------------------------------------------
Finished IO Insertion : Time (s): cpu = 00:00:47 ; elapsed = 00:00:53 . Memory (MB): peak = 1380.113 ; gain = 253.762
---------------------------------------------------------------------------------
---------------------------------------------------------------------------------
Start Renaming Generated Instances
---------------------------------------------------------------------------------
---------------------------------------------------------------------------------
Finished Renaming Generated Instances : Time (s): cpu = 00:00:47 ; elapsed = 00:00:53 . Memory (MB): peak = 1380.113 ; gain = 253.762
---------------------------------------------------------------------------------
---------------------------------------------------------------------------------
Start Rebuilding User Hierarchy
---------------------------------------------------------------------------------
---------------------------------------------------------------------------------
Finished Rebuilding User Hierarchy : Time (s): cpu = 00:00:48 ; elapsed = 00:00:53 . Memory (MB): peak = 1380.113 ; gain = 253.762
---------------------------------------------------------------------------------
---------------------------------------------------------------------------------
Start Renaming Generated Ports
---------------------------------------------------------------------------------
---------------------------------------------------------------------------------
Finished Renaming Generated Ports : Time (s): cpu = 00:00:48 ; elapsed = 00:00:53 . Memory (MB): peak = 1380.113 ; gain = 253.762
---------------------------------------------------------------------------------
---------------------------------------------------------------------------------
Start Handling Custom Attributes
---------------------------------------------------------------------------------
---------------------------------------------------------------------------------
Finished Handling Custom Attributes : Time (s): cpu = 00:00:48 ; elapsed = 00:00:53 . Memory (MB): peak = 1380.113 ; gain = 253.762
---------------------------------------------------------------------------------
---------------------------------------------------------------------------------
Start Renaming Generated Nets
---------------------------------------------------------------------------------
---------------------------------------------------------------------------------
Finished Renaming Generated Nets : Time (s): cpu = 00:00:48 ; elapsed = 00:00:53 . Memory (MB): peak = 1380.113 ; gain = 253.762
---------------------------------------------------------------------------------
---------------------------------------------------------------------------------
Start Writing Synthesis Report
---------------------------------------------------------------------------------

Report BlackBoxes: 
+-+--------------+----------+
| |BlackBox name |Instances |
+-+--------------+----------+
+-+--------------+----------+

Report Cell Usage: 
+------+-----+------+
|      |Cell |Count |
+------+-----+------+
|1     |LUT1 |     2|
|2     |LUT2 |     6|
|3     |LUT3 |    16|
|4     |LUT4 |    23|
|5     |LUT5 |    33|
|6     |LUT6 |    16|
|7     |FDR  |     8|
|8     |FDRE |    82|
|9     |FDSE |     7|
+------+-----+------+
---------------------------------------------------------------------------------
Finished Writing Synthesis Report : Time (s): cpu = 00:00:48 ; elapsed = 00:00:53 . Memory (MB): peak = 1380.113 ; gain = 253.762
---------------------------------------------------------------------------------
Synthesis finished with 0 errors, 0 critical warnings and 0 warnings.
Synthesis Optimization Runtime : Time (s): cpu = 00:00:31 ; elapsed = 00:00:49 . Memory (MB): peak = 1380.113 ; gain = 139.578
Synthesis Optimization Complete : Time (s): cpu = 00:00:48 ; elapsed = 00:00:54 . Memory (MB): peak = 1380.113 ; gain = 253.762
INFO: [Project 1-571] Translating synthesized netlist
Netlist sorting complete. Time (s): cpu = 00:00:00 ; elapsed = 00:00:00.008 . Memory (MB): peak = 1380.113 ; gain = 0.000
INFO: [Netlist 29-17] Analyzing 8 Unisim elements for replacement
INFO: [Netlist 29-28] Unisim Transformation completed in 0 CPU seconds
INFO: [Project 1-570] Preparing netlist for logic optimization
INFO: [Opt 31-138] Pushed 0 inverter(s) to 0 load pin(s).
Netlist sorting complete. Time (s): cpu = 00:00:00 ; elapsed = 00:00:00 . Memory (MB): peak = 1380.113 ; gain = 0.000
INFO: [Project 1-111] Unisim Transformation Summary:
  A total of 8 instances were transformed.
  FDR => FDRE: 8 instances

INFO: [Common 17-83] Releasing license: Synthesis
93 Infos, 0 Warnings, 0 Critical Warnings and 0 Errors encountered.
synth_design completed successfully
synth_design: Time (s): cpu = 00:00:56 ; elapsed = 00:01:19 . Memory (MB): peak = 1380.113 ; gain = 253.762
INFO: [Coretcl 2-1174] Renamed 7 cell refs.
INFO: [Common 17-1381] The checkpoint 'C:/Users/ilpes/Downloads/project_CMOD_emc_golden_uart/project_MMCM_IIC_noor/project_MMCM_IIC_noor.runs/user_35t_axi_gpio_2_0_synth_1/user_35t_axi_gpio_2_0.dcp' has been generated.
INFO: [runtcl-4] Executing : report_utilization -file user_35t_axi_gpio_2_0_utilization_synth.rpt -pb user_35t_axi_gpio_2_0_utilization_synth.pb
INFO: [Common 17-206] Exiting Vivado at Tue Jul  1 12:26:19 2025...
