Flow report for progetto_0_Itis
Tue Jun 01 10:57:27 2021
Quartus Prime Version 18.1.0 Build 625 09/12/2018 SJ Lite Edition


---------------------
; Table of Contents ;
---------------------
  1. Legal Notice
  2. Flow Summary
  3. Flow Settings
  4. Flow Non-Default Global Settings
  5. Flow Elapsed Time
  6. Flow OS Summary
  7. Flow Log
  8. Flow Messages
  9. Flow Suppressed Messages



----------------
; Legal Notice ;
----------------
Copyright (C) 2018  Intel Corporation. All rights reserved.
Your use of Intel Corporation's design tools, logic functions 
and other software and tools, and its AMPP partner logic 
functions, and any output files from any of the foregoing 
(including device programming or simulation files), and any 
associated documentation or information are expressly subject 
to the terms and conditions of the Intel Program License 
Subscription Agreement, the Intel Quartus Prime License Agreement,
the Intel FPGA IP License Agreement, or other applicable license
agreement, including, without limitation, that your use is for
the sole purpose of programming logic devices manufactured by
Intel and sold by Intel or its authorized distributors.  Please
refer to the applicable agreement for further details.



+---------------------------------------------------------------------+
; Flow Summary                                                        ;
+-----------------------+---------------------------------------------+
; Flow Status           ; Successful - Tue Jun 01 10:57:27 2021       ;
; Quartus Prime Version ; 18.1.0 Build 625 09/12/2018 SJ Lite Edition ;
; Revision Name         ; progetto_0_Itis                             ;
; Top-level Entity Name ; top                                         ;
; Family                ; MAX II                                      ;
; Device                ; EPM240T100A5                                ;
; Timing Models         ; Final                                       ;
; Total logic elements  ; 201 / 240 ( 84 % )                          ;
; Total pins            ; 3 / 80 ( 4 % )                              ;
; Total virtual pins    ; 0                                           ;
; UFM blocks            ; 0 / 1 ( 0 % )                               ;
+-----------------------+---------------------------------------------+


+-----------------------------------------+
; Flow Settings                           ;
+-------------------+---------------------+
; Option            ; Setting             ;
+-------------------+---------------------+
; Start date & time ; 06/01/2021 10:57:01 ;
; Main task         ; Compilation         ;
; Revision Name     ; progetto_0_Itis     ;
+-------------------+---------------------+


+--------------------------------------------------------------------------------------------------------------------------+
; Flow Non-Default Global Settings                                                                                         ;
+---------------------------------------+---------------------------------+-----------------+-------------+----------------+
; Assignment Name                       ; Value                           ; Default Value   ; Entity Name ; Section Id     ;
+---------------------------------------+---------------------------------+-----------------+-------------+----------------+
; COMPILER_SIGNATURE_ID                 ; 189250943065241.162253782117980 ; --              ; --          ; --             ;
; EDA_OUTPUT_DATA_FORMAT                ; Vhdl                            ; --              ; --          ; eda_simulation ;
; EDA_SIMULATION_TOOL                   ; ModelSim-Altera (VHDL)          ; <None>          ; --          ; --             ;
; MAX_CORE_JUNCTION_TEMP                ; 125                             ; --              ; --          ; --             ;
; MIN_CORE_JUNCTION_TEMP                ; -40                             ; --              ; --          ; --             ;
; POWER_EXT_SUPPLY_VOLTAGE_TO_REGULATOR ; 3.3V                            ; --              ; --          ; --             ;
; PROJECT_OUTPUT_DIRECTORY              ; output_files                    ; --              ; --          ; --             ;
; TOP_LEVEL_ENTITY                      ; top                             ; progetto_0_Itis ; --          ; --             ;
+---------------------------------------+---------------------------------+-----------------+-------------+----------------+


+--------------------------------------------------------------------------------------------------------------------------+
; Flow Elapsed Time                                                                                                        ;
+----------------------+--------------+-------------------------+---------------------+------------------------------------+
; Module Name          ; Elapsed Time ; Average Processors Used ; Peak Virtual Memory ; Total CPU Time (on all processors) ;
+----------------------+--------------+-------------------------+---------------------+------------------------------------+
; Analysis & Synthesis ; 00:00:16     ; 1.0                     ; 4776 MB             ; 00:00:37                           ;
; Fitter               ; 00:00:03     ; 1.2                     ; 6150 MB             ; 00:00:05                           ;
; Assembler            ; 00:00:01     ; 1.0                     ; 4649 MB             ; 00:00:01                           ;
; Timing Analyzer      ; 00:00:02     ; 1.0                     ; 4668 MB             ; 00:00:02                           ;
; EDA Netlist Writer   ; 00:00:01     ; 1.0                     ; 4612 MB             ; 00:00:01                           ;
; Total                ; 00:00:23     ; --                      ; --                  ; 00:00:46                           ;
+----------------------+--------------+-------------------------+---------------------+------------------------------------+


+------------------------------------------------------------------------------------+
; Flow OS Summary                                                                    ;
+----------------------+------------------+------------+------------+----------------+
; Module Name          ; Machine Hostname ; OS Name    ; OS Version ; Processor type ;
+----------------------+------------------+------------+------------+----------------+
; Analysis & Synthesis ; pcpesse3         ; Windows 10 ; 10.0       ; x86_64         ;
; Fitter               ; pcpesse3         ; Windows 10 ; 10.0       ; x86_64         ;
; Assembler            ; pcpesse3         ; Windows 10 ; 10.0       ; x86_64         ;
; Timing Analyzer      ; pcpesse3         ; Windows 10 ; 10.0       ; x86_64         ;
; EDA Netlist Writer   ; pcpesse3         ; Windows 10 ; 10.0       ; x86_64         ;
+----------------------+------------------+------------+------------+----------------+


------------
; Flow Log ;
------------
quartus_map --read_settings_files=on --write_settings_files=off progetto_0_Itis -c progetto_0_Itis
quartus_fit --read_settings_files=off --write_settings_files=off progetto_0_Itis -c progetto_0_Itis
quartus_asm --read_settings_files=off --write_settings_files=off progetto_0_Itis -c progetto_0_Itis
quartus_sta progetto_0_Itis -c progetto_0_Itis
quartus_eda --read_settings_files=off --write_settings_files=off progetto_0_Itis -c progetto_0_Itis



