Copyright 1986-2020 Xilinx, Inc. All Rights Reserved.
----------------------------------------------------------------------------------------------------------------------------------------------------------------------------------------
| Tool Version     : Vivado v.2020.2 (win64) Build 3064766 Wed Nov 18 09:12:45 MST 2020
| Date             : Sun Sep 29 16:07:38 2024
| Host             : LAPTOP-IMI5H5SA running 64-bit major release  (build 9200)
| Command          : report_power -file gtwizard_0_gtpe2_exdes_power_routed.rpt -pb gtwizard_0_gtpe2_exdes_power_summary_routed.pb -rpx gtwizard_0_gtpe2_exdes_power_routed.rpx
| Design           : gtwizard_0_gtpe2_exdes
| Device           : xc7a35tcpg236-1
| Design State     : routed
| Grade            : commercial
| Process          : typical
| Characterization : Production
----------------------------------------------------------------------------------------------------------------------------------------------------------------------------------------

Power Report

Table of Contents
-----------------
1. Summary
1.1 On-Chip Components
1.2 Power Supply Summary
1.3 Confidence Level
2. Settings
2.1 Environment
2.2 Clock Constraints
3. Detailed Reports
3.1 By Hierarchy

1. Summary
----------

+--------------------------+--------------+
| Total On-Chip Power (W)  | 0.215        |
| Design Power Budget (W)  | Unspecified* |
| Power Budget Margin (W)  | NA           |
| Dynamic (W)              | 0.138        |
| Device Static (W)        | 0.077        |
| Effective TJA (C/W)      | 5.0          |
| Max Ambient (C)          | 83.9         |
| Junction Temperature (C) | 26.1         |
| Confidence Level         | Medium       |
| Setting File             | ---          |
| Simulation Activity File | ---          |
| Design Nets Matched      | NA           |
+--------------------------+--------------+
* Specify Design Power Budget using, set_operating_conditions -design_power_budget <value in Watts>


1.1 On-Chip Components
----------------------

+--------------------------+-----------+----------+-----------+-----------------+
| On-Chip                  | Power (W) | Used     | Available | Utilization (%) |
+--------------------------+-----------+----------+-----------+-----------------+
| Clocks                   |     0.011 |        9 |       --- |             --- |
| Slice Logic              |     0.001 |    11054 |       --- |             --- |
|   LUT as Logic           |     0.001 |     3250 |     20800 |           15.63 |
|   Register               |    <0.001 |     5923 |     41600 |           14.24 |
|   LUT as Shift Register  |    <0.001 |      390 |      9600 |            4.06 |
|   CARRY4                 |    <0.001 |      126 |      8150 |            1.55 |
|   LUT as Distributed RAM |    <0.001 |       24 |      9600 |            0.25 |
|   F7/F8 Muxes            |    <0.001 |       26 |     32600 |            0.08 |
|   Others                 |     0.000 |      647 |       --- |             --- |
| Signals                  |     0.002 |     8510 |       --- |             --- |
| Block RAM                |     0.002 |        5 |        50 |           10.00 |
| I/O                      |    <0.001 |       19 |       106 |           17.92 |
| GTP                      |     0.121 |        1 |       --- |             --- |
| Static Power             |     0.077 |          |           |                 |
| Total                    |     0.215 |          |           |                 |
+--------------------------+-----------+----------+-----------+-----------------+


1.2 Power Supply Summary
------------------------

+-----------+-------------+-----------+-------------+------------+-------------+-------------+------------+
| Source    | Voltage (V) | Total (A) | Dynamic (A) | Static (A) | Powerup (A) | Budget (A)  | Margin (A) |
+-----------+-------------+-----------+-------------+------------+-------------+-------------+------------+
| Vccint    |       1.000 |     0.038 |       0.028 |      0.010 |       NA    | Unspecified | NA         |
| Vccaux    |       1.800 |     0.013 |       0.000 |      0.013 |       NA    | Unspecified | NA         |
| Vcco33    |       3.300 |     0.001 |       0.000 |      0.001 |       NA    | Unspecified | NA         |
| Vcco25    |       2.500 |     0.000 |       0.000 |      0.000 |       NA    | Unspecified | NA         |
| Vcco18    |       1.800 |     0.000 |       0.000 |      0.000 |       NA    | Unspecified | NA         |
| Vcco15    |       1.500 |     0.000 |       0.000 |      0.000 |       NA    | Unspecified | NA         |
| Vcco135   |       1.350 |     0.000 |       0.000 |      0.000 |       NA    | Unspecified | NA         |
| Vcco12    |       1.200 |     0.000 |       0.000 |      0.000 |       NA    | Unspecified | NA         |
| Vccaux_io |       1.800 |     0.000 |       0.000 |      0.000 |       NA    | Unspecified | NA         |
| Vccbram   |       1.000 |     0.000 |       0.000 |      0.000 |       NA    | Unspecified | NA         |
| MGTAVcc   |       1.000 |     0.059 |       0.057 |      0.001 |       NA    | Unspecified | NA         |
| MGTAVtt   |       1.200 |     0.046 |       0.044 |      0.003 |       NA    | Unspecified | NA         |
| Vccadc    |       1.800 |     0.020 |       0.000 |      0.020 |       NA    | Unspecified | NA         |
+-----------+-------------+-----------+-------------+------------+-------------+-------------+------------+


1.3 Confidence Level
--------------------

+-----------------------------+------------+-------------------------------------------------------+------------------------------------------------------------------------------------------------------------+
| User Input Data             | Confidence | Details                                               | Action                                                                                                     |
+-----------------------------+------------+-------------------------------------------------------+------------------------------------------------------------------------------------------------------------+
| Design implementation state | High       | Design is routed                                      |                                                                                                            |
| Clock nodes activity        | High       | User specified more than 95% of clocks                |                                                                                                            |
| I/O nodes activity          | Medium     | More than 5% of inputs are missing user specification | Provide missing input activity with simulation results or by editing the "By Resource Type -> I/Os" view   |
| Internal nodes activity     | Medium     | User specified less than 25% of internal nodes        | Provide missing internal nodes activity with simulation results or by editing the "By Resource Type" views |
| Device models               | High       | Device models are Production                          |                                                                                                            |
|                             |            |                                                       |                                                                                                            |
| Overall confidence level    | Medium     |                                                       |                                                                                                            |
+-----------------------------+------------+-------------------------------------------------------+------------------------------------------------------------------------------------------------------------+


2. Settings
-----------

2.1 Environment
---------------

+-----------------------+--------------------------+
| Ambient Temp (C)      | 25.0                     |
| ThetaJA (C/W)         | 5.0                      |
| Airflow (LFM)         | 250                      |
| Heat Sink             | medium (Medium Profile)  |
| ThetaSA (C/W)         | 4.6                      |
| Board Selection       | medium (10"x10")         |
| # of Board Layers     | 12to15 (12 to 15 Layers) |
| Board Temperature (C) | 25.0                     |
+-----------------------+--------------------------+


2.2 Clock Constraints
---------------------

+--------------------------------------------------------------------------------------------------------------------+--------------------------------------------------------------------------------------------------------------------+-----------------+
| Clock                                                                                                              | Domain                                                                                                             | Constraint (ns) |
+--------------------------------------------------------------------------------------------------------------------+--------------------------------------------------------------------------------------------------------------------+-----------------+
| Q0_CLK1_GTREFCLK_PAD_P_IN                                                                                          | Q0_CLK1_GTREFCLK_PAD_P_IN                                                                                          |            10.0 |
| dbg_hub/inst/BSCANID.u_xsdbm_id/SWITCH_N_EXT_BSCAN.bscan_inst/SERIES7_BSCAN.bscan_inst/TCK                         | dbg_hub/inst/BSCANID.u_xsdbm_id/SWITCH_N_EXT_BSCAN.bscan_inst/tck_bs                                               |            33.0 |
| drpclk_in_i                                                                                                        | DRP_CLK_IN_P                                                                                                       |            83.3 |
| gtwizard_0_gtpe2_support_i/gtwizard_0_gtpe2_init_i/inst/gtwizard_0_gtpe2_i/gt0_gtwizard_0_gtpe2_i/gtpe2_i/TXOUTCLK | gtwizard_0_gtpe2_support_i/gtwizard_0_gtpe2_init_i/inst/gtwizard_0_gtpe2_i/gt0_gtwizard_0_gtpe2_i/gt0_txoutclk_out |             8.0 |
| sys_clk_pin                                                                                                        | DRP_CLK_IN_P                                                                                                       |            83.3 |
+--------------------------------------------------------------------------------------------------------------------+--------------------------------------------------------------------------------------------------------------------+-----------------+


3. Detailed Reports
-------------------

3.1 By Hierarchy
----------------

+------------------------------+-----------+
| Name                         | Power (W) |
+------------------------------+-----------+
| gtwizard_0_gtpe2_exdes       |     0.138 |
|   dbg_hub                    |     0.001 |
|     inst                     |     0.001 |
|       BSCANID.u_xsdbm_id     |     0.001 |
|   gt0_frame_check            |     0.002 |
|   gtwizard_0_gtpe2_support_i |     0.122 |
|     gtwizard_0_gtpe2_init_i  |     0.122 |
|       inst                   |     0.122 |
|   ila_drp                    |     0.001 |
|     inst                     |     0.001 |
|       ila_core_inst          |     0.001 |
|   ila_rx0_inst               |     0.007 |
|     inst                     |     0.007 |
|       ila_core_inst          |     0.007 |
|   ila_tx0_inst               |     0.002 |
|     inst                     |     0.002 |
|       ila_core_inst          |     0.002 |
+------------------------------+-----------+


