
*** Running vivado
    with args -log micro_core_v0_microblaze_0_6.vds -m64 -product Vivado -mode batch -messageDb vivado.pb -notrace -source micro_core_v0_microblaze_0_6.tcl



****** Vivado v2020.2 (64-bit)
  **** SW Build 3064766 on Wed Nov 18 09:12:45 MST 2020
  **** IP Build 3064653 on Wed Nov 18 14:17:31 MST 2020
    ** Copyright 1986-2020 Xilinx, Inc. All Rights Reserved.

source micro_core_v0_microblaze_0_6.tcl -notrace
create_project: Time (s): cpu = 00:00:04 ; elapsed = 00:00:10 . Memory (MB): peak = 1097.766 ; gain = 0.000
Command: synth_design -top micro_core_v0_microblaze_0_6 -part xc7a35tcpg236-1 -mode out_of_context
Starting synth_design
Attempting to get a license for feature 'Synthesis' and/or device 'xc7a35t'
INFO: [Common 17-349] Got license for feature 'Synthesis' and/or device 'xc7a35t'
INFO: [Device 21-403] Loading part xc7a35tcpg236-1
INFO: [Synth 8-7079] Multithreading enabled for synth_design using a maximum of 2 processes.
INFO: [Synth 8-7078] Launching helper process for spawning children vivado processes
INFO: [Synth 8-7075] Helper process launched with PID 9628
---------------------------------------------------------------------------------
Starting RTL Elaboration : Time (s): cpu = 00:00:05 ; elapsed = 00:00:07 . Memory (MB): peak = 1183.129 ; gain = 85.363
---------------------------------------------------------------------------------
INFO: [Synth 8-638] synthesizing module 'micro_core_v0_microblaze_0_6' [c:/Users/ilpes/Desktop/Antenne_e_clocks/project_pasticcio/project_pasticcio.gen/sources_1/bd/micro_core_v0/ip/micro_core_v0_microblaze_0_6/synth/micro_core_v0_microblaze_0_6.vhd:190]
	Parameter C_SCO bound to: 0 - type: integer 
	Parameter C_FREQ bound to: 100000000 - type: integer 
	Parameter C_USE_CONFIG_RESET bound to: 0 - type: integer 
	Parameter C_NUM_SYNC_FF_CLK bound to: 2 - type: integer 
	Parameter C_NUM_SYNC_FF_CLK_IRQ bound to: 1 - type: integer 
	Parameter C_NUM_SYNC_FF_CLK_DEBUG bound to: 2 - type: integer 
	Parameter C_NUM_SYNC_FF_DBG_CLK bound to: 1 - type: integer 
	Parameter C_NUM_SYNC_FF_DBG_TRACE_CLK bound to: 2 - type: integer 
	Parameter C_FAULT_TOLERANT bound to: 0 - type: integer 
	Parameter C_ECC_USE_CE_EXCEPTION bound to: 0 - type: integer 
	Parameter C_LOCKSTEP_SLAVE bound to: 0 - type: integer 
	Parameter C_LOCKSTEP_MASTER bound to: 0 - type: integer 
	Parameter C_ENDIANNESS bound to: 1 - type: integer 
	Parameter C_FAMILY bound to: artix7 - type: string 
	Parameter C_DATA_SIZE bound to: 32 - type: integer 
	Parameter C_LMB_DATA_SIZE bound to: 32 - type: integer 
	Parameter C_INSTR_SIZE bound to: 32 - type: integer 
	Parameter C_IADDR_SIZE bound to: 32 - type: integer 
	Parameter C_PIADDR_SIZE bound to: 32 - type: integer 
	Parameter C_DADDR_SIZE bound to: 32 - type: integer 
	Parameter C_INSTANCE bound to: micro_core_v0_microblaze_0_6 - type: string 
	Parameter C_AVOID_PRIMITIVES bound to: 0 - type: integer 
	Parameter C_AREA_OPTIMIZED bound to: 1 - type: integer 
	Parameter C_OPTIMIZATION bound to: 0 - type: integer 
	Parameter C_INTERCONNECT bound to: 2 - type: integer 
	Parameter C_BASE_VECTORS bound to: 64'b0000000000000000000000000000000000000000000000000000000000000000 
	Parameter C_M_AXI_DP_THREAD_ID_WIDTH bound to: 1 - type: integer 
	Parameter C_M_AXI_DP_DATA_WIDTH bound to: 32 - type: integer 
	Parameter C_M_AXI_DP_ADDR_WIDTH bound to: 32 - type: integer 
	Parameter C_M_AXI_DP_EXCLUSIVE_ACCESS bound to: 0 - type: integer 
	Parameter C_M_AXI_D_BUS_EXCEPTION bound to: 1 - type: integer 
	Parameter C_M_AXI_IP_THREAD_ID_WIDTH bound to: 1 - type: integer 
	Parameter C_M_AXI_IP_DATA_WIDTH bound to: 32 - type: integer 
	Parameter C_M_AXI_IP_ADDR_WIDTH bound to: 32 - type: integer 
	Parameter C_M_AXI_I_BUS_EXCEPTION bound to: 0 - type: integer 
	Parameter C_D_LMB bound to: 1 - type: integer 
	Parameter C_D_LMB_PROTOCOL bound to: 0 - type: integer 
	Parameter C_D_AXI bound to: 1 - type: integer 
	Parameter C_I_LMB bound to: 1 - type: integer 
	Parameter C_I_LMB_PROTOCOL bound to: 0 - type: integer 
	Parameter C_I_AXI bound to: 0 - type: integer 
	Parameter G_TEMPLATE_LIST bound to: 6 - type: integer 
	Parameter C_USE_MSR_INSTR bound to: 1 - type: integer 
	Parameter C_USE_PCMP_INSTR bound to: 1 - type: integer 
	Parameter C_USE_BARREL bound to: 0 - type: integer 
	Parameter C_USE_DIV bound to: 0 - type: integer 
	Parameter C_USE_HW_MUL bound to: 1 - type: integer 
	Parameter C_USE_FPU bound to: 0 - type: integer 
	Parameter C_USE_REORDER_INSTR bound to: 1 - type: integer 
	Parameter C_UNALIGNED_EXCEPTIONS bound to: 0 - type: integer 
	Parameter C_ILL_OPCODE_EXCEPTION bound to: 0 - type: integer 
	Parameter C_DIV_ZERO_EXCEPTION bound to: 0 - type: integer 
	Parameter C_FPU_EXCEPTION bound to: 0 - type: integer 
	Parameter C_FSL_LINKS bound to: 0 - type: integer 
	Parameter C_USE_EXTENDED_FSL_INSTR bound to: 0 - type: integer 
	Parameter C_FSL_EXCEPTION bound to: 0 - type: integer 
	Parameter C_USE_STACK_PROTECTION bound to: 0 - type: integer 
	Parameter C_IMPRECISE_EXCEPTIONS bound to: 0 - type: integer 
	Parameter C_USE_INTERRUPT bound to: 0 - type: integer 
	Parameter C_USE_EXT_BRK bound to: 0 - type: integer 
	Parameter C_USE_EXT_NM_BRK bound to: 0 - type: integer 
	Parameter C_USE_NON_SECURE bound to: 0 - type: integer 
	Parameter C_USE_MMU bound to: 0 - type: integer 
	Parameter C_MMU_DTLB_SIZE bound to: 4 - type: integer 
	Parameter C_MMU_ITLB_SIZE bound to: 2 - type: integer 
	Parameter C_MMU_TLB_ACCESS bound to: 3 - type: integer 
	Parameter C_MMU_ZONES bound to: 2 - type: integer 
	Parameter C_MMU_PRIVILEGED_INSTR bound to: 0 - type: integer 
	Parameter C_USE_BRANCH_TARGET_CACHE bound to: 0 - type: integer 
	Parameter C_BRANCH_TARGET_CACHE_SIZE bound to: 0 - type: integer 
	Parameter C_PC_WIDTH bound to: 32 - type: integer 
	Parameter C_PVR bound to: 0 - type: integer 
	Parameter C_PVR_USER1 bound to: 8'b00000000 
	Parameter C_PVR_USER2 bound to: 32'b00000000000000000000000000000000 
	Parameter C_DYNAMIC_BUS_SIZING bound to: 0 - type: integer 
	Parameter C_RESET_MSR bound to: 32'b00000000000000000000000000000000 
	Parameter C_OPCODE_0x0_ILLEGAL bound to: 0 - type: integer 
	Parameter C_DEBUG_ENABLED bound to: 1 - type: integer 
	Parameter C_DEBUG_INTERFACE bound to: 0 - type: integer 
	Parameter C_NUMBER_OF_PC_BRK bound to: 2 - type: integer 
	Parameter C_NUMBER_OF_RD_ADDR_BRK bound to: 0 - type: integer 
	Parameter C_NUMBER_OF_WR_ADDR_BRK bound to: 0 - type: integer 
	Parameter C_DEBUG_EVENT_COUNTERS bound to: 5 - type: integer 
	Parameter C_DEBUG_LATENCY_COUNTERS bound to: 1 - type: integer 
	Parameter C_DEBUG_COUNTER_WIDTH bound to: 32 - type: integer 
	Parameter C_DEBUG_TRACE_SIZE bound to: 8192 - type: integer 
	Parameter C_DEBUG_EXTERNAL_TRACE bound to: 0 - type: integer 
	Parameter C_DEBUG_TRACE_ASYNC_RESET bound to: 0 - type: integer 
	Parameter C_DEBUG_PROFILE_SIZE bound to: 0 - type: integer 
	Parameter C_INTERRUPT_IS_EDGE bound to: 0 - type: integer 
	Parameter C_EDGE_IS_POSITIVE bound to: 1 - type: integer 
	Parameter C_ASYNC_INTERRUPT bound to: 1 - type: integer 
	Parameter C_ASYNC_WAKEUP bound to: 3 - type: integer 
	Parameter C_M0_AXIS_DATA_WIDTH bound to: 32 - type: integer 
	Parameter C_S0_AXIS_DATA_WIDTH bound to: 32 - type: integer 
	Parameter C_M1_AXIS_DATA_WIDTH bound to: 32 - type: integer 
	Parameter C_S1_AXIS_DATA_WIDTH bound to: 32 - type: integer 
	Parameter C_M2_AXIS_DATA_WIDTH bound to: 32 - type: integer 
	Parameter C_S2_AXIS_DATA_WIDTH bound to: 32 - type: integer 
	Parameter C_M3_AXIS_DATA_WIDTH bound to: 32 - type: integer 
	Parameter C_S3_AXIS_DATA_WIDTH bound to: 32 - type: integer 
	Parameter C_M4_AXIS_DATA_WIDTH bound to: 32 - type: integer 
	Parameter C_S4_AXIS_DATA_WIDTH bound to: 32 - type: integer 
	Parameter C_M5_AXIS_DATA_WIDTH bound to: 32 - type: integer 
	Parameter C_S5_AXIS_DATA_WIDTH bound to: 32 - type: integer 
	Parameter C_M6_AXIS_DATA_WIDTH bound to: 32 - type: integer 
	Parameter C_S6_AXIS_DATA_WIDTH bound to: 32 - type: integer 
	Parameter C_M7_AXIS_DATA_WIDTH bound to: 32 - type: integer 
	Parameter C_S7_AXIS_DATA_WIDTH bound to: 32 - type: integer 
	Parameter C_M8_AXIS_DATA_WIDTH bound to: 32 - type: integer 
	Parameter C_S8_AXIS_DATA_WIDTH bound to: 32 - type: integer 
	Parameter C_M9_AXIS_DATA_WIDTH bound to: 32 - type: integer 
	Parameter C_S9_AXIS_DATA_WIDTH bound to: 32 - type: integer 
	Parameter C_M10_AXIS_DATA_WIDTH bound to: 32 - type: integer 
	Parameter C_S10_AXIS_DATA_WIDTH bound to: 32 - type: integer 
	Parameter C_M11_AXIS_DATA_WIDTH bound to: 32 - type: integer 
	Parameter C_S11_AXIS_DATA_WIDTH bound to: 32 - type: integer 
	Parameter C_M12_AXIS_DATA_WIDTH bound to: 32 - type: integer 
	Parameter C_S12_AXIS_DATA_WIDTH bound to: 32 - type: integer 
	Parameter C_M13_AXIS_DATA_WIDTH bound to: 32 - type: integer 
	Parameter C_S13_AXIS_DATA_WIDTH bound to: 32 - type: integer 
	Parameter C_M14_AXIS_DATA_WIDTH bound to: 32 - type: integer 
	Parameter C_S14_AXIS_DATA_WIDTH bound to: 32 - type: integer 
	Parameter C_M15_AXIS_DATA_WIDTH bound to: 32 - type: integer 
	Parameter C_S15_AXIS_DATA_WIDTH bound to: 32 - type: integer 
	Parameter C_ICACHE_BASEADDR bound to: 64'b0000000000000000000000000000000001100000000000000000000000000000 
	Parameter C_ICACHE_HIGHADDR bound to: 64'b0000000000000000000000000000000001100001111111111111111111111111 
	Parameter C_USE_ICACHE bound to: 1 - type: integer 
	Parameter C_ALLOW_ICACHE_WR bound to: 1 - type: integer 
	Parameter C_ADDR_TAG_BITS bound to: 13 - type: integer 
	Parameter C_CACHE_BYTE_SIZE bound to: 4096 - type: integer 
	Parameter C_ICACHE_LINE_LEN bound to: 8 - type: integer 
	Parameter C_ICACHE_ALWAYS_USED bound to: 1 - type: integer 
	Parameter C_ICACHE_STREAMS bound to: 0 - type: integer 
	Parameter C_ICACHE_VICTIMS bound to: 0 - type: integer 
	Parameter C_ICACHE_FORCE_TAG_LUTRAM bound to: 0 - type: integer 
	Parameter C_ICACHE_DATA_WIDTH bound to: 0 - type: integer 
	Parameter C_M_AXI_IC_THREAD_ID_WIDTH bound to: 1 - type: integer 
	Parameter C_M_AXI_IC_DATA_WIDTH bound to: 32 - type: integer 
	Parameter C_M_AXI_IC_ADDR_WIDTH bound to: 32 - type: integer 
	Parameter C_M_AXI_IC_USER_VALUE bound to: 31 - type: integer 
	Parameter C_M_AXI_IC_AWUSER_WIDTH bound to: 5 - type: integer 
	Parameter C_M_AXI_IC_ARUSER_WIDTH bound to: 5 - type: integer 
	Parameter C_M_AXI_IC_WUSER_WIDTH bound to: 1 - type: integer 
	Parameter C_M_AXI_IC_RUSER_WIDTH bound to: 1 - type: integer 
	Parameter C_M_AXI_IC_BUSER_WIDTH bound to: 1 - type: integer 
	Parameter C_DCACHE_BASEADDR bound to: 64'b0000000000000000000000000000000001100000000000000000000000000000 
	Parameter C_DCACHE_HIGHADDR bound to: 64'b0000000000000000000000000000000001100001111111111111111111111111 
	Parameter C_USE_DCACHE bound to: 1 - type: integer 
	Parameter C_ALLOW_DCACHE_WR bound to: 1 - type: integer 
	Parameter C_DCACHE_ADDR_TAG bound to: 13 - type: integer 
	Parameter C_DCACHE_BYTE_SIZE bound to: 4096 - type: integer 
	Parameter C_DCACHE_LINE_LEN bound to: 4 - type: integer 
	Parameter C_DCACHE_ALWAYS_USED bound to: 1 - type: integer 
	Parameter C_DCACHE_USE_WRITEBACK bound to: 0 - type: integer 
	Parameter C_DCACHE_VICTIMS bound to: 0 - type: integer 
	Parameter C_DCACHE_FORCE_TAG_LUTRAM bound to: 0 - type: integer 
	Parameter C_DCACHE_DATA_WIDTH bound to: 0 - type: integer 
	Parameter C_M_AXI_DC_THREAD_ID_WIDTH bound to: 1 - type: integer 
	Parameter C_M_AXI_DC_DATA_WIDTH bound to: 32 - type: integer 
	Parameter C_M_AXI_DC_ADDR_WIDTH bound to: 32 - type: integer 
	Parameter C_M_AXI_DC_EXCLUSIVE_ACCESS bound to: 0 - type: integer 
	Parameter C_M_AXI_DC_USER_VALUE bound to: 31 - type: integer 
	Parameter C_M_AXI_DC_AWUSER_WIDTH bound to: 5 - type: integer 
	Parameter C_M_AXI_DC_ARUSER_WIDTH bound to: 5 - type: integer 
	Parameter C_M_AXI_DC_WUSER_WIDTH bound to: 1 - type: integer 
	Parameter C_M_AXI_DC_RUSER_WIDTH bound to: 1 - type: integer 
	Parameter C_M_AXI_DC_BUSER_WIDTH bound to: 1 - type: integer 
INFO: [Synth 8-3491] module 'MicroBlaze' declared at 'c:/Users/ilpes/Desktop/Antenne_e_clocks/project_pasticcio/project_pasticcio.gen/sources_1/bd/micro_core_v0/ipshared/9285/hdl/microblaze_v11_0_vh_rfs.vhd:164117' bound to instance 'U0' of component 'MicroBlaze' [c:/Users/ilpes/Desktop/Antenne_e_clocks/project_pasticcio/project_pasticcio.gen/sources_1/bd/micro_core_v0/ip/micro_core_v0_microblaze_0_6/synth/micro_core_v0_microblaze_0_6.vhd:962]
INFO: [Synth 8-256] done synthesizing module 'micro_core_v0_microblaze_0_6' (67#1) [c:/Users/ilpes/Desktop/Antenne_e_clocks/project_pasticcio/project_pasticcio.gen/sources_1/bd/micro_core_v0/ip/micro_core_v0_microblaze_0_6/synth/micro_core_v0_microblaze_0_6.vhd:190]
---------------------------------------------------------------------------------
Finished RTL Elaboration : Time (s): cpu = 00:00:13 ; elapsed = 00:00:15 . Memory (MB): peak = 1437.492 ; gain = 339.727
---------------------------------------------------------------------------------
---------------------------------------------------------------------------------
Start Handling Custom Attributes
---------------------------------------------------------------------------------
---------------------------------------------------------------------------------
Finished Handling Custom Attributes : Time (s): cpu = 00:00:14 ; elapsed = 00:00:16 . Memory (MB): peak = 1437.492 ; gain = 339.727
---------------------------------------------------------------------------------
---------------------------------------------------------------------------------
Finished RTL Optimization Phase 1 : Time (s): cpu = 00:00:14 ; elapsed = 00:00:16 . Memory (MB): peak = 1437.492 ; gain = 339.727
---------------------------------------------------------------------------------
Netlist sorting complete. Time (s): cpu = 00:00:00 ; elapsed = 00:00:00.279 . Memory (MB): peak = 1437.492 ; gain = 0.000
INFO: [Netlist 29-17] Analyzing 504 Unisim elements for replacement
INFO: [Netlist 29-28] Unisim Transformation completed in 0 CPU seconds
INFO: [Project 1-570] Preparing netlist for logic optimization

Processing XDC Constraints
Initializing timing engine
Parsing XDC File [c:/Users/ilpes/Desktop/Antenne_e_clocks/project_pasticcio/project_pasticcio.gen/sources_1/bd/micro_core_v0/ip/micro_core_v0_microblaze_0_6/micro_core_v0_microblaze_0_6_ooc_debug.xdc] for cell 'U0'
Finished Parsing XDC File [c:/Users/ilpes/Desktop/Antenne_e_clocks/project_pasticcio/project_pasticcio.gen/sources_1/bd/micro_core_v0/ip/micro_core_v0_microblaze_0_6/micro_core_v0_microblaze_0_6_ooc_debug.xdc] for cell 'U0'
Parsing XDC File [c:/Users/ilpes/Desktop/Antenne_e_clocks/project_pasticcio/project_pasticcio.gen/sources_1/bd/micro_core_v0/ip/micro_core_v0_microblaze_0_6/micro_core_v0_microblaze_0_6_ooc.xdc] for cell 'U0'
Finished Parsing XDC File [c:/Users/ilpes/Desktop/Antenne_e_clocks/project_pasticcio/project_pasticcio.gen/sources_1/bd/micro_core_v0/ip/micro_core_v0_microblaze_0_6/micro_core_v0_microblaze_0_6_ooc.xdc] for cell 'U0'
Parsing XDC File [c:/Users/ilpes/Desktop/Antenne_e_clocks/project_pasticcio/project_pasticcio.gen/sources_1/bd/micro_core_v0/ip/micro_core_v0_microblaze_0_6/micro_core_v0_microblaze_0_6.xdc] for cell 'U0'
Finished Parsing XDC File [c:/Users/ilpes/Desktop/Antenne_e_clocks/project_pasticcio/project_pasticcio.gen/sources_1/bd/micro_core_v0/ip/micro_core_v0_microblaze_0_6/micro_core_v0_microblaze_0_6.xdc] for cell 'U0'
INFO: [Project 1-236] Implementation specific constraints were found while reading constraint file [c:/Users/ilpes/Desktop/Antenne_e_clocks/project_pasticcio/project_pasticcio.gen/sources_1/bd/micro_core_v0/ip/micro_core_v0_microblaze_0_6/micro_core_v0_microblaze_0_6.xdc]. These constraints will be ignored for synthesis but will be used in implementation. Impacted constraints are listed in the file [.Xil/micro_core_v0_microblaze_0_6_propImpl.xdc].
Resolution: To avoid this warning, move constraints listed in [.Xil/micro_core_v0_microblaze_0_6_propImpl.xdc] to another XDC file and exclude this new file from synthesis with the used_in_synthesis property (File Properties dialog in GUI) and re-run elaboration/synthesis.
Parsing XDC File [C:/Users/ilpes/Desktop/Antenne_e_clocks/project_pasticcio/project_pasticcio.runs/micro_core_v0_microblaze_0_6_synth_1/dont_touch.xdc]
Finished Parsing XDC File [C:/Users/ilpes/Desktop/Antenne_e_clocks/project_pasticcio/project_pasticcio.runs/micro_core_v0_microblaze_0_6_synth_1/dont_touch.xdc]
Completed Processing XDC Constraints

Netlist sorting complete. Time (s): cpu = 00:00:00 ; elapsed = 00:00:00.007 . Memory (MB): peak = 1437.492 ; gain = 0.000
INFO: [Project 1-111] Unisim Transformation Summary:
  A total of 397 instances were transformed.
  FD => FDRE: 32 instances
  FDE => FDRE: 64 instances
  FDR => FDRE: 1 instance 
  FDRSE => FDRSE (FDRE, LUT4, VCC): 12 instances
  FDS => FDSE: 3 instances
  LUT6_2 => LUT6_2 (LUT5, LUT6): 68 instances
  MULT_AND => LUT2: 3 instances
  MUXCY_L => MUXCY: 150 instances
  RAM32X1D => RAM32X1D (RAMD32(x2)): 64 instances

Constraint Validation Runtime : Time (s): cpu = 00:00:00 ; elapsed = 00:00:00.174 . Memory (MB): peak = 1437.492 ; gain = 0.000
---------------------------------------------------------------------------------
Finished Constraint Validation : Time (s): cpu = 00:00:23 ; elapsed = 00:00:26 . Memory (MB): peak = 1437.492 ; gain = 339.727
---------------------------------------------------------------------------------
---------------------------------------------------------------------------------
Start Loading Part and Timing Information
---------------------------------------------------------------------------------
Loading part: xc7a35tcpg236-1
---------------------------------------------------------------------------------
Finished Loading Part and Timing Information : Time (s): cpu = 00:00:23 ; elapsed = 00:00:26 . Memory (MB): peak = 1437.492 ; gain = 339.727
---------------------------------------------------------------------------------
---------------------------------------------------------------------------------
Start Applying 'set_property' XDC Constraints
---------------------------------------------------------------------------------
Applied set_property KEEP_HIERARCHY = SOFT for U0. (constraint file  C:/Users/ilpes/Desktop/Antenne_e_clocks/project_pasticcio/project_pasticcio.runs/micro_core_v0_microblaze_0_6_synth_1/dont_touch.xdc, line 9).
---------------------------------------------------------------------------------
Finished applying 'set_property' XDC Constraints : Time (s): cpu = 00:00:23 ; elapsed = 00:00:26 . Memory (MB): peak = 1437.492 ; gain = 339.727
---------------------------------------------------------------------------------
INFO: [Synth 8-802] inferred FSM for state register 'cache_state_reg' in module 'Icache'
---------------------------------------------------------------------------------------------------
                   State |                     New Encoding |                Previous Encoding 
---------------------------------------------------------------------------------------------------
                    idle |                              000 |                             0000
     stream_wait_on_idle |                              001 |                             0001
        read_from_stream |                              010 |                             0010
     victim_wait_on_idle |                              011 |                             0011
       handle_victim_hit |                              100 |                             0100
---------------------------------------------------------------------------------------------------
INFO: [Synth 8-3354] encoded FSM with state register 'cache_state_reg' using encoding 'sequential' in module 'Icache'
---------------------------------------------------------------------------------
Finished RTL Optimization Phase 2 : Time (s): cpu = 00:00:26 ; elapsed = 00:00:29 . Memory (MB): peak = 1437.492 ; gain = 339.727
---------------------------------------------------------------------------------
---------------------------------------------------------------------------------
Start RTL Component Statistics 
---------------------------------------------------------------------------------
Detailed RTL Component Info : 
+---Adders : 
	   2 Input    8 Bit       Adders := 1     
	   2 Input    6 Bit       Adders := 1     
	   2 Input    5 Bit       Adders := 2     
	   2 Input    4 Bit       Adders := 8     
	   2 Input    3 Bit       Adders := 3     
	   2 Input    2 Bit       Adders := 5     
+---XORs : 
	   2 Input      1 Bit         XORs := 72    
	   3 Input      1 Bit         XORs := 1     
+---Registers : 
	             4096 Bit    Registers := 1     
	               33 Bit    Registers := 2     
	               32 Bit    Registers := 23    
	               30 Bit    Registers := 1     
	               16 Bit    Registers := 2     
	               15 Bit    Registers := 1     
	               14 Bit    Registers := 1     
	               13 Bit    Registers := 1     
	               10 Bit    Registers := 2     
	                8 Bit    Registers := 4     
	                7 Bit    Registers := 1     
	                5 Bit    Registers := 6     
	                4 Bit    Registers := 13    
	                3 Bit    Registers := 5     
	                2 Bit    Registers := 30    
	                1 Bit    Registers := 275   
+---Muxes : 
	   2 Input   33 Bit        Muxes := 6     
	   5 Input   32 Bit        Muxes := 1     
	   2 Input   32 Bit        Muxes := 14    
	   2 Input   16 Bit        Muxes := 6     
	   2 Input   14 Bit        Muxes := 2     
	   2 Input   10 Bit        Muxes := 5     
	   2 Input    8 Bit        Muxes := 12    
	   4 Input    8 Bit        Muxes := 2     
	   2 Input    7 Bit        Muxes := 1     
	   2 Input    6 Bit        Muxes := 4     
	   2 Input    5 Bit        Muxes := 2     
	   4 Input    5 Bit        Muxes := 1     
	   3 Input    5 Bit        Muxes := 1     
	   7 Input    5 Bit        Muxes := 1     
	   2 Input    4 Bit        Muxes := 9     
	   2 Input    3 Bit        Muxes := 10    
	   5 Input    3 Bit        Muxes := 1     
	   2 Input    2 Bit        Muxes := 22    
	   3 Input    2 Bit        Muxes := 2     
	   2 Input    1 Bit        Muxes := 341   
	   3 Input    1 Bit        Muxes := 3     
	   4 Input    1 Bit        Muxes := 5     
	   9 Input    1 Bit        Muxes := 1     
	   7 Input    1 Bit        Muxes := 5     
	   5 Input    1 Bit        Muxes := 8     
---------------------------------------------------------------------------------
Finished RTL Component Statistics 
---------------------------------------------------------------------------------
---------------------------------------------------------------------------------
Start Part Resource Summary
---------------------------------------------------------------------------------
Part Resources:
DSPs: 90 (col length:60)
BRAMs: 100 (col length: RAMB18 60 RAMB36 30)
---------------------------------------------------------------------------------
Finished Part Resource Summary
---------------------------------------------------------------------------------
---------------------------------------------------------------------------------
Start Cross Boundary and Area Optimization
---------------------------------------------------------------------------------
---------------------------------------------------------------------------------
Finished Cross Boundary and Area Optimization : Time (s): cpu = 00:00:33 ; elapsed = 00:00:36 . Memory (MB): peak = 1437.492 ; gain = 339.727
---------------------------------------------------------------------------------
---------------------------------------------------------------------------------
Start Applying XDC Timing Constraints
---------------------------------------------------------------------------------
---------------------------------------------------------------------------------
Finished Applying XDC Timing Constraints : Time (s): cpu = 00:00:41 ; elapsed = 00:00:44 . Memory (MB): peak = 1437.492 ; gain = 339.727
---------------------------------------------------------------------------------
---------------------------------------------------------------------------------
Start Timing Optimization
---------------------------------------------------------------------------------
---------------------------------------------------------------------------------
Finished Timing Optimization : Time (s): cpu = 00:00:45 ; elapsed = 00:00:48 . Memory (MB): peak = 1501.809 ; gain = 404.043
---------------------------------------------------------------------------------
---------------------------------------------------------------------------------
Start Technology Mapping
---------------------------------------------------------------------------------
---------------------------------------------------------------------------------
Finished Technology Mapping : Time (s): cpu = 00:00:46 ; elapsed = 00:00:49 . Memory (MB): peak = 1503.805 ; gain = 406.039
---------------------------------------------------------------------------------
---------------------------------------------------------------------------------
Start IO Insertion
---------------------------------------------------------------------------------
---------------------------------------------------------------------------------
Start Flattening Before IO Insertion
---------------------------------------------------------------------------------
---------------------------------------------------------------------------------
Finished Flattening Before IO Insertion
---------------------------------------------------------------------------------
---------------------------------------------------------------------------------
Start Final Netlist Cleanup
---------------------------------------------------------------------------------
---------------------------------------------------------------------------------
Finished Final Netlist Cleanup
---------------------------------------------------------------------------------
---------------------------------------------------------------------------------
Finished IO Insertion : Time (s): cpu = 00:00:48 ; elapsed = 00:00:52 . Memory (MB): peak = 1503.805 ; gain = 406.039
---------------------------------------------------------------------------------
---------------------------------------------------------------------------------
Start Renaming Generated Instances
---------------------------------------------------------------------------------
---------------------------------------------------------------------------------
Finished Renaming Generated Instances : Time (s): cpu = 00:00:48 ; elapsed = 00:00:52 . Memory (MB): peak = 1503.805 ; gain = 406.039
---------------------------------------------------------------------------------
---------------------------------------------------------------------------------
Start Rebuilding User Hierarchy
---------------------------------------------------------------------------------
---------------------------------------------------------------------------------
Finished Rebuilding User Hierarchy : Time (s): cpu = 00:00:49 ; elapsed = 00:00:52 . Memory (MB): peak = 1503.805 ; gain = 406.039
---------------------------------------------------------------------------------
---------------------------------------------------------------------------------
Start Renaming Generated Ports
---------------------------------------------------------------------------------
---------------------------------------------------------------------------------
Finished Renaming Generated Ports : Time (s): cpu = 00:00:49 ; elapsed = 00:00:53 . Memory (MB): peak = 1503.805 ; gain = 406.039
---------------------------------------------------------------------------------
---------------------------------------------------------------------------------
Start Handling Custom Attributes
---------------------------------------------------------------------------------
---------------------------------------------------------------------------------
Finished Handling Custom Attributes : Time (s): cpu = 00:00:49 ; elapsed = 00:00:53 . Memory (MB): peak = 1503.805 ; gain = 406.039
---------------------------------------------------------------------------------
---------------------------------------------------------------------------------
Start Renaming Generated Nets
---------------------------------------------------------------------------------
---------------------------------------------------------------------------------
Finished Renaming Generated Nets : Time (s): cpu = 00:00:49 ; elapsed = 00:00:53 . Memory (MB): peak = 1503.805 ; gain = 406.039
---------------------------------------------------------------------------------
---------------------------------------------------------------------------------
Start ROM, RAM, DSP, Shift Register and Retiming Reporting
---------------------------------------------------------------------------------

Dynamic Shift Register Report:
+------------+-----------------------------------------------+--------+------------+--------+---------+--------+--------+--------+
|Module Name | RTL Name                                      | Length | Data Width | SRL16E | SRLC32E | Mux F7 | Mux F8 | Mux F9 | 
+------------+-----------------------------------------------+--------+------------+--------+---------+--------+--------+--------+
|dsrl        | Using_AXI.r_fifo_mem_reg[15]                  | 11     | 11         | 11     | 0       | 0      | 0      | 0      | 
|dsrl__1     | Using_AXI.Use_AXI_Write.aw_w_fifo_mem_reg[15] | 10     | 10         | 10     | 0       | 0      | 0      | 0      | 
|dsrl__2     | Using_AXI.r_fifo_mem_reg[15]                  | 10     | 10         | 10     | 0       | 0      | 0      | 0      | 
|dsrl__3     | Using_AXI.Use_AXI_Write.aw_fifo_mem_reg[15]   | 37     | 37         | 37     | 0       | 0      | 0      | 0      | 
|dsrl__4     | Using_AXI.Use_AXI_Write.w_fifo_mem_reg[15]    | 32     | 32         | 32     | 0       | 0      | 0      | 0      | 
+------------+-----------------------------------------------+--------+------------+--------+---------+--------+--------+--------+

---------------------------------------------------------------------------------
Finished ROM, RAM, DSP, Shift Register and Retiming Reporting
---------------------------------------------------------------------------------
---------------------------------------------------------------------------------
Start Writing Synthesis Report
---------------------------------------------------------------------------------

Report BlackBoxes: 
+-+--------------+----------+
| |BlackBox name |Instances |
+-+--------------+----------+
+-+--------------+----------+

Report Cell Usage: 
+------+---------+------+
|      |Cell     |Count |
+------+---------+------+
|1     |CARRY4   |     3|
|2     |DSP48E1  |     3|
|5     |LUT1     |    22|
|6     |LUT2     |   120|
|7     |LUT3     |   185|
|8     |LUT4     |   324|
|9     |LUT5     |   182|
|10    |LUT6     |   523|
|12    |MULT_AND |     2|
|13    |MUXCY_L  |   148|
|14    |MUXF7    |    34|
|15    |RAM32X1D |    64|
|16    |RAMB36E1 |     4|
|17    |SRL16E   |   156|
|18    |SRLC16E  |    16|
|19    |XORCY    |    67|
|20    |FD       |    32|
|21    |FDCE     |     7|
|22    |FDE      |    64|
|23    |FDR      |     1|
|24    |FDRE     |   991|
|25    |FDS      |     3|
|26    |FDSE     |    57|
+------+---------+------+
---------------------------------------------------------------------------------
Finished Writing Synthesis Report : Time (s): cpu = 00:00:49 ; elapsed = 00:00:53 . Memory (MB): peak = 1503.805 ; gain = 406.039
---------------------------------------------------------------------------------
Synthesis finished with 0 errors, 0 critical warnings and 0 warnings.
Synthesis Optimization Runtime : Time (s): cpu = 00:00:30 ; elapsed = 00:00:47 . Memory (MB): peak = 1503.805 ; gain = 406.039
Synthesis Optimization Complete : Time (s): cpu = 00:00:49 ; elapsed = 00:00:53 . Memory (MB): peak = 1503.805 ; gain = 406.039
INFO: [Project 1-571] Translating synthesized netlist
Netlist sorting complete. Time (s): cpu = 00:00:00 ; elapsed = 00:00:00.143 . Memory (MB): peak = 1503.805 ; gain = 0.000
INFO: [Netlist 29-17] Analyzing 493 Unisim elements for replacement
INFO: [Netlist 29-28] Unisim Transformation completed in 0 CPU seconds
INFO: [Project 1-570] Preparing netlist for logic optimization
INFO: [Opt 31-138] Pushed 0 inverter(s) to 0 load pin(s).
Netlist sorting complete. Time (s): cpu = 00:00:00 ; elapsed = 00:00:00.005 . Memory (MB): peak = 1505.684 ; gain = 0.000
INFO: [Project 1-111] Unisim Transformation Summary:
  A total of 277 instances were transformed.
  (MUXCY,XORCY) => CARRY4: 43 instances
  FD => FDRE: 32 instances
  FDE => FDRE: 64 instances
  FDR => FDRE: 1 instance 
  FDS => FDSE: 3 instances
  LUT6_2 => LUT6_2 (LUT5, LUT6): 68 instances
  MULT_AND => LUT2: 2 instances
  RAM32X1D => RAM32X1D (RAMD32(x2)): 64 instances

INFO: [Common 17-83] Releasing license: Synthesis
22 Infos, 0 Warnings, 0 Critical Warnings and 0 Errors encountered.
synth_design completed successfully
synth_design: Time (s): cpu = 00:00:56 ; elapsed = 00:01:02 . Memory (MB): peak = 1505.684 ; gain = 407.918
INFO: [Common 17-1381] The checkpoint 'C:/Users/ilpes/Desktop/Antenne_e_clocks/project_pasticcio/project_pasticcio.runs/micro_core_v0_microblaze_0_6_synth_1/micro_core_v0_microblaze_0_6.dcp' has been generated.
WARNING: [Common 17-576] 'use_project_ipc' is deprecated. This option is deprecated and no longer used.
INFO: [Coretcl 2-1648] Added synthesis output to IP cache for IP micro_core_v0_microblaze_0_6, cache-ID = 894147ea3ea94dbb
INFO: [Coretcl 2-1174] Renamed 1142 cell refs.
INFO: [Common 17-1381] The checkpoint 'C:/Users/ilpes/Desktop/Antenne_e_clocks/project_pasticcio/project_pasticcio.runs/micro_core_v0_microblaze_0_6_synth_1/micro_core_v0_microblaze_0_6.dcp' has been generated.
INFO: [runtcl-4] Executing : report_utilization -file micro_core_v0_microblaze_0_6_utilization_synth.rpt -pb micro_core_v0_microblaze_0_6_utilization_synth.pb
INFO: [Common 17-206] Exiting Vivado at Fri May 30 14:34:52 2025...
