TRACE::2025-05-30.07:14:27::SCWPlatform::Trying to open the hw design at C:/Users/ilpes/Desktop/Antenne_e_clocks/project_MicroBlaze_simple/microv4_INTC_emc_8nsbis/hw/micro_core_v4_INTC_emc8ns_bis.xsa
TRACE::2025-05-30.07:14:27::SCWPlatform::DSA given C:/Users/ilpes/Desktop/Antenne_e_clocks/project_MicroBlaze_simple/microv4_INTC_emc_8nsbis/hw/micro_core_v4_INTC_emc8ns_bis.xsa
TRACE::2025-05-30.07:14:27::SCWPlatform::DSA absoulate path C:/Users/ilpes/Desktop/Antenne_e_clocks/project_MicroBlaze_simple/microv4_INTC_emc_8nsbis/hw/micro_core_v4_INTC_emc8ns_bis.xsa
TRACE::2025-05-30.07:14:30::SCWPlatform::DSA directory C:/Users/ilpes/Desktop/Antenne_e_clocks/project_MicroBlaze_simple/microv4_INTC_emc_8nsbis/hw
TRACE::2025-05-30.07:14:30::SCWPlatform:: Platform Path C:/Users/ilpes/Desktop/Antenne_e_clocks/project_MicroBlaze_simple/microv4_INTC_emc_8nsbis/hw/micro_core_v4_INTC_emc8ns_bis.xsa
TRACE::2025-05-30.07:14:30::SCWPlatform:: Unique name xilinx:cmod_a7-35t::0.0
TRACE::2025-05-30.07:14:30::SCWPlatform::Do not have an existing db opened. 
TRACE::2025-05-30.07:14:30::SCWPlatform::Opened new HwDB with name micro_core_v0_wrapper_0
TRACE::2025-05-30.07:14:30::SCWWriter::formatted JSON is {
	"platformName":	"microv4_INTC_emc_8nsbis",
	"sprVersion":	"2.0",
	"mode":	"gui",
	"dsaType":	"Fixed",
	"platformDesc":	"microv4_INTC_emc_8nsbis",
	"platHandOff":	"C:/Users/ilpes/Desktop/Antenne_e_clocks/project_MB_INTC_emc/micro_core_v4_INTC_emc8ns_bis.xsa",
	"platIntHandOff":	"<platformDir>/hw/micro_core_v4_INTC_emc8ns_bis.xsa",
	"deviceType":	"FPGA",
	"platIsPrebuiltAutogen":	"false",
	"platIsNoBootBsp":	"false",
	"hasFsblMakeHasChanges":	"false",
	"hasPmufwMakeHasChanges":	"false",
	"platPreBuiltFlag":	false,
	"platformSamplesDir":	""
}
TRACE::2025-05-30.07:14:30::SCWWriter::formatted JSON is {
	"platformName":	"microv4_INTC_emc_8nsbis",
	"sprVersion":	"2.0",
	"mode":	"gui",
	"dsaType":	"Fixed",
	"platformDesc":	"microv4_INTC_emc_8nsbis",
	"platHandOff":	"C:/Users/ilpes/Desktop/Antenne_e_clocks/project_MB_INTC_emc/micro_core_v4_INTC_emc8ns_bis.xsa",
	"platIntHandOff":	"<platformDir>/hw/micro_core_v4_INTC_emc8ns_bis.xsa",
	"deviceType":	"FPGA",
	"platIsPrebuiltAutogen":	"false",
	"platIsNoBootBsp":	"false",
	"hasFsblMakeHasChanges":	"false",
	"hasPmufwMakeHasChanges":	"false",
	"platPreBuiltFlag":	false,
	"platformSamplesDir":	"",
	"platActiveSys":	"microv4_INTC_emc_8nsbis",
	"systems":	[{
			"systemName":	"microv4_INTC_emc_8nsbis",
			"systemDesc":	"microv4_INTC_emc_8nsbis",
			"sysIsBootAutoGen":	"true",
			"systemDispName":	"microv4_INTC_emc_8nsbis"
		}]
}
TRACE::2025-05-30.07:14:30::SCWPlatform::Boot application domains not present, creating them
TRACE::2025-05-30.07:14:30::SCWPlatform::Pure FPGA device, no boot application will be created.
TRACE::2025-05-30.07:14:30::SCWWriter::formatted JSON is {
	"platformName":	"microv4_INTC_emc_8nsbis",
	"sprVersion":	"2.0",
	"mode":	"gui",
	"dsaType":	"Fixed",
	"platformDesc":	"microv4_INTC_emc_8nsbis",
	"platHandOff":	"C:/Users/ilpes/Desktop/Antenne_e_clocks/project_MB_INTC_emc/micro_core_v4_INTC_emc8ns_bis.xsa",
	"platIntHandOff":	"<platformDir>/hw/micro_core_v4_INTC_emc8ns_bis.xsa",
	"deviceType":	"FPGA",
	"platIsPrebuiltAutogen":	"false",
	"platIsNoBootBsp":	"false",
	"hasFsblMakeHasChanges":	"false",
	"hasPmufwMakeHasChanges":	"false",
	"platPreBuiltFlag":	false,
	"platformSamplesDir":	"",
	"platActiveSys":	"microv4_INTC_emc_8nsbis",
	"systems":	[{
			"systemName":	"microv4_INTC_emc_8nsbis",
			"systemDesc":	"microv4_INTC_emc_8nsbis",
			"sysIsBootAutoGen":	"true",
			"systemDispName":	"microv4_INTC_emc_8nsbis"
		}]
}
TRACE::2025-05-30.07:14:30::SCWPlatform::Trying to open the hw design at C:/Users/ilpes/Desktop/Antenne_e_clocks/project_MicroBlaze_simple/microv4_INTC_emc_8nsbis/hw/micro_core_v4_INTC_emc8ns_bis.xsa
TRACE::2025-05-30.07:14:30::SCWPlatform::DSA given C:/Users/ilpes/Desktop/Antenne_e_clocks/project_MicroBlaze_simple/microv4_INTC_emc_8nsbis/hw/micro_core_v4_INTC_emc8ns_bis.xsa
TRACE::2025-05-30.07:14:30::SCWPlatform::DSA absoulate path C:/Users/ilpes/Desktop/Antenne_e_clocks/project_MicroBlaze_simple/microv4_INTC_emc_8nsbis/hw/micro_core_v4_INTC_emc8ns_bis.xsa
TRACE::2025-05-30.07:14:30::SCWPlatform::DSA directory C:/Users/ilpes/Desktop/Antenne_e_clocks/project_MicroBlaze_simple/microv4_INTC_emc_8nsbis/hw
TRACE::2025-05-30.07:14:30::SCWPlatform:: Platform Path C:/Users/ilpes/Desktop/Antenne_e_clocks/project_MicroBlaze_simple/microv4_INTC_emc_8nsbis/hw/micro_core_v4_INTC_emc8ns_bis.xsa
TRACE::2025-05-30.07:14:30::SCWPlatform:: Unique name xilinx:cmod_a7-35t::0.0
TRACE::2025-05-30.07:14:30::SCWPlatform::Trying to set the existing hwdb with name micro_core_v0_wrapper_0
TRACE::2025-05-30.07:14:30::SCWPlatform::Opened existing hwdb micro_core_v0_wrapper_0
TRACE::2025-05-30.07:14:30::SCWPlatform::Found the Hw Db part of the input DSA
TRACE::2025-05-30.07:14:30::SCWDomain::checking for install qemu data   : 
TRACE::2025-05-30.07:14:30::SCWPlatform::Trying to open the hw design at C:/Users/ilpes/Desktop/Antenne_e_clocks/project_MicroBlaze_simple/microv4_INTC_emc_8nsbis/hw/micro_core_v4_INTC_emc8ns_bis.xsa
TRACE::2025-05-30.07:14:30::SCWPlatform::DSA given C:/Users/ilpes/Desktop/Antenne_e_clocks/project_MicroBlaze_simple/microv4_INTC_emc_8nsbis/hw/micro_core_v4_INTC_emc8ns_bis.xsa
TRACE::2025-05-30.07:14:30::SCWPlatform::DSA absoulate path C:/Users/ilpes/Desktop/Antenne_e_clocks/project_MicroBlaze_simple/microv4_INTC_emc_8nsbis/hw/micro_core_v4_INTC_emc8ns_bis.xsa
TRACE::2025-05-30.07:14:30::SCWPlatform::DSA directory C:/Users/ilpes/Desktop/Antenne_e_clocks/project_MicroBlaze_simple/microv4_INTC_emc_8nsbis/hw
TRACE::2025-05-30.07:14:30::SCWPlatform:: Platform Path C:/Users/ilpes/Desktop/Antenne_e_clocks/project_MicroBlaze_simple/microv4_INTC_emc_8nsbis/hw/micro_core_v4_INTC_emc8ns_bis.xsa
TRACE::2025-05-30.07:14:30::SCWPlatform:: Unique name xilinx:cmod_a7-35t::0.0
TRACE::2025-05-30.07:14:30::SCWPlatform::Trying to set the existing hwdb with name micro_core_v0_wrapper_0
TRACE::2025-05-30.07:14:30::SCWPlatform::Opened existing hwdb micro_core_v0_wrapper_0
TRACE::2025-05-30.07:14:30::SCWPlatform::Found the Hw Db part of the input DSA
TRACE::2025-05-30.07:14:30::SCWPlatform::Trying to open the hw design at C:/Users/ilpes/Desktop/Antenne_e_clocks/project_MicroBlaze_simple/microv4_INTC_emc_8nsbis/hw/micro_core_v4_INTC_emc8ns_bis.xsa
TRACE::2025-05-30.07:14:30::SCWPlatform::DSA given C:/Users/ilpes/Desktop/Antenne_e_clocks/project_MicroBlaze_simple/microv4_INTC_emc_8nsbis/hw/micro_core_v4_INTC_emc8ns_bis.xsa
TRACE::2025-05-30.07:14:30::SCWPlatform::DSA absoulate path C:/Users/ilpes/Desktop/Antenne_e_clocks/project_MicroBlaze_simple/microv4_INTC_emc_8nsbis/hw/micro_core_v4_INTC_emc8ns_bis.xsa
TRACE::2025-05-30.07:14:30::SCWPlatform::DSA directory C:/Users/ilpes/Desktop/Antenne_e_clocks/project_MicroBlaze_simple/microv4_INTC_emc_8nsbis/hw
TRACE::2025-05-30.07:14:30::SCWPlatform:: Platform Path C:/Users/ilpes/Desktop/Antenne_e_clocks/project_MicroBlaze_simple/microv4_INTC_emc_8nsbis/hw/micro_core_v4_INTC_emc8ns_bis.xsa
TRACE::2025-05-30.07:14:30::SCWPlatform:: Unique name xilinx:cmod_a7-35t::0.0
TRACE::2025-05-30.07:14:30::SCWPlatform::Trying to set the existing hwdb with name micro_core_v0_wrapper_0
TRACE::2025-05-30.07:14:30::SCWPlatform::Opened existing hwdb micro_core_v0_wrapper_0
TRACE::2025-05-30.07:14:30::SCWPlatform::Found the Hw Db part of the input DSA
TRACE::2025-05-30.07:14:30::SCWPlatform::Trying to open the hw design at C:/Users/ilpes/Desktop/Antenne_e_clocks/project_MicroBlaze_simple/microv4_INTC_emc_8nsbis/hw/micro_core_v4_INTC_emc8ns_bis.xsa
TRACE::2025-05-30.07:14:30::SCWPlatform::DSA given C:/Users/ilpes/Desktop/Antenne_e_clocks/project_MicroBlaze_simple/microv4_INTC_emc_8nsbis/hw/micro_core_v4_INTC_emc8ns_bis.xsa
TRACE::2025-05-30.07:14:30::SCWPlatform::DSA absoulate path C:/Users/ilpes/Desktop/Antenne_e_clocks/project_MicroBlaze_simple/microv4_INTC_emc_8nsbis/hw/micro_core_v4_INTC_emc8ns_bis.xsa
TRACE::2025-05-30.07:14:30::SCWPlatform::DSA directory C:/Users/ilpes/Desktop/Antenne_e_clocks/project_MicroBlaze_simple/microv4_INTC_emc_8nsbis/hw
TRACE::2025-05-30.07:14:30::SCWPlatform:: Platform Path C:/Users/ilpes/Desktop/Antenne_e_clocks/project_MicroBlaze_simple/microv4_INTC_emc_8nsbis/hw/micro_core_v4_INTC_emc8ns_bis.xsa
TRACE::2025-05-30.07:14:30::SCWPlatform:: Unique name xilinx:cmod_a7-35t::0.0
TRACE::2025-05-30.07:14:30::SCWPlatform::Trying to set the existing hwdb with name micro_core_v0_wrapper_0
TRACE::2025-05-30.07:14:30::SCWPlatform::Opened existing hwdb micro_core_v0_wrapper_0
TRACE::2025-05-30.07:14:30::SCWPlatform::Found the Hw Db part of the input DSA
TRACE::2025-05-30.07:14:30::SCWMssOS::Checking the sw design at  C:/Users/ilpes/Desktop/Antenne_e_clocks/project_MicroBlaze_simple/microv4_INTC_emc_8nsbis/microblaze_0/standalone_domain/bsp/system.mss
TRACE::2025-05-30.07:14:30::SCWMssOS::DEBUG:  swdes dump  
TRACE::2025-05-30.07:14:30::SCWMssOS::No sw design opened at  C:/Users/ilpes/Desktop/Antenne_e_clocks/project_MicroBlaze_simple/microv4_INTC_emc_8nsbis/microblaze_0/standalone_domain/bsp/system.mss
TRACE::2025-05-30.07:14:30::SCWMssOS::mss does not exists at C:/Users/ilpes/Desktop/Antenne_e_clocks/project_MicroBlaze_simple/microv4_INTC_emc_8nsbis/microblaze_0/standalone_domain/bsp/system.mss
TRACE::2025-05-30.07:14:30::SCWMssOS::Creating sw design at  C:/Users/ilpes/Desktop/Antenne_e_clocks/project_MicroBlaze_simple/microv4_INTC_emc_8nsbis/microblaze_0/standalone_domain/bsp/system.mss
TRACE::2025-05-30.07:14:30::SCWMssOS::Adding the swdes entry, created swdb C:/Users/ilpes/Desktop/Antenne_e_clocks/project_MicroBlaze_simple/microv4_INTC_emc_8nsbis/microblaze_0/standalone_domain/bsp/system.mss with des name C:/Users/ilpes/Desktop/Antenne_e_clocks/project_MicroBlaze_simple/microv4_INTC_emc_8nsbis/microblaze_0/standalone_domain/bsp/system.mss
TRACE::2025-05-30.07:14:30::SCWMssOS::updating the scw layer changes to swdes at   C:/Users/ilpes/Desktop/Antenne_e_clocks/project_MicroBlaze_simple/microv4_INTC_emc_8nsbis/microblaze_0/standalone_domain/bsp/system.mss
TRACE::2025-05-30.07:14:30::SCWMssOS::Writing mss at C:/Users/ilpes/Desktop/Antenne_e_clocks/project_MicroBlaze_simple/microv4_INTC_emc_8nsbis/microblaze_0/standalone_domain/bsp/system.mss
TRACE::2025-05-30.07:14:30::SCWMssOS::Completed writing the mss file at C:/Users/ilpes/Desktop/Antenne_e_clocks/project_MicroBlaze_simple/microv4_INTC_emc_8nsbis/microblaze_0/standalone_domain/bsp
TRACE::2025-05-30.07:14:30::SCWMssOS::Picking up changes from newly written mss file into SCW Layer. 
TRACE::2025-05-30.07:14:30::SCWMssOS::Updated the changes from newly written mss file into SCW Layer. 
TRACE::2025-05-30.07:14:30::SCWMssOS::Completed writing the mss file at C:/Users/ilpes/Desktop/Antenne_e_clocks/project_MicroBlaze_simple/microv4_INTC_emc_8nsbis/microblaze_0/standalone_domain/bsp
TRACE::2025-05-30.07:14:30::SCWMssOS::Forcing BSP Sources regeneration.
TRACE::2025-05-30.07:14:33::SCWMssOS::Saving the mss changes C:/Users/ilpes/Desktop/Antenne_e_clocks/project_MicroBlaze_simple/microv4_INTC_emc_8nsbis/microblaze_0/standalone_domain/bsp/system.mss
TRACE::2025-05-30.07:14:33::SCWMssOS::Found a swdesign opened with the mssfile.
TRACE::2025-05-30.07:14:33::SCWMssOS::Running validate of swdbs.
KEYINFO::2025-05-30.07:14:33::SCWMssOS::Could not open the swdb for C:/Users/ilpes/Desktop/Antenne_e_clocks/project_MicroBlaze_simple/microv4_INTC_emc_8nsbis/microblaze_0/standalone_domain/bsp/system.mss
KEYINFO::2025-05-30.07:14:33::SCWMssOS::Could not open the sw design at  C:/Users/ilpes/Desktop/Antenne_e_clocks/project_MicroBlaze_simple/microv4_INTC_emc_8nsbis/microblaze_0/standalone_domain/bsp/system.mss
ERROR: [Hsi 55-1558] Software Design C:/Users/ilpes/Desktop/Antenne_e_clocks/project_MicroBlaze_simple/microv4_INTC_emc_8nsbis/microblaze_0/standalone_domain/bsp/system.mss is not found

TRACE::2025-05-30.07:14:33::SCWMssOS::Cleared the swdb table entry
TRACE::2025-05-30.07:14:33::SCWMssOS::Adding the swdes entry, mss present, able to open swdb C:/Users/ilpes/Desktop/Antenne_e_clocks/project_MicroBlaze_simple/microv4_INTC_emc_8nsbis/microblaze_0/standalone_domain/bsp/system.mss with des name system
TRACE::2025-05-30.07:14:33::SCWMssOS::Writing the mss file completed C:/Users/ilpes/Desktop/Antenne_e_clocks/project_MicroBlaze_simple/microv4_INTC_emc_8nsbis/microblaze_0/standalone_domain/bsp/system.mss
TRACE::2025-05-30.07:14:33::SCWMssOS::Commit changes completed.
TRACE::2025-05-30.07:14:33::SCWPlatform::Trying to open the hw design at C:/Users/ilpes/Desktop/Antenne_e_clocks/project_MicroBlaze_simple/microv4_INTC_emc_8nsbis/hw/micro_core_v4_INTC_emc8ns_bis.xsa
TRACE::2025-05-30.07:14:33::SCWPlatform::DSA given C:/Users/ilpes/Desktop/Antenne_e_clocks/project_MicroBlaze_simple/microv4_INTC_emc_8nsbis/hw/micro_core_v4_INTC_emc8ns_bis.xsa
TRACE::2025-05-30.07:14:33::SCWPlatform::DSA absoulate path C:/Users/ilpes/Desktop/Antenne_e_clocks/project_MicroBlaze_simple/microv4_INTC_emc_8nsbis/hw/micro_core_v4_INTC_emc8ns_bis.xsa
TRACE::2025-05-30.07:14:33::SCWPlatform::DSA directory C:/Users/ilpes/Desktop/Antenne_e_clocks/project_MicroBlaze_simple/microv4_INTC_emc_8nsbis/hw
TRACE::2025-05-30.07:14:33::SCWPlatform:: Platform Path C:/Users/ilpes/Desktop/Antenne_e_clocks/project_MicroBlaze_simple/microv4_INTC_emc_8nsbis/hw/micro_core_v4_INTC_emc8ns_bis.xsa
TRACE::2025-05-30.07:14:33::SCWPlatform:: Unique name xilinx:cmod_a7-35t::0.0
TRACE::2025-05-30.07:14:33::SCWPlatform::Trying to set the existing hwdb with name micro_core_v0_wrapper_0
TRACE::2025-05-30.07:14:33::SCWPlatform::Opened existing hwdb micro_core_v0_wrapper_0
TRACE::2025-05-30.07:14:33::SCWPlatform::Found the Hw Db part of the input DSA
TRACE::2025-05-30.07:14:33::SCWMssOS::Checking the sw design at  C:/Users/ilpes/Desktop/Antenne_e_clocks/project_MicroBlaze_simple/microv4_INTC_emc_8nsbis/microblaze_0/standalone_domain/bsp/system.mss
TRACE::2025-05-30.07:14:33::SCWMssOS::DEBUG:  swdes dump  C:/Users/ilpes/Desktop/Antenne_e_clocks/project_MicroBlaze_simple/microv4_INTC_emc_8nsbis/microblaze_0/standalone_domain/bsp/system.mss|system||

TRACE::2025-05-30.07:14:33::SCWMssOS::Sw design exists and opened at  C:/Users/ilpes/Desktop/Antenne_e_clocks/project_MicroBlaze_simple/microv4_INTC_emc_8nsbis/microblaze_0/standalone_domain/bsp/system.mss
TRACE::2025-05-30.07:14:33::SCWPlatform::Trying to open the hw design at C:/Users/ilpes/Desktop/Antenne_e_clocks/project_MicroBlaze_simple/microv4_INTC_emc_8nsbis/hw/micro_core_v4_INTC_emc8ns_bis.xsa
TRACE::2025-05-30.07:14:33::SCWPlatform::DSA given C:/Users/ilpes/Desktop/Antenne_e_clocks/project_MicroBlaze_simple/microv4_INTC_emc_8nsbis/hw/micro_core_v4_INTC_emc8ns_bis.xsa
TRACE::2025-05-30.07:14:33::SCWPlatform::DSA absoulate path C:/Users/ilpes/Desktop/Antenne_e_clocks/project_MicroBlaze_simple/microv4_INTC_emc_8nsbis/hw/micro_core_v4_INTC_emc8ns_bis.xsa
TRACE::2025-05-30.07:14:33::SCWPlatform::DSA directory C:/Users/ilpes/Desktop/Antenne_e_clocks/project_MicroBlaze_simple/microv4_INTC_emc_8nsbis/hw
TRACE::2025-05-30.07:14:33::SCWPlatform:: Platform Path C:/Users/ilpes/Desktop/Antenne_e_clocks/project_MicroBlaze_simple/microv4_INTC_emc_8nsbis/hw/micro_core_v4_INTC_emc8ns_bis.xsa
TRACE::2025-05-30.07:14:33::SCWPlatform:: Unique name xilinx:cmod_a7-35t::0.0
TRACE::2025-05-30.07:14:33::SCWPlatform::Trying to set the existing hwdb with name micro_core_v0_wrapper_0
TRACE::2025-05-30.07:14:33::SCWPlatform::Opened existing hwdb micro_core_v0_wrapper_0
TRACE::2025-05-30.07:14:33::SCWPlatform::Found the Hw Db part of the input DSA
TRACE::2025-05-30.07:14:33::SCWMssOS::Checking the sw design at  C:/Users/ilpes/Desktop/Antenne_e_clocks/project_MicroBlaze_simple/microv4_INTC_emc_8nsbis/microblaze_0/standalone_domain/bsp/system.mss
TRACE::2025-05-30.07:14:33::SCWMssOS::DEBUG:  swdes dump  C:/Users/ilpes/Desktop/Antenne_e_clocks/project_MicroBlaze_simple/microv4_INTC_emc_8nsbis/microblaze_0/standalone_domain/bsp/system.mss|system||

TRACE::2025-05-30.07:14:33::SCWMssOS::Sw design exists and opened at  C:/Users/ilpes/Desktop/Antenne_e_clocks/project_MicroBlaze_simple/microv4_INTC_emc_8nsbis/microblaze_0/standalone_domain/bsp/system.mss
TRACE::2025-05-30.07:14:33::SCWPlatform::Trying to open the hw design at C:/Users/ilpes/Desktop/Antenne_e_clocks/project_MicroBlaze_simple/microv4_INTC_emc_8nsbis/hw/micro_core_v4_INTC_emc8ns_bis.xsa
TRACE::2025-05-30.07:14:33::SCWPlatform::DSA given C:/Users/ilpes/Desktop/Antenne_e_clocks/project_MicroBlaze_simple/microv4_INTC_emc_8nsbis/hw/micro_core_v4_INTC_emc8ns_bis.xsa
TRACE::2025-05-30.07:14:33::SCWPlatform::DSA absoulate path C:/Users/ilpes/Desktop/Antenne_e_clocks/project_MicroBlaze_simple/microv4_INTC_emc_8nsbis/hw/micro_core_v4_INTC_emc8ns_bis.xsa
TRACE::2025-05-30.07:14:33::SCWPlatform::DSA directory C:/Users/ilpes/Desktop/Antenne_e_clocks/project_MicroBlaze_simple/microv4_INTC_emc_8nsbis/hw
TRACE::2025-05-30.07:14:33::SCWPlatform:: Platform Path C:/Users/ilpes/Desktop/Antenne_e_clocks/project_MicroBlaze_simple/microv4_INTC_emc_8nsbis/hw/micro_core_v4_INTC_emc8ns_bis.xsa
TRACE::2025-05-30.07:14:33::SCWPlatform:: Unique name xilinx:cmod_a7-35t::0.0
TRACE::2025-05-30.07:14:33::SCWPlatform::Trying to set the existing hwdb with name micro_core_v0_wrapper_0
TRACE::2025-05-30.07:14:33::SCWPlatform::Opened existing hwdb micro_core_v0_wrapper_0
TRACE::2025-05-30.07:14:33::SCWPlatform::Found the Hw Db part of the input DSA
TRACE::2025-05-30.07:14:33::SCWMssOS::Checking the sw design at  C:/Users/ilpes/Desktop/Antenne_e_clocks/project_MicroBlaze_simple/microv4_INTC_emc_8nsbis/microblaze_0/standalone_domain/bsp/system.mss
TRACE::2025-05-30.07:14:33::SCWMssOS::DEBUG:  swdes dump  C:/Users/ilpes/Desktop/Antenne_e_clocks/project_MicroBlaze_simple/microv4_INTC_emc_8nsbis/microblaze_0/standalone_domain/bsp/system.mss|system||

TRACE::2025-05-30.07:14:33::SCWMssOS::Sw design exists and opened at  C:/Users/ilpes/Desktop/Antenne_e_clocks/project_MicroBlaze_simple/microv4_INTC_emc_8nsbis/microblaze_0/standalone_domain/bsp/system.mss
TRACE::2025-05-30.07:14:33::SCWWriter::formatted JSON is {
	"platformName":	"microv4_INTC_emc_8nsbis",
	"sprVersion":	"2.0",
	"mode":	"gui",
	"dsaType":	"Fixed",
	"platformDesc":	"microv4_INTC_emc_8nsbis",
	"platHandOff":	"C:/Users/ilpes/Desktop/Antenne_e_clocks/project_MB_INTC_emc/micro_core_v4_INTC_emc8ns_bis.xsa",
	"platIntHandOff":	"<platformDir>/hw/micro_core_v4_INTC_emc8ns_bis.xsa",
	"deviceType":	"FPGA",
	"platIsPrebuiltAutogen":	"false",
	"platIsNoBootBsp":	"false",
	"hasFsblMakeHasChanges":	"false",
	"hasPmufwMakeHasChanges":	"false",
	"platPreBuiltFlag":	false,
	"platformSamplesDir":	"",
	"platActiveSys":	"microv4_INTC_emc_8nsbis",
	"systems":	[{
			"systemName":	"microv4_INTC_emc_8nsbis",
			"systemDesc":	"microv4_INTC_emc_8nsbis",
			"sysIsBootAutoGen":	"true",
			"systemDispName":	"microv4_INTC_emc_8nsbis",
			"sysActiveDom":	"standalone_domain",
			"sysDefaultDom":	"standalone_domain",
			"domains":	[{
					"domainName":	"standalone_domain",
					"domainDispName":	"standalone_domain",
					"domainDesc":	"standalone_domain",
					"processors":	"microblaze_0",
					"os":	"standalone",
					"sdxOs":	"standalone",
					"debugEnable":	"False",
					"domRuntimes":	["cpp"],
					"swRepo":	"",
					"mssOsVer":	"7.3",
					"mssFile":	"",
					"md5Digest":	"d795e7b2faf74e9a20292a492d94dc6f",
					"compatibleApp":	"",
					"domType":	"mssDomain",
					"arch":	"32-bit",
					"appSettings":	{
						"appCompilerFlags":	"",
						"appLinkerFlags":	""
					},
					"addedLibs":	[],
					"libOptions":	{
						"libsContainingOptions":	[]
					},
					"prebuiltLibs":	{
						"prebuiltIncPath":	[],
						"prebuiltLibPath":	[]
					},
					"isolation":	{
					}
				}]
		}]
}
LOG::2025-05-30.07:14:33::SCWPlatform::Started generating the artifacts platform microv4_INTC_emc_8nsbis
TRACE::2025-05-30.07:14:33::SCWPlatform::Sanity checking of platform is completed
LOG::2025-05-30.07:14:33::SCWPlatform::Started generating the artifacts for system configuration microv4_INTC_emc_8nsbis
LOG::2025-05-30.07:14:33::SCWSystem::Checking the domain standalone_domain
LOG::2025-05-30.07:14:33::SCWSystem::Not a boot domain 
LOG::2025-05-30.07:14:33::SCWSystem::Started Processing the domain standalone_domain
TRACE::2025-05-30.07:14:33::SCWDomain::Generating domain artifcats
TRACE::2025-05-30.07:14:33::SCWMssOS::Generating standalone artifcats
TRACE::2025-05-30.07:14:33::SCWMssOS:: Copying the user libraries. 
TRACE::2025-05-30.07:14:33::SCWPlatform::Trying to open the hw design at C:/Users/ilpes/Desktop/Antenne_e_clocks/project_MicroBlaze_simple/microv4_INTC_emc_8nsbis/hw/micro_core_v4_INTC_emc8ns_bis.xsa
TRACE::2025-05-30.07:14:33::SCWPlatform::DSA given C:/Users/ilpes/Desktop/Antenne_e_clocks/project_MicroBlaze_simple/microv4_INTC_emc_8nsbis/hw/micro_core_v4_INTC_emc8ns_bis.xsa
TRACE::2025-05-30.07:14:33::SCWPlatform::DSA absoulate path C:/Users/ilpes/Desktop/Antenne_e_clocks/project_MicroBlaze_simple/microv4_INTC_emc_8nsbis/hw/micro_core_v4_INTC_emc8ns_bis.xsa
TRACE::2025-05-30.07:14:33::SCWPlatform::DSA directory C:/Users/ilpes/Desktop/Antenne_e_clocks/project_MicroBlaze_simple/microv4_INTC_emc_8nsbis/hw
TRACE::2025-05-30.07:14:33::SCWPlatform:: Platform Path C:/Users/ilpes/Desktop/Antenne_e_clocks/project_MicroBlaze_simple/microv4_INTC_emc_8nsbis/hw/micro_core_v4_INTC_emc8ns_bis.xsa
TRACE::2025-05-30.07:14:33::SCWPlatform:: Unique name xilinx:cmod_a7-35t::0.0
TRACE::2025-05-30.07:14:33::SCWPlatform::Trying to set the existing hwdb with name micro_core_v0_wrapper_0
TRACE::2025-05-30.07:14:33::SCWPlatform::Opened existing hwdb micro_core_v0_wrapper_0
TRACE::2025-05-30.07:14:33::SCWPlatform::Found the Hw Db part of the input DSA
TRACE::2025-05-30.07:14:33::SCWMssOS::Checking the sw design at  C:/Users/ilpes/Desktop/Antenne_e_clocks/project_MicroBlaze_simple/microv4_INTC_emc_8nsbis/microblaze_0/standalone_domain/bsp/system.mss
TRACE::2025-05-30.07:14:33::SCWMssOS::DEBUG:  swdes dump  C:/Users/ilpes/Desktop/Antenne_e_clocks/project_MicroBlaze_simple/microv4_INTC_emc_8nsbis/microblaze_0/standalone_domain/bsp/system.mss|system||

TRACE::2025-05-30.07:14:33::SCWMssOS::Sw design exists and opened at  C:/Users/ilpes/Desktop/Antenne_e_clocks/project_MicroBlaze_simple/microv4_INTC_emc_8nsbis/microblaze_0/standalone_domain/bsp/system.mss
TRACE::2025-05-30.07:14:33::SCWMssOS::Completed writing the mss file at C:/Users/ilpes/Desktop/Antenne_e_clocks/project_MicroBlaze_simple/microv4_INTC_emc_8nsbis/microblaze_0/standalone_domain/bsp
TRACE::2025-05-30.07:14:33::SCWMssOS::Mss edits present, copying mssfile into export location C:/Users/ilpes/Desktop/Antenne_e_clocks/project_MicroBlaze_simple/microv4_INTC_emc_8nsbis/microblaze_0/standalone_domain/bsp/system.mss
TRACE::2025-05-30.07:14:33::SCWMssOS::bsp generated is upto date with the mss file. Skipping bsp generation.
TRACE::2025-05-30.07:14:33::SCWMssOS::BSP is already built. skipping the bsp build ... 
TRACE::2025-05-30.07:14:33::SCWDomain::Skipping the build for domain :  standalone_domain
TRACE::2025-05-30.07:14:33::SCWMssOS::skipping the bsp build ... 
TRACE::2025-05-30.07:14:33::SCWMssOS::Copying to export directory.
TRACE::2025-05-30.07:14:33::SCWMssOS:: Checking if to create the Supporting Applications
TRACE::2025-05-30.07:14:33::SCWMssOS:: No Linux domain exists, trying to generate FSBL 
LOG::2025-05-30.07:14:33::SCWSystem::Completed Processing the domain standalone_domain
LOG::2025-05-30.07:14:33::SCWSystem::Completed Processing the sysconfig microv4_INTC_emc_8nsbis
LOG::2025-05-30.07:14:33::SCWPlatform::Completed generating the artifacts for system configuration microv4_INTC_emc_8nsbis
TRACE::2025-05-30.07:14:33::SCWPlatform::Started preparing the platform 
TRACE::2025-05-30.07:14:33::SCWSystem::Writing the bif file for system config microv4_INTC_emc_8nsbis
TRACE::2025-05-30.07:14:33::SCWSystem::dir created 
TRACE::2025-05-30.07:14:33::SCWSystem::Writing the bif 
TRACE::2025-05-30.07:14:33::SCWPlatform::Started writing the spfm file 
TRACE::2025-05-30.07:14:33::SCWPlatform::Started writing the xpfm file 
TRACE::2025-05-30.07:14:33::SCWPlatform::Completed generating the platform
TRACE::2025-05-30.07:14:33::SCWMssOS::Saving the mss changes C:/Users/ilpes/Desktop/Antenne_e_clocks/project_MicroBlaze_simple/microv4_INTC_emc_8nsbis/microblaze_0/standalone_domain/bsp/system.mss
TRACE::2025-05-30.07:14:33::SCWMssOS::Found a swdesign opened with the mssfile.
TRACE::2025-05-30.07:14:33::SCWMssOS::Completed writemss as part of save.
TRACE::2025-05-30.07:14:33::SCWMssOS::Commit changes completed.
TRACE::2025-05-30.07:14:33::SCWPlatform::Trying to open the hw design at C:/Users/ilpes/Desktop/Antenne_e_clocks/project_MicroBlaze_simple/microv4_INTC_emc_8nsbis/hw/micro_core_v4_INTC_emc8ns_bis.xsa
TRACE::2025-05-30.07:14:33::SCWPlatform::DSA given C:/Users/ilpes/Desktop/Antenne_e_clocks/project_MicroBlaze_simple/microv4_INTC_emc_8nsbis/hw/micro_core_v4_INTC_emc8ns_bis.xsa
TRACE::2025-05-30.07:14:33::SCWPlatform::DSA absoulate path C:/Users/ilpes/Desktop/Antenne_e_clocks/project_MicroBlaze_simple/microv4_INTC_emc_8nsbis/hw/micro_core_v4_INTC_emc8ns_bis.xsa
TRACE::2025-05-30.07:14:33::SCWPlatform::DSA directory C:/Users/ilpes/Desktop/Antenne_e_clocks/project_MicroBlaze_simple/microv4_INTC_emc_8nsbis/hw
TRACE::2025-05-30.07:14:33::SCWPlatform:: Platform Path C:/Users/ilpes/Desktop/Antenne_e_clocks/project_MicroBlaze_simple/microv4_INTC_emc_8nsbis/hw/micro_core_v4_INTC_emc8ns_bis.xsa
TRACE::2025-05-30.07:14:33::SCWPlatform:: Unique name xilinx:cmod_a7-35t::0.0
TRACE::2025-05-30.07:14:33::SCWPlatform::Trying to set the existing hwdb with name micro_core_v0_wrapper_0
TRACE::2025-05-30.07:14:33::SCWPlatform::Opened existing hwdb micro_core_v0_wrapper_0
TRACE::2025-05-30.07:14:33::SCWPlatform::Found the Hw Db part of the input DSA
TRACE::2025-05-30.07:14:33::SCWMssOS::Checking the sw design at  C:/Users/ilpes/Desktop/Antenne_e_clocks/project_MicroBlaze_simple/microv4_INTC_emc_8nsbis/microblaze_0/standalone_domain/bsp/system.mss
TRACE::2025-05-30.07:14:33::SCWMssOS::DEBUG:  swdes dump  C:/Users/ilpes/Desktop/Antenne_e_clocks/project_MicroBlaze_simple/microv4_INTC_emc_8nsbis/microblaze_0/standalone_domain/bsp/system.mss|system||

TRACE::2025-05-30.07:14:33::SCWMssOS::Sw design exists and opened at  C:/Users/ilpes/Desktop/Antenne_e_clocks/project_MicroBlaze_simple/microv4_INTC_emc_8nsbis/microblaze_0/standalone_domain/bsp/system.mss
TRACE::2025-05-30.07:14:33::SCWPlatform::Trying to open the hw design at C:/Users/ilpes/Desktop/Antenne_e_clocks/project_MicroBlaze_simple/microv4_INTC_emc_8nsbis/hw/micro_core_v4_INTC_emc8ns_bis.xsa
TRACE::2025-05-30.07:14:33::SCWPlatform::DSA given C:/Users/ilpes/Desktop/Antenne_e_clocks/project_MicroBlaze_simple/microv4_INTC_emc_8nsbis/hw/micro_core_v4_INTC_emc8ns_bis.xsa
TRACE::2025-05-30.07:14:33::SCWPlatform::DSA absoulate path C:/Users/ilpes/Desktop/Antenne_e_clocks/project_MicroBlaze_simple/microv4_INTC_emc_8nsbis/hw/micro_core_v4_INTC_emc8ns_bis.xsa
TRACE::2025-05-30.07:14:33::SCWPlatform::DSA directory C:/Users/ilpes/Desktop/Antenne_e_clocks/project_MicroBlaze_simple/microv4_INTC_emc_8nsbis/hw
TRACE::2025-05-30.07:14:33::SCWPlatform:: Platform Path C:/Users/ilpes/Desktop/Antenne_e_clocks/project_MicroBlaze_simple/microv4_INTC_emc_8nsbis/hw/micro_core_v4_INTC_emc8ns_bis.xsa
TRACE::2025-05-30.07:14:33::SCWPlatform:: Unique name xilinx:cmod_a7-35t::0.0
TRACE::2025-05-30.07:14:33::SCWPlatform::Trying to set the existing hwdb with name micro_core_v0_wrapper_0
TRACE::2025-05-30.07:14:33::SCWPlatform::Opened existing hwdb micro_core_v0_wrapper_0
TRACE::2025-05-30.07:14:33::SCWPlatform::Found the Hw Db part of the input DSA
TRACE::2025-05-30.07:14:33::SCWMssOS::Checking the sw design at  C:/Users/ilpes/Desktop/Antenne_e_clocks/project_MicroBlaze_simple/microv4_INTC_emc_8nsbis/microblaze_0/standalone_domain/bsp/system.mss
TRACE::2025-05-30.07:14:33::SCWMssOS::DEBUG:  swdes dump  C:/Users/ilpes/Desktop/Antenne_e_clocks/project_MicroBlaze_simple/microv4_INTC_emc_8nsbis/microblaze_0/standalone_domain/bsp/system.mss|system||

TRACE::2025-05-30.07:14:33::SCWMssOS::Sw design exists and opened at  C:/Users/ilpes/Desktop/Antenne_e_clocks/project_MicroBlaze_simple/microv4_INTC_emc_8nsbis/microblaze_0/standalone_domain/bsp/system.mss
TRACE::2025-05-30.07:14:33::SCWPlatform::Trying to open the hw design at C:/Users/ilpes/Desktop/Antenne_e_clocks/project_MicroBlaze_simple/microv4_INTC_emc_8nsbis/hw/micro_core_v4_INTC_emc8ns_bis.xsa
TRACE::2025-05-30.07:14:33::SCWPlatform::DSA given C:/Users/ilpes/Desktop/Antenne_e_clocks/project_MicroBlaze_simple/microv4_INTC_emc_8nsbis/hw/micro_core_v4_INTC_emc8ns_bis.xsa
TRACE::2025-05-30.07:14:33::SCWPlatform::DSA absoulate path C:/Users/ilpes/Desktop/Antenne_e_clocks/project_MicroBlaze_simple/microv4_INTC_emc_8nsbis/hw/micro_core_v4_INTC_emc8ns_bis.xsa
TRACE::2025-05-30.07:14:33::SCWPlatform::DSA directory C:/Users/ilpes/Desktop/Antenne_e_clocks/project_MicroBlaze_simple/microv4_INTC_emc_8nsbis/hw
TRACE::2025-05-30.07:14:33::SCWPlatform:: Platform Path C:/Users/ilpes/Desktop/Antenne_e_clocks/project_MicroBlaze_simple/microv4_INTC_emc_8nsbis/hw/micro_core_v4_INTC_emc8ns_bis.xsa
TRACE::2025-05-30.07:14:33::SCWPlatform:: Unique name xilinx:cmod_a7-35t::0.0
TRACE::2025-05-30.07:14:33::SCWPlatform::Trying to set the existing hwdb with name micro_core_v0_wrapper_0
TRACE::2025-05-30.07:14:33::SCWPlatform::Opened existing hwdb micro_core_v0_wrapper_0
TRACE::2025-05-30.07:14:33::SCWPlatform::Found the Hw Db part of the input DSA
TRACE::2025-05-30.07:14:33::SCWMssOS::Checking the sw design at  C:/Users/ilpes/Desktop/Antenne_e_clocks/project_MicroBlaze_simple/microv4_INTC_emc_8nsbis/microblaze_0/standalone_domain/bsp/system.mss
TRACE::2025-05-30.07:14:33::SCWMssOS::DEBUG:  swdes dump  C:/Users/ilpes/Desktop/Antenne_e_clocks/project_MicroBlaze_simple/microv4_INTC_emc_8nsbis/microblaze_0/standalone_domain/bsp/system.mss|system||

TRACE::2025-05-30.07:14:33::SCWMssOS::Sw design exists and opened at  C:/Users/ilpes/Desktop/Antenne_e_clocks/project_MicroBlaze_simple/microv4_INTC_emc_8nsbis/microblaze_0/standalone_domain/bsp/system.mss
TRACE::2025-05-30.07:14:33::SCWWriter::formatted JSON is {
	"platformName":	"microv4_INTC_emc_8nsbis",
	"sprVersion":	"2.0",
	"mode":	"gui",
	"dsaType":	"Fixed",
	"platformDesc":	"microv4_INTC_emc_8nsbis",
	"platHandOff":	"C:/Users/ilpes/Desktop/Antenne_e_clocks/project_MB_INTC_emc/micro_core_v4_INTC_emc8ns_bis.xsa",
	"platIntHandOff":	"<platformDir>/hw/micro_core_v4_INTC_emc8ns_bis.xsa",
	"deviceType":	"FPGA",
	"platIsPrebuiltAutogen":	"false",
	"platIsNoBootBsp":	"false",
	"hasFsblMakeHasChanges":	"false",
	"hasPmufwMakeHasChanges":	"false",
	"platPreBuiltFlag":	false,
	"platformSamplesDir":	"",
	"platActiveSys":	"microv4_INTC_emc_8nsbis",
	"systems":	[{
			"systemName":	"microv4_INTC_emc_8nsbis",
			"systemDesc":	"microv4_INTC_emc_8nsbis",
			"sysIsBootAutoGen":	"true",
			"systemDispName":	"microv4_INTC_emc_8nsbis",
			"sysActiveDom":	"standalone_domain",
			"sysDefaultDom":	"standalone_domain",
			"domains":	[{
					"domainName":	"standalone_domain",
					"domainDispName":	"standalone_domain",
					"domainDesc":	"standalone_domain",
					"processors":	"microblaze_0",
					"os":	"standalone",
					"sdxOs":	"standalone",
					"debugEnable":	"False",
					"domRuntimes":	["cpp"],
					"swRepo":	"",
					"mssOsVer":	"7.3",
					"mssFile":	"",
					"md5Digest":	"d795e7b2faf74e9a20292a492d94dc6f",
					"compatibleApp":	"",
					"domType":	"mssDomain",
					"arch":	"32-bit",
					"appSettings":	{
						"appCompilerFlags":	"",
						"appLinkerFlags":	""
					},
					"addedLibs":	[],
					"libOptions":	{
						"libsContainingOptions":	[]
					},
					"prebuiltLibs":	{
						"prebuiltIncPath":	[],
						"prebuiltLibPath":	[]
					},
					"isolation":	{
					}
				}]
		}]
}
KEYINFO::2025-05-30.07:14:33::SCWPlatform::updated the xpfm file.
TRACE::2025-05-30.07:14:34::SCWPlatform::Trying to open the hw design at C:/Users/ilpes/Desktop/Antenne_e_clocks/project_MicroBlaze_simple/microv4_INTC_emc_8nsbis/hw/micro_core_v4_INTC_emc8ns_bis.xsa
TRACE::2025-05-30.07:14:34::SCWPlatform::DSA given C:/Users/ilpes/Desktop/Antenne_e_clocks/project_MicroBlaze_simple/microv4_INTC_emc_8nsbis/hw/micro_core_v4_INTC_emc8ns_bis.xsa
TRACE::2025-05-30.07:14:34::SCWPlatform::DSA absoulate path C:/Users/ilpes/Desktop/Antenne_e_clocks/project_MicroBlaze_simple/microv4_INTC_emc_8nsbis/hw/micro_core_v4_INTC_emc8ns_bis.xsa
TRACE::2025-05-30.07:14:34::SCWPlatform::DSA directory C:/Users/ilpes/Desktop/Antenne_e_clocks/project_MicroBlaze_simple/microv4_INTC_emc_8nsbis/hw
TRACE::2025-05-30.07:14:34::SCWPlatform:: Platform Path C:/Users/ilpes/Desktop/Antenne_e_clocks/project_MicroBlaze_simple/microv4_INTC_emc_8nsbis/hw/micro_core_v4_INTC_emc8ns_bis.xsa
TRACE::2025-05-30.07:14:34::SCWPlatform:: Unique name xilinx:cmod_a7-35t::0.0
TRACE::2025-05-30.07:14:34::SCWPlatform::Trying to set the existing hwdb with name micro_core_v0_wrapper_0
TRACE::2025-05-30.07:14:34::SCWPlatform::Opened existing hwdb micro_core_v0_wrapper_0
TRACE::2025-05-30.07:14:34::SCWPlatform::Found the Hw Db part of the input DSA
TRACE::2025-05-30.07:14:34::SCWMssOS::Checking the sw design at  C:/Users/ilpes/Desktop/Antenne_e_clocks/project_MicroBlaze_simple/microv4_INTC_emc_8nsbis/microblaze_0/standalone_domain/bsp/system.mss
TRACE::2025-05-30.07:14:34::SCWMssOS::DEBUG:  swdes dump  C:/Users/ilpes/Desktop/Antenne_e_clocks/project_MicroBlaze_simple/microv4_INTC_emc_8nsbis/microblaze_0/standalone_domain/bsp/system.mss|system||

TRACE::2025-05-30.07:14:34::SCWMssOS::Sw design exists and opened at  C:/Users/ilpes/Desktop/Antenne_e_clocks/project_MicroBlaze_simple/microv4_INTC_emc_8nsbis/microblaze_0/standalone_domain/bsp/system.mss
TRACE::2025-05-30.07:14:34::SCWMssOS::Saving the mss changes C:/Users/ilpes/Desktop/Antenne_e_clocks/project_MicroBlaze_simple/microv4_INTC_emc_8nsbis/microblaze_0/standalone_domain/bsp/system.mss
TRACE::2025-05-30.07:14:34::SCWMssOS::Found a swdesign opened with the mssfile.
TRACE::2025-05-30.07:14:34::SCWMssOS::Completed writemss as part of save.
TRACE::2025-05-30.07:14:34::SCWMssOS::Commit changes completed.
TRACE::2025-05-30.07:14:34::SCWPlatform::Trying to open the hw design at C:/Users/ilpes/Desktop/Antenne_e_clocks/project_MicroBlaze_simple/microv4_INTC_emc_8nsbis/hw/micro_core_v4_INTC_emc8ns_bis.xsa
TRACE::2025-05-30.07:14:34::SCWPlatform::DSA given C:/Users/ilpes/Desktop/Antenne_e_clocks/project_MicroBlaze_simple/microv4_INTC_emc_8nsbis/hw/micro_core_v4_INTC_emc8ns_bis.xsa
TRACE::2025-05-30.07:14:34::SCWPlatform::DSA absoulate path C:/Users/ilpes/Desktop/Antenne_e_clocks/project_MicroBlaze_simple/microv4_INTC_emc_8nsbis/hw/micro_core_v4_INTC_emc8ns_bis.xsa
TRACE::2025-05-30.07:14:34::SCWPlatform::DSA directory C:/Users/ilpes/Desktop/Antenne_e_clocks/project_MicroBlaze_simple/microv4_INTC_emc_8nsbis/hw
TRACE::2025-05-30.07:14:34::SCWPlatform:: Platform Path C:/Users/ilpes/Desktop/Antenne_e_clocks/project_MicroBlaze_simple/microv4_INTC_emc_8nsbis/hw/micro_core_v4_INTC_emc8ns_bis.xsa
TRACE::2025-05-30.07:14:34::SCWPlatform:: Unique name xilinx:cmod_a7-35t::0.0
TRACE::2025-05-30.07:14:34::SCWPlatform::Trying to set the existing hwdb with name micro_core_v0_wrapper_0
TRACE::2025-05-30.07:14:34::SCWPlatform::Opened existing hwdb micro_core_v0_wrapper_0
TRACE::2025-05-30.07:14:34::SCWPlatform::Found the Hw Db part of the input DSA
TRACE::2025-05-30.07:14:34::SCWMssOS::Checking the sw design at  C:/Users/ilpes/Desktop/Antenne_e_clocks/project_MicroBlaze_simple/microv4_INTC_emc_8nsbis/microblaze_0/standalone_domain/bsp/system.mss
TRACE::2025-05-30.07:14:34::SCWMssOS::DEBUG:  swdes dump  C:/Users/ilpes/Desktop/Antenne_e_clocks/project_MicroBlaze_simple/microv4_INTC_emc_8nsbis/microblaze_0/standalone_domain/bsp/system.mss|system||

TRACE::2025-05-30.07:14:34::SCWMssOS::Sw design exists and opened at  C:/Users/ilpes/Desktop/Antenne_e_clocks/project_MicroBlaze_simple/microv4_INTC_emc_8nsbis/microblaze_0/standalone_domain/bsp/system.mss
TRACE::2025-05-30.07:14:34::SCWPlatform::Trying to open the hw design at C:/Users/ilpes/Desktop/Antenne_e_clocks/project_MicroBlaze_simple/microv4_INTC_emc_8nsbis/hw/micro_core_v4_INTC_emc8ns_bis.xsa
TRACE::2025-05-30.07:14:34::SCWPlatform::DSA given C:/Users/ilpes/Desktop/Antenne_e_clocks/project_MicroBlaze_simple/microv4_INTC_emc_8nsbis/hw/micro_core_v4_INTC_emc8ns_bis.xsa
TRACE::2025-05-30.07:14:34::SCWPlatform::DSA absoulate path C:/Users/ilpes/Desktop/Antenne_e_clocks/project_MicroBlaze_simple/microv4_INTC_emc_8nsbis/hw/micro_core_v4_INTC_emc8ns_bis.xsa
TRACE::2025-05-30.07:14:34::SCWPlatform::DSA directory C:/Users/ilpes/Desktop/Antenne_e_clocks/project_MicroBlaze_simple/microv4_INTC_emc_8nsbis/hw
TRACE::2025-05-30.07:14:34::SCWPlatform:: Platform Path C:/Users/ilpes/Desktop/Antenne_e_clocks/project_MicroBlaze_simple/microv4_INTC_emc_8nsbis/hw/micro_core_v4_INTC_emc8ns_bis.xsa
TRACE::2025-05-30.07:14:34::SCWPlatform:: Unique name xilinx:cmod_a7-35t::0.0
TRACE::2025-05-30.07:14:34::SCWPlatform::Trying to set the existing hwdb with name micro_core_v0_wrapper_0
TRACE::2025-05-30.07:14:34::SCWPlatform::Opened existing hwdb micro_core_v0_wrapper_0
TRACE::2025-05-30.07:14:34::SCWPlatform::Found the Hw Db part of the input DSA
TRACE::2025-05-30.07:14:34::SCWMssOS::Checking the sw design at  C:/Users/ilpes/Desktop/Antenne_e_clocks/project_MicroBlaze_simple/microv4_INTC_emc_8nsbis/microblaze_0/standalone_domain/bsp/system.mss
TRACE::2025-05-30.07:14:34::SCWMssOS::DEBUG:  swdes dump  C:/Users/ilpes/Desktop/Antenne_e_clocks/project_MicroBlaze_simple/microv4_INTC_emc_8nsbis/microblaze_0/standalone_domain/bsp/system.mss|system||

TRACE::2025-05-30.07:14:34::SCWMssOS::Sw design exists and opened at  C:/Users/ilpes/Desktop/Antenne_e_clocks/project_MicroBlaze_simple/microv4_INTC_emc_8nsbis/microblaze_0/standalone_domain/bsp/system.mss
TRACE::2025-05-30.07:14:34::SCWPlatform::Trying to open the hw design at C:/Users/ilpes/Desktop/Antenne_e_clocks/project_MicroBlaze_simple/microv4_INTC_emc_8nsbis/hw/micro_core_v4_INTC_emc8ns_bis.xsa
TRACE::2025-05-30.07:14:34::SCWPlatform::DSA given C:/Users/ilpes/Desktop/Antenne_e_clocks/project_MicroBlaze_simple/microv4_INTC_emc_8nsbis/hw/micro_core_v4_INTC_emc8ns_bis.xsa
TRACE::2025-05-30.07:14:34::SCWPlatform::DSA absoulate path C:/Users/ilpes/Desktop/Antenne_e_clocks/project_MicroBlaze_simple/microv4_INTC_emc_8nsbis/hw/micro_core_v4_INTC_emc8ns_bis.xsa
TRACE::2025-05-30.07:14:34::SCWPlatform::DSA directory C:/Users/ilpes/Desktop/Antenne_e_clocks/project_MicroBlaze_simple/microv4_INTC_emc_8nsbis/hw
TRACE::2025-05-30.07:14:34::SCWPlatform:: Platform Path C:/Users/ilpes/Desktop/Antenne_e_clocks/project_MicroBlaze_simple/microv4_INTC_emc_8nsbis/hw/micro_core_v4_INTC_emc8ns_bis.xsa
TRACE::2025-05-30.07:14:34::SCWPlatform:: Unique name xilinx:cmod_a7-35t::0.0
TRACE::2025-05-30.07:14:34::SCWPlatform::Trying to set the existing hwdb with name micro_core_v0_wrapper_0
TRACE::2025-05-30.07:14:34::SCWPlatform::Opened existing hwdb micro_core_v0_wrapper_0
TRACE::2025-05-30.07:14:34::SCWPlatform::Found the Hw Db part of the input DSA
TRACE::2025-05-30.07:14:34::SCWMssOS::Checking the sw design at  C:/Users/ilpes/Desktop/Antenne_e_clocks/project_MicroBlaze_simple/microv4_INTC_emc_8nsbis/microblaze_0/standalone_domain/bsp/system.mss
TRACE::2025-05-30.07:14:34::SCWMssOS::DEBUG:  swdes dump  C:/Users/ilpes/Desktop/Antenne_e_clocks/project_MicroBlaze_simple/microv4_INTC_emc_8nsbis/microblaze_0/standalone_domain/bsp/system.mss|system||

TRACE::2025-05-30.07:14:34::SCWMssOS::Sw design exists and opened at  C:/Users/ilpes/Desktop/Antenne_e_clocks/project_MicroBlaze_simple/microv4_INTC_emc_8nsbis/microblaze_0/standalone_domain/bsp/system.mss
TRACE::2025-05-30.07:14:34::SCWWriter::formatted JSON is {
	"platformName":	"microv4_INTC_emc_8nsbis",
	"sprVersion":	"2.0",
	"mode":	"gui",
	"dsaType":	"Fixed",
	"platformDesc":	"microv4_INTC_emc_8nsbis",
	"platHandOff":	"C:/Users/ilpes/Desktop/Antenne_e_clocks/project_MB_INTC_emc/micro_core_v4_INTC_emc8ns_bis.xsa",
	"platIntHandOff":	"<platformDir>/hw/micro_core_v4_INTC_emc8ns_bis.xsa",
	"deviceType":	"FPGA",
	"platIsPrebuiltAutogen":	"false",
	"platIsNoBootBsp":	"false",
	"hasFsblMakeHasChanges":	"false",
	"hasPmufwMakeHasChanges":	"false",
	"platPreBuiltFlag":	false,
	"platformSamplesDir":	"",
	"platActiveSys":	"microv4_INTC_emc_8nsbis",
	"systems":	[{
			"systemName":	"microv4_INTC_emc_8nsbis",
			"systemDesc":	"microv4_INTC_emc_8nsbis",
			"sysIsBootAutoGen":	"true",
			"systemDispName":	"microv4_INTC_emc_8nsbis",
			"sysActiveDom":	"standalone_domain",
			"sysDefaultDom":	"standalone_domain",
			"domains":	[{
					"domainName":	"standalone_domain",
					"domainDispName":	"standalone_domain",
					"domainDesc":	"standalone_domain",
					"processors":	"microblaze_0",
					"os":	"standalone",
					"sdxOs":	"standalone",
					"debugEnable":	"False",
					"domRuntimes":	["cpp"],
					"swRepo":	"",
					"mssOsVer":	"7.3",
					"mssFile":	"",
					"md5Digest":	"d795e7b2faf74e9a20292a492d94dc6f",
					"compatibleApp":	"",
					"domType":	"mssDomain",
					"arch":	"32-bit",
					"appSettings":	{
						"appCompilerFlags":	"",
						"appLinkerFlags":	""
					},
					"addedLibs":	[],
					"libOptions":	{
						"libsContainingOptions":	[]
					},
					"prebuiltLibs":	{
						"prebuiltIncPath":	[],
						"prebuiltLibPath":	[]
					},
					"isolation":	{
					}
				}]
		}]
}
TRACE::2025-05-30.07:14:34::SCWPlatform::Trying to open the hw design at C:/Users/ilpes/Desktop/Antenne_e_clocks/project_MicroBlaze_simple/microv4_INTC_emc_8nsbis/hw/micro_core_v4_INTC_emc8ns_bis.xsa
TRACE::2025-05-30.07:14:34::SCWPlatform::DSA given C:/Users/ilpes/Desktop/Antenne_e_clocks/project_MicroBlaze_simple/microv4_INTC_emc_8nsbis/hw/micro_core_v4_INTC_emc8ns_bis.xsa
TRACE::2025-05-30.07:14:34::SCWPlatform::DSA absoulate path C:/Users/ilpes/Desktop/Antenne_e_clocks/project_MicroBlaze_simple/microv4_INTC_emc_8nsbis/hw/micro_core_v4_INTC_emc8ns_bis.xsa
TRACE::2025-05-30.07:14:34::SCWPlatform::DSA directory C:/Users/ilpes/Desktop/Antenne_e_clocks/project_MicroBlaze_simple/microv4_INTC_emc_8nsbis/hw
TRACE::2025-05-30.07:14:34::SCWPlatform:: Platform Path C:/Users/ilpes/Desktop/Antenne_e_clocks/project_MicroBlaze_simple/microv4_INTC_emc_8nsbis/hw/micro_core_v4_INTC_emc8ns_bis.xsa
TRACE::2025-05-30.07:14:34::SCWPlatform:: Unique name xilinx:cmod_a7-35t::0.0
TRACE::2025-05-30.07:14:34::SCWPlatform::Trying to set the existing hwdb with name micro_core_v0_wrapper_0
TRACE::2025-05-30.07:14:34::SCWPlatform::Opened existing hwdb micro_core_v0_wrapper_0
TRACE::2025-05-30.07:14:34::SCWPlatform::Found the Hw Db part of the input DSA
TRACE::2025-05-30.07:14:34::SCWMssOS::Checking the sw design at  C:/Users/ilpes/Desktop/Antenne_e_clocks/project_MicroBlaze_simple/microv4_INTC_emc_8nsbis/microblaze_0/standalone_domain/bsp/system.mss
TRACE::2025-05-30.07:14:34::SCWMssOS::DEBUG:  swdes dump  C:/Users/ilpes/Desktop/Antenne_e_clocks/project_MicroBlaze_simple/microv4_INTC_emc_8nsbis/microblaze_0/standalone_domain/bsp/system.mss|system||

TRACE::2025-05-30.07:14:34::SCWMssOS::Sw design exists and opened at  C:/Users/ilpes/Desktop/Antenne_e_clocks/project_MicroBlaze_simple/microv4_INTC_emc_8nsbis/microblaze_0/standalone_domain/bsp/system.mss
TRACE::2025-05-30.07:14:34::SCWPlatform::Trying to open the hw design at C:/Users/ilpes/Desktop/Antenne_e_clocks/project_MicroBlaze_simple/microv4_INTC_emc_8nsbis/hw/micro_core_v4_INTC_emc8ns_bis.xsa
TRACE::2025-05-30.07:14:34::SCWPlatform::DSA given C:/Users/ilpes/Desktop/Antenne_e_clocks/project_MicroBlaze_simple/microv4_INTC_emc_8nsbis/hw/micro_core_v4_INTC_emc8ns_bis.xsa
TRACE::2025-05-30.07:14:34::SCWPlatform::DSA absoulate path C:/Users/ilpes/Desktop/Antenne_e_clocks/project_MicroBlaze_simple/microv4_INTC_emc_8nsbis/hw/micro_core_v4_INTC_emc8ns_bis.xsa
TRACE::2025-05-30.07:14:34::SCWPlatform::DSA directory C:/Users/ilpes/Desktop/Antenne_e_clocks/project_MicroBlaze_simple/microv4_INTC_emc_8nsbis/hw
TRACE::2025-05-30.07:14:34::SCWPlatform:: Platform Path C:/Users/ilpes/Desktop/Antenne_e_clocks/project_MicroBlaze_simple/microv4_INTC_emc_8nsbis/hw/micro_core_v4_INTC_emc8ns_bis.xsa
TRACE::2025-05-30.07:14:34::SCWPlatform:: Unique name xilinx:cmod_a7-35t::0.0
TRACE::2025-05-30.07:14:34::SCWPlatform::Trying to set the existing hwdb with name micro_core_v0_wrapper_0
TRACE::2025-05-30.07:14:34::SCWPlatform::Opened existing hwdb micro_core_v0_wrapper_0
TRACE::2025-05-30.07:14:34::SCWPlatform::Found the Hw Db part of the input DSA
TRACE::2025-05-30.07:14:34::SCWMssOS::Checking the sw design at  C:/Users/ilpes/Desktop/Antenne_e_clocks/project_MicroBlaze_simple/microv4_INTC_emc_8nsbis/microblaze_0/standalone_domain/bsp/system.mss
TRACE::2025-05-30.07:14:34::SCWMssOS::DEBUG:  swdes dump  C:/Users/ilpes/Desktop/Antenne_e_clocks/project_MicroBlaze_simple/microv4_INTC_emc_8nsbis/microblaze_0/standalone_domain/bsp/system.mss|system||

TRACE::2025-05-30.07:14:34::SCWMssOS::Sw design exists and opened at  C:/Users/ilpes/Desktop/Antenne_e_clocks/project_MicroBlaze_simple/microv4_INTC_emc_8nsbis/microblaze_0/standalone_domain/bsp/system.mss
TRACE::2025-05-30.07:14:34::SCWPlatform::Trying to open the hw design at C:/Users/ilpes/Desktop/Antenne_e_clocks/project_MicroBlaze_simple/microv4_INTC_emc_8nsbis/hw/micro_core_v4_INTC_emc8ns_bis.xsa
TRACE::2025-05-30.07:14:34::SCWPlatform::DSA given C:/Users/ilpes/Desktop/Antenne_e_clocks/project_MicroBlaze_simple/microv4_INTC_emc_8nsbis/hw/micro_core_v4_INTC_emc8ns_bis.xsa
TRACE::2025-05-30.07:14:34::SCWPlatform::DSA absoulate path C:/Users/ilpes/Desktop/Antenne_e_clocks/project_MicroBlaze_simple/microv4_INTC_emc_8nsbis/hw/micro_core_v4_INTC_emc8ns_bis.xsa
TRACE::2025-05-30.07:14:34::SCWPlatform::DSA directory C:/Users/ilpes/Desktop/Antenne_e_clocks/project_MicroBlaze_simple/microv4_INTC_emc_8nsbis/hw
TRACE::2025-05-30.07:14:34::SCWPlatform:: Platform Path C:/Users/ilpes/Desktop/Antenne_e_clocks/project_MicroBlaze_simple/microv4_INTC_emc_8nsbis/hw/micro_core_v4_INTC_emc8ns_bis.xsa
TRACE::2025-05-30.07:14:34::SCWPlatform:: Unique name xilinx:cmod_a7-35t::0.0
TRACE::2025-05-30.07:14:34::SCWPlatform::Trying to set the existing hwdb with name micro_core_v0_wrapper_0
TRACE::2025-05-30.07:14:34::SCWPlatform::Opened existing hwdb micro_core_v0_wrapper_0
TRACE::2025-05-30.07:14:34::SCWPlatform::Found the Hw Db part of the input DSA
TRACE::2025-05-30.07:14:34::SCWMssOS::Checking the sw design at  C:/Users/ilpes/Desktop/Antenne_e_clocks/project_MicroBlaze_simple/microv4_INTC_emc_8nsbis/microblaze_0/standalone_domain/bsp/system.mss
TRACE::2025-05-30.07:14:34::SCWMssOS::DEBUG:  swdes dump  C:/Users/ilpes/Desktop/Antenne_e_clocks/project_MicroBlaze_simple/microv4_INTC_emc_8nsbis/microblaze_0/standalone_domain/bsp/system.mss|system||

TRACE::2025-05-30.07:14:34::SCWMssOS::Sw design exists and opened at  C:/Users/ilpes/Desktop/Antenne_e_clocks/project_MicroBlaze_simple/microv4_INTC_emc_8nsbis/microblaze_0/standalone_domain/bsp/system.mss
TRACE::2025-05-30.07:14:34::SCWMssOS::Saving the mss changes C:/Users/ilpes/Desktop/Antenne_e_clocks/project_MicroBlaze_simple/microv4_INTC_emc_8nsbis/microblaze_0/standalone_domain/bsp/system.mss
TRACE::2025-05-30.07:14:34::SCWMssOS::Found a swdesign opened with the mssfile.
TRACE::2025-05-30.07:14:34::SCWMssOS::Completed writemss as part of save.
TRACE::2025-05-30.07:14:34::SCWMssOS::Commit changes completed.
TRACE::2025-05-30.07:14:34::SCWPlatform::Trying to open the hw design at C:/Users/ilpes/Desktop/Antenne_e_clocks/project_MicroBlaze_simple/microv4_INTC_emc_8nsbis/hw/micro_core_v4_INTC_emc8ns_bis.xsa
TRACE::2025-05-30.07:14:34::SCWPlatform::DSA given C:/Users/ilpes/Desktop/Antenne_e_clocks/project_MicroBlaze_simple/microv4_INTC_emc_8nsbis/hw/micro_core_v4_INTC_emc8ns_bis.xsa
TRACE::2025-05-30.07:14:34::SCWPlatform::DSA absoulate path C:/Users/ilpes/Desktop/Antenne_e_clocks/project_MicroBlaze_simple/microv4_INTC_emc_8nsbis/hw/micro_core_v4_INTC_emc8ns_bis.xsa
TRACE::2025-05-30.07:14:34::SCWPlatform::DSA directory C:/Users/ilpes/Desktop/Antenne_e_clocks/project_MicroBlaze_simple/microv4_INTC_emc_8nsbis/hw
TRACE::2025-05-30.07:14:34::SCWPlatform:: Platform Path C:/Users/ilpes/Desktop/Antenne_e_clocks/project_MicroBlaze_simple/microv4_INTC_emc_8nsbis/hw/micro_core_v4_INTC_emc8ns_bis.xsa
TRACE::2025-05-30.07:14:34::SCWPlatform:: Unique name xilinx:cmod_a7-35t::0.0
TRACE::2025-05-30.07:14:34::SCWPlatform::Trying to set the existing hwdb with name micro_core_v0_wrapper_0
TRACE::2025-05-30.07:14:34::SCWPlatform::Opened existing hwdb micro_core_v0_wrapper_0
TRACE::2025-05-30.07:14:34::SCWPlatform::Found the Hw Db part of the input DSA
TRACE::2025-05-30.07:14:34::SCWMssOS::Checking the sw design at  C:/Users/ilpes/Desktop/Antenne_e_clocks/project_MicroBlaze_simple/microv4_INTC_emc_8nsbis/microblaze_0/standalone_domain/bsp/system.mss
TRACE::2025-05-30.07:14:34::SCWMssOS::DEBUG:  swdes dump  C:/Users/ilpes/Desktop/Antenne_e_clocks/project_MicroBlaze_simple/microv4_INTC_emc_8nsbis/microblaze_0/standalone_domain/bsp/system.mss|system||

TRACE::2025-05-30.07:14:34::SCWMssOS::Sw design exists and opened at  C:/Users/ilpes/Desktop/Antenne_e_clocks/project_MicroBlaze_simple/microv4_INTC_emc_8nsbis/microblaze_0/standalone_domain/bsp/system.mss
TRACE::2025-05-30.07:14:34::SCWPlatform::Trying to open the hw design at C:/Users/ilpes/Desktop/Antenne_e_clocks/project_MicroBlaze_simple/microv4_INTC_emc_8nsbis/hw/micro_core_v4_INTC_emc8ns_bis.xsa
TRACE::2025-05-30.07:14:34::SCWPlatform::DSA given C:/Users/ilpes/Desktop/Antenne_e_clocks/project_MicroBlaze_simple/microv4_INTC_emc_8nsbis/hw/micro_core_v4_INTC_emc8ns_bis.xsa
TRACE::2025-05-30.07:14:34::SCWPlatform::DSA absoulate path C:/Users/ilpes/Desktop/Antenne_e_clocks/project_MicroBlaze_simple/microv4_INTC_emc_8nsbis/hw/micro_core_v4_INTC_emc8ns_bis.xsa
TRACE::2025-05-30.07:14:34::SCWPlatform::DSA directory C:/Users/ilpes/Desktop/Antenne_e_clocks/project_MicroBlaze_simple/microv4_INTC_emc_8nsbis/hw
TRACE::2025-05-30.07:14:34::SCWPlatform:: Platform Path C:/Users/ilpes/Desktop/Antenne_e_clocks/project_MicroBlaze_simple/microv4_INTC_emc_8nsbis/hw/micro_core_v4_INTC_emc8ns_bis.xsa
TRACE::2025-05-30.07:14:34::SCWPlatform:: Unique name xilinx:cmod_a7-35t::0.0
TRACE::2025-05-30.07:14:34::SCWPlatform::Trying to set the existing hwdb with name micro_core_v0_wrapper_0
TRACE::2025-05-30.07:14:34::SCWPlatform::Opened existing hwdb micro_core_v0_wrapper_0
TRACE::2025-05-30.07:14:34::SCWPlatform::Found the Hw Db part of the input DSA
TRACE::2025-05-30.07:14:34::SCWMssOS::Checking the sw design at  C:/Users/ilpes/Desktop/Antenne_e_clocks/project_MicroBlaze_simple/microv4_INTC_emc_8nsbis/microblaze_0/standalone_domain/bsp/system.mss
TRACE::2025-05-30.07:14:34::SCWMssOS::DEBUG:  swdes dump  C:/Users/ilpes/Desktop/Antenne_e_clocks/project_MicroBlaze_simple/microv4_INTC_emc_8nsbis/microblaze_0/standalone_domain/bsp/system.mss|system||

TRACE::2025-05-30.07:14:34::SCWMssOS::Sw design exists and opened at  C:/Users/ilpes/Desktop/Antenne_e_clocks/project_MicroBlaze_simple/microv4_INTC_emc_8nsbis/microblaze_0/standalone_domain/bsp/system.mss
TRACE::2025-05-30.07:14:34::SCWPlatform::Trying to open the hw design at C:/Users/ilpes/Desktop/Antenne_e_clocks/project_MicroBlaze_simple/microv4_INTC_emc_8nsbis/hw/micro_core_v4_INTC_emc8ns_bis.xsa
TRACE::2025-05-30.07:14:34::SCWPlatform::DSA given C:/Users/ilpes/Desktop/Antenne_e_clocks/project_MicroBlaze_simple/microv4_INTC_emc_8nsbis/hw/micro_core_v4_INTC_emc8ns_bis.xsa
TRACE::2025-05-30.07:14:34::SCWPlatform::DSA absoulate path C:/Users/ilpes/Desktop/Antenne_e_clocks/project_MicroBlaze_simple/microv4_INTC_emc_8nsbis/hw/micro_core_v4_INTC_emc8ns_bis.xsa
TRACE::2025-05-30.07:14:34::SCWPlatform::DSA directory C:/Users/ilpes/Desktop/Antenne_e_clocks/project_MicroBlaze_simple/microv4_INTC_emc_8nsbis/hw
TRACE::2025-05-30.07:14:34::SCWPlatform:: Platform Path C:/Users/ilpes/Desktop/Antenne_e_clocks/project_MicroBlaze_simple/microv4_INTC_emc_8nsbis/hw/micro_core_v4_INTC_emc8ns_bis.xsa
TRACE::2025-05-30.07:14:34::SCWPlatform:: Unique name xilinx:cmod_a7-35t::0.0
TRACE::2025-05-30.07:14:34::SCWPlatform::Trying to set the existing hwdb with name micro_core_v0_wrapper_0
TRACE::2025-05-30.07:14:34::SCWPlatform::Opened existing hwdb micro_core_v0_wrapper_0
TRACE::2025-05-30.07:14:34::SCWPlatform::Found the Hw Db part of the input DSA
TRACE::2025-05-30.07:14:34::SCWMssOS::Checking the sw design at  C:/Users/ilpes/Desktop/Antenne_e_clocks/project_MicroBlaze_simple/microv4_INTC_emc_8nsbis/microblaze_0/standalone_domain/bsp/system.mss
TRACE::2025-05-30.07:14:34::SCWMssOS::DEBUG:  swdes dump  C:/Users/ilpes/Desktop/Antenne_e_clocks/project_MicroBlaze_simple/microv4_INTC_emc_8nsbis/microblaze_0/standalone_domain/bsp/system.mss|system||

TRACE::2025-05-30.07:14:34::SCWMssOS::Sw design exists and opened at  C:/Users/ilpes/Desktop/Antenne_e_clocks/project_MicroBlaze_simple/microv4_INTC_emc_8nsbis/microblaze_0/standalone_domain/bsp/system.mss
TRACE::2025-05-30.07:14:34::SCWWriter::formatted JSON is {
	"platformName":	"microv4_INTC_emc_8nsbis",
	"sprVersion":	"2.0",
	"mode":	"gui",
	"dsaType":	"Fixed",
	"platformDesc":	"microv4_INTC_emc_8nsbis",
	"platHandOff":	"C:/Users/ilpes/Desktop/Antenne_e_clocks/project_MB_INTC_emc/micro_core_v4_INTC_emc8ns_bis.xsa",
	"platIntHandOff":	"<platformDir>/hw/micro_core_v4_INTC_emc8ns_bis.xsa",
	"deviceType":	"FPGA",
	"platIsPrebuiltAutogen":	"false",
	"platIsNoBootBsp":	"false",
	"hasFsblMakeHasChanges":	"false",
	"hasPmufwMakeHasChanges":	"false",
	"platPreBuiltFlag":	false,
	"platformSamplesDir":	"",
	"platActiveSys":	"microv4_INTC_emc_8nsbis",
	"systems":	[{
			"systemName":	"microv4_INTC_emc_8nsbis",
			"systemDesc":	"microv4_INTC_emc_8nsbis",
			"sysIsBootAutoGen":	"true",
			"systemDispName":	"microv4_INTC_emc_8nsbis",
			"sysActiveDom":	"standalone_domain",
			"sysDefaultDom":	"standalone_domain",
			"domains":	[{
					"domainName":	"standalone_domain",
					"domainDispName":	"standalone on microblaze_0",
					"domainDesc":	"standalone_domain",
					"processors":	"microblaze_0",
					"os":	"standalone",
					"sdxOs":	"standalone",
					"debugEnable":	"False",
					"domRuntimes":	["cpp"],
					"swRepo":	"",
					"mssOsVer":	"7.3",
					"mssFile":	"",
					"md5Digest":	"d795e7b2faf74e9a20292a492d94dc6f",
					"compatibleApp":	"",
					"domType":	"mssDomain",
					"arch":	"32-bit",
					"appSettings":	{
						"appCompilerFlags":	"",
						"appLinkerFlags":	""
					},
					"addedLibs":	[],
					"libOptions":	{
						"libsContainingOptions":	[]
					},
					"prebuiltLibs":	{
						"prebuiltIncPath":	[],
						"prebuiltLibPath":	[]
					},
					"isolation":	{
					}
				}]
		}]
}
TRACE::2025-05-30.07:14:34::SCWMssOS::Saving the mss changes C:/Users/ilpes/Desktop/Antenne_e_clocks/project_MicroBlaze_simple/microv4_INTC_emc_8nsbis/microblaze_0/standalone_domain/bsp/system.mss
TRACE::2025-05-30.07:14:34::SCWMssOS::Found a swdesign opened with the mssfile.
TRACE::2025-05-30.07:14:34::SCWMssOS::Completed writemss as part of save.
TRACE::2025-05-30.07:14:34::SCWMssOS::Commit changes completed.
TRACE::2025-05-30.07:14:34::SCWPlatform::Trying to open the hw design at C:/Users/ilpes/Desktop/Antenne_e_clocks/project_MicroBlaze_simple/microv4_INTC_emc_8nsbis/hw/micro_core_v4_INTC_emc8ns_bis.xsa
TRACE::2025-05-30.07:14:34::SCWPlatform::DSA given C:/Users/ilpes/Desktop/Antenne_e_clocks/project_MicroBlaze_simple/microv4_INTC_emc_8nsbis/hw/micro_core_v4_INTC_emc8ns_bis.xsa
TRACE::2025-05-30.07:14:34::SCWPlatform::DSA absoulate path C:/Users/ilpes/Desktop/Antenne_e_clocks/project_MicroBlaze_simple/microv4_INTC_emc_8nsbis/hw/micro_core_v4_INTC_emc8ns_bis.xsa
TRACE::2025-05-30.07:14:34::SCWPlatform::DSA directory C:/Users/ilpes/Desktop/Antenne_e_clocks/project_MicroBlaze_simple/microv4_INTC_emc_8nsbis/hw
TRACE::2025-05-30.07:14:34::SCWPlatform:: Platform Path C:/Users/ilpes/Desktop/Antenne_e_clocks/project_MicroBlaze_simple/microv4_INTC_emc_8nsbis/hw/micro_core_v4_INTC_emc8ns_bis.xsa
TRACE::2025-05-30.07:14:34::SCWPlatform:: Unique name xilinx:cmod_a7-35t::0.0
TRACE::2025-05-30.07:14:34::SCWPlatform::Trying to set the existing hwdb with name micro_core_v0_wrapper_0
TRACE::2025-05-30.07:14:34::SCWPlatform::Opened existing hwdb micro_core_v0_wrapper_0
TRACE::2025-05-30.07:14:34::SCWPlatform::Found the Hw Db part of the input DSA
TRACE::2025-05-30.07:14:34::SCWMssOS::Checking the sw design at  C:/Users/ilpes/Desktop/Antenne_e_clocks/project_MicroBlaze_simple/microv4_INTC_emc_8nsbis/microblaze_0/standalone_domain/bsp/system.mss
TRACE::2025-05-30.07:14:34::SCWMssOS::DEBUG:  swdes dump  C:/Users/ilpes/Desktop/Antenne_e_clocks/project_MicroBlaze_simple/microv4_INTC_emc_8nsbis/microblaze_0/standalone_domain/bsp/system.mss|system||

TRACE::2025-05-30.07:14:34::SCWMssOS::Sw design exists and opened at  C:/Users/ilpes/Desktop/Antenne_e_clocks/project_MicroBlaze_simple/microv4_INTC_emc_8nsbis/microblaze_0/standalone_domain/bsp/system.mss
TRACE::2025-05-30.07:14:34::SCWPlatform::Trying to open the hw design at C:/Users/ilpes/Desktop/Antenne_e_clocks/project_MicroBlaze_simple/microv4_INTC_emc_8nsbis/hw/micro_core_v4_INTC_emc8ns_bis.xsa
TRACE::2025-05-30.07:14:34::SCWPlatform::DSA given C:/Users/ilpes/Desktop/Antenne_e_clocks/project_MicroBlaze_simple/microv4_INTC_emc_8nsbis/hw/micro_core_v4_INTC_emc8ns_bis.xsa
TRACE::2025-05-30.07:14:34::SCWPlatform::DSA absoulate path C:/Users/ilpes/Desktop/Antenne_e_clocks/project_MicroBlaze_simple/microv4_INTC_emc_8nsbis/hw/micro_core_v4_INTC_emc8ns_bis.xsa
TRACE::2025-05-30.07:14:34::SCWPlatform::DSA directory C:/Users/ilpes/Desktop/Antenne_e_clocks/project_MicroBlaze_simple/microv4_INTC_emc_8nsbis/hw
TRACE::2025-05-30.07:14:34::SCWPlatform:: Platform Path C:/Users/ilpes/Desktop/Antenne_e_clocks/project_MicroBlaze_simple/microv4_INTC_emc_8nsbis/hw/micro_core_v4_INTC_emc8ns_bis.xsa
TRACE::2025-05-30.07:14:34::SCWPlatform:: Unique name xilinx:cmod_a7-35t::0.0
TRACE::2025-05-30.07:14:34::SCWPlatform::Trying to set the existing hwdb with name micro_core_v0_wrapper_0
TRACE::2025-05-30.07:14:34::SCWPlatform::Opened existing hwdb micro_core_v0_wrapper_0
TRACE::2025-05-30.07:14:34::SCWPlatform::Found the Hw Db part of the input DSA
TRACE::2025-05-30.07:14:34::SCWMssOS::Checking the sw design at  C:/Users/ilpes/Desktop/Antenne_e_clocks/project_MicroBlaze_simple/microv4_INTC_emc_8nsbis/microblaze_0/standalone_domain/bsp/system.mss
TRACE::2025-05-30.07:14:34::SCWMssOS::DEBUG:  swdes dump  C:/Users/ilpes/Desktop/Antenne_e_clocks/project_MicroBlaze_simple/microv4_INTC_emc_8nsbis/microblaze_0/standalone_domain/bsp/system.mss|system||

TRACE::2025-05-30.07:14:34::SCWMssOS::Sw design exists and opened at  C:/Users/ilpes/Desktop/Antenne_e_clocks/project_MicroBlaze_simple/microv4_INTC_emc_8nsbis/microblaze_0/standalone_domain/bsp/system.mss
TRACE::2025-05-30.07:14:34::SCWPlatform::Trying to open the hw design at C:/Users/ilpes/Desktop/Antenne_e_clocks/project_MicroBlaze_simple/microv4_INTC_emc_8nsbis/hw/micro_core_v4_INTC_emc8ns_bis.xsa
TRACE::2025-05-30.07:14:34::SCWPlatform::DSA given C:/Users/ilpes/Desktop/Antenne_e_clocks/project_MicroBlaze_simple/microv4_INTC_emc_8nsbis/hw/micro_core_v4_INTC_emc8ns_bis.xsa
TRACE::2025-05-30.07:14:34::SCWPlatform::DSA absoulate path C:/Users/ilpes/Desktop/Antenne_e_clocks/project_MicroBlaze_simple/microv4_INTC_emc_8nsbis/hw/micro_core_v4_INTC_emc8ns_bis.xsa
TRACE::2025-05-30.07:14:34::SCWPlatform::DSA directory C:/Users/ilpes/Desktop/Antenne_e_clocks/project_MicroBlaze_simple/microv4_INTC_emc_8nsbis/hw
TRACE::2025-05-30.07:14:34::SCWPlatform:: Platform Path C:/Users/ilpes/Desktop/Antenne_e_clocks/project_MicroBlaze_simple/microv4_INTC_emc_8nsbis/hw/micro_core_v4_INTC_emc8ns_bis.xsa
TRACE::2025-05-30.07:14:34::SCWPlatform:: Unique name xilinx:cmod_a7-35t::0.0
TRACE::2025-05-30.07:14:34::SCWPlatform::Trying to set the existing hwdb with name micro_core_v0_wrapper_0
TRACE::2025-05-30.07:14:34::SCWPlatform::Opened existing hwdb micro_core_v0_wrapper_0
TRACE::2025-05-30.07:14:34::SCWPlatform::Found the Hw Db part of the input DSA
TRACE::2025-05-30.07:14:34::SCWMssOS::Checking the sw design at  C:/Users/ilpes/Desktop/Antenne_e_clocks/project_MicroBlaze_simple/microv4_INTC_emc_8nsbis/microblaze_0/standalone_domain/bsp/system.mss
TRACE::2025-05-30.07:14:34::SCWMssOS::DEBUG:  swdes dump  C:/Users/ilpes/Desktop/Antenne_e_clocks/project_MicroBlaze_simple/microv4_INTC_emc_8nsbis/microblaze_0/standalone_domain/bsp/system.mss|system||

TRACE::2025-05-30.07:14:34::SCWMssOS::Sw design exists and opened at  C:/Users/ilpes/Desktop/Antenne_e_clocks/project_MicroBlaze_simple/microv4_INTC_emc_8nsbis/microblaze_0/standalone_domain/bsp/system.mss
TRACE::2025-05-30.07:14:34::SCWWriter::formatted JSON is {
	"platformName":	"microv4_INTC_emc_8nsbis",
	"sprVersion":	"2.0",
	"mode":	"gui",
	"dsaType":	"Fixed",
	"platformDesc":	"microv4_INTC_emc_8nsbis",
	"platHandOff":	"C:/Users/ilpes/Desktop/Antenne_e_clocks/project_MB_INTC_emc/micro_core_v4_INTC_emc8ns_bis.xsa",
	"platIntHandOff":	"<platformDir>/hw/micro_core_v4_INTC_emc8ns_bis.xsa",
	"deviceType":	"FPGA",
	"platIsPrebuiltAutogen":	"false",
	"platIsNoBootBsp":	"false",
	"hasFsblMakeHasChanges":	"false",
	"hasPmufwMakeHasChanges":	"false",
	"platPreBuiltFlag":	false,
	"platformSamplesDir":	"",
	"platActiveSys":	"microv4_INTC_emc_8nsbis",
	"systems":	[{
			"systemName":	"microv4_INTC_emc_8nsbis",
			"systemDesc":	"microv4_INTC_emc_8nsbis",
			"sysIsBootAutoGen":	"true",
			"systemDispName":	"microv4_INTC_emc_8nsbis",
			"sysActiveDom":	"standalone_domain",
			"sysDefaultDom":	"standalone_domain",
			"domains":	[{
					"domainName":	"standalone_domain",
					"domainDispName":	"standalone on microblaze_0",
					"domainDesc":	"standalone_domain",
					"processors":	"microblaze_0",
					"os":	"standalone",
					"sdxOs":	"standalone",
					"debugEnable":	"False",
					"domRuntimes":	["cpp"],
					"swRepo":	"",
					"mssOsVer":	"7.3",
					"mssFile":	"",
					"md5Digest":	"d795e7b2faf74e9a20292a492d94dc6f",
					"compatibleApp":	"",
					"domType":	"mssDomain",
					"arch":	"32-bit",
					"appSettings":	{
						"appCompilerFlags":	"",
						"appLinkerFlags":	""
					},
					"addedLibs":	[],
					"libOptions":	{
						"libsContainingOptions":	[]
					},
					"prebuiltLibs":	{
						"prebuiltIncPath":	[],
						"prebuiltLibPath":	[]
					},
					"isolation":	{
					}
				}]
		}]
}
TRACE::2025-05-30.07:14:34::SCWPlatform::Clearing the existing platform
TRACE::2025-05-30.07:14:34::SCWSystem::Clearing the existing sysconfig
TRACE::2025-05-30.07:14:34::SCWMssOS::Removing the swdes entry for  C:/Users/ilpes/Desktop/Antenne_e_clocks/project_MicroBlaze_simple/microv4_INTC_emc_8nsbis/microblaze_0/standalone_domain/bsp/system.mss
TRACE::2025-05-30.07:14:34::SCWSystem::Clearing the domains completed.
TRACE::2025-05-30.07:14:34::SCWPlatform::Clearing the opened hw db.
TRACE::2025-05-30.07:14:34::SCWPlatform::DSA given C:/Users/ilpes/Desktop/Antenne_e_clocks/project_MicroBlaze_simple/microv4_INTC_emc_8nsbis/hw/micro_core_v4_INTC_emc8ns_bis.xsa
TRACE::2025-05-30.07:14:34::SCWPlatform::DSA absoulate path C:/Users/ilpes/Desktop/Antenne_e_clocks/project_MicroBlaze_simple/microv4_INTC_emc_8nsbis/hw/micro_core_v4_INTC_emc8ns_bis.xsa
TRACE::2025-05-30.07:14:34::SCWPlatform:: Platform location is C:/Users/ilpes/Desktop/Antenne_e_clocks/project_MicroBlaze_simple/microv4_INTC_emc_8nsbis/hw
TRACE::2025-05-30.07:14:34::SCWPlatform:: Platform Path C:/Users/ilpes/Desktop/Antenne_e_clocks/project_MicroBlaze_simple/microv4_INTC_emc_8nsbis/hw/micro_core_v4_INTC_emc8ns_bis.xsa
TRACE::2025-05-30.07:14:34::SCWPlatform:: Unique name xilinx:cmod_a7-35t::0.0
TRACE::2025-05-30.07:14:34::SCWPlatform::Removing the HwDB with name C:/Users/ilpes/Desktop/Antenne_e_clocks/project_MicroBlaze_simple/microv4_INTC_emc_8nsbis/hw/micro_core_v4_INTC_emc8ns_bis.xsa
TRACE::2025-05-30.07:14:34::SCWPlatform::Trying to open the hw design at C:/Users/ilpes/Desktop/Antenne_e_clocks/project_MicroBlaze_simple/microv4_INTC_emc_8nsbis/hw/micro_core_v4_INTC_emc8ns_bis.xsa
TRACE::2025-05-30.07:14:34::SCWPlatform::DSA given C:/Users/ilpes/Desktop/Antenne_e_clocks/project_MicroBlaze_simple/microv4_INTC_emc_8nsbis/hw/micro_core_v4_INTC_emc8ns_bis.xsa
TRACE::2025-05-30.07:14:34::SCWPlatform::DSA absoulate path C:/Users/ilpes/Desktop/Antenne_e_clocks/project_MicroBlaze_simple/microv4_INTC_emc_8nsbis/hw/micro_core_v4_INTC_emc8ns_bis.xsa
TRACE::2025-05-30.07:14:34::SCWPlatform::DSA directory C:/Users/ilpes/Desktop/Antenne_e_clocks/project_MicroBlaze_simple/microv4_INTC_emc_8nsbis/hw
TRACE::2025-05-30.07:14:34::SCWPlatform:: Platform Path C:/Users/ilpes/Desktop/Antenne_e_clocks/project_MicroBlaze_simple/microv4_INTC_emc_8nsbis/hw/micro_core_v4_INTC_emc8ns_bis.xsa
TRACE::2025-05-30.07:14:34::SCWPlatform:: Unique name xilinx:cmod_a7-35t::0.0
TRACE::2025-05-30.07:14:34::SCWPlatform::Do not have an existing db opened. 
TRACE::2025-05-30.07:14:35::SCWPlatform::Opened new HwDB with name micro_core_v0_wrapper_1
TRACE::2025-05-30.07:14:35::SCWReader::Active system found as  microv4_INTC_emc_8nsbis
TRACE::2025-05-30.07:14:35::SCWReader::Handling sysconfig microv4_INTC_emc_8nsbis
TRACE::2025-05-30.07:14:35::SCWDomain::checking for install qemu data   : 
TRACE::2025-05-30.07:14:35::SCWPlatform::Trying to open the hw design at C:/Users/ilpes/Desktop/Antenne_e_clocks/project_MicroBlaze_simple/microv4_INTC_emc_8nsbis/hw/micro_core_v4_INTC_emc8ns_bis.xsa
TRACE::2025-05-30.07:14:35::SCWPlatform::DSA given C:/Users/ilpes/Desktop/Antenne_e_clocks/project_MicroBlaze_simple/microv4_INTC_emc_8nsbis/hw/micro_core_v4_INTC_emc8ns_bis.xsa
TRACE::2025-05-30.07:14:35::SCWPlatform::DSA absoulate path C:/Users/ilpes/Desktop/Antenne_e_clocks/project_MicroBlaze_simple/microv4_INTC_emc_8nsbis/hw/micro_core_v4_INTC_emc8ns_bis.xsa
TRACE::2025-05-30.07:14:35::SCWPlatform::DSA directory C:/Users/ilpes/Desktop/Antenne_e_clocks/project_MicroBlaze_simple/microv4_INTC_emc_8nsbis/hw
TRACE::2025-05-30.07:14:35::SCWPlatform:: Platform Path C:/Users/ilpes/Desktop/Antenne_e_clocks/project_MicroBlaze_simple/microv4_INTC_emc_8nsbis/hw/micro_core_v4_INTC_emc8ns_bis.xsa
TRACE::2025-05-30.07:14:35::SCWPlatform:: Unique name xilinx:cmod_a7-35t::0.0
TRACE::2025-05-30.07:14:35::SCWPlatform::Trying to set the existing hwdb with name micro_core_v0_wrapper_1
TRACE::2025-05-30.07:14:35::SCWPlatform::Opened existing hwdb micro_core_v0_wrapper_1
TRACE::2025-05-30.07:14:35::SCWPlatform::Found the Hw Db part of the input DSA
TRACE::2025-05-30.07:14:35::SCWPlatform::Trying to open the hw design at C:/Users/ilpes/Desktop/Antenne_e_clocks/project_MicroBlaze_simple/microv4_INTC_emc_8nsbis/hw/micro_core_v4_INTC_emc8ns_bis.xsa
TRACE::2025-05-30.07:14:35::SCWPlatform::DSA given C:/Users/ilpes/Desktop/Antenne_e_clocks/project_MicroBlaze_simple/microv4_INTC_emc_8nsbis/hw/micro_core_v4_INTC_emc8ns_bis.xsa
TRACE::2025-05-30.07:14:35::SCWPlatform::DSA absoulate path C:/Users/ilpes/Desktop/Antenne_e_clocks/project_MicroBlaze_simple/microv4_INTC_emc_8nsbis/hw/micro_core_v4_INTC_emc8ns_bis.xsa
TRACE::2025-05-30.07:14:35::SCWPlatform::DSA directory C:/Users/ilpes/Desktop/Antenne_e_clocks/project_MicroBlaze_simple/microv4_INTC_emc_8nsbis/hw
TRACE::2025-05-30.07:14:35::SCWPlatform:: Platform Path C:/Users/ilpes/Desktop/Antenne_e_clocks/project_MicroBlaze_simple/microv4_INTC_emc_8nsbis/hw/micro_core_v4_INTC_emc8ns_bis.xsa
TRACE::2025-05-30.07:14:35::SCWPlatform:: Unique name xilinx:cmod_a7-35t::0.0
TRACE::2025-05-30.07:14:35::SCWPlatform::Trying to set the existing hwdb with name micro_core_v0_wrapper_1
TRACE::2025-05-30.07:14:35::SCWPlatform::Opened existing hwdb micro_core_v0_wrapper_1
TRACE::2025-05-30.07:14:35::SCWPlatform::Found the Hw Db part of the input DSA
TRACE::2025-05-30.07:14:35::SCWPlatform::Trying to open the hw design at C:/Users/ilpes/Desktop/Antenne_e_clocks/project_MicroBlaze_simple/microv4_INTC_emc_8nsbis/hw/micro_core_v4_INTC_emc8ns_bis.xsa
TRACE::2025-05-30.07:14:35::SCWPlatform::DSA given C:/Users/ilpes/Desktop/Antenne_e_clocks/project_MicroBlaze_simple/microv4_INTC_emc_8nsbis/hw/micro_core_v4_INTC_emc8ns_bis.xsa
TRACE::2025-05-30.07:14:35::SCWPlatform::DSA absoulate path C:/Users/ilpes/Desktop/Antenne_e_clocks/project_MicroBlaze_simple/microv4_INTC_emc_8nsbis/hw/micro_core_v4_INTC_emc8ns_bis.xsa
TRACE::2025-05-30.07:14:35::SCWPlatform::DSA directory C:/Users/ilpes/Desktop/Antenne_e_clocks/project_MicroBlaze_simple/microv4_INTC_emc_8nsbis/hw
TRACE::2025-05-30.07:14:35::SCWPlatform:: Platform Path C:/Users/ilpes/Desktop/Antenne_e_clocks/project_MicroBlaze_simple/microv4_INTC_emc_8nsbis/hw/micro_core_v4_INTC_emc8ns_bis.xsa
TRACE::2025-05-30.07:14:35::SCWPlatform:: Unique name xilinx:cmod_a7-35t::0.0
TRACE::2025-05-30.07:14:35::SCWPlatform::Trying to set the existing hwdb with name micro_core_v0_wrapper_1
TRACE::2025-05-30.07:14:35::SCWPlatform::Opened existing hwdb micro_core_v0_wrapper_1
TRACE::2025-05-30.07:14:35::SCWPlatform::Found the Hw Db part of the input DSA
TRACE::2025-05-30.07:14:35::SCWPlatform::Trying to open the hw design at C:/Users/ilpes/Desktop/Antenne_e_clocks/project_MicroBlaze_simple/microv4_INTC_emc_8nsbis/hw/micro_core_v4_INTC_emc8ns_bis.xsa
TRACE::2025-05-30.07:14:35::SCWPlatform::DSA given C:/Users/ilpes/Desktop/Antenne_e_clocks/project_MicroBlaze_simple/microv4_INTC_emc_8nsbis/hw/micro_core_v4_INTC_emc8ns_bis.xsa
TRACE::2025-05-30.07:14:35::SCWPlatform::DSA absoulate path C:/Users/ilpes/Desktop/Antenne_e_clocks/project_MicroBlaze_simple/microv4_INTC_emc_8nsbis/hw/micro_core_v4_INTC_emc8ns_bis.xsa
TRACE::2025-05-30.07:14:35::SCWPlatform::DSA directory C:/Users/ilpes/Desktop/Antenne_e_clocks/project_MicroBlaze_simple/microv4_INTC_emc_8nsbis/hw
TRACE::2025-05-30.07:14:35::SCWPlatform:: Platform Path C:/Users/ilpes/Desktop/Antenne_e_clocks/project_MicroBlaze_simple/microv4_INTC_emc_8nsbis/hw/micro_core_v4_INTC_emc8ns_bis.xsa
TRACE::2025-05-30.07:14:35::SCWPlatform:: Unique name xilinx:cmod_a7-35t::0.0
TRACE::2025-05-30.07:14:35::SCWPlatform::Trying to set the existing hwdb with name micro_core_v0_wrapper_1
TRACE::2025-05-30.07:14:35::SCWPlatform::Opened existing hwdb micro_core_v0_wrapper_1
TRACE::2025-05-30.07:14:35::SCWPlatform::Found the Hw Db part of the input DSA
TRACE::2025-05-30.07:14:35::SCWMssOS::Checking the sw design at  C:/Users/ilpes/Desktop/Antenne_e_clocks/project_MicroBlaze_simple/microv4_INTC_emc_8nsbis/microblaze_0/standalone_domain/bsp/system.mss
TRACE::2025-05-30.07:14:35::SCWMssOS::DEBUG:  swdes dump  
TRACE::2025-05-30.07:14:35::SCWMssOS::No sw design opened at  C:/Users/ilpes/Desktop/Antenne_e_clocks/project_MicroBlaze_simple/microv4_INTC_emc_8nsbis/microblaze_0/standalone_domain/bsp/system.mss
TRACE::2025-05-30.07:14:35::SCWMssOS::mss exists loading the mss file  C:/Users/ilpes/Desktop/Antenne_e_clocks/project_MicroBlaze_simple/microv4_INTC_emc_8nsbis/microblaze_0/standalone_domain/bsp/system.mss
TRACE::2025-05-30.07:14:35::SCWMssOS::Opened the sw design from mss  C:/Users/ilpes/Desktop/Antenne_e_clocks/project_MicroBlaze_simple/microv4_INTC_emc_8nsbis/microblaze_0/standalone_domain/bsp/system.mss
TRACE::2025-05-30.07:14:35::SCWMssOS::Adding the swdes entry C:/Users/ilpes/Desktop/Antenne_e_clocks/project_MicroBlaze_simple/microv4_INTC_emc_8nsbis/microblaze_0/standalone_domain/bsp/system.mss with des name system
TRACE::2025-05-30.07:14:35::SCWMssOS::updating the scw layer about changes
TRACE::2025-05-30.07:14:35::SCWMssOS::Opened the sw design.  C:/Users/ilpes/Desktop/Antenne_e_clocks/project_MicroBlaze_simple/microv4_INTC_emc_8nsbis/microblaze_0/standalone_domain/bsp/system.mss
TRACE::2025-05-30.07:14:35::SCWMssOS::Saving the mss changes C:/Users/ilpes/Desktop/Antenne_e_clocks/project_MicroBlaze_simple/microv4_INTC_emc_8nsbis/microblaze_0/standalone_domain/bsp/system.mss
TRACE::2025-05-30.07:14:35::SCWMssOS::Found a swdesign opened with the mssfile.
TRACE::2025-05-30.07:14:35::SCWMssOS::Completed writemss as part of save.
TRACE::2025-05-30.07:14:35::SCWMssOS::Commit changes completed.
TRACE::2025-05-30.07:14:35::SCWReader::Adding prebuilt librarypaths as   
TRACE::2025-05-30.07:14:35::SCWReader::Adding prebuilt incpaths  as   
TRACE::2025-05-30.07:14:35::SCWPlatform::Trying to open the hw design at C:/Users/ilpes/Desktop/Antenne_e_clocks/project_MicroBlaze_simple/microv4_INTC_emc_8nsbis/hw/micro_core_v4_INTC_emc8ns_bis.xsa
TRACE::2025-05-30.07:14:35::SCWPlatform::DSA given C:/Users/ilpes/Desktop/Antenne_e_clocks/project_MicroBlaze_simple/microv4_INTC_emc_8nsbis/hw/micro_core_v4_INTC_emc8ns_bis.xsa
TRACE::2025-05-30.07:14:35::SCWPlatform::DSA absoulate path C:/Users/ilpes/Desktop/Antenne_e_clocks/project_MicroBlaze_simple/microv4_INTC_emc_8nsbis/hw/micro_core_v4_INTC_emc8ns_bis.xsa
TRACE::2025-05-30.07:14:35::SCWPlatform::DSA directory C:/Users/ilpes/Desktop/Antenne_e_clocks/project_MicroBlaze_simple/microv4_INTC_emc_8nsbis/hw
TRACE::2025-05-30.07:14:35::SCWPlatform:: Platform Path C:/Users/ilpes/Desktop/Antenne_e_clocks/project_MicroBlaze_simple/microv4_INTC_emc_8nsbis/hw/micro_core_v4_INTC_emc8ns_bis.xsa
TRACE::2025-05-30.07:14:35::SCWPlatform:: Unique name xilinx:cmod_a7-35t::0.0
TRACE::2025-05-30.07:14:35::SCWPlatform::Trying to set the existing hwdb with name micro_core_v0_wrapper_1
TRACE::2025-05-30.07:14:35::SCWPlatform::Opened existing hwdb micro_core_v0_wrapper_1
TRACE::2025-05-30.07:14:35::SCWPlatform::Found the Hw Db part of the input DSA
TRACE::2025-05-30.07:14:35::SCWMssOS::Checking the sw design at  C:/Users/ilpes/Desktop/Antenne_e_clocks/project_MicroBlaze_simple/microv4_INTC_emc_8nsbis/microblaze_0/standalone_domain/bsp/system.mss
TRACE::2025-05-30.07:14:35::SCWMssOS::DEBUG:  swdes dump  C:/Users/ilpes/Desktop/Antenne_e_clocks/project_MicroBlaze_simple/microv4_INTC_emc_8nsbis/microblaze_0/standalone_domain/bsp/system.mss|system||

TRACE::2025-05-30.07:14:35::SCWMssOS::Sw design exists and opened at  C:/Users/ilpes/Desktop/Antenne_e_clocks/project_MicroBlaze_simple/microv4_INTC_emc_8nsbis/microblaze_0/standalone_domain/bsp/system.mss
TRACE::2025-05-30.07:14:35::SCWReader::No isolation master present  
LOG::2025-05-30.07:16:13::SCWPlatform::Started generating the artifacts platform microv4_INTC_emc_8nsbis
TRACE::2025-05-30.07:16:13::SCWPlatform::Sanity checking of platform is completed
LOG::2025-05-30.07:16:13::SCWPlatform::Started generating the artifacts for system configuration microv4_INTC_emc_8nsbis
LOG::2025-05-30.07:16:13::SCWSystem::Checking the domain standalone_domain
LOG::2025-05-30.07:16:13::SCWSystem::Not a boot domain 
LOG::2025-05-30.07:16:13::SCWSystem::Started Processing the domain standalone_domain
TRACE::2025-05-30.07:16:13::SCWDomain::Generating domain artifcats
TRACE::2025-05-30.07:16:13::SCWMssOS::Generating standalone artifcats
TRACE::2025-05-30.07:16:13::SCWMssOS:: Copying the user libraries. 
TRACE::2025-05-30.07:16:13::SCWPlatform::Trying to open the hw design at C:/Users/ilpes/Desktop/Antenne_e_clocks/project_MicroBlaze_simple/microv4_INTC_emc_8nsbis/hw/micro_core_v4_INTC_emc8ns_bis.xsa
TRACE::2025-05-30.07:16:13::SCWPlatform::DSA given C:/Users/ilpes/Desktop/Antenne_e_clocks/project_MicroBlaze_simple/microv4_INTC_emc_8nsbis/hw/micro_core_v4_INTC_emc8ns_bis.xsa
TRACE::2025-05-30.07:16:13::SCWPlatform::DSA absoulate path C:/Users/ilpes/Desktop/Antenne_e_clocks/project_MicroBlaze_simple/microv4_INTC_emc_8nsbis/hw/micro_core_v4_INTC_emc8ns_bis.xsa
TRACE::2025-05-30.07:16:13::SCWPlatform::DSA directory C:/Users/ilpes/Desktop/Antenne_e_clocks/project_MicroBlaze_simple/microv4_INTC_emc_8nsbis/hw
TRACE::2025-05-30.07:16:13::SCWPlatform:: Platform Path C:/Users/ilpes/Desktop/Antenne_e_clocks/project_MicroBlaze_simple/microv4_INTC_emc_8nsbis/hw/micro_core_v4_INTC_emc8ns_bis.xsa
TRACE::2025-05-30.07:16:13::SCWPlatform:: Unique name xilinx:cmod_a7-35t::0.0
TRACE::2025-05-30.07:16:13::SCWPlatform::Trying to set the existing hwdb with name micro_core_v0_wrapper_1
TRACE::2025-05-30.07:16:13::SCWPlatform::Opened existing hwdb micro_core_v0_wrapper_1
TRACE::2025-05-30.07:16:13::SCWPlatform::Found the Hw Db part of the input DSA
TRACE::2025-05-30.07:16:13::SCWMssOS::Checking the sw design at  C:/Users/ilpes/Desktop/Antenne_e_clocks/project_MicroBlaze_simple/microv4_INTC_emc_8nsbis/microblaze_0/standalone_domain/bsp/system.mss
TRACE::2025-05-30.07:16:13::SCWMssOS::DEBUG:  swdes dump  C:/Users/ilpes/Desktop/Antenne_e_clocks/project_MicroBlaze_simple/microv4_INTC_emc_8nsbis/microblaze_0/standalone_domain/bsp/system.mss|system||

TRACE::2025-05-30.07:16:13::SCWMssOS::Sw design exists and opened at  C:/Users/ilpes/Desktop/Antenne_e_clocks/project_MicroBlaze_simple/microv4_INTC_emc_8nsbis/microblaze_0/standalone_domain/bsp/system.mss
TRACE::2025-05-30.07:16:13::SCWMssOS::Completed writing the mss file at C:/Users/ilpes/Desktop/Antenne_e_clocks/project_MicroBlaze_simple/microv4_INTC_emc_8nsbis/microblaze_0/standalone_domain/bsp
TRACE::2025-05-30.07:16:13::SCWMssOS::Mss edits present, copying mssfile into export location C:/Users/ilpes/Desktop/Antenne_e_clocks/project_MicroBlaze_simple/microv4_INTC_emc_8nsbis/microblaze_0/standalone_domain/bsp/system.mss
TRACE::2025-05-30.07:16:13::SCWMssOS::bsp generated is upto date with the mss file. Skipping bsp generation.
TRACE::2025-05-30.07:16:13::SCWMssOS::BSP is already built. skipping the bsp build ... 
TRACE::2025-05-30.07:16:13::SCWDomain::Building the domain as part of full build :  standalone_domain
TRACE::2025-05-30.07:16:13::SCWMssOS::doing bsp build ... 
TRACE::2025-05-30.07:16:13::SCWMssOS::System Command Ran  C: & cd  C:/Users/ilpes/Desktop/Antenne_e_clocks/project_MicroBlaze_simple/microv4_INTC_emc_8nsbis/microblaze_0/standalone_domain/bsp & make 
TRACE::2025-05-30.07:16:13::SCWMssOS::make --no-print-directory seq_libs

TRACE::2025-05-30.07:16:13::SCWMssOS::'Finished building libraries sequentially.'

TRACE::2025-05-30.07:16:13::SCWMssOS::make -j --no-print-directory par_libs

TRACE::2025-05-30.07:16:13::SCWMssOS::"Running Make include in microblaze_0/libsrc/bram_v4_5/src"

TRACE::2025-05-30.07:16:13::SCWMssOS::make -C microblaze_0/libsrc/bram_v4_5/src -s include  "SHELL=CMD" "COMPILER=mb-gcc" "ASSEMBLER=mb-as" "ARCHIVER=mb-ar" "COMPILE
TRACE::2025-05-30.07:16:13::SCWMssOS::R_FLAGS=  -O2 -c -mcpu=v11.0 -mlittle-endian -mno-xl-soft-mul -mxl-barrel-shift -mxl-pattern-compare" "EXTRA_COMPILER_FLAGS=-g 
TRACE::2025-05-30.07:16:13::SCWMssOS::-ffunction-sections -fdata-sections -Wall -Wextra"

TRACE::2025-05-30.07:16:13::SCWMssOS::"Running Make include in microblaze_0/libsrc/clk_wiz_v1_4/src"

TRACE::2025-05-30.07:16:13::SCWMssOS::make -C microblaze_0/libsrc/clk_wiz_v1_4/src -s include  "SHELL=CMD" "COMPILER=mb-gcc" "ASSEMBLER=mb-as" "ARCHIVER=mb-ar" "COMP
TRACE::2025-05-30.07:16:13::SCWMssOS::ILER_FLAGS=  -O2 -c -mcpu=v11.0 -mlittle-endian -mno-xl-soft-mul -mxl-barrel-shift -mxl-pattern-compare" "EXTRA_COMPILER_FLAGS=
TRACE::2025-05-30.07:16:13::SCWMssOS::-g -ffunction-sections -fdata-sections -Wall -Wextra"

TRACE::2025-05-30.07:16:13::SCWMssOS::"Running Make include in microblaze_0/libsrc/cpu_v2_12/src"

TRACE::2025-05-30.07:16:13::SCWMssOS::make -C microblaze_0/libsrc/cpu_v2_12/src -s include  "SHELL=CMD" "COMPILER=mb-gcc" "ASSEMBLER=mb-as" "ARCHIVER=mb-ar" "COMPILE
TRACE::2025-05-30.07:16:13::SCWMssOS::R_FLAGS=  -O2 -c -mcpu=v11.0 -mlittle-endian -mno-xl-soft-mul -mxl-barrel-shift -mxl-pattern-compare" "EXTRA_COMPILER_FLAGS=-g 
TRACE::2025-05-30.07:16:13::SCWMssOS::-ffunction-sections -fdata-sections -Wall -Wextra"

TRACE::2025-05-30.07:16:13::SCWMssOS::"Running Make include in microblaze_0/libsrc/gpio_v4_7/src"

TRACE::2025-05-30.07:16:14::SCWMssOS::make -C microblaze_0/libsrc/gpio_v4_7/src -s include  "SHELL=CMD" "COMPILER=mb-gcc" "ASSEMBLER=mb-as" "ARCHIVER=mb-ar" "COMPILE
TRACE::2025-05-30.07:16:14::SCWMssOS::R_FLAGS=  -O2 -c -mcpu=v11.0 -mlittle-endian -mno-xl-soft-mul -mxl-barrel-shift -mxl-pattern-compare" "EXTRA_COMPILER_FLAGS=-g 
TRACE::2025-05-30.07:16:14::SCWMssOS::-ffunction-sections -fdata-sections -Wall -Wextra"

TRACE::2025-05-30.07:16:14::SCWMssOS::"Running Make include in microblaze_0/libsrc/intc_v3_12/src"

TRACE::2025-05-30.07:16:14::SCWMssOS::make -C microblaze_0/libsrc/intc_v3_12/src -s include  "SHELL=CMD" "COMPILER=mb-gcc" "ASSEMBLER=mb-as" "ARCHIVER=mb-ar" "COMPIL
TRACE::2025-05-30.07:16:14::SCWMssOS::ER_FLAGS=  -O2 -c -mcpu=v11.0 -mlittle-endian -mno-xl-soft-mul -mxl-barrel-shift -mxl-pattern-compare" "EXTRA_COMPILER_FLAGS=-g
TRACE::2025-05-30.07:16:14::SCWMssOS:: -ffunction-sections -fdata-sections -Wall -Wextra"

TRACE::2025-05-30.07:16:14::SCWMssOS::"Running Make include in microblaze_0/libsrc/standalone_v7_3/src"

TRACE::2025-05-30.07:16:14::SCWMssOS::make -C microblaze_0/libsrc/standalone_v7_3/src -s include  "SHELL=CMD" "COMPILER=mb-gcc" "ASSEMBLER=mb-as" "ARCHIVER=mb-ar" "C
TRACE::2025-05-30.07:16:14::SCWMssOS::OMPILER_FLAGS=  -O2 -c -mcpu=v11.0 -mlittle-endian -mno-xl-soft-mul -mxl-barrel-shift -mxl-pattern-compare" "EXTRA_COMPILER_FLA
TRACE::2025-05-30.07:16:14::SCWMssOS::GS=-g -ffunction-sections -fdata-sections -Wall -Wextra"

TRACE::2025-05-30.07:16:14::SCWMssOS::"Running Make include in microblaze_0/libsrc/uartlite_v3_5/src"

TRACE::2025-05-30.07:16:14::SCWMssOS::make -C microblaze_0/libsrc/uartlite_v3_5/src -s include  "SHELL=CMD" "COMPILER=mb-gcc" "ASSEMBLER=mb-as" "ARCHIVER=mb-ar" "COM
TRACE::2025-05-30.07:16:14::SCWMssOS::PILER_FLAGS=  -O2 -c -mcpu=v11.0 -mlittle-endian -mno-xl-soft-mul -mxl-barrel-shift -mxl-pattern-compare" "EXTRA_COMPILER_FLAGS
TRACE::2025-05-30.07:16:14::SCWMssOS::=-g -ffunction-sections -fdata-sections -Wall -Wextra"

TRACE::2025-05-30.07:16:14::SCWMssOS::"Running Make libs in microblaze_0/libsrc/bram_v4_5/src"

TRACE::2025-05-30.07:16:14::SCWMssOS::make -C microblaze_0/libsrc/bram_v4_5/src -s libs  "SHELL=CMD" "COMPILER=mb-gcc" "ASSEMBLER=mb-as" "ARCHIVER=mb-ar" "COMPILER_F
TRACE::2025-05-30.07:16:14::SCWMssOS::LAGS=  -O2 -c -mcpu=v11.0 -mlittle-endian -mno-xl-soft-mul -mxl-barrel-shift -mxl-pattern-compare" "EXTRA_COMPILER_FLAGS=-g -ff
TRACE::2025-05-30.07:16:14::SCWMssOS::unction-sections -fdata-sections -Wall -Wextra"

TRACE::2025-05-30.07:16:14::SCWMssOS::"Running Make libs in microblaze_0/libsrc/clk_wiz_v1_4/src"

TRACE::2025-05-30.07:16:14::SCWMssOS::make -C microblaze_0/libsrc/clk_wiz_v1_4/src -s libs  "SHELL=CMD" "COMPILER=mb-gcc" "ASSEMBLER=mb-as" "ARCHIVER=mb-ar" "COMPILE
TRACE::2025-05-30.07:16:14::SCWMssOS::R_FLAGS=  -O2 -c -mcpu=v11.0 -mlittle-endian -mno-xl-soft-mul -mxl-barrel-shift -mxl-pattern-compare" "EXTRA_COMPILER_FLAGS=-g 
TRACE::2025-05-30.07:16:14::SCWMssOS::-ffunction-sections -fdata-sections -Wall -Wextra"

TRACE::2025-05-30.07:16:14::SCWMssOS::"Running Make libs in microblaze_0/libsrc/cpu_v2_12/src"

TRACE::2025-05-30.07:16:14::SCWMssOS::make -C microblaze_0/libsrc/cpu_v2_12/src -s libs  "SHELL=CMD" "COMPILER=mb-gcc" "ASSEMBLER=mb-as" "ARCHIVER=mb-ar" "COMPILER_F
TRACE::2025-05-30.07:16:14::SCWMssOS::LAGS=  -O2 -c -mcpu=v11.0 -mlittle-endian -mno-xl-soft-mul -mxl-barrel-shift -mxl-pattern-compare" "EXTRA_COMPILER_FLAGS=-g -ff
TRACE::2025-05-30.07:16:14::SCWMssOS::unction-sections -fdata-sections -Wall -Wextra"

TRACE::2025-05-30.07:16:15::SCWMssOS::"Running Make libs in microblaze_0/libsrc/intc_v3_12/src"

TRACE::2025-05-30.07:16:15::SCWMssOS::"Running Make libs in microblaze_0/libsrc/gpio_v4_7/src"

TRACE::2025-05-30.07:16:15::SCWMssOS::make -C microblaze_0/libsrc/gpio_v4_7/src -s libs  "SHELL=CMD" "COMPILER=mb-gcc" "ASSEMBLER=mb-as" "ARCHIVER=mb-ar" "COMPILER_F
TRACE::2025-05-30.07:16:15::SCWMssOS::LAGS=  -O2 -c -mcpu=v11.0 -mlittle-endian -mno-xl-soft-mul -mxl-barrel-shift -mxl-pattern-compare" "EXTRA_COMPILER_FLAGS=-g -ff
TRACE::2025-05-30.07:16:15::SCWMssOS::unction-sections -fdata-sections -Wall -Wextra"

TRACE::2025-05-30.07:16:15::SCWMssOS::"Running Make libs in microblaze_0/libsrc/standalone_v7_3/src"

TRACE::2025-05-30.07:16:15::SCWMssOS::make -C microblaze_0/libsrc/intc_v3_12/src -s libs  "SHELL=CMD" "COMPILER=mb-gcc" "ASSEMBLER=mb-as" "ARCHIVER=mb-ar" "COMPILER_
TRACE::2025-05-30.07:16:15::SCWMssOS::FLAGS=  -O2 -c -mcpu=v11.0 -mlittle-endian -mno-xl-soft-mul -mxl-barrel-shift -mxl-pattern-compare" "EXTRA_COMPILER_FLAGS=-g -f
TRACE::2025-05-30.07:16:15::SCWMssOS::function-sections -fdata-sections -Wall -Wextra"

TRACE::2025-05-30.07:16:15::SCWMssOS::make -C microblaze_0/libsrc/standalone_v7_3/src -s libs  "SHELL=CMD" "COMPILER=mb-gcc" "ASSEMBLER=mb-as" "ARCHIVER=mb-ar" "COMP
TRACE::2025-05-30.07:16:15::SCWMssOS::ILER_FLAGS=  -O2 -c -mcpu=v11.0 -mlittle-endian -mno-xl-soft-mul -mxl-barrel-shift -mxl-pattern-compare" "EXTRA_COMPILER_FLAGS=
TRACE::2025-05-30.07:16:15::SCWMssOS::-g -ffunction-sections -fdata-sections -Wall -Wextra"

TRACE::2025-05-30.07:16:15::SCWMssOS::"Running Make libs in microblaze_0/libsrc/uartlite_v3_5/src"

TRACE::2025-05-30.07:16:15::SCWMssOS::make -C microblaze_0/libsrc/uartlite_v3_5/src -s libs  "SHELL=CMD" "COMPILER=mb-gcc" "ASSEMBLER=mb-as" "ARCHIVER=mb-ar" "COMPIL
TRACE::2025-05-30.07:16:15::SCWMssOS::ER_FLAGS=  -O2 -c -mcpu=v11.0 -mlittle-endian -mno-xl-soft-mul -mxl-barrel-shift -mxl-pattern-compare" "EXTRA_COMPILER_FLAGS=-g
TRACE::2025-05-30.07:16:15::SCWMssOS:: -ffunction-sections -fdata-sections -Wall -Wextra"

TRACE::2025-05-30.07:16:16::SCWMssOS::"DEBUG NON_LTO_OBJECTS is ../../../lib/microblaze_interrupt_handler.o"

TRACE::2025-05-30.07:16:18::SCWMssOS::'Finished building libraries parallelly.'

TRACE::2025-05-30.07:16:18::SCWMssOS::make --no-print-directory archive

TRACE::2025-05-30.07:16:18::SCWMssOS::mb-ar -r  microblaze_0/lib/libxil.a microblaze_0/lib/xplatform_info.o microblaze_0/lib/xuartlite.o microblaze_0/lib/microblaze_
TRACE::2025-05-30.07:16:18::SCWMssOS::disable_exceptions.o microblaze_0/lib/print.o microblaze_0/lib/_exit.o microblaze_0/lib/xil_testio.o microblaze_0/lib/microblaz
TRACE::2025-05-30.07:16:18::SCWMssOS::e_disable_dcache.o microblaze_0/lib/microblaze_flush_dcache_range.o microblaze_0/lib/microblaze_flush_cache_ext.o microblaze_0/
TRACE::2025-05-30.07:16:18::SCWMssOS::lib/xbram_sinit.o microblaze_0/lib/inbyte.o microblaze_0/lib/xclk_wiz_g.o microblaze_0/lib/xil_misc_psreset_api.o microblaze_0/
TRACE::2025-05-30.07:16:18::SCWMssOS::lib/xil_cache.o microblaze_0/lib/xil_util.o microblaze_0/lib/xclk_wiz_sinit.o microblaze_0/lib/xuartlite_stats.o microblaze_0/l
TRACE::2025-05-30.07:16:18::SCWMssOS::ib/microblaze_exception_handler.o microblaze_0/lib/xbram_g.o microblaze_0/lib/microblaze_scrub.o microblaze_0/lib/microblaze_in
TRACE::2025-05-30.07:16:18::SCWMssOS::validate_dcache.o microblaze_0/lib/microblaze_disable_interrupts.o microblaze_0/lib/xbram_selftest.o microblaze_0/lib/microblaz
TRACE::2025-05-30.07:16:18::SCWMssOS::e_interrupt_handler.o microblaze_0/lib/microblaze_disable_icache.o microblaze_0/lib/xgpio_g.o microblaze_0/lib/xil_mem.o microb
TRACE::2025-05-30.07:16:18::SCWMssOS::laze_0/lib/xclk_wiz_intr.o microblaze_0/lib/microblaze_flush_cache_ext_range.o microblaze_0/lib/xbram_intr.o microblaze_0/lib/x
TRACE::2025-05-30.07:16:18::SCWMssOS::il_sleepcommon.o microblaze_0/lib/xil_printf.o microblaze_0/lib/xintc_g.o microblaze_0/lib/xuartlite_g.o microblaze_0/lib/xintc
TRACE::2025-05-30.07:16:18::SCWMssOS::_selftest.o microblaze_0/lib/xintc_l.o microblaze_0/lib/outbyte.o microblaze_0/lib/xgpio_intr.o microblaze_0/lib/microblaze_inv
TRACE::2025-05-30.07:16:18::SCWMssOS::alidate_dcache_range.o microblaze_0/lib/microblaze_invalidate_cache_ext.o microblaze_0/lib/microblaze_sleep.o microblaze_0/lib/
TRACE::2025-05-30.07:16:18::SCWMssOS::xuartlite_sinit.o microblaze_0/lib/hw_exception_handler.o microblaze_0/lib/xuartlite_selftest.o microblaze_0/lib/xgpio_sinit.o 
TRACE::2025-05-30.07:16:18::SCWMssOS::microblaze_0/lib/microblaze_update_dcache.o microblaze_0/lib/xil_testcache.o microblaze_0/lib/microblaze_selftest.o microblaze_
TRACE::2025-05-30.07:16:18::SCWMssOS::0/lib/microblaze_interrupts_g.o microblaze_0/lib/microblaze_enable_exceptions.o microblaze_0/lib/xio.o microblaze_0/lib/xclk_wi
TRACE::2025-05-30.07:16:18::SCWMssOS::z.o microblaze_0/lib/microblaze_enable_dcache.o microblaze_0/lib/xbram.o microblaze_0/lib/microblaze_invalidate_icache_range.o 
TRACE::2025-05-30.07:16:18::SCWMssOS::microblaze_0/lib/microblaze_init_dcache_range.o microblaze_0/lib/microblaze_invalidate_icache.o microblaze_0/lib/errno.o microb
TRACE::2025-05-30.07:16:18::SCWMssOS::laze_0/lib/xuartlite_l.o microblaze_0/lib/xintc_options.o microblaze_0/lib/microblaze_invalidate_cache_ext_range.o microblaze_0
TRACE::2025-05-30.07:16:18::SCWMssOS::/lib/xintc_intr.o microblaze_0/lib/xil_exception.o microblaze_0/lib/pvr.o microblaze_0/lib/xgpio.o microblaze_0/lib/xil_testmem
TRACE::2025-05-30.07:16:18::SCWMssOS::.o microblaze_0/lib/microblaze_update_icache.o microblaze_0/lib/xuartlite_intr.o microblaze_0/lib/microblaze_flush_dcache.o mic
TRACE::2025-05-30.07:16:18::SCWMssOS::roblaze_0/lib/xil_clocking.o microblaze_0/lib/xil_assert.o microblaze_0/lib/microblaze_enable_interrupts.o microblaze_0/lib/xgp
TRACE::2025-05-30.07:16:18::SCWMssOS::io_extra.o microblaze_0/lib/microblaze_enable_icache.o microblaze_0/lib/xintc.o microblaze_0/lib/microblaze_init_icache_range.o
TRACE::2025-05-30.07:16:18::SCWMssOS:: microblaze_0/lib/fcntl.o microblaze_0/lib/xgpio_selftest.o

TRACE::2025-05-30.07:16:18::SCWMssOS::'Finished building libraries'

TRACE::2025-05-30.07:16:18::SCWMssOS::Copying to export directory.
TRACE::2025-05-30.07:16:19::SCWMssOS:: Checking if to create the Supporting Applications
TRACE::2025-05-30.07:16:19::SCWMssOS:: No Linux domain exists, trying to generate FSBL 
LOG::2025-05-30.07:16:19::SCWSystem::Completed Processing the domain standalone_domain
LOG::2025-05-30.07:16:19::SCWSystem::Completed Processing the sysconfig microv4_INTC_emc_8nsbis
LOG::2025-05-30.07:16:19::SCWPlatform::Completed generating the artifacts for system configuration microv4_INTC_emc_8nsbis
TRACE::2025-05-30.07:16:19::SCWPlatform::Started preparing the platform 
TRACE::2025-05-30.07:16:19::SCWSystem::Writing the bif file for system config microv4_INTC_emc_8nsbis
TRACE::2025-05-30.07:16:19::SCWSystem::dir created 
TRACE::2025-05-30.07:16:19::SCWSystem::Writing the bif 
TRACE::2025-05-30.07:16:19::SCWPlatform::Started writing the spfm file 
TRACE::2025-05-30.07:16:19::SCWPlatform::Started writing the xpfm file 
TRACE::2025-05-30.07:16:19::SCWPlatform::Completed generating the platform
TRACE::2025-05-30.07:16:19::SCWMssOS::Saving the mss changes C:/Users/ilpes/Desktop/Antenne_e_clocks/project_MicroBlaze_simple/microv4_INTC_emc_8nsbis/microblaze_0/standalone_domain/bsp/system.mss
TRACE::2025-05-30.07:16:19::SCWMssOS::Found a swdesign opened with the mssfile.
TRACE::2025-05-30.07:16:19::SCWMssOS::Completed writemss as part of save.
TRACE::2025-05-30.07:16:19::SCWMssOS::Commit changes completed.
TRACE::2025-05-30.07:16:19::SCWPlatform::Trying to open the hw design at C:/Users/ilpes/Desktop/Antenne_e_clocks/project_MicroBlaze_simple/microv4_INTC_emc_8nsbis/hw/micro_core_v4_INTC_emc8ns_bis.xsa
TRACE::2025-05-30.07:16:19::SCWPlatform::DSA given C:/Users/ilpes/Desktop/Antenne_e_clocks/project_MicroBlaze_simple/microv4_INTC_emc_8nsbis/hw/micro_core_v4_INTC_emc8ns_bis.xsa
TRACE::2025-05-30.07:16:19::SCWPlatform::DSA absoulate path C:/Users/ilpes/Desktop/Antenne_e_clocks/project_MicroBlaze_simple/microv4_INTC_emc_8nsbis/hw/micro_core_v4_INTC_emc8ns_bis.xsa
TRACE::2025-05-30.07:16:19::SCWPlatform::DSA directory C:/Users/ilpes/Desktop/Antenne_e_clocks/project_MicroBlaze_simple/microv4_INTC_emc_8nsbis/hw
TRACE::2025-05-30.07:16:19::SCWPlatform:: Platform Path C:/Users/ilpes/Desktop/Antenne_e_clocks/project_MicroBlaze_simple/microv4_INTC_emc_8nsbis/hw/micro_core_v4_INTC_emc8ns_bis.xsa
TRACE::2025-05-30.07:16:19::SCWPlatform:: Unique name xilinx:cmod_a7-35t::0.0
TRACE::2025-05-30.07:16:19::SCWPlatform::Trying to set the existing hwdb with name micro_core_v0_wrapper_1
TRACE::2025-05-30.07:16:19::SCWPlatform::Opened existing hwdb micro_core_v0_wrapper_1
TRACE::2025-05-30.07:16:19::SCWPlatform::Found the Hw Db part of the input DSA
TRACE::2025-05-30.07:16:19::SCWMssOS::Checking the sw design at  C:/Users/ilpes/Desktop/Antenne_e_clocks/project_MicroBlaze_simple/microv4_INTC_emc_8nsbis/microblaze_0/standalone_domain/bsp/system.mss
TRACE::2025-05-30.07:16:19::SCWMssOS::DEBUG:  swdes dump  C:/Users/ilpes/Desktop/Antenne_e_clocks/project_MicroBlaze_simple/microv4_INTC_emc_8nsbis/microblaze_0/standalone_domain/bsp/system.mss|system||

TRACE::2025-05-30.07:16:19::SCWMssOS::Sw design exists and opened at  C:/Users/ilpes/Desktop/Antenne_e_clocks/project_MicroBlaze_simple/microv4_INTC_emc_8nsbis/microblaze_0/standalone_domain/bsp/system.mss
TRACE::2025-05-30.07:16:19::SCWWriter::formatted JSON is {
	"platformName":	"microv4_INTC_emc_8nsbis",
	"sprVersion":	"2.0",
	"mode":	"gui",
	"dsaType":	"Fixed",
	"platformDesc":	"microv4_INTC_emc_8nsbis",
	"platHandOff":	"C:/Users/ilpes/Desktop/Antenne_e_clocks/project_MB_INTC_emc/micro_core_v4_INTC_emc8ns_bis.xsa",
	"platIntHandOff":	"<platformDir>/hw/micro_core_v4_INTC_emc8ns_bis.xsa",
	"deviceType":	"FPGA",
	"platIsPrebuiltAutogen":	"false",
	"platIsNoBootBsp":	"false",
	"hasFsblMakeHasChanges":	"false",
	"hasPmufwMakeHasChanges":	"false",
	"platPreBuiltFlag":	false,
	"platformSamplesDir":	"",
	"platActiveSys":	"microv4_INTC_emc_8nsbis",
	"systems":	[{
			"systemName":	"microv4_INTC_emc_8nsbis",
			"systemDesc":	"microv4_INTC_emc_8nsbis",
			"sysIsBootAutoGen":	"true",
			"systemDispName":	"microv4_INTC_emc_8nsbis",
			"sysActiveDom":	"standalone_domain",
			"sysDefaultDom":	"standalone_domain",
			"domains":	[{
					"domainName":	"standalone_domain",
					"domainDispName":	"standalone on microblaze_0",
					"domainDesc":	"standalone_domain",
					"processors":	"microblaze_0",
					"os":	"standalone",
					"sdxOs":	"standalone",
					"debugEnable":	"False",
					"domRuntimes":	["cpp"],
					"swRepo":	"",
					"mssOsVer":	"7.3",
					"mssFile":	"",
					"md5Digest":	"d795e7b2faf74e9a20292a492d94dc6f",
					"compatibleApp":	"",
					"domType":	"mssDomain",
					"arch":	"32-bit",
					"appSettings":	{
						"appCompilerFlags":	"",
						"appLinkerFlags":	""
					},
					"addedLibs":	[],
					"libOptions":	{
						"libsContainingOptions":	[]
					},
					"prebuiltLibs":	{
						"prebuiltIncPath":	[],
						"prebuiltLibPath":	[]
					},
					"isolation":	{
					}
				}]
		}]
}
KEYINFO::2025-05-30.07:16:19::SCWPlatform::updated the xpfm file.
TRACE::2025-05-30.07:16:19::SCWPlatform::Trying to open the hw design at C:/Users/ilpes/Desktop/Antenne_e_clocks/project_MicroBlaze_simple/microv4_INTC_emc_8nsbis/hw/micro_core_v4_INTC_emc8ns_bis.xsa
TRACE::2025-05-30.07:16:19::SCWPlatform::DSA given C:/Users/ilpes/Desktop/Antenne_e_clocks/project_MicroBlaze_simple/microv4_INTC_emc_8nsbis/hw/micro_core_v4_INTC_emc8ns_bis.xsa
TRACE::2025-05-30.07:16:19::SCWPlatform::DSA absoulate path C:/Users/ilpes/Desktop/Antenne_e_clocks/project_MicroBlaze_simple/microv4_INTC_emc_8nsbis/hw/micro_core_v4_INTC_emc8ns_bis.xsa
TRACE::2025-05-30.07:16:19::SCWPlatform::DSA directory C:/Users/ilpes/Desktop/Antenne_e_clocks/project_MicroBlaze_simple/microv4_INTC_emc_8nsbis/hw
TRACE::2025-05-30.07:16:19::SCWPlatform:: Platform Path C:/Users/ilpes/Desktop/Antenne_e_clocks/project_MicroBlaze_simple/microv4_INTC_emc_8nsbis/hw/micro_core_v4_INTC_emc8ns_bis.xsa
TRACE::2025-05-30.07:16:19::SCWPlatform:: Unique name xilinx:cmod_a7-35t::0.0
TRACE::2025-05-30.07:16:19::SCWPlatform::Trying to set the existing hwdb with name micro_core_v0_wrapper_1
TRACE::2025-05-30.07:16:19::SCWPlatform::Opened existing hwdb micro_core_v0_wrapper_1
TRACE::2025-05-30.07:16:19::SCWPlatform::Found the Hw Db part of the input DSA
TRACE::2025-05-30.07:16:19::SCWMssOS::Checking the sw design at  C:/Users/ilpes/Desktop/Antenne_e_clocks/project_MicroBlaze_simple/microv4_INTC_emc_8nsbis/microblaze_0/standalone_domain/bsp/system.mss
TRACE::2025-05-30.07:16:19::SCWMssOS::DEBUG:  swdes dump  C:/Users/ilpes/Desktop/Antenne_e_clocks/project_MicroBlaze_simple/microv4_INTC_emc_8nsbis/microblaze_0/standalone_domain/bsp/system.mss|system||

TRACE::2025-05-30.07:16:19::SCWMssOS::Sw design exists and opened at  C:/Users/ilpes/Desktop/Antenne_e_clocks/project_MicroBlaze_simple/microv4_INTC_emc_8nsbis/microblaze_0/standalone_domain/bsp/system.mss
