TRACE::2025-05-30.15:02:45::SCWPlatform::Trying to open the hw design at C:/Users/ilpes/Desktop/Antenne_e_clocks/project_MicroBlaze_simple/microv5_INTC_emc_8nstris/hw/micro_core_v5_INTC_emc_8ns.xsa
TRACE::2025-05-30.15:02:45::SCWPlatform::DSA given C:/Users/ilpes/Desktop/Antenne_e_clocks/project_MicroBlaze_simple/microv5_INTC_emc_8nstris/hw/micro_core_v5_INTC_emc_8ns.xsa
TRACE::2025-05-30.15:02:45::SCWPlatform::DSA absoulate path C:/Users/ilpes/Desktop/Antenne_e_clocks/project_MicroBlaze_simple/microv5_INTC_emc_8nstris/hw/micro_core_v5_INTC_emc_8ns.xsa
TRACE::2025-05-30.15:02:54::SCWPlatform::DSA directory C:/Users/ilpes/Desktop/Antenne_e_clocks/project_MicroBlaze_simple/microv5_INTC_emc_8nstris/hw
TRACE::2025-05-30.15:02:54::SCWPlatform:: Platform Path C:/Users/ilpes/Desktop/Antenne_e_clocks/project_MicroBlaze_simple/microv5_INTC_emc_8nstris/hw/micro_core_v5_INTC_emc_8ns.xsa
TRACE::2025-05-30.15:02:54::SCWPlatform:: Unique name xilinx:cmod_a7-35t::0.0
TRACE::2025-05-30.15:02:54::SCWPlatform::Do not have an existing db opened. 
TRACE::2025-05-30.15:02:54::SCWPlatform::Opened new HwDB with name micro_core_v0_wrapper_0
TRACE::2025-05-30.15:02:54::SCWWriter::formatted JSON is {
	"platformName":	"microv5_INTC_emc_8nstris",
	"sprVersion":	"2.0",
	"mode":	"gui",
	"dsaType":	"Fixed",
	"platformDesc":	"microv5_INTC_emc_8nstris",
	"platHandOff":	"C:/Users/ilpes/Desktop/Antenne_e_clocks/project_pasticcio/micro_core_v5_INTC_emc_8ns.xsa",
	"platIntHandOff":	"<platformDir>/hw/micro_core_v5_INTC_emc_8ns.xsa",
	"deviceType":	"FPGA",
	"platIsPrebuiltAutogen":	"false",
	"platIsNoBootBsp":	"false",
	"hasFsblMakeHasChanges":	"false",
	"hasPmufwMakeHasChanges":	"false",
	"platPreBuiltFlag":	false,
	"platformSamplesDir":	""
}
TRACE::2025-05-30.15:02:54::SCWWriter::formatted JSON is {
	"platformName":	"microv5_INTC_emc_8nstris",
	"sprVersion":	"2.0",
	"mode":	"gui",
	"dsaType":	"Fixed",
	"platformDesc":	"microv5_INTC_emc_8nstris",
	"platHandOff":	"C:/Users/ilpes/Desktop/Antenne_e_clocks/project_pasticcio/micro_core_v5_INTC_emc_8ns.xsa",
	"platIntHandOff":	"<platformDir>/hw/micro_core_v5_INTC_emc_8ns.xsa",
	"deviceType":	"FPGA",
	"platIsPrebuiltAutogen":	"false",
	"platIsNoBootBsp":	"false",
	"hasFsblMakeHasChanges":	"false",
	"hasPmufwMakeHasChanges":	"false",
	"platPreBuiltFlag":	false,
	"platformSamplesDir":	"",
	"platActiveSys":	"microv5_INTC_emc_8nstris",
	"systems":	[{
			"systemName":	"microv5_INTC_emc_8nstris",
			"systemDesc":	"microv5_INTC_emc_8nstris",
			"sysIsBootAutoGen":	"true",
			"systemDispName":	"microv5_INTC_emc_8nstris"
		}]
}
TRACE::2025-05-30.15:02:54::SCWPlatform::Boot application domains not present, creating them
TRACE::2025-05-30.15:02:54::SCWPlatform::Pure FPGA device, no boot application will be created.
TRACE::2025-05-30.15:02:54::SCWWriter::formatted JSON is {
	"platformName":	"microv5_INTC_emc_8nstris",
	"sprVersion":	"2.0",
	"mode":	"gui",
	"dsaType":	"Fixed",
	"platformDesc":	"microv5_INTC_emc_8nstris",
	"platHandOff":	"C:/Users/ilpes/Desktop/Antenne_e_clocks/project_pasticcio/micro_core_v5_INTC_emc_8ns.xsa",
	"platIntHandOff":	"<platformDir>/hw/micro_core_v5_INTC_emc_8ns.xsa",
	"deviceType":	"FPGA",
	"platIsPrebuiltAutogen":	"false",
	"platIsNoBootBsp":	"false",
	"hasFsblMakeHasChanges":	"false",
	"hasPmufwMakeHasChanges":	"false",
	"platPreBuiltFlag":	false,
	"platformSamplesDir":	"",
	"platActiveSys":	"microv5_INTC_emc_8nstris",
	"systems":	[{
			"systemName":	"microv5_INTC_emc_8nstris",
			"systemDesc":	"microv5_INTC_emc_8nstris",
			"sysIsBootAutoGen":	"true",
			"systemDispName":	"microv5_INTC_emc_8nstris"
		}]
}
TRACE::2025-05-30.15:02:54::SCWPlatform::Trying to open the hw design at C:/Users/ilpes/Desktop/Antenne_e_clocks/project_MicroBlaze_simple/microv5_INTC_emc_8nstris/hw/micro_core_v5_INTC_emc_8ns.xsa
TRACE::2025-05-30.15:02:54::SCWPlatform::DSA given C:/Users/ilpes/Desktop/Antenne_e_clocks/project_MicroBlaze_simple/microv5_INTC_emc_8nstris/hw/micro_core_v5_INTC_emc_8ns.xsa
TRACE::2025-05-30.15:02:54::SCWPlatform::DSA absoulate path C:/Users/ilpes/Desktop/Antenne_e_clocks/project_MicroBlaze_simple/microv5_INTC_emc_8nstris/hw/micro_core_v5_INTC_emc_8ns.xsa
TRACE::2025-05-30.15:02:54::SCWPlatform::DSA directory C:/Users/ilpes/Desktop/Antenne_e_clocks/project_MicroBlaze_simple/microv5_INTC_emc_8nstris/hw
TRACE::2025-05-30.15:02:54::SCWPlatform:: Platform Path C:/Users/ilpes/Desktop/Antenne_e_clocks/project_MicroBlaze_simple/microv5_INTC_emc_8nstris/hw/micro_core_v5_INTC_emc_8ns.xsa
TRACE::2025-05-30.15:02:54::SCWPlatform:: Unique name xilinx:cmod_a7-35t::0.0
TRACE::2025-05-30.15:02:54::SCWPlatform::Trying to set the existing hwdb with name micro_core_v0_wrapper_0
TRACE::2025-05-30.15:02:54::SCWPlatform::Opened existing hwdb micro_core_v0_wrapper_0
TRACE::2025-05-30.15:02:54::SCWPlatform::Found the Hw Db part of the input DSA
TRACE::2025-05-30.15:02:54::SCWDomain::checking for install qemu data   : 
TRACE::2025-05-30.15:02:54::SCWPlatform::Trying to open the hw design at C:/Users/ilpes/Desktop/Antenne_e_clocks/project_MicroBlaze_simple/microv5_INTC_emc_8nstris/hw/micro_core_v5_INTC_emc_8ns.xsa
TRACE::2025-05-30.15:02:54::SCWPlatform::DSA given C:/Users/ilpes/Desktop/Antenne_e_clocks/project_MicroBlaze_simple/microv5_INTC_emc_8nstris/hw/micro_core_v5_INTC_emc_8ns.xsa
TRACE::2025-05-30.15:02:54::SCWPlatform::DSA absoulate path C:/Users/ilpes/Desktop/Antenne_e_clocks/project_MicroBlaze_simple/microv5_INTC_emc_8nstris/hw/micro_core_v5_INTC_emc_8ns.xsa
TRACE::2025-05-30.15:02:54::SCWPlatform::DSA directory C:/Users/ilpes/Desktop/Antenne_e_clocks/project_MicroBlaze_simple/microv5_INTC_emc_8nstris/hw
TRACE::2025-05-30.15:02:54::SCWPlatform:: Platform Path C:/Users/ilpes/Desktop/Antenne_e_clocks/project_MicroBlaze_simple/microv5_INTC_emc_8nstris/hw/micro_core_v5_INTC_emc_8ns.xsa
TRACE::2025-05-30.15:02:54::SCWPlatform:: Unique name xilinx:cmod_a7-35t::0.0
TRACE::2025-05-30.15:02:54::SCWPlatform::Trying to set the existing hwdb with name micro_core_v0_wrapper_0
TRACE::2025-05-30.15:02:54::SCWPlatform::Opened existing hwdb micro_core_v0_wrapper_0
TRACE::2025-05-30.15:02:54::SCWPlatform::Found the Hw Db part of the input DSA
TRACE::2025-05-30.15:02:54::SCWPlatform::Trying to open the hw design at C:/Users/ilpes/Desktop/Antenne_e_clocks/project_MicroBlaze_simple/microv5_INTC_emc_8nstris/hw/micro_core_v5_INTC_emc_8ns.xsa
TRACE::2025-05-30.15:02:54::SCWPlatform::DSA given C:/Users/ilpes/Desktop/Antenne_e_clocks/project_MicroBlaze_simple/microv5_INTC_emc_8nstris/hw/micro_core_v5_INTC_emc_8ns.xsa
TRACE::2025-05-30.15:02:54::SCWPlatform::DSA absoulate path C:/Users/ilpes/Desktop/Antenne_e_clocks/project_MicroBlaze_simple/microv5_INTC_emc_8nstris/hw/micro_core_v5_INTC_emc_8ns.xsa
TRACE::2025-05-30.15:02:54::SCWPlatform::DSA directory C:/Users/ilpes/Desktop/Antenne_e_clocks/project_MicroBlaze_simple/microv5_INTC_emc_8nstris/hw
TRACE::2025-05-30.15:02:54::SCWPlatform:: Platform Path C:/Users/ilpes/Desktop/Antenne_e_clocks/project_MicroBlaze_simple/microv5_INTC_emc_8nstris/hw/micro_core_v5_INTC_emc_8ns.xsa
TRACE::2025-05-30.15:02:54::SCWPlatform:: Unique name xilinx:cmod_a7-35t::0.0
TRACE::2025-05-30.15:02:54::SCWPlatform::Trying to set the existing hwdb with name micro_core_v0_wrapper_0
TRACE::2025-05-30.15:02:54::SCWPlatform::Opened existing hwdb micro_core_v0_wrapper_0
TRACE::2025-05-30.15:02:54::SCWPlatform::Found the Hw Db part of the input DSA
TRACE::2025-05-30.15:02:54::SCWPlatform::Trying to open the hw design at C:/Users/ilpes/Desktop/Antenne_e_clocks/project_MicroBlaze_simple/microv5_INTC_emc_8nstris/hw/micro_core_v5_INTC_emc_8ns.xsa
TRACE::2025-05-30.15:02:54::SCWPlatform::DSA given C:/Users/ilpes/Desktop/Antenne_e_clocks/project_MicroBlaze_simple/microv5_INTC_emc_8nstris/hw/micro_core_v5_INTC_emc_8ns.xsa
TRACE::2025-05-30.15:02:54::SCWPlatform::DSA absoulate path C:/Users/ilpes/Desktop/Antenne_e_clocks/project_MicroBlaze_simple/microv5_INTC_emc_8nstris/hw/micro_core_v5_INTC_emc_8ns.xsa
TRACE::2025-05-30.15:02:54::SCWPlatform::DSA directory C:/Users/ilpes/Desktop/Antenne_e_clocks/project_MicroBlaze_simple/microv5_INTC_emc_8nstris/hw
TRACE::2025-05-30.15:02:54::SCWPlatform:: Platform Path C:/Users/ilpes/Desktop/Antenne_e_clocks/project_MicroBlaze_simple/microv5_INTC_emc_8nstris/hw/micro_core_v5_INTC_emc_8ns.xsa
TRACE::2025-05-30.15:02:54::SCWPlatform:: Unique name xilinx:cmod_a7-35t::0.0
TRACE::2025-05-30.15:02:54::SCWPlatform::Trying to set the existing hwdb with name micro_core_v0_wrapper_0
TRACE::2025-05-30.15:02:54::SCWPlatform::Opened existing hwdb micro_core_v0_wrapper_0
TRACE::2025-05-30.15:02:54::SCWPlatform::Found the Hw Db part of the input DSA
TRACE::2025-05-30.15:02:54::SCWMssOS::Checking the sw design at  C:/Users/ilpes/Desktop/Antenne_e_clocks/project_MicroBlaze_simple/microv5_INTC_emc_8nstris/microblaze_0/standalone_domain/bsp/system.mss
TRACE::2025-05-30.15:02:54::SCWMssOS::DEBUG:  swdes dump  
TRACE::2025-05-30.15:02:54::SCWMssOS::No sw design opened at  C:/Users/ilpes/Desktop/Antenne_e_clocks/project_MicroBlaze_simple/microv5_INTC_emc_8nstris/microblaze_0/standalone_domain/bsp/system.mss
TRACE::2025-05-30.15:02:54::SCWMssOS::mss does not exists at C:/Users/ilpes/Desktop/Antenne_e_clocks/project_MicroBlaze_simple/microv5_INTC_emc_8nstris/microblaze_0/standalone_domain/bsp/system.mss
TRACE::2025-05-30.15:02:54::SCWMssOS::Creating sw design at  C:/Users/ilpes/Desktop/Antenne_e_clocks/project_MicroBlaze_simple/microv5_INTC_emc_8nstris/microblaze_0/standalone_domain/bsp/system.mss
TRACE::2025-05-30.15:02:54::SCWMssOS::Adding the swdes entry, created swdb C:/Users/ilpes/Desktop/Antenne_e_clocks/project_MicroBlaze_simple/microv5_INTC_emc_8nstris/microblaze_0/standalone_domain/bsp/system.mss with des name C:/Users/ilpes/Desktop/Antenne_e_clocks/project_MicroBlaze_simple/microv5_INTC_emc_8nstris/microblaze_0/standalone_domain/bsp/system.mss
TRACE::2025-05-30.15:02:54::SCWMssOS::updating the scw layer changes to swdes at   C:/Users/ilpes/Desktop/Antenne_e_clocks/project_MicroBlaze_simple/microv5_INTC_emc_8nstris/microblaze_0/standalone_domain/bsp/system.mss
TRACE::2025-05-30.15:02:54::SCWMssOS::Writing mss at C:/Users/ilpes/Desktop/Antenne_e_clocks/project_MicroBlaze_simple/microv5_INTC_emc_8nstris/microblaze_0/standalone_domain/bsp/system.mss
TRACE::2025-05-30.15:02:54::SCWMssOS::Completed writing the mss file at C:/Users/ilpes/Desktop/Antenne_e_clocks/project_MicroBlaze_simple/microv5_INTC_emc_8nstris/microblaze_0/standalone_domain/bsp
TRACE::2025-05-30.15:02:54::SCWMssOS::Picking up changes from newly written mss file into SCW Layer. 
TRACE::2025-05-30.15:02:54::SCWMssOS::Updated the changes from newly written mss file into SCW Layer. 
TRACE::2025-05-30.15:02:54::SCWMssOS::Completed writing the mss file at C:/Users/ilpes/Desktop/Antenne_e_clocks/project_MicroBlaze_simple/microv5_INTC_emc_8nstris/microblaze_0/standalone_domain/bsp
TRACE::2025-05-30.15:02:54::SCWMssOS::Forcing BSP Sources regeneration.
TRACE::2025-05-30.15:02:58::SCWMssOS::Saving the mss changes C:/Users/ilpes/Desktop/Antenne_e_clocks/project_MicroBlaze_simple/microv5_INTC_emc_8nstris/microblaze_0/standalone_domain/bsp/system.mss
TRACE::2025-05-30.15:02:58::SCWMssOS::Found a swdesign opened with the mssfile.
TRACE::2025-05-30.15:02:58::SCWMssOS::Running validate of swdbs.
KEYINFO::2025-05-30.15:02:59::SCWMssOS::Could not open the swdb for C:/Users/ilpes/Desktop/Antenne_e_clocks/project_MicroBlaze_simple/microv5_INTC_emc_8nstris/microblaze_0/standalone_domain/bsp/system.mss
KEYINFO::2025-05-30.15:02:59::SCWMssOS::Could not open the sw design at  C:/Users/ilpes/Desktop/Antenne_e_clocks/project_MicroBlaze_simple/microv5_INTC_emc_8nstris/microblaze_0/standalone_domain/bsp/system.mss
ERROR: [Hsi 55-1558] Software Design C:/Users/ilpes/Desktop/Antenne_e_clocks/project_MicroBlaze_simple/microv5_INTC_emc_8nstris/microblaze_0/standalone_domain/bsp/system.mss is not found

TRACE::2025-05-30.15:02:59::SCWMssOS::Cleared the swdb table entry
TRACE::2025-05-30.15:02:59::SCWMssOS::Adding the swdes entry, mss present, able to open swdb C:/Users/ilpes/Desktop/Antenne_e_clocks/project_MicroBlaze_simple/microv5_INTC_emc_8nstris/microblaze_0/standalone_domain/bsp/system.mss with des name system
TRACE::2025-05-30.15:02:59::SCWMssOS::Writing the mss file completed C:/Users/ilpes/Desktop/Antenne_e_clocks/project_MicroBlaze_simple/microv5_INTC_emc_8nstris/microblaze_0/standalone_domain/bsp/system.mss
TRACE::2025-05-30.15:02:59::SCWMssOS::Commit changes completed.
TRACE::2025-05-30.15:02:59::SCWPlatform::Trying to open the hw design at C:/Users/ilpes/Desktop/Antenne_e_clocks/project_MicroBlaze_simple/microv5_INTC_emc_8nstris/hw/micro_core_v5_INTC_emc_8ns.xsa
TRACE::2025-05-30.15:02:59::SCWPlatform::DSA given C:/Users/ilpes/Desktop/Antenne_e_clocks/project_MicroBlaze_simple/microv5_INTC_emc_8nstris/hw/micro_core_v5_INTC_emc_8ns.xsa
TRACE::2025-05-30.15:02:59::SCWPlatform::DSA absoulate path C:/Users/ilpes/Desktop/Antenne_e_clocks/project_MicroBlaze_simple/microv5_INTC_emc_8nstris/hw/micro_core_v5_INTC_emc_8ns.xsa
TRACE::2025-05-30.15:02:59::SCWPlatform::DSA directory C:/Users/ilpes/Desktop/Antenne_e_clocks/project_MicroBlaze_simple/microv5_INTC_emc_8nstris/hw
TRACE::2025-05-30.15:02:59::SCWPlatform:: Platform Path C:/Users/ilpes/Desktop/Antenne_e_clocks/project_MicroBlaze_simple/microv5_INTC_emc_8nstris/hw/micro_core_v5_INTC_emc_8ns.xsa
TRACE::2025-05-30.15:02:59::SCWPlatform:: Unique name xilinx:cmod_a7-35t::0.0
TRACE::2025-05-30.15:02:59::SCWPlatform::Trying to set the existing hwdb with name micro_core_v0_wrapper_0
TRACE::2025-05-30.15:02:59::SCWPlatform::Opened existing hwdb micro_core_v0_wrapper_0
TRACE::2025-05-30.15:02:59::SCWPlatform::Found the Hw Db part of the input DSA
TRACE::2025-05-30.15:02:59::SCWMssOS::Checking the sw design at  C:/Users/ilpes/Desktop/Antenne_e_clocks/project_MicroBlaze_simple/microv5_INTC_emc_8nstris/microblaze_0/standalone_domain/bsp/system.mss
TRACE::2025-05-30.15:02:59::SCWMssOS::DEBUG:  swdes dump  C:/Users/ilpes/Desktop/Antenne_e_clocks/project_MicroBlaze_simple/microv5_INTC_emc_8nstris/microblaze_0/standalone_domain/bsp/system.mss|system||

TRACE::2025-05-30.15:02:59::SCWMssOS::Sw design exists and opened at  C:/Users/ilpes/Desktop/Antenne_e_clocks/project_MicroBlaze_simple/microv5_INTC_emc_8nstris/microblaze_0/standalone_domain/bsp/system.mss
TRACE::2025-05-30.15:02:59::SCWPlatform::Trying to open the hw design at C:/Users/ilpes/Desktop/Antenne_e_clocks/project_MicroBlaze_simple/microv5_INTC_emc_8nstris/hw/micro_core_v5_INTC_emc_8ns.xsa
TRACE::2025-05-30.15:02:59::SCWPlatform::DSA given C:/Users/ilpes/Desktop/Antenne_e_clocks/project_MicroBlaze_simple/microv5_INTC_emc_8nstris/hw/micro_core_v5_INTC_emc_8ns.xsa
TRACE::2025-05-30.15:02:59::SCWPlatform::DSA absoulate path C:/Users/ilpes/Desktop/Antenne_e_clocks/project_MicroBlaze_simple/microv5_INTC_emc_8nstris/hw/micro_core_v5_INTC_emc_8ns.xsa
TRACE::2025-05-30.15:02:59::SCWPlatform::DSA directory C:/Users/ilpes/Desktop/Antenne_e_clocks/project_MicroBlaze_simple/microv5_INTC_emc_8nstris/hw
TRACE::2025-05-30.15:02:59::SCWPlatform:: Platform Path C:/Users/ilpes/Desktop/Antenne_e_clocks/project_MicroBlaze_simple/microv5_INTC_emc_8nstris/hw/micro_core_v5_INTC_emc_8ns.xsa
TRACE::2025-05-30.15:02:59::SCWPlatform:: Unique name xilinx:cmod_a7-35t::0.0
TRACE::2025-05-30.15:02:59::SCWPlatform::Trying to set the existing hwdb with name micro_core_v0_wrapper_0
TRACE::2025-05-30.15:02:59::SCWPlatform::Opened existing hwdb micro_core_v0_wrapper_0
TRACE::2025-05-30.15:02:59::SCWPlatform::Found the Hw Db part of the input DSA
TRACE::2025-05-30.15:02:59::SCWMssOS::Checking the sw design at  C:/Users/ilpes/Desktop/Antenne_e_clocks/project_MicroBlaze_simple/microv5_INTC_emc_8nstris/microblaze_0/standalone_domain/bsp/system.mss
TRACE::2025-05-30.15:02:59::SCWMssOS::DEBUG:  swdes dump  C:/Users/ilpes/Desktop/Antenne_e_clocks/project_MicroBlaze_simple/microv5_INTC_emc_8nstris/microblaze_0/standalone_domain/bsp/system.mss|system||

TRACE::2025-05-30.15:02:59::SCWMssOS::Sw design exists and opened at  C:/Users/ilpes/Desktop/Antenne_e_clocks/project_MicroBlaze_simple/microv5_INTC_emc_8nstris/microblaze_0/standalone_domain/bsp/system.mss
TRACE::2025-05-30.15:02:59::SCWPlatform::Trying to open the hw design at C:/Users/ilpes/Desktop/Antenne_e_clocks/project_MicroBlaze_simple/microv5_INTC_emc_8nstris/hw/micro_core_v5_INTC_emc_8ns.xsa
TRACE::2025-05-30.15:02:59::SCWPlatform::DSA given C:/Users/ilpes/Desktop/Antenne_e_clocks/project_MicroBlaze_simple/microv5_INTC_emc_8nstris/hw/micro_core_v5_INTC_emc_8ns.xsa
TRACE::2025-05-30.15:02:59::SCWPlatform::DSA absoulate path C:/Users/ilpes/Desktop/Antenne_e_clocks/project_MicroBlaze_simple/microv5_INTC_emc_8nstris/hw/micro_core_v5_INTC_emc_8ns.xsa
TRACE::2025-05-30.15:02:59::SCWPlatform::DSA directory C:/Users/ilpes/Desktop/Antenne_e_clocks/project_MicroBlaze_simple/microv5_INTC_emc_8nstris/hw
TRACE::2025-05-30.15:02:59::SCWPlatform:: Platform Path C:/Users/ilpes/Desktop/Antenne_e_clocks/project_MicroBlaze_simple/microv5_INTC_emc_8nstris/hw/micro_core_v5_INTC_emc_8ns.xsa
TRACE::2025-05-30.15:02:59::SCWPlatform:: Unique name xilinx:cmod_a7-35t::0.0
TRACE::2025-05-30.15:02:59::SCWPlatform::Trying to set the existing hwdb with name micro_core_v0_wrapper_0
TRACE::2025-05-30.15:02:59::SCWPlatform::Opened existing hwdb micro_core_v0_wrapper_0
TRACE::2025-05-30.15:02:59::SCWPlatform::Found the Hw Db part of the input DSA
TRACE::2025-05-30.15:02:59::SCWMssOS::Checking the sw design at  C:/Users/ilpes/Desktop/Antenne_e_clocks/project_MicroBlaze_simple/microv5_INTC_emc_8nstris/microblaze_0/standalone_domain/bsp/system.mss
TRACE::2025-05-30.15:02:59::SCWMssOS::DEBUG:  swdes dump  C:/Users/ilpes/Desktop/Antenne_e_clocks/project_MicroBlaze_simple/microv5_INTC_emc_8nstris/microblaze_0/standalone_domain/bsp/system.mss|system||

TRACE::2025-05-30.15:02:59::SCWMssOS::Sw design exists and opened at  C:/Users/ilpes/Desktop/Antenne_e_clocks/project_MicroBlaze_simple/microv5_INTC_emc_8nstris/microblaze_0/standalone_domain/bsp/system.mss
TRACE::2025-05-30.15:02:59::SCWWriter::formatted JSON is {
	"platformName":	"microv5_INTC_emc_8nstris",
	"sprVersion":	"2.0",
	"mode":	"gui",
	"dsaType":	"Fixed",
	"platformDesc":	"microv5_INTC_emc_8nstris",
	"platHandOff":	"C:/Users/ilpes/Desktop/Antenne_e_clocks/project_pasticcio/micro_core_v5_INTC_emc_8ns.xsa",
	"platIntHandOff":	"<platformDir>/hw/micro_core_v5_INTC_emc_8ns.xsa",
	"deviceType":	"FPGA",
	"platIsPrebuiltAutogen":	"false",
	"platIsNoBootBsp":	"false",
	"hasFsblMakeHasChanges":	"false",
	"hasPmufwMakeHasChanges":	"false",
	"platPreBuiltFlag":	false,
	"platformSamplesDir":	"",
	"platActiveSys":	"microv5_INTC_emc_8nstris",
	"systems":	[{
			"systemName":	"microv5_INTC_emc_8nstris",
			"systemDesc":	"microv5_INTC_emc_8nstris",
			"sysIsBootAutoGen":	"true",
			"systemDispName":	"microv5_INTC_emc_8nstris",
			"sysActiveDom":	"standalone_domain",
			"sysDefaultDom":	"standalone_domain",
			"domains":	[{
					"domainName":	"standalone_domain",
					"domainDispName":	"standalone_domain",
					"domainDesc":	"standalone_domain",
					"processors":	"microblaze_0",
					"os":	"standalone",
					"sdxOs":	"standalone",
					"debugEnable":	"False",
					"domRuntimes":	["cpp"],
					"swRepo":	"",
					"mssOsVer":	"7.3",
					"mssFile":	"",
					"md5Digest":	"d795e7b2faf74e9a20292a492d94dc6f",
					"compatibleApp":	"",
					"domType":	"mssDomain",
					"arch":	"32-bit",
					"appSettings":	{
						"appCompilerFlags":	"",
						"appLinkerFlags":	""
					},
					"addedLibs":	[],
					"libOptions":	{
						"libsContainingOptions":	[]
					},
					"prebuiltLibs":	{
						"prebuiltIncPath":	[],
						"prebuiltLibPath":	[]
					},
					"isolation":	{
					}
				}]
		}]
}
LOG::2025-05-30.15:02:59::SCWPlatform::Started generating the artifacts platform microv5_INTC_emc_8nstris
TRACE::2025-05-30.15:02:59::SCWPlatform::Sanity checking of platform is completed
LOG::2025-05-30.15:02:59::SCWPlatform::Started generating the artifacts for system configuration microv5_INTC_emc_8nstris
LOG::2025-05-30.15:02:59::SCWSystem::Checking the domain standalone_domain
LOG::2025-05-30.15:02:59::SCWSystem::Not a boot domain 
LOG::2025-05-30.15:02:59::SCWSystem::Started Processing the domain standalone_domain
TRACE::2025-05-30.15:02:59::SCWDomain::Generating domain artifcats
TRACE::2025-05-30.15:02:59::SCWMssOS::Generating standalone artifcats
TRACE::2025-05-30.15:02:59::SCWMssOS:: Copying the user libraries. 
TRACE::2025-05-30.15:02:59::SCWPlatform::Trying to open the hw design at C:/Users/ilpes/Desktop/Antenne_e_clocks/project_MicroBlaze_simple/microv5_INTC_emc_8nstris/hw/micro_core_v5_INTC_emc_8ns.xsa
TRACE::2025-05-30.15:02:59::SCWPlatform::DSA given C:/Users/ilpes/Desktop/Antenne_e_clocks/project_MicroBlaze_simple/microv5_INTC_emc_8nstris/hw/micro_core_v5_INTC_emc_8ns.xsa
TRACE::2025-05-30.15:02:59::SCWPlatform::DSA absoulate path C:/Users/ilpes/Desktop/Antenne_e_clocks/project_MicroBlaze_simple/microv5_INTC_emc_8nstris/hw/micro_core_v5_INTC_emc_8ns.xsa
TRACE::2025-05-30.15:02:59::SCWPlatform::DSA directory C:/Users/ilpes/Desktop/Antenne_e_clocks/project_MicroBlaze_simple/microv5_INTC_emc_8nstris/hw
TRACE::2025-05-30.15:02:59::SCWPlatform:: Platform Path C:/Users/ilpes/Desktop/Antenne_e_clocks/project_MicroBlaze_simple/microv5_INTC_emc_8nstris/hw/micro_core_v5_INTC_emc_8ns.xsa
TRACE::2025-05-30.15:02:59::SCWPlatform:: Unique name xilinx:cmod_a7-35t::0.0
TRACE::2025-05-30.15:02:59::SCWPlatform::Trying to set the existing hwdb with name micro_core_v0_wrapper_0
TRACE::2025-05-30.15:02:59::SCWPlatform::Opened existing hwdb micro_core_v0_wrapper_0
TRACE::2025-05-30.15:02:59::SCWPlatform::Found the Hw Db part of the input DSA
TRACE::2025-05-30.15:02:59::SCWMssOS::Checking the sw design at  C:/Users/ilpes/Desktop/Antenne_e_clocks/project_MicroBlaze_simple/microv5_INTC_emc_8nstris/microblaze_0/standalone_domain/bsp/system.mss
TRACE::2025-05-30.15:02:59::SCWMssOS::DEBUG:  swdes dump  C:/Users/ilpes/Desktop/Antenne_e_clocks/project_MicroBlaze_simple/microv5_INTC_emc_8nstris/microblaze_0/standalone_domain/bsp/system.mss|system||

TRACE::2025-05-30.15:02:59::SCWMssOS::Sw design exists and opened at  C:/Users/ilpes/Desktop/Antenne_e_clocks/project_MicroBlaze_simple/microv5_INTC_emc_8nstris/microblaze_0/standalone_domain/bsp/system.mss
TRACE::2025-05-30.15:02:59::SCWMssOS::Completed writing the mss file at C:/Users/ilpes/Desktop/Antenne_e_clocks/project_MicroBlaze_simple/microv5_INTC_emc_8nstris/microblaze_0/standalone_domain/bsp
TRACE::2025-05-30.15:02:59::SCWMssOS::Mss edits present, copying mssfile into export location C:/Users/ilpes/Desktop/Antenne_e_clocks/project_MicroBlaze_simple/microv5_INTC_emc_8nstris/microblaze_0/standalone_domain/bsp/system.mss
TRACE::2025-05-30.15:02:59::SCWMssOS::bsp generated is upto date with the mss file. Skipping bsp generation.
TRACE::2025-05-30.15:02:59::SCWMssOS::BSP is already built. skipping the bsp build ... 
TRACE::2025-05-30.15:02:59::SCWDomain::Skipping the build for domain :  standalone_domain
TRACE::2025-05-30.15:02:59::SCWMssOS::skipping the bsp build ... 
TRACE::2025-05-30.15:02:59::SCWMssOS::Copying to export directory.
TRACE::2025-05-30.15:02:59::SCWMssOS:: Checking if to create the Supporting Applications
TRACE::2025-05-30.15:02:59::SCWMssOS:: No Linux domain exists, trying to generate FSBL 
LOG::2025-05-30.15:02:59::SCWSystem::Completed Processing the domain standalone_domain
LOG::2025-05-30.15:02:59::SCWSystem::Completed Processing the sysconfig microv5_INTC_emc_8nstris
LOG::2025-05-30.15:02:59::SCWPlatform::Completed generating the artifacts for system configuration microv5_INTC_emc_8nstris
TRACE::2025-05-30.15:02:59::SCWPlatform::Started preparing the platform 
TRACE::2025-05-30.15:02:59::SCWSystem::Writing the bif file for system config microv5_INTC_emc_8nstris
TRACE::2025-05-30.15:02:59::SCWSystem::dir created 
TRACE::2025-05-30.15:02:59::SCWSystem::Writing the bif 
TRACE::2025-05-30.15:02:59::SCWPlatform::Started writing the spfm file 
TRACE::2025-05-30.15:02:59::SCWPlatform::Started writing the xpfm file 
TRACE::2025-05-30.15:02:59::SCWPlatform::Completed generating the platform
TRACE::2025-05-30.15:02:59::SCWMssOS::Saving the mss changes C:/Users/ilpes/Desktop/Antenne_e_clocks/project_MicroBlaze_simple/microv5_INTC_emc_8nstris/microblaze_0/standalone_domain/bsp/system.mss
TRACE::2025-05-30.15:02:59::SCWMssOS::Found a swdesign opened with the mssfile.
TRACE::2025-05-30.15:02:59::SCWMssOS::Completed writemss as part of save.
TRACE::2025-05-30.15:02:59::SCWMssOS::Commit changes completed.
TRACE::2025-05-30.15:02:59::SCWPlatform::Trying to open the hw design at C:/Users/ilpes/Desktop/Antenne_e_clocks/project_MicroBlaze_simple/microv5_INTC_emc_8nstris/hw/micro_core_v5_INTC_emc_8ns.xsa
TRACE::2025-05-30.15:02:59::SCWPlatform::DSA given C:/Users/ilpes/Desktop/Antenne_e_clocks/project_MicroBlaze_simple/microv5_INTC_emc_8nstris/hw/micro_core_v5_INTC_emc_8ns.xsa
TRACE::2025-05-30.15:02:59::SCWPlatform::DSA absoulate path C:/Users/ilpes/Desktop/Antenne_e_clocks/project_MicroBlaze_simple/microv5_INTC_emc_8nstris/hw/micro_core_v5_INTC_emc_8ns.xsa
TRACE::2025-05-30.15:02:59::SCWPlatform::DSA directory C:/Users/ilpes/Desktop/Antenne_e_clocks/project_MicroBlaze_simple/microv5_INTC_emc_8nstris/hw
TRACE::2025-05-30.15:02:59::SCWPlatform:: Platform Path C:/Users/ilpes/Desktop/Antenne_e_clocks/project_MicroBlaze_simple/microv5_INTC_emc_8nstris/hw/micro_core_v5_INTC_emc_8ns.xsa
TRACE::2025-05-30.15:02:59::SCWPlatform:: Unique name xilinx:cmod_a7-35t::0.0
TRACE::2025-05-30.15:02:59::SCWPlatform::Trying to set the existing hwdb with name micro_core_v0_wrapper_0
TRACE::2025-05-30.15:02:59::SCWPlatform::Opened existing hwdb micro_core_v0_wrapper_0
TRACE::2025-05-30.15:02:59::SCWPlatform::Found the Hw Db part of the input DSA
TRACE::2025-05-30.15:02:59::SCWMssOS::Checking the sw design at  C:/Users/ilpes/Desktop/Antenne_e_clocks/project_MicroBlaze_simple/microv5_INTC_emc_8nstris/microblaze_0/standalone_domain/bsp/system.mss
TRACE::2025-05-30.15:02:59::SCWMssOS::DEBUG:  swdes dump  C:/Users/ilpes/Desktop/Antenne_e_clocks/project_MicroBlaze_simple/microv5_INTC_emc_8nstris/microblaze_0/standalone_domain/bsp/system.mss|system||

TRACE::2025-05-30.15:02:59::SCWMssOS::Sw design exists and opened at  C:/Users/ilpes/Desktop/Antenne_e_clocks/project_MicroBlaze_simple/microv5_INTC_emc_8nstris/microblaze_0/standalone_domain/bsp/system.mss
TRACE::2025-05-30.15:02:59::SCWPlatform::Trying to open the hw design at C:/Users/ilpes/Desktop/Antenne_e_clocks/project_MicroBlaze_simple/microv5_INTC_emc_8nstris/hw/micro_core_v5_INTC_emc_8ns.xsa
TRACE::2025-05-30.15:02:59::SCWPlatform::DSA given C:/Users/ilpes/Desktop/Antenne_e_clocks/project_MicroBlaze_simple/microv5_INTC_emc_8nstris/hw/micro_core_v5_INTC_emc_8ns.xsa
TRACE::2025-05-30.15:02:59::SCWPlatform::DSA absoulate path C:/Users/ilpes/Desktop/Antenne_e_clocks/project_MicroBlaze_simple/microv5_INTC_emc_8nstris/hw/micro_core_v5_INTC_emc_8ns.xsa
TRACE::2025-05-30.15:02:59::SCWPlatform::DSA directory C:/Users/ilpes/Desktop/Antenne_e_clocks/project_MicroBlaze_simple/microv5_INTC_emc_8nstris/hw
TRACE::2025-05-30.15:02:59::SCWPlatform:: Platform Path C:/Users/ilpes/Desktop/Antenne_e_clocks/project_MicroBlaze_simple/microv5_INTC_emc_8nstris/hw/micro_core_v5_INTC_emc_8ns.xsa
TRACE::2025-05-30.15:02:59::SCWPlatform:: Unique name xilinx:cmod_a7-35t::0.0
TRACE::2025-05-30.15:02:59::SCWPlatform::Trying to set the existing hwdb with name micro_core_v0_wrapper_0
TRACE::2025-05-30.15:02:59::SCWPlatform::Opened existing hwdb micro_core_v0_wrapper_0
TRACE::2025-05-30.15:02:59::SCWPlatform::Found the Hw Db part of the input DSA
TRACE::2025-05-30.15:02:59::SCWMssOS::Checking the sw design at  C:/Users/ilpes/Desktop/Antenne_e_clocks/project_MicroBlaze_simple/microv5_INTC_emc_8nstris/microblaze_0/standalone_domain/bsp/system.mss
TRACE::2025-05-30.15:02:59::SCWMssOS::DEBUG:  swdes dump  C:/Users/ilpes/Desktop/Antenne_e_clocks/project_MicroBlaze_simple/microv5_INTC_emc_8nstris/microblaze_0/standalone_domain/bsp/system.mss|system||

TRACE::2025-05-30.15:02:59::SCWMssOS::Sw design exists and opened at  C:/Users/ilpes/Desktop/Antenne_e_clocks/project_MicroBlaze_simple/microv5_INTC_emc_8nstris/microblaze_0/standalone_domain/bsp/system.mss
TRACE::2025-05-30.15:02:59::SCWPlatform::Trying to open the hw design at C:/Users/ilpes/Desktop/Antenne_e_clocks/project_MicroBlaze_simple/microv5_INTC_emc_8nstris/hw/micro_core_v5_INTC_emc_8ns.xsa
TRACE::2025-05-30.15:02:59::SCWPlatform::DSA given C:/Users/ilpes/Desktop/Antenne_e_clocks/project_MicroBlaze_simple/microv5_INTC_emc_8nstris/hw/micro_core_v5_INTC_emc_8ns.xsa
TRACE::2025-05-30.15:02:59::SCWPlatform::DSA absoulate path C:/Users/ilpes/Desktop/Antenne_e_clocks/project_MicroBlaze_simple/microv5_INTC_emc_8nstris/hw/micro_core_v5_INTC_emc_8ns.xsa
TRACE::2025-05-30.15:02:59::SCWPlatform::DSA directory C:/Users/ilpes/Desktop/Antenne_e_clocks/project_MicroBlaze_simple/microv5_INTC_emc_8nstris/hw
TRACE::2025-05-30.15:02:59::SCWPlatform:: Platform Path C:/Users/ilpes/Desktop/Antenne_e_clocks/project_MicroBlaze_simple/microv5_INTC_emc_8nstris/hw/micro_core_v5_INTC_emc_8ns.xsa
TRACE::2025-05-30.15:02:59::SCWPlatform:: Unique name xilinx:cmod_a7-35t::0.0
TRACE::2025-05-30.15:02:59::SCWPlatform::Trying to set the existing hwdb with name micro_core_v0_wrapper_0
TRACE::2025-05-30.15:02:59::SCWPlatform::Opened existing hwdb micro_core_v0_wrapper_0
TRACE::2025-05-30.15:02:59::SCWPlatform::Found the Hw Db part of the input DSA
TRACE::2025-05-30.15:02:59::SCWMssOS::Checking the sw design at  C:/Users/ilpes/Desktop/Antenne_e_clocks/project_MicroBlaze_simple/microv5_INTC_emc_8nstris/microblaze_0/standalone_domain/bsp/system.mss
TRACE::2025-05-30.15:02:59::SCWMssOS::DEBUG:  swdes dump  C:/Users/ilpes/Desktop/Antenne_e_clocks/project_MicroBlaze_simple/microv5_INTC_emc_8nstris/microblaze_0/standalone_domain/bsp/system.mss|system||

TRACE::2025-05-30.15:02:59::SCWMssOS::Sw design exists and opened at  C:/Users/ilpes/Desktop/Antenne_e_clocks/project_MicroBlaze_simple/microv5_INTC_emc_8nstris/microblaze_0/standalone_domain/bsp/system.mss
TRACE::2025-05-30.15:02:59::SCWWriter::formatted JSON is {
	"platformName":	"microv5_INTC_emc_8nstris",
	"sprVersion":	"2.0",
	"mode":	"gui",
	"dsaType":	"Fixed",
	"platformDesc":	"microv5_INTC_emc_8nstris",
	"platHandOff":	"C:/Users/ilpes/Desktop/Antenne_e_clocks/project_pasticcio/micro_core_v5_INTC_emc_8ns.xsa",
	"platIntHandOff":	"<platformDir>/hw/micro_core_v5_INTC_emc_8ns.xsa",
	"deviceType":	"FPGA",
	"platIsPrebuiltAutogen":	"false",
	"platIsNoBootBsp":	"false",
	"hasFsblMakeHasChanges":	"false",
	"hasPmufwMakeHasChanges":	"false",
	"platPreBuiltFlag":	false,
	"platformSamplesDir":	"",
	"platActiveSys":	"microv5_INTC_emc_8nstris",
	"systems":	[{
			"systemName":	"microv5_INTC_emc_8nstris",
			"systemDesc":	"microv5_INTC_emc_8nstris",
			"sysIsBootAutoGen":	"true",
			"systemDispName":	"microv5_INTC_emc_8nstris",
			"sysActiveDom":	"standalone_domain",
			"sysDefaultDom":	"standalone_domain",
			"domains":	[{
					"domainName":	"standalone_domain",
					"domainDispName":	"standalone_domain",
					"domainDesc":	"standalone_domain",
					"processors":	"microblaze_0",
					"os":	"standalone",
					"sdxOs":	"standalone",
					"debugEnable":	"False",
					"domRuntimes":	["cpp"],
					"swRepo":	"",
					"mssOsVer":	"7.3",
					"mssFile":	"",
					"md5Digest":	"d795e7b2faf74e9a20292a492d94dc6f",
					"compatibleApp":	"",
					"domType":	"mssDomain",
					"arch":	"32-bit",
					"appSettings":	{
						"appCompilerFlags":	"",
						"appLinkerFlags":	""
					},
					"addedLibs":	[],
					"libOptions":	{
						"libsContainingOptions":	[]
					},
					"prebuiltLibs":	{
						"prebuiltIncPath":	[],
						"prebuiltLibPath":	[]
					},
					"isolation":	{
					}
				}]
		}]
}
KEYINFO::2025-05-30.15:02:59::SCWPlatform::updated the xpfm file.
TRACE::2025-05-30.15:03:00::SCWPlatform::Trying to open the hw design at C:/Users/ilpes/Desktop/Antenne_e_clocks/project_MicroBlaze_simple/microv5_INTC_emc_8nstris/hw/micro_core_v5_INTC_emc_8ns.xsa
TRACE::2025-05-30.15:03:00::SCWPlatform::DSA given C:/Users/ilpes/Desktop/Antenne_e_clocks/project_MicroBlaze_simple/microv5_INTC_emc_8nstris/hw/micro_core_v5_INTC_emc_8ns.xsa
TRACE::2025-05-30.15:03:00::SCWPlatform::DSA absoulate path C:/Users/ilpes/Desktop/Antenne_e_clocks/project_MicroBlaze_simple/microv5_INTC_emc_8nstris/hw/micro_core_v5_INTC_emc_8ns.xsa
TRACE::2025-05-30.15:03:00::SCWPlatform::DSA directory C:/Users/ilpes/Desktop/Antenne_e_clocks/project_MicroBlaze_simple/microv5_INTC_emc_8nstris/hw
TRACE::2025-05-30.15:03:00::SCWPlatform:: Platform Path C:/Users/ilpes/Desktop/Antenne_e_clocks/project_MicroBlaze_simple/microv5_INTC_emc_8nstris/hw/micro_core_v5_INTC_emc_8ns.xsa
TRACE::2025-05-30.15:03:00::SCWPlatform:: Unique name xilinx:cmod_a7-35t::0.0
TRACE::2025-05-30.15:03:00::SCWPlatform::Trying to set the existing hwdb with name micro_core_v0_wrapper_0
TRACE::2025-05-30.15:03:00::SCWPlatform::Opened existing hwdb micro_core_v0_wrapper_0
TRACE::2025-05-30.15:03:00::SCWPlatform::Found the Hw Db part of the input DSA
TRACE::2025-05-30.15:03:00::SCWMssOS::Checking the sw design at  C:/Users/ilpes/Desktop/Antenne_e_clocks/project_MicroBlaze_simple/microv5_INTC_emc_8nstris/microblaze_0/standalone_domain/bsp/system.mss
TRACE::2025-05-30.15:03:00::SCWMssOS::DEBUG:  swdes dump  C:/Users/ilpes/Desktop/Antenne_e_clocks/project_MicroBlaze_simple/microv5_INTC_emc_8nstris/microblaze_0/standalone_domain/bsp/system.mss|system||

TRACE::2025-05-30.15:03:00::SCWMssOS::Sw design exists and opened at  C:/Users/ilpes/Desktop/Antenne_e_clocks/project_MicroBlaze_simple/microv5_INTC_emc_8nstris/microblaze_0/standalone_domain/bsp/system.mss
TRACE::2025-05-30.15:03:00::SCWMssOS::Saving the mss changes C:/Users/ilpes/Desktop/Antenne_e_clocks/project_MicroBlaze_simple/microv5_INTC_emc_8nstris/microblaze_0/standalone_domain/bsp/system.mss
TRACE::2025-05-30.15:03:00::SCWMssOS::Found a swdesign opened with the mssfile.
TRACE::2025-05-30.15:03:00::SCWMssOS::Completed writemss as part of save.
TRACE::2025-05-30.15:03:00::SCWMssOS::Commit changes completed.
TRACE::2025-05-30.15:03:00::SCWPlatform::Trying to open the hw design at C:/Users/ilpes/Desktop/Antenne_e_clocks/project_MicroBlaze_simple/microv5_INTC_emc_8nstris/hw/micro_core_v5_INTC_emc_8ns.xsa
TRACE::2025-05-30.15:03:00::SCWPlatform::DSA given C:/Users/ilpes/Desktop/Antenne_e_clocks/project_MicroBlaze_simple/microv5_INTC_emc_8nstris/hw/micro_core_v5_INTC_emc_8ns.xsa
TRACE::2025-05-30.15:03:00::SCWPlatform::DSA absoulate path C:/Users/ilpes/Desktop/Antenne_e_clocks/project_MicroBlaze_simple/microv5_INTC_emc_8nstris/hw/micro_core_v5_INTC_emc_8ns.xsa
TRACE::2025-05-30.15:03:00::SCWPlatform::DSA directory C:/Users/ilpes/Desktop/Antenne_e_clocks/project_MicroBlaze_simple/microv5_INTC_emc_8nstris/hw
TRACE::2025-05-30.15:03:00::SCWPlatform:: Platform Path C:/Users/ilpes/Desktop/Antenne_e_clocks/project_MicroBlaze_simple/microv5_INTC_emc_8nstris/hw/micro_core_v5_INTC_emc_8ns.xsa
TRACE::2025-05-30.15:03:00::SCWPlatform:: Unique name xilinx:cmod_a7-35t::0.0
TRACE::2025-05-30.15:03:00::SCWPlatform::Trying to set the existing hwdb with name micro_core_v0_wrapper_0
TRACE::2025-05-30.15:03:00::SCWPlatform::Opened existing hwdb micro_core_v0_wrapper_0
TRACE::2025-05-30.15:03:00::SCWPlatform::Found the Hw Db part of the input DSA
TRACE::2025-05-30.15:03:00::SCWMssOS::Checking the sw design at  C:/Users/ilpes/Desktop/Antenne_e_clocks/project_MicroBlaze_simple/microv5_INTC_emc_8nstris/microblaze_0/standalone_domain/bsp/system.mss
TRACE::2025-05-30.15:03:00::SCWMssOS::DEBUG:  swdes dump  C:/Users/ilpes/Desktop/Antenne_e_clocks/project_MicroBlaze_simple/microv5_INTC_emc_8nstris/microblaze_0/standalone_domain/bsp/system.mss|system||

TRACE::2025-05-30.15:03:00::SCWMssOS::Sw design exists and opened at  C:/Users/ilpes/Desktop/Antenne_e_clocks/project_MicroBlaze_simple/microv5_INTC_emc_8nstris/microblaze_0/standalone_domain/bsp/system.mss
TRACE::2025-05-30.15:03:00::SCWPlatform::Trying to open the hw design at C:/Users/ilpes/Desktop/Antenne_e_clocks/project_MicroBlaze_simple/microv5_INTC_emc_8nstris/hw/micro_core_v5_INTC_emc_8ns.xsa
TRACE::2025-05-30.15:03:00::SCWPlatform::DSA given C:/Users/ilpes/Desktop/Antenne_e_clocks/project_MicroBlaze_simple/microv5_INTC_emc_8nstris/hw/micro_core_v5_INTC_emc_8ns.xsa
TRACE::2025-05-30.15:03:00::SCWPlatform::DSA absoulate path C:/Users/ilpes/Desktop/Antenne_e_clocks/project_MicroBlaze_simple/microv5_INTC_emc_8nstris/hw/micro_core_v5_INTC_emc_8ns.xsa
TRACE::2025-05-30.15:03:00::SCWPlatform::DSA directory C:/Users/ilpes/Desktop/Antenne_e_clocks/project_MicroBlaze_simple/microv5_INTC_emc_8nstris/hw
TRACE::2025-05-30.15:03:00::SCWPlatform:: Platform Path C:/Users/ilpes/Desktop/Antenne_e_clocks/project_MicroBlaze_simple/microv5_INTC_emc_8nstris/hw/micro_core_v5_INTC_emc_8ns.xsa
TRACE::2025-05-30.15:03:00::SCWPlatform:: Unique name xilinx:cmod_a7-35t::0.0
TRACE::2025-05-30.15:03:00::SCWPlatform::Trying to set the existing hwdb with name micro_core_v0_wrapper_0
TRACE::2025-05-30.15:03:00::SCWPlatform::Opened existing hwdb micro_core_v0_wrapper_0
TRACE::2025-05-30.15:03:00::SCWPlatform::Found the Hw Db part of the input DSA
TRACE::2025-05-30.15:03:00::SCWMssOS::Checking the sw design at  C:/Users/ilpes/Desktop/Antenne_e_clocks/project_MicroBlaze_simple/microv5_INTC_emc_8nstris/microblaze_0/standalone_domain/bsp/system.mss
TRACE::2025-05-30.15:03:00::SCWMssOS::DEBUG:  swdes dump  C:/Users/ilpes/Desktop/Antenne_e_clocks/project_MicroBlaze_simple/microv5_INTC_emc_8nstris/microblaze_0/standalone_domain/bsp/system.mss|system||

TRACE::2025-05-30.15:03:00::SCWMssOS::Sw design exists and opened at  C:/Users/ilpes/Desktop/Antenne_e_clocks/project_MicroBlaze_simple/microv5_INTC_emc_8nstris/microblaze_0/standalone_domain/bsp/system.mss
TRACE::2025-05-30.15:03:00::SCWPlatform::Trying to open the hw design at C:/Users/ilpes/Desktop/Antenne_e_clocks/project_MicroBlaze_simple/microv5_INTC_emc_8nstris/hw/micro_core_v5_INTC_emc_8ns.xsa
TRACE::2025-05-30.15:03:00::SCWPlatform::DSA given C:/Users/ilpes/Desktop/Antenne_e_clocks/project_MicroBlaze_simple/microv5_INTC_emc_8nstris/hw/micro_core_v5_INTC_emc_8ns.xsa
TRACE::2025-05-30.15:03:00::SCWPlatform::DSA absoulate path C:/Users/ilpes/Desktop/Antenne_e_clocks/project_MicroBlaze_simple/microv5_INTC_emc_8nstris/hw/micro_core_v5_INTC_emc_8ns.xsa
TRACE::2025-05-30.15:03:00::SCWPlatform::DSA directory C:/Users/ilpes/Desktop/Antenne_e_clocks/project_MicroBlaze_simple/microv5_INTC_emc_8nstris/hw
TRACE::2025-05-30.15:03:00::SCWPlatform:: Platform Path C:/Users/ilpes/Desktop/Antenne_e_clocks/project_MicroBlaze_simple/microv5_INTC_emc_8nstris/hw/micro_core_v5_INTC_emc_8ns.xsa
TRACE::2025-05-30.15:03:00::SCWPlatform:: Unique name xilinx:cmod_a7-35t::0.0
TRACE::2025-05-30.15:03:00::SCWPlatform::Trying to set the existing hwdb with name micro_core_v0_wrapper_0
TRACE::2025-05-30.15:03:00::SCWPlatform::Opened existing hwdb micro_core_v0_wrapper_0
TRACE::2025-05-30.15:03:00::SCWPlatform::Found the Hw Db part of the input DSA
TRACE::2025-05-30.15:03:00::SCWMssOS::Checking the sw design at  C:/Users/ilpes/Desktop/Antenne_e_clocks/project_MicroBlaze_simple/microv5_INTC_emc_8nstris/microblaze_0/standalone_domain/bsp/system.mss
TRACE::2025-05-30.15:03:00::SCWMssOS::DEBUG:  swdes dump  C:/Users/ilpes/Desktop/Antenne_e_clocks/project_MicroBlaze_simple/microv5_INTC_emc_8nstris/microblaze_0/standalone_domain/bsp/system.mss|system||

TRACE::2025-05-30.15:03:00::SCWMssOS::Sw design exists and opened at  C:/Users/ilpes/Desktop/Antenne_e_clocks/project_MicroBlaze_simple/microv5_INTC_emc_8nstris/microblaze_0/standalone_domain/bsp/system.mss
TRACE::2025-05-30.15:03:00::SCWWriter::formatted JSON is {
	"platformName":	"microv5_INTC_emc_8nstris",
	"sprVersion":	"2.0",
	"mode":	"gui",
	"dsaType":	"Fixed",
	"platformDesc":	"microv5_INTC_emc_8nstris",
	"platHandOff":	"C:/Users/ilpes/Desktop/Antenne_e_clocks/project_pasticcio/micro_core_v5_INTC_emc_8ns.xsa",
	"platIntHandOff":	"<platformDir>/hw/micro_core_v5_INTC_emc_8ns.xsa",
	"deviceType":	"FPGA",
	"platIsPrebuiltAutogen":	"false",
	"platIsNoBootBsp":	"false",
	"hasFsblMakeHasChanges":	"false",
	"hasPmufwMakeHasChanges":	"false",
	"platPreBuiltFlag":	false,
	"platformSamplesDir":	"",
	"platActiveSys":	"microv5_INTC_emc_8nstris",
	"systems":	[{
			"systemName":	"microv5_INTC_emc_8nstris",
			"systemDesc":	"microv5_INTC_emc_8nstris",
			"sysIsBootAutoGen":	"true",
			"systemDispName":	"microv5_INTC_emc_8nstris",
			"sysActiveDom":	"standalone_domain",
			"sysDefaultDom":	"standalone_domain",
			"domains":	[{
					"domainName":	"standalone_domain",
					"domainDispName":	"standalone_domain",
					"domainDesc":	"standalone_domain",
					"processors":	"microblaze_0",
					"os":	"standalone",
					"sdxOs":	"standalone",
					"debugEnable":	"False",
					"domRuntimes":	["cpp"],
					"swRepo":	"",
					"mssOsVer":	"7.3",
					"mssFile":	"",
					"md5Digest":	"d795e7b2faf74e9a20292a492d94dc6f",
					"compatibleApp":	"",
					"domType":	"mssDomain",
					"arch":	"32-bit",
					"appSettings":	{
						"appCompilerFlags":	"",
						"appLinkerFlags":	""
					},
					"addedLibs":	[],
					"libOptions":	{
						"libsContainingOptions":	[]
					},
					"prebuiltLibs":	{
						"prebuiltIncPath":	[],
						"prebuiltLibPath":	[]
					},
					"isolation":	{
					}
				}]
		}]
}
TRACE::2025-05-30.15:03:00::SCWPlatform::Trying to open the hw design at C:/Users/ilpes/Desktop/Antenne_e_clocks/project_MicroBlaze_simple/microv5_INTC_emc_8nstris/hw/micro_core_v5_INTC_emc_8ns.xsa
TRACE::2025-05-30.15:03:00::SCWPlatform::DSA given C:/Users/ilpes/Desktop/Antenne_e_clocks/project_MicroBlaze_simple/microv5_INTC_emc_8nstris/hw/micro_core_v5_INTC_emc_8ns.xsa
TRACE::2025-05-30.15:03:00::SCWPlatform::DSA absoulate path C:/Users/ilpes/Desktop/Antenne_e_clocks/project_MicroBlaze_simple/microv5_INTC_emc_8nstris/hw/micro_core_v5_INTC_emc_8ns.xsa
TRACE::2025-05-30.15:03:00::SCWPlatform::DSA directory C:/Users/ilpes/Desktop/Antenne_e_clocks/project_MicroBlaze_simple/microv5_INTC_emc_8nstris/hw
TRACE::2025-05-30.15:03:00::SCWPlatform:: Platform Path C:/Users/ilpes/Desktop/Antenne_e_clocks/project_MicroBlaze_simple/microv5_INTC_emc_8nstris/hw/micro_core_v5_INTC_emc_8ns.xsa
TRACE::2025-05-30.15:03:00::SCWPlatform:: Unique name xilinx:cmod_a7-35t::0.0
TRACE::2025-05-30.15:03:00::SCWPlatform::Trying to set the existing hwdb with name micro_core_v0_wrapper_0
TRACE::2025-05-30.15:03:00::SCWPlatform::Opened existing hwdb micro_core_v0_wrapper_0
TRACE::2025-05-30.15:03:00::SCWPlatform::Found the Hw Db part of the input DSA
TRACE::2025-05-30.15:03:00::SCWMssOS::Checking the sw design at  C:/Users/ilpes/Desktop/Antenne_e_clocks/project_MicroBlaze_simple/microv5_INTC_emc_8nstris/microblaze_0/standalone_domain/bsp/system.mss
TRACE::2025-05-30.15:03:00::SCWMssOS::DEBUG:  swdes dump  C:/Users/ilpes/Desktop/Antenne_e_clocks/project_MicroBlaze_simple/microv5_INTC_emc_8nstris/microblaze_0/standalone_domain/bsp/system.mss|system||

TRACE::2025-05-30.15:03:00::SCWMssOS::Sw design exists and opened at  C:/Users/ilpes/Desktop/Antenne_e_clocks/project_MicroBlaze_simple/microv5_INTC_emc_8nstris/microblaze_0/standalone_domain/bsp/system.mss
TRACE::2025-05-30.15:03:00::SCWPlatform::Trying to open the hw design at C:/Users/ilpes/Desktop/Antenne_e_clocks/project_MicroBlaze_simple/microv5_INTC_emc_8nstris/hw/micro_core_v5_INTC_emc_8ns.xsa
TRACE::2025-05-30.15:03:00::SCWPlatform::DSA given C:/Users/ilpes/Desktop/Antenne_e_clocks/project_MicroBlaze_simple/microv5_INTC_emc_8nstris/hw/micro_core_v5_INTC_emc_8ns.xsa
TRACE::2025-05-30.15:03:00::SCWPlatform::DSA absoulate path C:/Users/ilpes/Desktop/Antenne_e_clocks/project_MicroBlaze_simple/microv5_INTC_emc_8nstris/hw/micro_core_v5_INTC_emc_8ns.xsa
TRACE::2025-05-30.15:03:00::SCWPlatform::DSA directory C:/Users/ilpes/Desktop/Antenne_e_clocks/project_MicroBlaze_simple/microv5_INTC_emc_8nstris/hw
TRACE::2025-05-30.15:03:00::SCWPlatform:: Platform Path C:/Users/ilpes/Desktop/Antenne_e_clocks/project_MicroBlaze_simple/microv5_INTC_emc_8nstris/hw/micro_core_v5_INTC_emc_8ns.xsa
TRACE::2025-05-30.15:03:00::SCWPlatform:: Unique name xilinx:cmod_a7-35t::0.0
TRACE::2025-05-30.15:03:00::SCWPlatform::Trying to set the existing hwdb with name micro_core_v0_wrapper_0
TRACE::2025-05-30.15:03:00::SCWPlatform::Opened existing hwdb micro_core_v0_wrapper_0
TRACE::2025-05-30.15:03:00::SCWPlatform::Found the Hw Db part of the input DSA
TRACE::2025-05-30.15:03:00::SCWMssOS::Checking the sw design at  C:/Users/ilpes/Desktop/Antenne_e_clocks/project_MicroBlaze_simple/microv5_INTC_emc_8nstris/microblaze_0/standalone_domain/bsp/system.mss
TRACE::2025-05-30.15:03:00::SCWMssOS::DEBUG:  swdes dump  C:/Users/ilpes/Desktop/Antenne_e_clocks/project_MicroBlaze_simple/microv5_INTC_emc_8nstris/microblaze_0/standalone_domain/bsp/system.mss|system||

TRACE::2025-05-30.15:03:00::SCWMssOS::Sw design exists and opened at  C:/Users/ilpes/Desktop/Antenne_e_clocks/project_MicroBlaze_simple/microv5_INTC_emc_8nstris/microblaze_0/standalone_domain/bsp/system.mss
TRACE::2025-05-30.15:03:00::SCWPlatform::Trying to open the hw design at C:/Users/ilpes/Desktop/Antenne_e_clocks/project_MicroBlaze_simple/microv5_INTC_emc_8nstris/hw/micro_core_v5_INTC_emc_8ns.xsa
TRACE::2025-05-30.15:03:00::SCWPlatform::DSA given C:/Users/ilpes/Desktop/Antenne_e_clocks/project_MicroBlaze_simple/microv5_INTC_emc_8nstris/hw/micro_core_v5_INTC_emc_8ns.xsa
TRACE::2025-05-30.15:03:00::SCWPlatform::DSA absoulate path C:/Users/ilpes/Desktop/Antenne_e_clocks/project_MicroBlaze_simple/microv5_INTC_emc_8nstris/hw/micro_core_v5_INTC_emc_8ns.xsa
TRACE::2025-05-30.15:03:00::SCWPlatform::DSA directory C:/Users/ilpes/Desktop/Antenne_e_clocks/project_MicroBlaze_simple/microv5_INTC_emc_8nstris/hw
TRACE::2025-05-30.15:03:00::SCWPlatform:: Platform Path C:/Users/ilpes/Desktop/Antenne_e_clocks/project_MicroBlaze_simple/microv5_INTC_emc_8nstris/hw/micro_core_v5_INTC_emc_8ns.xsa
TRACE::2025-05-30.15:03:00::SCWPlatform:: Unique name xilinx:cmod_a7-35t::0.0
TRACE::2025-05-30.15:03:00::SCWPlatform::Trying to set the existing hwdb with name micro_core_v0_wrapper_0
TRACE::2025-05-30.15:03:00::SCWPlatform::Opened existing hwdb micro_core_v0_wrapper_0
TRACE::2025-05-30.15:03:00::SCWPlatform::Found the Hw Db part of the input DSA
TRACE::2025-05-30.15:03:00::SCWMssOS::Checking the sw design at  C:/Users/ilpes/Desktop/Antenne_e_clocks/project_MicroBlaze_simple/microv5_INTC_emc_8nstris/microblaze_0/standalone_domain/bsp/system.mss
TRACE::2025-05-30.15:03:00::SCWMssOS::DEBUG:  swdes dump  C:/Users/ilpes/Desktop/Antenne_e_clocks/project_MicroBlaze_simple/microv5_INTC_emc_8nstris/microblaze_0/standalone_domain/bsp/system.mss|system||

TRACE::2025-05-30.15:03:00::SCWMssOS::Sw design exists and opened at  C:/Users/ilpes/Desktop/Antenne_e_clocks/project_MicroBlaze_simple/microv5_INTC_emc_8nstris/microblaze_0/standalone_domain/bsp/system.mss
TRACE::2025-05-30.15:03:00::SCWMssOS::Saving the mss changes C:/Users/ilpes/Desktop/Antenne_e_clocks/project_MicroBlaze_simple/microv5_INTC_emc_8nstris/microblaze_0/standalone_domain/bsp/system.mss
TRACE::2025-05-30.15:03:00::SCWMssOS::Found a swdesign opened with the mssfile.
TRACE::2025-05-30.15:03:00::SCWMssOS::Completed writemss as part of save.
TRACE::2025-05-30.15:03:00::SCWMssOS::Commit changes completed.
TRACE::2025-05-30.15:03:00::SCWPlatform::Trying to open the hw design at C:/Users/ilpes/Desktop/Antenne_e_clocks/project_MicroBlaze_simple/microv5_INTC_emc_8nstris/hw/micro_core_v5_INTC_emc_8ns.xsa
TRACE::2025-05-30.15:03:00::SCWPlatform::DSA given C:/Users/ilpes/Desktop/Antenne_e_clocks/project_MicroBlaze_simple/microv5_INTC_emc_8nstris/hw/micro_core_v5_INTC_emc_8ns.xsa
TRACE::2025-05-30.15:03:00::SCWPlatform::DSA absoulate path C:/Users/ilpes/Desktop/Antenne_e_clocks/project_MicroBlaze_simple/microv5_INTC_emc_8nstris/hw/micro_core_v5_INTC_emc_8ns.xsa
TRACE::2025-05-30.15:03:00::SCWPlatform::DSA directory C:/Users/ilpes/Desktop/Antenne_e_clocks/project_MicroBlaze_simple/microv5_INTC_emc_8nstris/hw
TRACE::2025-05-30.15:03:00::SCWPlatform:: Platform Path C:/Users/ilpes/Desktop/Antenne_e_clocks/project_MicroBlaze_simple/microv5_INTC_emc_8nstris/hw/micro_core_v5_INTC_emc_8ns.xsa
TRACE::2025-05-30.15:03:00::SCWPlatform:: Unique name xilinx:cmod_a7-35t::0.0
TRACE::2025-05-30.15:03:00::SCWPlatform::Trying to set the existing hwdb with name micro_core_v0_wrapper_0
TRACE::2025-05-30.15:03:00::SCWPlatform::Opened existing hwdb micro_core_v0_wrapper_0
TRACE::2025-05-30.15:03:00::SCWPlatform::Found the Hw Db part of the input DSA
TRACE::2025-05-30.15:03:00::SCWMssOS::Checking the sw design at  C:/Users/ilpes/Desktop/Antenne_e_clocks/project_MicroBlaze_simple/microv5_INTC_emc_8nstris/microblaze_0/standalone_domain/bsp/system.mss
TRACE::2025-05-30.15:03:00::SCWMssOS::DEBUG:  swdes dump  C:/Users/ilpes/Desktop/Antenne_e_clocks/project_MicroBlaze_simple/microv5_INTC_emc_8nstris/microblaze_0/standalone_domain/bsp/system.mss|system||

TRACE::2025-05-30.15:03:00::SCWMssOS::Sw design exists and opened at  C:/Users/ilpes/Desktop/Antenne_e_clocks/project_MicroBlaze_simple/microv5_INTC_emc_8nstris/microblaze_0/standalone_domain/bsp/system.mss
TRACE::2025-05-30.15:03:00::SCWPlatform::Trying to open the hw design at C:/Users/ilpes/Desktop/Antenne_e_clocks/project_MicroBlaze_simple/microv5_INTC_emc_8nstris/hw/micro_core_v5_INTC_emc_8ns.xsa
TRACE::2025-05-30.15:03:00::SCWPlatform::DSA given C:/Users/ilpes/Desktop/Antenne_e_clocks/project_MicroBlaze_simple/microv5_INTC_emc_8nstris/hw/micro_core_v5_INTC_emc_8ns.xsa
TRACE::2025-05-30.15:03:00::SCWPlatform::DSA absoulate path C:/Users/ilpes/Desktop/Antenne_e_clocks/project_MicroBlaze_simple/microv5_INTC_emc_8nstris/hw/micro_core_v5_INTC_emc_8ns.xsa
TRACE::2025-05-30.15:03:00::SCWPlatform::DSA directory C:/Users/ilpes/Desktop/Antenne_e_clocks/project_MicroBlaze_simple/microv5_INTC_emc_8nstris/hw
TRACE::2025-05-30.15:03:00::SCWPlatform:: Platform Path C:/Users/ilpes/Desktop/Antenne_e_clocks/project_MicroBlaze_simple/microv5_INTC_emc_8nstris/hw/micro_core_v5_INTC_emc_8ns.xsa
TRACE::2025-05-30.15:03:00::SCWPlatform:: Unique name xilinx:cmod_a7-35t::0.0
TRACE::2025-05-30.15:03:00::SCWPlatform::Trying to set the existing hwdb with name micro_core_v0_wrapper_0
TRACE::2025-05-30.15:03:00::SCWPlatform::Opened existing hwdb micro_core_v0_wrapper_0
TRACE::2025-05-30.15:03:00::SCWPlatform::Found the Hw Db part of the input DSA
TRACE::2025-05-30.15:03:00::SCWMssOS::Checking the sw design at  C:/Users/ilpes/Desktop/Antenne_e_clocks/project_MicroBlaze_simple/microv5_INTC_emc_8nstris/microblaze_0/standalone_domain/bsp/system.mss
TRACE::2025-05-30.15:03:00::SCWMssOS::DEBUG:  swdes dump  C:/Users/ilpes/Desktop/Antenne_e_clocks/project_MicroBlaze_simple/microv5_INTC_emc_8nstris/microblaze_0/standalone_domain/bsp/system.mss|system||

TRACE::2025-05-30.15:03:00::SCWMssOS::Sw design exists and opened at  C:/Users/ilpes/Desktop/Antenne_e_clocks/project_MicroBlaze_simple/microv5_INTC_emc_8nstris/microblaze_0/standalone_domain/bsp/system.mss
TRACE::2025-05-30.15:03:00::SCWPlatform::Trying to open the hw design at C:/Users/ilpes/Desktop/Antenne_e_clocks/project_MicroBlaze_simple/microv5_INTC_emc_8nstris/hw/micro_core_v5_INTC_emc_8ns.xsa
TRACE::2025-05-30.15:03:00::SCWPlatform::DSA given C:/Users/ilpes/Desktop/Antenne_e_clocks/project_MicroBlaze_simple/microv5_INTC_emc_8nstris/hw/micro_core_v5_INTC_emc_8ns.xsa
TRACE::2025-05-30.15:03:00::SCWPlatform::DSA absoulate path C:/Users/ilpes/Desktop/Antenne_e_clocks/project_MicroBlaze_simple/microv5_INTC_emc_8nstris/hw/micro_core_v5_INTC_emc_8ns.xsa
TRACE::2025-05-30.15:03:00::SCWPlatform::DSA directory C:/Users/ilpes/Desktop/Antenne_e_clocks/project_MicroBlaze_simple/microv5_INTC_emc_8nstris/hw
TRACE::2025-05-30.15:03:00::SCWPlatform:: Platform Path C:/Users/ilpes/Desktop/Antenne_e_clocks/project_MicroBlaze_simple/microv5_INTC_emc_8nstris/hw/micro_core_v5_INTC_emc_8ns.xsa
TRACE::2025-05-30.15:03:00::SCWPlatform:: Unique name xilinx:cmod_a7-35t::0.0
TRACE::2025-05-30.15:03:00::SCWPlatform::Trying to set the existing hwdb with name micro_core_v0_wrapper_0
TRACE::2025-05-30.15:03:00::SCWPlatform::Opened existing hwdb micro_core_v0_wrapper_0
TRACE::2025-05-30.15:03:00::SCWPlatform::Found the Hw Db part of the input DSA
TRACE::2025-05-30.15:03:00::SCWMssOS::Checking the sw design at  C:/Users/ilpes/Desktop/Antenne_e_clocks/project_MicroBlaze_simple/microv5_INTC_emc_8nstris/microblaze_0/standalone_domain/bsp/system.mss
TRACE::2025-05-30.15:03:00::SCWMssOS::DEBUG:  swdes dump  C:/Users/ilpes/Desktop/Antenne_e_clocks/project_MicroBlaze_simple/microv5_INTC_emc_8nstris/microblaze_0/standalone_domain/bsp/system.mss|system||

TRACE::2025-05-30.15:03:00::SCWMssOS::Sw design exists and opened at  C:/Users/ilpes/Desktop/Antenne_e_clocks/project_MicroBlaze_simple/microv5_INTC_emc_8nstris/microblaze_0/standalone_domain/bsp/system.mss
TRACE::2025-05-30.15:03:00::SCWWriter::formatted JSON is {
	"platformName":	"microv5_INTC_emc_8nstris",
	"sprVersion":	"2.0",
	"mode":	"gui",
	"dsaType":	"Fixed",
	"platformDesc":	"microv5_INTC_emc_8nstris",
	"platHandOff":	"C:/Users/ilpes/Desktop/Antenne_e_clocks/project_pasticcio/micro_core_v5_INTC_emc_8ns.xsa",
	"platIntHandOff":	"<platformDir>/hw/micro_core_v5_INTC_emc_8ns.xsa",
	"deviceType":	"FPGA",
	"platIsPrebuiltAutogen":	"false",
	"platIsNoBootBsp":	"false",
	"hasFsblMakeHasChanges":	"false",
	"hasPmufwMakeHasChanges":	"false",
	"platPreBuiltFlag":	false,
	"platformSamplesDir":	"",
	"platActiveSys":	"microv5_INTC_emc_8nstris",
	"systems":	[{
			"systemName":	"microv5_INTC_emc_8nstris",
			"systemDesc":	"microv5_INTC_emc_8nstris",
			"sysIsBootAutoGen":	"true",
			"systemDispName":	"microv5_INTC_emc_8nstris",
			"sysActiveDom":	"standalone_domain",
			"sysDefaultDom":	"standalone_domain",
			"domains":	[{
					"domainName":	"standalone_domain",
					"domainDispName":	"standalone on microblaze_0",
					"domainDesc":	"standalone_domain",
					"processors":	"microblaze_0",
					"os":	"standalone",
					"sdxOs":	"standalone",
					"debugEnable":	"False",
					"domRuntimes":	["cpp"],
					"swRepo":	"",
					"mssOsVer":	"7.3",
					"mssFile":	"",
					"md5Digest":	"d795e7b2faf74e9a20292a492d94dc6f",
					"compatibleApp":	"",
					"domType":	"mssDomain",
					"arch":	"32-bit",
					"appSettings":	{
						"appCompilerFlags":	"",
						"appLinkerFlags":	""
					},
					"addedLibs":	[],
					"libOptions":	{
						"libsContainingOptions":	[]
					},
					"prebuiltLibs":	{
						"prebuiltIncPath":	[],
						"prebuiltLibPath":	[]
					},
					"isolation":	{
					}
				}]
		}]
}
TRACE::2025-05-30.15:03:00::SCWMssOS::Saving the mss changes C:/Users/ilpes/Desktop/Antenne_e_clocks/project_MicroBlaze_simple/microv5_INTC_emc_8nstris/microblaze_0/standalone_domain/bsp/system.mss
TRACE::2025-05-30.15:03:00::SCWMssOS::Found a swdesign opened with the mssfile.
TRACE::2025-05-30.15:03:00::SCWMssOS::Completed writemss as part of save.
TRACE::2025-05-30.15:03:00::SCWMssOS::Commit changes completed.
TRACE::2025-05-30.15:03:00::SCWPlatform::Trying to open the hw design at C:/Users/ilpes/Desktop/Antenne_e_clocks/project_MicroBlaze_simple/microv5_INTC_emc_8nstris/hw/micro_core_v5_INTC_emc_8ns.xsa
TRACE::2025-05-30.15:03:00::SCWPlatform::DSA given C:/Users/ilpes/Desktop/Antenne_e_clocks/project_MicroBlaze_simple/microv5_INTC_emc_8nstris/hw/micro_core_v5_INTC_emc_8ns.xsa
TRACE::2025-05-30.15:03:00::SCWPlatform::DSA absoulate path C:/Users/ilpes/Desktop/Antenne_e_clocks/project_MicroBlaze_simple/microv5_INTC_emc_8nstris/hw/micro_core_v5_INTC_emc_8ns.xsa
TRACE::2025-05-30.15:03:00::SCWPlatform::DSA directory C:/Users/ilpes/Desktop/Antenne_e_clocks/project_MicroBlaze_simple/microv5_INTC_emc_8nstris/hw
TRACE::2025-05-30.15:03:00::SCWPlatform:: Platform Path C:/Users/ilpes/Desktop/Antenne_e_clocks/project_MicroBlaze_simple/microv5_INTC_emc_8nstris/hw/micro_core_v5_INTC_emc_8ns.xsa
TRACE::2025-05-30.15:03:00::SCWPlatform:: Unique name xilinx:cmod_a7-35t::0.0
TRACE::2025-05-30.15:03:00::SCWPlatform::Trying to set the existing hwdb with name micro_core_v0_wrapper_0
TRACE::2025-05-30.15:03:00::SCWPlatform::Opened existing hwdb micro_core_v0_wrapper_0
TRACE::2025-05-30.15:03:00::SCWPlatform::Found the Hw Db part of the input DSA
TRACE::2025-05-30.15:03:00::SCWMssOS::Checking the sw design at  C:/Users/ilpes/Desktop/Antenne_e_clocks/project_MicroBlaze_simple/microv5_INTC_emc_8nstris/microblaze_0/standalone_domain/bsp/system.mss
TRACE::2025-05-30.15:03:00::SCWMssOS::DEBUG:  swdes dump  C:/Users/ilpes/Desktop/Antenne_e_clocks/project_MicroBlaze_simple/microv5_INTC_emc_8nstris/microblaze_0/standalone_domain/bsp/system.mss|system||

TRACE::2025-05-30.15:03:00::SCWMssOS::Sw design exists and opened at  C:/Users/ilpes/Desktop/Antenne_e_clocks/project_MicroBlaze_simple/microv5_INTC_emc_8nstris/microblaze_0/standalone_domain/bsp/system.mss
TRACE::2025-05-30.15:03:00::SCWPlatform::Trying to open the hw design at C:/Users/ilpes/Desktop/Antenne_e_clocks/project_MicroBlaze_simple/microv5_INTC_emc_8nstris/hw/micro_core_v5_INTC_emc_8ns.xsa
TRACE::2025-05-30.15:03:00::SCWPlatform::DSA given C:/Users/ilpes/Desktop/Antenne_e_clocks/project_MicroBlaze_simple/microv5_INTC_emc_8nstris/hw/micro_core_v5_INTC_emc_8ns.xsa
TRACE::2025-05-30.15:03:00::SCWPlatform::DSA absoulate path C:/Users/ilpes/Desktop/Antenne_e_clocks/project_MicroBlaze_simple/microv5_INTC_emc_8nstris/hw/micro_core_v5_INTC_emc_8ns.xsa
TRACE::2025-05-30.15:03:00::SCWPlatform::DSA directory C:/Users/ilpes/Desktop/Antenne_e_clocks/project_MicroBlaze_simple/microv5_INTC_emc_8nstris/hw
TRACE::2025-05-30.15:03:00::SCWPlatform:: Platform Path C:/Users/ilpes/Desktop/Antenne_e_clocks/project_MicroBlaze_simple/microv5_INTC_emc_8nstris/hw/micro_core_v5_INTC_emc_8ns.xsa
TRACE::2025-05-30.15:03:00::SCWPlatform:: Unique name xilinx:cmod_a7-35t::0.0
TRACE::2025-05-30.15:03:00::SCWPlatform::Trying to set the existing hwdb with name micro_core_v0_wrapper_0
TRACE::2025-05-30.15:03:00::SCWPlatform::Opened existing hwdb micro_core_v0_wrapper_0
TRACE::2025-05-30.15:03:00::SCWPlatform::Found the Hw Db part of the input DSA
TRACE::2025-05-30.15:03:00::SCWMssOS::Checking the sw design at  C:/Users/ilpes/Desktop/Antenne_e_clocks/project_MicroBlaze_simple/microv5_INTC_emc_8nstris/microblaze_0/standalone_domain/bsp/system.mss
TRACE::2025-05-30.15:03:00::SCWMssOS::DEBUG:  swdes dump  C:/Users/ilpes/Desktop/Antenne_e_clocks/project_MicroBlaze_simple/microv5_INTC_emc_8nstris/microblaze_0/standalone_domain/bsp/system.mss|system||

TRACE::2025-05-30.15:03:00::SCWMssOS::Sw design exists and opened at  C:/Users/ilpes/Desktop/Antenne_e_clocks/project_MicroBlaze_simple/microv5_INTC_emc_8nstris/microblaze_0/standalone_domain/bsp/system.mss
TRACE::2025-05-30.15:03:00::SCWPlatform::Trying to open the hw design at C:/Users/ilpes/Desktop/Antenne_e_clocks/project_MicroBlaze_simple/microv5_INTC_emc_8nstris/hw/micro_core_v5_INTC_emc_8ns.xsa
TRACE::2025-05-30.15:03:00::SCWPlatform::DSA given C:/Users/ilpes/Desktop/Antenne_e_clocks/project_MicroBlaze_simple/microv5_INTC_emc_8nstris/hw/micro_core_v5_INTC_emc_8ns.xsa
TRACE::2025-05-30.15:03:00::SCWPlatform::DSA absoulate path C:/Users/ilpes/Desktop/Antenne_e_clocks/project_MicroBlaze_simple/microv5_INTC_emc_8nstris/hw/micro_core_v5_INTC_emc_8ns.xsa
TRACE::2025-05-30.15:03:00::SCWPlatform::DSA directory C:/Users/ilpes/Desktop/Antenne_e_clocks/project_MicroBlaze_simple/microv5_INTC_emc_8nstris/hw
TRACE::2025-05-30.15:03:00::SCWPlatform:: Platform Path C:/Users/ilpes/Desktop/Antenne_e_clocks/project_MicroBlaze_simple/microv5_INTC_emc_8nstris/hw/micro_core_v5_INTC_emc_8ns.xsa
TRACE::2025-05-30.15:03:00::SCWPlatform:: Unique name xilinx:cmod_a7-35t::0.0
TRACE::2025-05-30.15:03:00::SCWPlatform::Trying to set the existing hwdb with name micro_core_v0_wrapper_0
TRACE::2025-05-30.15:03:00::SCWPlatform::Opened existing hwdb micro_core_v0_wrapper_0
TRACE::2025-05-30.15:03:00::SCWPlatform::Found the Hw Db part of the input DSA
TRACE::2025-05-30.15:03:00::SCWMssOS::Checking the sw design at  C:/Users/ilpes/Desktop/Antenne_e_clocks/project_MicroBlaze_simple/microv5_INTC_emc_8nstris/microblaze_0/standalone_domain/bsp/system.mss
TRACE::2025-05-30.15:03:00::SCWMssOS::DEBUG:  swdes dump  C:/Users/ilpes/Desktop/Antenne_e_clocks/project_MicroBlaze_simple/microv5_INTC_emc_8nstris/microblaze_0/standalone_domain/bsp/system.mss|system||

TRACE::2025-05-30.15:03:00::SCWMssOS::Sw design exists and opened at  C:/Users/ilpes/Desktop/Antenne_e_clocks/project_MicroBlaze_simple/microv5_INTC_emc_8nstris/microblaze_0/standalone_domain/bsp/system.mss
TRACE::2025-05-30.15:03:00::SCWWriter::formatted JSON is {
	"platformName":	"microv5_INTC_emc_8nstris",
	"sprVersion":	"2.0",
	"mode":	"gui",
	"dsaType":	"Fixed",
	"platformDesc":	"microv5_INTC_emc_8nstris",
	"platHandOff":	"C:/Users/ilpes/Desktop/Antenne_e_clocks/project_pasticcio/micro_core_v5_INTC_emc_8ns.xsa",
	"platIntHandOff":	"<platformDir>/hw/micro_core_v5_INTC_emc_8ns.xsa",
	"deviceType":	"FPGA",
	"platIsPrebuiltAutogen":	"false",
	"platIsNoBootBsp":	"false",
	"hasFsblMakeHasChanges":	"false",
	"hasPmufwMakeHasChanges":	"false",
	"platPreBuiltFlag":	false,
	"platformSamplesDir":	"",
	"platActiveSys":	"microv5_INTC_emc_8nstris",
	"systems":	[{
			"systemName":	"microv5_INTC_emc_8nstris",
			"systemDesc":	"microv5_INTC_emc_8nstris",
			"sysIsBootAutoGen":	"true",
			"systemDispName":	"microv5_INTC_emc_8nstris",
			"sysActiveDom":	"standalone_domain",
			"sysDefaultDom":	"standalone_domain",
			"domains":	[{
					"domainName":	"standalone_domain",
					"domainDispName":	"standalone on microblaze_0",
					"domainDesc":	"standalone_domain",
					"processors":	"microblaze_0",
					"os":	"standalone",
					"sdxOs":	"standalone",
					"debugEnable":	"False",
					"domRuntimes":	["cpp"],
					"swRepo":	"",
					"mssOsVer":	"7.3",
					"mssFile":	"",
					"md5Digest":	"d795e7b2faf74e9a20292a492d94dc6f",
					"compatibleApp":	"",
					"domType":	"mssDomain",
					"arch":	"32-bit",
					"appSettings":	{
						"appCompilerFlags":	"",
						"appLinkerFlags":	""
					},
					"addedLibs":	[],
					"libOptions":	{
						"libsContainingOptions":	[]
					},
					"prebuiltLibs":	{
						"prebuiltIncPath":	[],
						"prebuiltLibPath":	[]
					},
					"isolation":	{
					}
				}]
		}]
}
TRACE::2025-05-30.15:03:00::SCWPlatform::Clearing the existing platform
TRACE::2025-05-30.15:03:00::SCWSystem::Clearing the existing sysconfig
TRACE::2025-05-30.15:03:00::SCWMssOS::Removing the swdes entry for  C:/Users/ilpes/Desktop/Antenne_e_clocks/project_MicroBlaze_simple/microv5_INTC_emc_8nstris/microblaze_0/standalone_domain/bsp/system.mss
TRACE::2025-05-30.15:03:00::SCWSystem::Clearing the domains completed.
TRACE::2025-05-30.15:03:00::SCWPlatform::Clearing the opened hw db.
TRACE::2025-05-30.15:03:00::SCWPlatform::DSA given C:/Users/ilpes/Desktop/Antenne_e_clocks/project_MicroBlaze_simple/microv5_INTC_emc_8nstris/hw/micro_core_v5_INTC_emc_8ns.xsa
TRACE::2025-05-30.15:03:00::SCWPlatform::DSA absoulate path C:/Users/ilpes/Desktop/Antenne_e_clocks/project_MicroBlaze_simple/microv5_INTC_emc_8nstris/hw/micro_core_v5_INTC_emc_8ns.xsa
TRACE::2025-05-30.15:03:00::SCWPlatform:: Platform location is C:/Users/ilpes/Desktop/Antenne_e_clocks/project_MicroBlaze_simple/microv5_INTC_emc_8nstris/hw
TRACE::2025-05-30.15:03:00::SCWPlatform:: Platform Path C:/Users/ilpes/Desktop/Antenne_e_clocks/project_MicroBlaze_simple/microv5_INTC_emc_8nstris/hw/micro_core_v5_INTC_emc_8ns.xsa
TRACE::2025-05-30.15:03:00::SCWPlatform:: Unique name xilinx:cmod_a7-35t::0.0
TRACE::2025-05-30.15:03:00::SCWPlatform::Removing the HwDB with name C:/Users/ilpes/Desktop/Antenne_e_clocks/project_MicroBlaze_simple/microv5_INTC_emc_8nstris/hw/micro_core_v5_INTC_emc_8ns.xsa
TRACE::2025-05-30.15:03:00::SCWPlatform::Trying to open the hw design at C:/Users/ilpes/Desktop/Antenne_e_clocks/project_MicroBlaze_simple/microv5_INTC_emc_8nstris/hw/micro_core_v5_INTC_emc_8ns.xsa
TRACE::2025-05-30.15:03:00::SCWPlatform::DSA given C:/Users/ilpes/Desktop/Antenne_e_clocks/project_MicroBlaze_simple/microv5_INTC_emc_8nstris/hw/micro_core_v5_INTC_emc_8ns.xsa
TRACE::2025-05-30.15:03:00::SCWPlatform::DSA absoulate path C:/Users/ilpes/Desktop/Antenne_e_clocks/project_MicroBlaze_simple/microv5_INTC_emc_8nstris/hw/micro_core_v5_INTC_emc_8ns.xsa
TRACE::2025-05-30.15:03:00::SCWPlatform::DSA directory C:/Users/ilpes/Desktop/Antenne_e_clocks/project_MicroBlaze_simple/microv5_INTC_emc_8nstris/hw
TRACE::2025-05-30.15:03:00::SCWPlatform:: Platform Path C:/Users/ilpes/Desktop/Antenne_e_clocks/project_MicroBlaze_simple/microv5_INTC_emc_8nstris/hw/micro_core_v5_INTC_emc_8ns.xsa
TRACE::2025-05-30.15:03:00::SCWPlatform:: Unique name xilinx:cmod_a7-35t::0.0
TRACE::2025-05-30.15:03:00::SCWPlatform::Do not have an existing db opened. 
TRACE::2025-05-30.15:03:00::SCWPlatform::Opened new HwDB with name micro_core_v0_wrapper_1
TRACE::2025-05-30.15:03:00::SCWReader::Active system found as  microv5_INTC_emc_8nstris
TRACE::2025-05-30.15:03:00::SCWReader::Handling sysconfig microv5_INTC_emc_8nstris
TRACE::2025-05-30.15:03:00::SCWDomain::checking for install qemu data   : 
TRACE::2025-05-30.15:03:00::SCWPlatform::Trying to open the hw design at C:/Users/ilpes/Desktop/Antenne_e_clocks/project_MicroBlaze_simple/microv5_INTC_emc_8nstris/hw/micro_core_v5_INTC_emc_8ns.xsa
TRACE::2025-05-30.15:03:00::SCWPlatform::DSA given C:/Users/ilpes/Desktop/Antenne_e_clocks/project_MicroBlaze_simple/microv5_INTC_emc_8nstris/hw/micro_core_v5_INTC_emc_8ns.xsa
TRACE::2025-05-30.15:03:00::SCWPlatform::DSA absoulate path C:/Users/ilpes/Desktop/Antenne_e_clocks/project_MicroBlaze_simple/microv5_INTC_emc_8nstris/hw/micro_core_v5_INTC_emc_8ns.xsa
TRACE::2025-05-30.15:03:00::SCWPlatform::DSA directory C:/Users/ilpes/Desktop/Antenne_e_clocks/project_MicroBlaze_simple/microv5_INTC_emc_8nstris/hw
TRACE::2025-05-30.15:03:00::SCWPlatform:: Platform Path C:/Users/ilpes/Desktop/Antenne_e_clocks/project_MicroBlaze_simple/microv5_INTC_emc_8nstris/hw/micro_core_v5_INTC_emc_8ns.xsa
TRACE::2025-05-30.15:03:00::SCWPlatform:: Unique name xilinx:cmod_a7-35t::0.0
TRACE::2025-05-30.15:03:00::SCWPlatform::Trying to set the existing hwdb with name micro_core_v0_wrapper_1
TRACE::2025-05-30.15:03:00::SCWPlatform::Opened existing hwdb micro_core_v0_wrapper_1
TRACE::2025-05-30.15:03:00::SCWPlatform::Found the Hw Db part of the input DSA
TRACE::2025-05-30.15:03:00::SCWPlatform::Trying to open the hw design at C:/Users/ilpes/Desktop/Antenne_e_clocks/project_MicroBlaze_simple/microv5_INTC_emc_8nstris/hw/micro_core_v5_INTC_emc_8ns.xsa
TRACE::2025-05-30.15:03:00::SCWPlatform::DSA given C:/Users/ilpes/Desktop/Antenne_e_clocks/project_MicroBlaze_simple/microv5_INTC_emc_8nstris/hw/micro_core_v5_INTC_emc_8ns.xsa
TRACE::2025-05-30.15:03:00::SCWPlatform::DSA absoulate path C:/Users/ilpes/Desktop/Antenne_e_clocks/project_MicroBlaze_simple/microv5_INTC_emc_8nstris/hw/micro_core_v5_INTC_emc_8ns.xsa
TRACE::2025-05-30.15:03:00::SCWPlatform::DSA directory C:/Users/ilpes/Desktop/Antenne_e_clocks/project_MicroBlaze_simple/microv5_INTC_emc_8nstris/hw
TRACE::2025-05-30.15:03:00::SCWPlatform:: Platform Path C:/Users/ilpes/Desktop/Antenne_e_clocks/project_MicroBlaze_simple/microv5_INTC_emc_8nstris/hw/micro_core_v5_INTC_emc_8ns.xsa
TRACE::2025-05-30.15:03:00::SCWPlatform:: Unique name xilinx:cmod_a7-35t::0.0
TRACE::2025-05-30.15:03:00::SCWPlatform::Trying to set the existing hwdb with name micro_core_v0_wrapper_1
TRACE::2025-05-30.15:03:00::SCWPlatform::Opened existing hwdb micro_core_v0_wrapper_1
TRACE::2025-05-30.15:03:00::SCWPlatform::Found the Hw Db part of the input DSA
TRACE::2025-05-30.15:03:00::SCWPlatform::Trying to open the hw design at C:/Users/ilpes/Desktop/Antenne_e_clocks/project_MicroBlaze_simple/microv5_INTC_emc_8nstris/hw/micro_core_v5_INTC_emc_8ns.xsa
TRACE::2025-05-30.15:03:00::SCWPlatform::DSA given C:/Users/ilpes/Desktop/Antenne_e_clocks/project_MicroBlaze_simple/microv5_INTC_emc_8nstris/hw/micro_core_v5_INTC_emc_8ns.xsa
TRACE::2025-05-30.15:03:00::SCWPlatform::DSA absoulate path C:/Users/ilpes/Desktop/Antenne_e_clocks/project_MicroBlaze_simple/microv5_INTC_emc_8nstris/hw/micro_core_v5_INTC_emc_8ns.xsa
TRACE::2025-05-30.15:03:00::SCWPlatform::DSA directory C:/Users/ilpes/Desktop/Antenne_e_clocks/project_MicroBlaze_simple/microv5_INTC_emc_8nstris/hw
TRACE::2025-05-30.15:03:00::SCWPlatform:: Platform Path C:/Users/ilpes/Desktop/Antenne_e_clocks/project_MicroBlaze_simple/microv5_INTC_emc_8nstris/hw/micro_core_v5_INTC_emc_8ns.xsa
TRACE::2025-05-30.15:03:00::SCWPlatform:: Unique name xilinx:cmod_a7-35t::0.0
TRACE::2025-05-30.15:03:00::SCWPlatform::Trying to set the existing hwdb with name micro_core_v0_wrapper_1
TRACE::2025-05-30.15:03:00::SCWPlatform::Opened existing hwdb micro_core_v0_wrapper_1
TRACE::2025-05-30.15:03:00::SCWPlatform::Found the Hw Db part of the input DSA
TRACE::2025-05-30.15:03:00::SCWPlatform::Trying to open the hw design at C:/Users/ilpes/Desktop/Antenne_e_clocks/project_MicroBlaze_simple/microv5_INTC_emc_8nstris/hw/micro_core_v5_INTC_emc_8ns.xsa
TRACE::2025-05-30.15:03:00::SCWPlatform::DSA given C:/Users/ilpes/Desktop/Antenne_e_clocks/project_MicroBlaze_simple/microv5_INTC_emc_8nstris/hw/micro_core_v5_INTC_emc_8ns.xsa
TRACE::2025-05-30.15:03:00::SCWPlatform::DSA absoulate path C:/Users/ilpes/Desktop/Antenne_e_clocks/project_MicroBlaze_simple/microv5_INTC_emc_8nstris/hw/micro_core_v5_INTC_emc_8ns.xsa
TRACE::2025-05-30.15:03:00::SCWPlatform::DSA directory C:/Users/ilpes/Desktop/Antenne_e_clocks/project_MicroBlaze_simple/microv5_INTC_emc_8nstris/hw
TRACE::2025-05-30.15:03:00::SCWPlatform:: Platform Path C:/Users/ilpes/Desktop/Antenne_e_clocks/project_MicroBlaze_simple/microv5_INTC_emc_8nstris/hw/micro_core_v5_INTC_emc_8ns.xsa
TRACE::2025-05-30.15:03:00::SCWPlatform:: Unique name xilinx:cmod_a7-35t::0.0
TRACE::2025-05-30.15:03:00::SCWPlatform::Trying to set the existing hwdb with name micro_core_v0_wrapper_1
TRACE::2025-05-30.15:03:00::SCWPlatform::Opened existing hwdb micro_core_v0_wrapper_1
TRACE::2025-05-30.15:03:00::SCWPlatform::Found the Hw Db part of the input DSA
TRACE::2025-05-30.15:03:00::SCWMssOS::Checking the sw design at  C:/Users/ilpes/Desktop/Antenne_e_clocks/project_MicroBlaze_simple/microv5_INTC_emc_8nstris/microblaze_0/standalone_domain/bsp/system.mss
TRACE::2025-05-30.15:03:00::SCWMssOS::DEBUG:  swdes dump  
TRACE::2025-05-30.15:03:00::SCWMssOS::No sw design opened at  C:/Users/ilpes/Desktop/Antenne_e_clocks/project_MicroBlaze_simple/microv5_INTC_emc_8nstris/microblaze_0/standalone_domain/bsp/system.mss
TRACE::2025-05-30.15:03:00::SCWMssOS::mss exists loading the mss file  C:/Users/ilpes/Desktop/Antenne_e_clocks/project_MicroBlaze_simple/microv5_INTC_emc_8nstris/microblaze_0/standalone_domain/bsp/system.mss
TRACE::2025-05-30.15:03:00::SCWMssOS::Opened the sw design from mss  C:/Users/ilpes/Desktop/Antenne_e_clocks/project_MicroBlaze_simple/microv5_INTC_emc_8nstris/microblaze_0/standalone_domain/bsp/system.mss
TRACE::2025-05-30.15:03:00::SCWMssOS::Adding the swdes entry C:/Users/ilpes/Desktop/Antenne_e_clocks/project_MicroBlaze_simple/microv5_INTC_emc_8nstris/microblaze_0/standalone_domain/bsp/system.mss with des name system
TRACE::2025-05-30.15:03:00::SCWMssOS::updating the scw layer about changes
TRACE::2025-05-30.15:03:00::SCWMssOS::Opened the sw design.  C:/Users/ilpes/Desktop/Antenne_e_clocks/project_MicroBlaze_simple/microv5_INTC_emc_8nstris/microblaze_0/standalone_domain/bsp/system.mss
TRACE::2025-05-30.15:03:00::SCWMssOS::Saving the mss changes C:/Users/ilpes/Desktop/Antenne_e_clocks/project_MicroBlaze_simple/microv5_INTC_emc_8nstris/microblaze_0/standalone_domain/bsp/system.mss
TRACE::2025-05-30.15:03:00::SCWMssOS::Found a swdesign opened with the mssfile.
TRACE::2025-05-30.15:03:00::SCWMssOS::Completed writemss as part of save.
TRACE::2025-05-30.15:03:00::SCWMssOS::Commit changes completed.
TRACE::2025-05-30.15:03:00::SCWReader::Adding prebuilt librarypaths as   
TRACE::2025-05-30.15:03:00::SCWReader::Adding prebuilt incpaths  as   
TRACE::2025-05-30.15:03:00::SCWPlatform::Trying to open the hw design at C:/Users/ilpes/Desktop/Antenne_e_clocks/project_MicroBlaze_simple/microv5_INTC_emc_8nstris/hw/micro_core_v5_INTC_emc_8ns.xsa
TRACE::2025-05-30.15:03:00::SCWPlatform::DSA given C:/Users/ilpes/Desktop/Antenne_e_clocks/project_MicroBlaze_simple/microv5_INTC_emc_8nstris/hw/micro_core_v5_INTC_emc_8ns.xsa
TRACE::2025-05-30.15:03:00::SCWPlatform::DSA absoulate path C:/Users/ilpes/Desktop/Antenne_e_clocks/project_MicroBlaze_simple/microv5_INTC_emc_8nstris/hw/micro_core_v5_INTC_emc_8ns.xsa
TRACE::2025-05-30.15:03:00::SCWPlatform::DSA directory C:/Users/ilpes/Desktop/Antenne_e_clocks/project_MicroBlaze_simple/microv5_INTC_emc_8nstris/hw
TRACE::2025-05-30.15:03:00::SCWPlatform:: Platform Path C:/Users/ilpes/Desktop/Antenne_e_clocks/project_MicroBlaze_simple/microv5_INTC_emc_8nstris/hw/micro_core_v5_INTC_emc_8ns.xsa
TRACE::2025-05-30.15:03:00::SCWPlatform:: Unique name xilinx:cmod_a7-35t::0.0
TRACE::2025-05-30.15:03:00::SCWPlatform::Trying to set the existing hwdb with name micro_core_v0_wrapper_1
TRACE::2025-05-30.15:03:00::SCWPlatform::Opened existing hwdb micro_core_v0_wrapper_1
TRACE::2025-05-30.15:03:00::SCWPlatform::Found the Hw Db part of the input DSA
TRACE::2025-05-30.15:03:00::SCWMssOS::Checking the sw design at  C:/Users/ilpes/Desktop/Antenne_e_clocks/project_MicroBlaze_simple/microv5_INTC_emc_8nstris/microblaze_0/standalone_domain/bsp/system.mss
TRACE::2025-05-30.15:03:00::SCWMssOS::DEBUG:  swdes dump  C:/Users/ilpes/Desktop/Antenne_e_clocks/project_MicroBlaze_simple/microv5_INTC_emc_8nstris/microblaze_0/standalone_domain/bsp/system.mss|system||

TRACE::2025-05-30.15:03:00::SCWMssOS::Sw design exists and opened at  C:/Users/ilpes/Desktop/Antenne_e_clocks/project_MicroBlaze_simple/microv5_INTC_emc_8nstris/microblaze_0/standalone_domain/bsp/system.mss
TRACE::2025-05-30.15:03:00::SCWReader::No isolation master present  
LOG::2025-05-30.15:03:10::SCWPlatform::Started generating the artifacts platform microv5_INTC_emc_8nstris
TRACE::2025-05-30.15:03:10::SCWPlatform::Sanity checking of platform is completed
LOG::2025-05-30.15:03:10::SCWPlatform::Started generating the artifacts for system configuration microv5_INTC_emc_8nstris
LOG::2025-05-30.15:03:10::SCWSystem::Checking the domain standalone_domain
LOG::2025-05-30.15:03:10::SCWSystem::Not a boot domain 
LOG::2025-05-30.15:03:10::SCWSystem::Started Processing the domain standalone_domain
TRACE::2025-05-30.15:03:10::SCWDomain::Generating domain artifcats
TRACE::2025-05-30.15:03:10::SCWMssOS::Generating standalone artifcats
TRACE::2025-05-30.15:03:10::SCWMssOS:: Copying the user libraries. 
TRACE::2025-05-30.15:03:10::SCWPlatform::Trying to open the hw design at C:/Users/ilpes/Desktop/Antenne_e_clocks/project_MicroBlaze_simple/microv5_INTC_emc_8nstris/hw/micro_core_v5_INTC_emc_8ns.xsa
TRACE::2025-05-30.15:03:10::SCWPlatform::DSA given C:/Users/ilpes/Desktop/Antenne_e_clocks/project_MicroBlaze_simple/microv5_INTC_emc_8nstris/hw/micro_core_v5_INTC_emc_8ns.xsa
TRACE::2025-05-30.15:03:10::SCWPlatform::DSA absoulate path C:/Users/ilpes/Desktop/Antenne_e_clocks/project_MicroBlaze_simple/microv5_INTC_emc_8nstris/hw/micro_core_v5_INTC_emc_8ns.xsa
TRACE::2025-05-30.15:03:10::SCWPlatform::DSA directory C:/Users/ilpes/Desktop/Antenne_e_clocks/project_MicroBlaze_simple/microv5_INTC_emc_8nstris/hw
TRACE::2025-05-30.15:03:10::SCWPlatform:: Platform Path C:/Users/ilpes/Desktop/Antenne_e_clocks/project_MicroBlaze_simple/microv5_INTC_emc_8nstris/hw/micro_core_v5_INTC_emc_8ns.xsa
TRACE::2025-05-30.15:03:10::SCWPlatform:: Unique name xilinx:cmod_a7-35t::0.0
TRACE::2025-05-30.15:03:10::SCWPlatform::Trying to set the existing hwdb with name micro_core_v0_wrapper_1
TRACE::2025-05-30.15:03:10::SCWPlatform::Opened existing hwdb micro_core_v0_wrapper_1
TRACE::2025-05-30.15:03:10::SCWPlatform::Found the Hw Db part of the input DSA
TRACE::2025-05-30.15:03:10::SCWMssOS::Checking the sw design at  C:/Users/ilpes/Desktop/Antenne_e_clocks/project_MicroBlaze_simple/microv5_INTC_emc_8nstris/microblaze_0/standalone_domain/bsp/system.mss
TRACE::2025-05-30.15:03:10::SCWMssOS::DEBUG:  swdes dump  C:/Users/ilpes/Desktop/Antenne_e_clocks/project_MicroBlaze_simple/microv5_INTC_emc_8nstris/microblaze_0/standalone_domain/bsp/system.mss|system||

TRACE::2025-05-30.15:03:10::SCWMssOS::Sw design exists and opened at  C:/Users/ilpes/Desktop/Antenne_e_clocks/project_MicroBlaze_simple/microv5_INTC_emc_8nstris/microblaze_0/standalone_domain/bsp/system.mss
TRACE::2025-05-30.15:03:10::SCWMssOS::Completed writing the mss file at C:/Users/ilpes/Desktop/Antenne_e_clocks/project_MicroBlaze_simple/microv5_INTC_emc_8nstris/microblaze_0/standalone_domain/bsp
TRACE::2025-05-30.15:03:10::SCWMssOS::Mss edits present, copying mssfile into export location C:/Users/ilpes/Desktop/Antenne_e_clocks/project_MicroBlaze_simple/microv5_INTC_emc_8nstris/microblaze_0/standalone_domain/bsp/system.mss
TRACE::2025-05-30.15:03:10::SCWMssOS::bsp generated is upto date with the mss file. Skipping bsp generation.
TRACE::2025-05-30.15:03:10::SCWMssOS::BSP is already built. skipping the bsp build ... 
TRACE::2025-05-30.15:03:10::SCWDomain::Building the domain as part of full build :  standalone_domain
TRACE::2025-05-30.15:03:10::SCWMssOS::doing bsp build ... 
TRACE::2025-05-30.15:03:10::SCWMssOS::System Command Ran  C: & cd  C:/Users/ilpes/Desktop/Antenne_e_clocks/project_MicroBlaze_simple/microv5_INTC_emc_8nstris/microblaze_0/standalone_domain/bsp & make 
TRACE::2025-05-30.15:03:10::SCWMssOS::make --no-print-directory seq_libs

TRACE::2025-05-30.15:03:10::SCWMssOS::'Finished building libraries sequentially.'

TRACE::2025-05-30.15:03:10::SCWMssOS::make -j --no-print-directory par_libs

TRACE::2025-05-30.15:03:10::SCWMssOS::"Running Make include in microblaze_0/libsrc/bram_v4_5/src"

TRACE::2025-05-30.15:03:10::SCWMssOS::make -C microblaze_0/libsrc/bram_v4_5/src -s include  "SHELL=CMD" "COMPILER=mb-gcc" "ASSEMBLER=mb-as" "ARCHIVER=mb-ar" "COMPILE
TRACE::2025-05-30.15:03:10::SCWMssOS::R_FLAGS=  -O2 -c -mcpu=v11.0 -mlittle-endian -mno-xl-soft-mul -mxl-pattern-compare" "EXTRA_COMPILER_FLAGS=-g -ffunction-section
TRACE::2025-05-30.15:03:10::SCWMssOS::s -fdata-sections -Wall -Wextra"

TRACE::2025-05-30.15:03:10::SCWMssOS::"Running Make include in microblaze_0/libsrc/clk_wiz_v1_4/src"

TRACE::2025-05-30.15:03:10::SCWMssOS::make -C microblaze_0/libsrc/clk_wiz_v1_4/src -s include  "SHELL=CMD" "COMPILER=mb-gcc" "ASSEMBLER=mb-as" "ARCHIVER=mb-ar" "COMP
TRACE::2025-05-30.15:03:10::SCWMssOS::ILER_FLAGS=  -O2 -c -mcpu=v11.0 -mlittle-endian -mno-xl-soft-mul -mxl-pattern-compare" "EXTRA_COMPILER_FLAGS=-g -ffunction-sect
TRACE::2025-05-30.15:03:10::SCWMssOS::ions -fdata-sections -Wall -Wextra"

TRACE::2025-05-30.15:03:10::SCWMssOS::"Running Make include in microblaze_0/libsrc/cpu_v2_12/src"

TRACE::2025-05-30.15:03:10::SCWMssOS::make -C microblaze_0/libsrc/cpu_v2_12/src -s include  "SHELL=CMD" "COMPILER=mb-gcc" "ASSEMBLER=mb-as" "ARCHIVER=mb-ar" "COMPILE
TRACE::2025-05-30.15:03:10::SCWMssOS::R_FLAGS=  -O2 -c -mcpu=v11.0 -mlittle-endian -mno-xl-soft-mul -mxl-pattern-compare" "EXTRA_COMPILER_FLAGS=-g -ffunction-section
TRACE::2025-05-30.15:03:10::SCWMssOS::s -fdata-sections -Wall -Wextra"

TRACE::2025-05-30.15:03:11::SCWMssOS::"Running Make include in microblaze_0/libsrc/gpio_v4_7/src"

TRACE::2025-05-30.15:03:11::SCWMssOS::"Running Make include in microblaze_0/libsrc/intc_v3_12/src"

TRACE::2025-05-30.15:03:11::SCWMssOS::make -C microblaze_0/libsrc/gpio_v4_7/src -s include  "SHELL=CMD" "COMPILER=mb-gcc" "ASSEMBLER=mb-as" "ARCHIVER=mb-ar" "COMPILE
TRACE::2025-05-30.15:03:11::SCWMssOS::R_FLAGS=  -O2 -c -mcpu=v11.0 -mlittle-endian -mno-xl-soft-mul -mxl-pattern-compare" "EXTRA_COMPILER_FLAGS=-g -ffunction-section
TRACE::2025-05-30.15:03:11::SCWMssOS::s -fdata-sections -Wall -Wextra"

TRACE::2025-05-30.15:03:11::SCWMssOS::make -C microblaze_0/libsrc/intc_v3_12/src -s include  "SHELL=CMD" "COMPILER=mb-gcc" "ASSEMBLER=mb-as" "ARCHIVER=mb-ar" "COMPIL
TRACE::2025-05-30.15:03:11::SCWMssOS::ER_FLAGS=  -O2 -c -mcpu=v11.0 -mlittle-endian -mno-xl-soft-mul -mxl-pattern-compare" "EXTRA_COMPILER_FLAGS=-g -ffunction-sectio
TRACE::2025-05-30.15:03:11::SCWMssOS::ns -fdata-sections -Wall -Wextra"

TRACE::2025-05-30.15:03:11::SCWMssOS::"Running Make include in microblaze_0/libsrc/standalone_v7_3/src"

TRACE::2025-05-30.15:03:11::SCWMssOS::make -C microblaze_0/libsrc/standalone_v7_3/src -s include  "SHELL=CMD" "COMPILER=mb-gcc" "ASSEMBLER=mb-as" "ARCHIVER=mb-ar" "C
TRACE::2025-05-30.15:03:11::SCWMssOS::OMPILER_FLAGS=  -O2 -c -mcpu=v11.0 -mlittle-endian -mno-xl-soft-mul -mxl-pattern-compare" "EXTRA_COMPILER_FLAGS=-g -ffunction-s
TRACE::2025-05-30.15:03:11::SCWMssOS::ections -fdata-sections -Wall -Wextra"

TRACE::2025-05-30.15:03:11::SCWMssOS::"Running Make include in microblaze_0/libsrc/uartlite_v3_5/src"

TRACE::2025-05-30.15:03:11::SCWMssOS::make -C microblaze_0/libsrc/uartlite_v3_5/src -s include  "SHELL=CMD" "COMPILER=mb-gcc" "ASSEMBLER=mb-as" "ARCHIVER=mb-ar" "COM
TRACE::2025-05-30.15:03:11::SCWMssOS::PILER_FLAGS=  -O2 -c -mcpu=v11.0 -mlittle-endian -mno-xl-soft-mul -mxl-pattern-compare" "EXTRA_COMPILER_FLAGS=-g -ffunction-sec
TRACE::2025-05-30.15:03:11::SCWMssOS::tions -fdata-sections -Wall -Wextra"

TRACE::2025-05-30.15:03:11::SCWMssOS::"Running Make libs in microblaze_0/libsrc/bram_v4_5/src"

TRACE::2025-05-30.15:03:11::SCWMssOS::make -C microblaze_0/libsrc/bram_v4_5/src -s libs  "SHELL=CMD" "COMPILER=mb-gcc" "ASSEMBLER=mb-as" "ARCHIVER=mb-ar" "COMPILER_F
TRACE::2025-05-30.15:03:11::SCWMssOS::LAGS=  -O2 -c -mcpu=v11.0 -mlittle-endian -mno-xl-soft-mul -mxl-pattern-compare" "EXTRA_COMPILER_FLAGS=-g -ffunction-sections -
TRACE::2025-05-30.15:03:11::SCWMssOS::fdata-sections -Wall -Wextra"

TRACE::2025-05-30.15:03:11::SCWMssOS::"Running Make libs in microblaze_0/libsrc/clk_wiz_v1_4/src"

TRACE::2025-05-30.15:03:12::SCWMssOS::make -C microblaze_0/libsrc/clk_wiz_v1_4/src -s libs  "SHELL=CMD" "COMPILER=mb-gcc" "ASSEMBLER=mb-as" "ARCHIVER=mb-ar" "COMPILE
TRACE::2025-05-30.15:03:12::SCWMssOS::R_FLAGS=  -O2 -c -mcpu=v11.0 -mlittle-endian -mno-xl-soft-mul -mxl-pattern-compare" "EXTRA_COMPILER_FLAGS=-g -ffunction-section
TRACE::2025-05-30.15:03:12::SCWMssOS::s -fdata-sections -Wall -Wextra"

TRACE::2025-05-30.15:03:12::SCWMssOS::"Running Make libs in microblaze_0/libsrc/cpu_v2_12/src"

TRACE::2025-05-30.15:03:12::SCWMssOS::"Running Make libs in microblaze_0/libsrc/gpio_v4_7/src"

TRACE::2025-05-30.15:03:12::SCWMssOS::make -C microblaze_0/libsrc/cpu_v2_12/src -s libs  "SHELL=CMD" "COMPILER=mb-gcc" "ASSEMBLER=mb-as" "ARCHIVER=mb-ar" "COMPILER_F
TRACE::2025-05-30.15:03:12::SCWMssOS::LAGS=  -O2 -c -mcpu=v11.0 -mlittle-endian -mno-xl-soft-mul -mxl-pattern-compare" "EXTRA_COMPILER_FLAGS=-g -ffunction-sections -
TRACE::2025-05-30.15:03:12::SCWMssOS::fdata-sections -Wall -Wextra"

TRACE::2025-05-30.15:03:12::SCWMssOS::make -C microblaze_0/libsrc/gpio_v4_7/src -s libs  "SHELL=CMD" "COMPILER=mb-gcc" "ASSEMBLER=mb-as" "ARCHIVER=mb-ar" "COMPILER_F
TRACE::2025-05-30.15:03:12::SCWMssOS::LAGS=  -O2 -c -mcpu=v11.0 -mlittle-endian -mno-xl-soft-mul -mxl-pattern-compare" "EXTRA_COMPILER_FLAGS=-g -ffunction-sections -
TRACE::2025-05-30.15:03:12::SCWMssOS::fdata-sections -Wall -Wextra"

TRACE::2025-05-30.15:03:12::SCWMssOS::"Running Make libs in microblaze_0/libsrc/intc_v3_12/src"

TRACE::2025-05-30.15:03:12::SCWMssOS::make -C microblaze_0/libsrc/intc_v3_12/src -s libs  "SHELL=CMD" "COMPILER=mb-gcc" "ASSEMBLER=mb-as" "ARCHIVER=mb-ar" "COMPILER_
TRACE::2025-05-30.15:03:12::SCWMssOS::FLAGS=  -O2 -c -mcpu=v11.0 -mlittle-endian -mno-xl-soft-mul -mxl-pattern-compare" "EXTRA_COMPILER_FLAGS=-g -ffunction-sections 
TRACE::2025-05-30.15:03:12::SCWMssOS::-fdata-sections -Wall -Wextra"

TRACE::2025-05-30.15:03:12::SCWMssOS::"Running Make libs in microblaze_0/libsrc/standalone_v7_3/src"

TRACE::2025-05-30.15:03:12::SCWMssOS::make -C microblaze_0/libsrc/standalone_v7_3/src -s libs  "SHELL=CMD" "COMPILER=mb-gcc" "ASSEMBLER=mb-as" "ARCHIVER=mb-ar" "COMP
TRACE::2025-05-30.15:03:12::SCWMssOS::ILER_FLAGS=  -O2 -c -mcpu=v11.0 -mlittle-endian -mno-xl-soft-mul -mxl-pattern-compare" "EXTRA_COMPILER_FLAGS=-g -ffunction-sect
TRACE::2025-05-30.15:03:12::SCWMssOS::ions -fdata-sections -Wall -Wextra"

TRACE::2025-05-30.15:03:12::SCWMssOS::"Running Make libs in microblaze_0/libsrc/uartlite_v3_5/src"

TRACE::2025-05-30.15:03:12::SCWMssOS::make -C microblaze_0/libsrc/uartlite_v3_5/src -s libs  "SHELL=CMD" "COMPILER=mb-gcc" "ASSEMBLER=mb-as" "ARCHIVER=mb-ar" "COMPIL
TRACE::2025-05-30.15:03:12::SCWMssOS::ER_FLAGS=  -O2 -c -mcpu=v11.0 -mlittle-endian -mno-xl-soft-mul -mxl-pattern-compare" "EXTRA_COMPILER_FLAGS=-g -ffunction-sectio
TRACE::2025-05-30.15:03:12::SCWMssOS::ns -fdata-sections -Wall -Wextra"

TRACE::2025-05-30.15:03:14::SCWMssOS::"DEBUG NON_LTO_OBJECTS is ../../../lib/microblaze_interrupt_handler.o"

TRACE::2025-05-30.15:03:15::SCWMssOS::'Finished building libraries parallelly.'

TRACE::2025-05-30.15:03:15::SCWMssOS::make --no-print-directory archive

TRACE::2025-05-30.15:03:15::SCWMssOS::mb-ar -r  microblaze_0/lib/libxil.a microblaze_0/lib/xplatform_info.o microblaze_0/lib/xuartlite.o microblaze_0/lib/microblaze_
TRACE::2025-05-30.15:03:15::SCWMssOS::disable_exceptions.o microblaze_0/lib/print.o microblaze_0/lib/_exit.o microblaze_0/lib/xil_testio.o microblaze_0/lib/microblaz
TRACE::2025-05-30.15:03:15::SCWMssOS::e_disable_dcache.o microblaze_0/lib/microblaze_flush_dcache_range.o microblaze_0/lib/microblaze_flush_cache_ext.o microblaze_0/
TRACE::2025-05-30.15:03:15::SCWMssOS::lib/xbram_sinit.o microblaze_0/lib/inbyte.o microblaze_0/lib/xclk_wiz_g.o microblaze_0/lib/xil_misc_psreset_api.o microblaze_0/
TRACE::2025-05-30.15:03:15::SCWMssOS::lib/xil_cache.o microblaze_0/lib/xil_util.o microblaze_0/lib/xclk_wiz_sinit.o microblaze_0/lib/xuartlite_stats.o microblaze_0/l
TRACE::2025-05-30.15:03:15::SCWMssOS::ib/microblaze_exception_handler.o microblaze_0/lib/xbram_g.o microblaze_0/lib/microblaze_scrub.o microblaze_0/lib/microblaze_in
TRACE::2025-05-30.15:03:15::SCWMssOS::validate_dcache.o microblaze_0/lib/microblaze_disable_interrupts.o microblaze_0/lib/xbram_selftest.o microblaze_0/lib/microblaz
TRACE::2025-05-30.15:03:15::SCWMssOS::e_interrupt_handler.o microblaze_0/lib/microblaze_disable_icache.o microblaze_0/lib/xgpio_g.o microblaze_0/lib/xil_mem.o microb
TRACE::2025-05-30.15:03:15::SCWMssOS::laze_0/lib/xclk_wiz_intr.o microblaze_0/lib/microblaze_flush_cache_ext_range.o microblaze_0/lib/xbram_intr.o microblaze_0/lib/x
TRACE::2025-05-30.15:03:15::SCWMssOS::il_sleepcommon.o microblaze_0/lib/xil_printf.o microblaze_0/lib/xintc_g.o microblaze_0/lib/xuartlite_g.o microblaze_0/lib/xintc
TRACE::2025-05-30.15:03:15::SCWMssOS::_selftest.o microblaze_0/lib/xintc_l.o microblaze_0/lib/outbyte.o microblaze_0/lib/xgpio_intr.o microblaze_0/lib/microblaze_inv
TRACE::2025-05-30.15:03:15::SCWMssOS::alidate_dcache_range.o microblaze_0/lib/microblaze_invalidate_cache_ext.o microblaze_0/lib/microblaze_sleep.o microblaze_0/lib/
TRACE::2025-05-30.15:03:15::SCWMssOS::xuartlite_sinit.o microblaze_0/lib/hw_exception_handler.o microblaze_0/lib/xuartlite_selftest.o microblaze_0/lib/xgpio_sinit.o 
TRACE::2025-05-30.15:03:15::SCWMssOS::microblaze_0/lib/microblaze_update_dcache.o microblaze_0/lib/xil_testcache.o microblaze_0/lib/microblaze_selftest.o microblaze_
TRACE::2025-05-30.15:03:15::SCWMssOS::0/lib/microblaze_interrupts_g.o microblaze_0/lib/microblaze_enable_exceptions.o microblaze_0/lib/xio.o microblaze_0/lib/xclk_wi
TRACE::2025-05-30.15:03:15::SCWMssOS::z.o microblaze_0/lib/microblaze_enable_dcache.o microblaze_0/lib/xbram.o microblaze_0/lib/microblaze_invalidate_icache_range.o 
TRACE::2025-05-30.15:03:15::SCWMssOS::microblaze_0/lib/microblaze_init_dcache_range.o microblaze_0/lib/microblaze_invalidate_icache.o microblaze_0/lib/errno.o microb
TRACE::2025-05-30.15:03:15::SCWMssOS::laze_0/lib/xuartlite_l.o microblaze_0/lib/xintc_options.o microblaze_0/lib/microblaze_invalidate_cache_ext_range.o microblaze_0
TRACE::2025-05-30.15:03:15::SCWMssOS::/lib/xintc_intr.o microblaze_0/lib/xil_exception.o microblaze_0/lib/pvr.o microblaze_0/lib/xgpio.o microblaze_0/lib/xil_testmem
TRACE::2025-05-30.15:03:15::SCWMssOS::.o microblaze_0/lib/microblaze_update_icache.o microblaze_0/lib/xuartlite_intr.o microblaze_0/lib/microblaze_flush_dcache.o mic
TRACE::2025-05-30.15:03:15::SCWMssOS::roblaze_0/lib/xil_clocking.o microblaze_0/lib/xil_assert.o microblaze_0/lib/microblaze_enable_interrupts.o microblaze_0/lib/xgp
TRACE::2025-05-30.15:03:15::SCWMssOS::io_extra.o microblaze_0/lib/microblaze_enable_icache.o microblaze_0/lib/xintc.o microblaze_0/lib/microblaze_init_icache_range.o
TRACE::2025-05-30.15:03:15::SCWMssOS:: microblaze_0/lib/fcntl.o microblaze_0/lib/xgpio_selftest.o

TRACE::2025-05-30.15:03:15::SCWMssOS::'Finished building libraries'

TRACE::2025-05-30.15:03:15::SCWMssOS::Copying to export directory.
TRACE::2025-05-30.15:03:15::SCWMssOS:: Checking if to create the Supporting Applications
TRACE::2025-05-30.15:03:15::SCWMssOS:: No Linux domain exists, trying to generate FSBL 
LOG::2025-05-30.15:03:15::SCWSystem::Completed Processing the domain standalone_domain
LOG::2025-05-30.15:03:15::SCWSystem::Completed Processing the sysconfig microv5_INTC_emc_8nstris
LOG::2025-05-30.15:03:15::SCWPlatform::Completed generating the artifacts for system configuration microv5_INTC_emc_8nstris
TRACE::2025-05-30.15:03:15::SCWPlatform::Started preparing the platform 
TRACE::2025-05-30.15:03:15::SCWSystem::Writing the bif file for system config microv5_INTC_emc_8nstris
TRACE::2025-05-30.15:03:15::SCWSystem::dir created 
TRACE::2025-05-30.15:03:15::SCWSystem::Writing the bif 
TRACE::2025-05-30.15:03:15::SCWPlatform::Started writing the spfm file 
TRACE::2025-05-30.15:03:15::SCWPlatform::Started writing the xpfm file 
TRACE::2025-05-30.15:03:15::SCWPlatform::Completed generating the platform
TRACE::2025-05-30.15:03:15::SCWMssOS::Saving the mss changes C:/Users/ilpes/Desktop/Antenne_e_clocks/project_MicroBlaze_simple/microv5_INTC_emc_8nstris/microblaze_0/standalone_domain/bsp/system.mss
TRACE::2025-05-30.15:03:15::SCWMssOS::Found a swdesign opened with the mssfile.
TRACE::2025-05-30.15:03:15::SCWMssOS::Completed writemss as part of save.
TRACE::2025-05-30.15:03:15::SCWMssOS::Commit changes completed.
TRACE::2025-05-30.15:03:15::SCWPlatform::Trying to open the hw design at C:/Users/ilpes/Desktop/Antenne_e_clocks/project_MicroBlaze_simple/microv5_INTC_emc_8nstris/hw/micro_core_v5_INTC_emc_8ns.xsa
TRACE::2025-05-30.15:03:15::SCWPlatform::DSA given C:/Users/ilpes/Desktop/Antenne_e_clocks/project_MicroBlaze_simple/microv5_INTC_emc_8nstris/hw/micro_core_v5_INTC_emc_8ns.xsa
TRACE::2025-05-30.15:03:15::SCWPlatform::DSA absoulate path C:/Users/ilpes/Desktop/Antenne_e_clocks/project_MicroBlaze_simple/microv5_INTC_emc_8nstris/hw/micro_core_v5_INTC_emc_8ns.xsa
TRACE::2025-05-30.15:03:15::SCWPlatform::DSA directory C:/Users/ilpes/Desktop/Antenne_e_clocks/project_MicroBlaze_simple/microv5_INTC_emc_8nstris/hw
TRACE::2025-05-30.15:03:15::SCWPlatform:: Platform Path C:/Users/ilpes/Desktop/Antenne_e_clocks/project_MicroBlaze_simple/microv5_INTC_emc_8nstris/hw/micro_core_v5_INTC_emc_8ns.xsa
TRACE::2025-05-30.15:03:15::SCWPlatform:: Unique name xilinx:cmod_a7-35t::0.0
TRACE::2025-05-30.15:03:15::SCWPlatform::Trying to set the existing hwdb with name micro_core_v0_wrapper_1
TRACE::2025-05-30.15:03:15::SCWPlatform::Opened existing hwdb micro_core_v0_wrapper_1
TRACE::2025-05-30.15:03:15::SCWPlatform::Found the Hw Db part of the input DSA
TRACE::2025-05-30.15:03:15::SCWMssOS::Checking the sw design at  C:/Users/ilpes/Desktop/Antenne_e_clocks/project_MicroBlaze_simple/microv5_INTC_emc_8nstris/microblaze_0/standalone_domain/bsp/system.mss
TRACE::2025-05-30.15:03:15::SCWMssOS::DEBUG:  swdes dump  C:/Users/ilpes/Desktop/Antenne_e_clocks/project_MicroBlaze_simple/microv5_INTC_emc_8nstris/microblaze_0/standalone_domain/bsp/system.mss|system||

TRACE::2025-05-30.15:03:15::SCWMssOS::Sw design exists and opened at  C:/Users/ilpes/Desktop/Antenne_e_clocks/project_MicroBlaze_simple/microv5_INTC_emc_8nstris/microblaze_0/standalone_domain/bsp/system.mss
TRACE::2025-05-30.15:03:15::SCWWriter::formatted JSON is {
	"platformName":	"microv5_INTC_emc_8nstris",
	"sprVersion":	"2.0",
	"mode":	"gui",
	"dsaType":	"Fixed",
	"platformDesc":	"microv5_INTC_emc_8nstris",
	"platHandOff":	"C:/Users/ilpes/Desktop/Antenne_e_clocks/project_pasticcio/micro_core_v5_INTC_emc_8ns.xsa",
	"platIntHandOff":	"<platformDir>/hw/micro_core_v5_INTC_emc_8ns.xsa",
	"deviceType":	"FPGA",
	"platIsPrebuiltAutogen":	"false",
	"platIsNoBootBsp":	"false",
	"hasFsblMakeHasChanges":	"false",
	"hasPmufwMakeHasChanges":	"false",
	"platPreBuiltFlag":	false,
	"platformSamplesDir":	"",
	"platActiveSys":	"microv5_INTC_emc_8nstris",
	"systems":	[{
			"systemName":	"microv5_INTC_emc_8nstris",
			"systemDesc":	"microv5_INTC_emc_8nstris",
			"sysIsBootAutoGen":	"true",
			"systemDispName":	"microv5_INTC_emc_8nstris",
			"sysActiveDom":	"standalone_domain",
			"sysDefaultDom":	"standalone_domain",
			"domains":	[{
					"domainName":	"standalone_domain",
					"domainDispName":	"standalone on microblaze_0",
					"domainDesc":	"standalone_domain",
					"processors":	"microblaze_0",
					"os":	"standalone",
					"sdxOs":	"standalone",
					"debugEnable":	"False",
					"domRuntimes":	["cpp"],
					"swRepo":	"",
					"mssOsVer":	"7.3",
					"mssFile":	"",
					"md5Digest":	"d795e7b2faf74e9a20292a492d94dc6f",
					"compatibleApp":	"",
					"domType":	"mssDomain",
					"arch":	"32-bit",
					"appSettings":	{
						"appCompilerFlags":	"",
						"appLinkerFlags":	""
					},
					"addedLibs":	[],
					"libOptions":	{
						"libsContainingOptions":	[]
					},
					"prebuiltLibs":	{
						"prebuiltIncPath":	[],
						"prebuiltLibPath":	[]
					},
					"isolation":	{
					}
				}]
		}]
}
KEYINFO::2025-05-30.15:03:15::SCWPlatform::updated the xpfm file.
TRACE::2025-05-30.15:03:16::SCWPlatform::Trying to open the hw design at C:/Users/ilpes/Desktop/Antenne_e_clocks/project_MicroBlaze_simple/microv5_INTC_emc_8nstris/hw/micro_core_v5_INTC_emc_8ns.xsa
TRACE::2025-05-30.15:03:16::SCWPlatform::DSA given C:/Users/ilpes/Desktop/Antenne_e_clocks/project_MicroBlaze_simple/microv5_INTC_emc_8nstris/hw/micro_core_v5_INTC_emc_8ns.xsa
TRACE::2025-05-30.15:03:16::SCWPlatform::DSA absoulate path C:/Users/ilpes/Desktop/Antenne_e_clocks/project_MicroBlaze_simple/microv5_INTC_emc_8nstris/hw/micro_core_v5_INTC_emc_8ns.xsa
TRACE::2025-05-30.15:03:16::SCWPlatform::DSA directory C:/Users/ilpes/Desktop/Antenne_e_clocks/project_MicroBlaze_simple/microv5_INTC_emc_8nstris/hw
TRACE::2025-05-30.15:03:16::SCWPlatform:: Platform Path C:/Users/ilpes/Desktop/Antenne_e_clocks/project_MicroBlaze_simple/microv5_INTC_emc_8nstris/hw/micro_core_v5_INTC_emc_8ns.xsa
TRACE::2025-05-30.15:03:16::SCWPlatform:: Unique name xilinx:cmod_a7-35t::0.0
TRACE::2025-05-30.15:03:16::SCWPlatform::Trying to set the existing hwdb with name micro_core_v0_wrapper_1
TRACE::2025-05-30.15:03:16::SCWPlatform::Opened existing hwdb micro_core_v0_wrapper_1
TRACE::2025-05-30.15:03:16::SCWPlatform::Found the Hw Db part of the input DSA
TRACE::2025-05-30.15:03:16::SCWMssOS::Checking the sw design at  C:/Users/ilpes/Desktop/Antenne_e_clocks/project_MicroBlaze_simple/microv5_INTC_emc_8nstris/microblaze_0/standalone_domain/bsp/system.mss
TRACE::2025-05-30.15:03:16::SCWMssOS::DEBUG:  swdes dump  C:/Users/ilpes/Desktop/Antenne_e_clocks/project_MicroBlaze_simple/microv5_INTC_emc_8nstris/microblaze_0/standalone_domain/bsp/system.mss|system||

TRACE::2025-05-30.15:03:16::SCWMssOS::Sw design exists and opened at  C:/Users/ilpes/Desktop/Antenne_e_clocks/project_MicroBlaze_simple/microv5_INTC_emc_8nstris/microblaze_0/standalone_domain/bsp/system.mss
