
*** Running vivado
    with args -log user_35t_s01_data_fifo_0.vds -m64 -product Vivado -mode batch -messageDb vivado.pb -notrace -source user_35t_s01_data_fifo_0.tcl



****** Vivado v2020.2 (64-bit)
  **** SW Build 3064766 on Wed Nov 18 09:12:45 MST 2020
  **** IP Build 3064653 on Wed Nov 18 14:17:31 MST 2020
    ** Copyright 1986-2020 Xilinx, Inc. All Rights Reserved.

source user_35t_s01_data_fifo_0.tcl -notrace
create_project: Time (s): cpu = 00:00:06 ; elapsed = 00:00:07 . Memory (MB): peak = 1125.992 ; gain = 0.000
Command: synth_design -top user_35t_s01_data_fifo_0 -part xc7a35tcpg236-1 -mode out_of_context
Starting synth_design
Attempting to get a license for feature 'Synthesis' and/or device 'xc7a35t'
INFO: [Common 17-349] Got license for feature 'Synthesis' and/or device 'xc7a35t'
INFO: [Device 21-403] Loading part xc7a35tcpg236-1
INFO: [Synth 8-7079] Multithreading enabled for synth_design using a maximum of 2 processes.
INFO: [Synth 8-7078] Launching helper process for spawning children vivado processes
INFO: [Synth 8-7075] Helper process launched with PID 33544
---------------------------------------------------------------------------------
Starting RTL Elaboration : Time (s): cpu = 00:00:17 ; elapsed = 00:00:20 . Memory (MB): peak = 1182.312 ; gain = 56.320
---------------------------------------------------------------------------------
INFO: [Synth 8-6157] synthesizing module 'user_35t_s01_data_fifo_0' [c:/Users/ilpes/Downloads/project_CMOD_emc_golden_uart/project_MMCM_IIC_noor/project_MMCM_IIC_noor.srcs/sources_1/bd/user_35t/ip/user_35t_s01_data_fifo_0/synth/user_35t_s01_data_fifo_0.v:58]
INFO: [Synth 8-6157] synthesizing module 'axi_data_fifo_v2_1_21_axi_data_fifo' [c:/Users/ilpes/Downloads/project_CMOD_emc_golden_uart/project_MMCM_IIC_noor/project_MMCM_IIC_noor.srcs/sources_1/bd/user_35t/ipshared/54c0/hdl/axi_data_fifo_v2_1_vl_rfs.v:1283]
	Parameter C_FAMILY bound to: artix7 - type: string 
	Parameter C_AXI_PROTOCOL bound to: 0 - type: integer 
	Parameter C_AXI_ID_WIDTH bound to: 1 - type: integer 
	Parameter C_AXI_ADDR_WIDTH bound to: 32 - type: integer 
	Parameter C_AXI_DATA_WIDTH bound to: 32 - type: integer 
	Parameter C_AXI_SUPPORTS_USER_SIGNALS bound to: 0 - type: integer 
	Parameter C_AXI_AWUSER_WIDTH bound to: 1 - type: integer 
	Parameter C_AXI_ARUSER_WIDTH bound to: 1 - type: integer 
	Parameter C_AXI_WUSER_WIDTH bound to: 1 - type: integer 
	Parameter C_AXI_RUSER_WIDTH bound to: 1 - type: integer 
	Parameter C_AXI_BUSER_WIDTH bound to: 1 - type: integer 
	Parameter C_AXI_WRITE_FIFO_DEPTH bound to: 0 - type: integer 
	Parameter C_AXI_WRITE_FIFO_TYPE bound to: lut - type: string 
	Parameter C_AXI_WRITE_FIFO_DELAY bound to: 0 - type: integer 
	Parameter C_AXI_READ_FIFO_DEPTH bound to: 512 - type: integer 
	Parameter C_AXI_READ_FIFO_TYPE bound to: bram - type: string 
	Parameter C_AXI_READ_FIFO_DELAY bound to: 1 - type: integer 
	Parameter P_WIDTH_RACH bound to: 63 - type: integer 
	Parameter P_WIDTH_WACH bound to: 63 - type: integer 
	Parameter P_WIDTH_RDCH bound to: 37 - type: integer 
	Parameter P_WIDTH_WDCH bound to: 38 - type: integer 
	Parameter P_WIDTH_WRCH bound to: 4 - type: integer 
	Parameter P_PRIM_FIFO_TYPE bound to: 512x72 - type: string 
	Parameter P_AXI4 bound to: 0 - type: integer 
	Parameter P_AXI3 bound to: 1 - type: integer 
	Parameter P_AXILITE bound to: 2 - type: integer 
	Parameter P_WRITE_FIFO_DEPTH_LOG bound to: 1 - type: integer 
	Parameter P_READ_FIFO_DEPTH_LOG bound to: 9 - type: integer 
INFO: [Synth 8-6157] synthesizing module 'xpm_cdc_async_rst' [C:/XVITIS/Vivado/2020.2/data/ip/xpm/xpm_cdc/hdl/xpm_cdc.sv:1175]
INFO: [Synth 8-6155] done synthesizing module 'xpm_cdc_async_rst' (1#1) [C:/XVITIS/Vivado/2020.2/data/ip/xpm/xpm_cdc/hdl/xpm_cdc.sv:1175]
INFO: [Synth 8-6157] synthesizing module 'xpm_cdc_sync_rst' [C:/XVITIS/Vivado/2020.2/data/ip/xpm/xpm_cdc/hdl/xpm_cdc.sv:1059]
INFO: [Synth 8-6155] done synthesizing module 'xpm_cdc_sync_rst' (20#1) [C:/XVITIS/Vivado/2020.2/data/ip/xpm/xpm_cdc/hdl/xpm_cdc.sv:1059]
INFO: [Synth 8-6155] done synthesizing module 'axi_data_fifo_v2_1_21_axi_data_fifo' (31#1) [c:/Users/ilpes/Downloads/project_CMOD_emc_golden_uart/project_MMCM_IIC_noor/project_MMCM_IIC_noor.srcs/sources_1/bd/user_35t/ipshared/54c0/hdl/axi_data_fifo_v2_1_vl_rfs.v:1283]
INFO: [Synth 8-6155] done synthesizing module 'user_35t_s01_data_fifo_0' (32#1) [c:/Users/ilpes/Downloads/project_CMOD_emc_golden_uart/project_MMCM_IIC_noor/project_MMCM_IIC_noor.srcs/sources_1/bd/user_35t/ip/user_35t_s01_data_fifo_0/synth/user_35t_s01_data_fifo_0.v:58]
---------------------------------------------------------------------------------
Finished RTL Elaboration : Time (s): cpu = 00:00:42 ; elapsed = 00:00:46 . Memory (MB): peak = 1502.848 ; gain = 376.855
---------------------------------------------------------------------------------
---------------------------------------------------------------------------------
Start Handling Custom Attributes
---------------------------------------------------------------------------------
---------------------------------------------------------------------------------
Finished Handling Custom Attributes : Time (s): cpu = 00:00:43 ; elapsed = 00:00:47 . Memory (MB): peak = 1502.848 ; gain = 376.855
---------------------------------------------------------------------------------
---------------------------------------------------------------------------------
Finished RTL Optimization Phase 1 : Time (s): cpu = 00:00:43 ; elapsed = 00:00:47 . Memory (MB): peak = 1502.848 ; gain = 376.855
---------------------------------------------------------------------------------
Netlist sorting complete. Time (s): cpu = 00:00:00 ; elapsed = 00:00:00.098 . Memory (MB): peak = 1502.848 ; gain = 0.000
INFO: [Netlist 29-17] Analyzing 21 Unisim elements for replacement
INFO: [Netlist 29-28] Unisim Transformation completed in 0 CPU seconds
INFO: [Project 1-570] Preparing netlist for logic optimization

Processing XDC Constraints
Initializing timing engine
Parsing XDC File [c:/Users/ilpes/Downloads/project_CMOD_emc_golden_uart/project_MMCM_IIC_noor/project_MMCM_IIC_noor.srcs/sources_1/bd/user_35t/ip/user_35t_s01_data_fifo_0/user_35t_s01_data_fifo_0_ooc.xdc] for cell 'inst'
Finished Parsing XDC File [c:/Users/ilpes/Downloads/project_CMOD_emc_golden_uart/project_MMCM_IIC_noor/project_MMCM_IIC_noor.srcs/sources_1/bd/user_35t/ip/user_35t_s01_data_fifo_0/user_35t_s01_data_fifo_0_ooc.xdc] for cell 'inst'
Parsing XDC File [C:/Users/ilpes/Downloads/project_CMOD_emc_golden_uart/project_MMCM_IIC_noor/project_MMCM_IIC_noor.runs/user_35t_s01_data_fifo_0_synth_1/dont_touch.xdc]
Finished Parsing XDC File [C:/Users/ilpes/Downloads/project_CMOD_emc_golden_uart/project_MMCM_IIC_noor/project_MMCM_IIC_noor.runs/user_35t_s01_data_fifo_0_synth_1/dont_touch.xdc]
INFO: [Project 1-1715] 2 XPM XDC files have been applied to the design.
Completed Processing XDC Constraints

Netlist sorting complete. Time (s): cpu = 00:00:00 ; elapsed = 00:00:00.001 . Memory (MB): peak = 1502.848 ; gain = 0.000
INFO: [Project 1-111] Unisim Transformation Summary:
No Unisim elements were transformed.

Constraint Validation Runtime : Time (s): cpu = 00:00:00 ; elapsed = 00:00:00.079 . Memory (MB): peak = 1502.848 ; gain = 0.000
---------------------------------------------------------------------------------
Finished Constraint Validation : Time (s): cpu = 00:00:54 ; elapsed = 00:00:58 . Memory (MB): peak = 1502.848 ; gain = 376.855
---------------------------------------------------------------------------------
---------------------------------------------------------------------------------
Start Loading Part and Timing Information
---------------------------------------------------------------------------------
Loading part: xc7a35tcpg236-1
---------------------------------------------------------------------------------
Finished Loading Part and Timing Information : Time (s): cpu = 00:00:54 ; elapsed = 00:00:58 . Memory (MB): peak = 1502.848 ; gain = 376.855
---------------------------------------------------------------------------------
---------------------------------------------------------------------------------
Start Applying 'set_property' XDC Constraints
---------------------------------------------------------------------------------
Applied set_property KEEP_HIERARCHY = SOFT for inst. (constraint file  C:/Users/ilpes/Downloads/project_CMOD_emc_golden_uart/project_MMCM_IIC_noor/project_MMCM_IIC_noor.runs/user_35t_s01_data_fifo_0_synth_1/dont_touch.xdc, line 9).
Applied set_property KEEP_HIERARCHY = SOFT for inst/\gen_fifo.fifo_gen_inst /inst_fifo_gen/\reset_gen_cc.rstblk_cc /\ngwrdrst.grst.g7serrst.gnsckt_wrst.rst_wr_reg2_inst . (constraint file  auto generated constraint).
Applied set_property KEEP_HIERARCHY = SOFT for inst/\gen_fifo.fifo_gen_inst /inst_fifo_gen/\gaxi_full_lite.gread_ch.grach2.axi_rach /\grf.rf /rstblk/\ngwrdrst.grst.g7serrst.gnsckt_wrst.rst_wr_reg2_inst . (constraint file  auto generated constraint).
Applied set_property KEEP_HIERARCHY = SOFT for inst/\gen_fifo.fifo_gen_inst /inst_fifo_gen/\gaxi_full_lite.gread_ch.grach2.gaxi_arvld.rach_pkt_reg_slice /rstblk/\ngwrdrst.grst.g7serrst.gnsckt_wrst.rst_wr_reg2_inst . (constraint file  auto generated constraint).
Applied set_property KEEP_HIERARCHY = SOFT for inst/\gen_fifo.fifo_gen_inst /inst_fifo_gen/\gaxi_full_lite.gread_ch.grdch2.axi_rdch /\grf.rf /rstblk/\ngwrdrst.grst.g7serrst.gsckt_wrst.xpm_cdc_sync_rst_inst_wrst . (constraint file  auto generated constraint).
---------------------------------------------------------------------------------
Finished applying 'set_property' XDC Constraints : Time (s): cpu = 00:00:54 ; elapsed = 00:00:58 . Memory (MB): peak = 1502.848 ; gain = 376.855
---------------------------------------------------------------------------------
INFO: [Synth 8-802] inferred FSM for state register 'gpregsm1.curr_fwft_state_reg' in module 'rd_fwft'
INFO: [Synth 8-802] inferred FSM for state register 'gpregsm1.curr_fwft_state_reg' in module 'rd_fwft__parameterized0'
INFO: [Synth 8-6159] Found Keep on FSM register 'gpregsm1.curr_fwft_state_reg' in module 'rd_fwft', re-encoding will not be performed
---------------------------------------------------------------------------------------------------
                   State |                     New Encoding |                Previous Encoding 
---------------------------------------------------------------------------------------------------
                 invalid |                               00 |                               00
            stage1_valid |                               10 |                               10
       both_stages_valid |                               11 |                               11
            stage2_valid |                               01 |                               01
---------------------------------------------------------------------------------------------------
INFO: [Synth 8-6159] Found Keep on FSM register 'gpregsm1.curr_fwft_state_reg' in module 'rd_fwft__parameterized0', re-encoding will not be performed
---------------------------------------------------------------------------------------------------
                   State |                     New Encoding |                Previous Encoding 
---------------------------------------------------------------------------------------------------
                 invalid |                               00 |                               00
            stage1_valid |                               10 |                               10
       both_stages_valid |                               11 |                               11
            stage2_valid |                               01 |                               01
---------------------------------------------------------------------------------------------------
---------------------------------------------------------------------------------
Finished RTL Optimization Phase 2 : Time (s): cpu = 00:00:55 ; elapsed = 00:01:00 . Memory (MB): peak = 1502.848 ; gain = 376.855
---------------------------------------------------------------------------------
---------------------------------------------------------------------------------
Start RTL Component Statistics 
---------------------------------------------------------------------------------
Detailed RTL Component Info : 
+---Adders : 
	   3 Input   10 Bit       Adders := 2     
	   2 Input    9 Bit       Adders := 3     
	   2 Input    5 Bit       Adders := 2     
+---XORs : 
	   2 Input      1 Bit         XORs := 58    
+---Registers : 
	               63 Bit    Registers := 3     
	               37 Bit    Registers := 1     
	               10 Bit    Registers := 1     
	                9 Bit    Registers := 4     
	                5 Bit    Registers := 7     
	                4 Bit    Registers := 4     
	                2 Bit    Registers := 3     
	                1 Bit    Registers := 47    
+---Muxes : 
	   2 Input   10 Bit        Muxes := 2     
	   4 Input    2 Bit        Muxes := 2     
	   2 Input    2 Bit        Muxes := 20    
	   5 Input    2 Bit        Muxes := 2     
	   3 Input    1 Bit        Muxes := 2     
	   2 Input    1 Bit        Muxes := 16    
	   4 Input    1 Bit        Muxes := 4     
---------------------------------------------------------------------------------
Finished RTL Component Statistics 
---------------------------------------------------------------------------------
---------------------------------------------------------------------------------
Start Part Resource Summary
---------------------------------------------------------------------------------
Part Resources:
DSPs: 90 (col length:60)
BRAMs: 100 (col length: RAMB18 60 RAMB36 30)
---------------------------------------------------------------------------------
Finished Part Resource Summary
---------------------------------------------------------------------------------
---------------------------------------------------------------------------------
Start Cross Boundary and Area Optimization
---------------------------------------------------------------------------------
---------------------------------------------------------------------------------
Finished Cross Boundary and Area Optimization : Time (s): cpu = 00:00:57 ; elapsed = 00:01:02 . Memory (MB): peak = 1502.848 ; gain = 376.855
---------------------------------------------------------------------------------
---------------------------------------------------------------------------------
Start ROM, RAM, DSP, Shift Register and Retiming Reporting
---------------------------------------------------------------------------------

Distributed RAM: Preliminary Mapping	Report (see note below)
+------------------------------+----------------------------------------------------------------------------------------------------------+----------------+----------------------+--------------+
|Module Name                   | RTL Object                                                                                               | Inference      | Size (Depth x Width) | Primitives   | 
+------------------------------+----------------------------------------------------------------------------------------------------------+----------------+----------------------+--------------+
|inst/\gen_fifo.fifo_gen_inst  | inst_fifo_gen/gaxi_full_lite.gread_ch.grach2.axi_rach/grf.rf/gntv_or_sync_fifo.mem/gdm.dm_gen.dm/RAM_reg | User Attribute | 32 x 63              | RAM32M x 11	 | 
+------------------------------+----------------------------------------------------------------------------------------------------------+----------------+----------------------+--------------+

Note: The table above is a preliminary report that shows the Distributed RAMs at the current stage of the synthesis flow. Some Distributed RAMs may be reimplemented as non Distributed RAM primitives later in the synthesis flow. Multiple instantiated RAMs are reported only once.
---------------------------------------------------------------------------------
Finished ROM, RAM, DSP, Shift Register and Retiming Reporting
---------------------------------------------------------------------------------
---------------------------------------------------------------------------------
Start Applying XDC Timing Constraints
---------------------------------------------------------------------------------
---------------------------------------------------------------------------------
Finished Applying XDC Timing Constraints : Time (s): cpu = 00:01:04 ; elapsed = 00:01:09 . Memory (MB): peak = 1502.848 ; gain = 376.855
---------------------------------------------------------------------------------
---------------------------------------------------------------------------------
Start Timing Optimization
---------------------------------------------------------------------------------
---------------------------------------------------------------------------------
Finished Timing Optimization : Time (s): cpu = 00:01:06 ; elapsed = 00:01:10 . Memory (MB): peak = 1502.848 ; gain = 376.855
---------------------------------------------------------------------------------
---------------------------------------------------------------------------------
Start Technology Mapping
---------------------------------------------------------------------------------
---------------------------------------------------------------------------------
Finished Technology Mapping : Time (s): cpu = 00:01:06 ; elapsed = 00:01:11 . Memory (MB): peak = 1502.848 ; gain = 376.855
---------------------------------------------------------------------------------
---------------------------------------------------------------------------------
Start IO Insertion
---------------------------------------------------------------------------------
---------------------------------------------------------------------------------
Start Flattening Before IO Insertion
---------------------------------------------------------------------------------
---------------------------------------------------------------------------------
Finished Flattening Before IO Insertion
---------------------------------------------------------------------------------
---------------------------------------------------------------------------------
Start Final Netlist Cleanup
---------------------------------------------------------------------------------
---------------------------------------------------------------------------------
Finished Final Netlist Cleanup
---------------------------------------------------------------------------------
---------------------------------------------------------------------------------
Finished IO Insertion : Time (s): cpu = 00:01:09 ; elapsed = 00:01:14 . Memory (MB): peak = 1502.848 ; gain = 376.855
---------------------------------------------------------------------------------
---------------------------------------------------------------------------------
Start Renaming Generated Instances
---------------------------------------------------------------------------------
---------------------------------------------------------------------------------
Finished Renaming Generated Instances : Time (s): cpu = 00:01:09 ; elapsed = 00:01:14 . Memory (MB): peak = 1502.848 ; gain = 376.855
---------------------------------------------------------------------------------
---------------------------------------------------------------------------------
Start Rebuilding User Hierarchy
---------------------------------------------------------------------------------
---------------------------------------------------------------------------------
Finished Rebuilding User Hierarchy : Time (s): cpu = 00:01:09 ; elapsed = 00:01:14 . Memory (MB): peak = 1502.848 ; gain = 376.855
---------------------------------------------------------------------------------
---------------------------------------------------------------------------------
Start Renaming Generated Ports
---------------------------------------------------------------------------------
---------------------------------------------------------------------------------
Finished Renaming Generated Ports : Time (s): cpu = 00:01:09 ; elapsed = 00:01:14 . Memory (MB): peak = 1502.848 ; gain = 376.855
---------------------------------------------------------------------------------
---------------------------------------------------------------------------------
Start Handling Custom Attributes
---------------------------------------------------------------------------------
---------------------------------------------------------------------------------
Finished Handling Custom Attributes : Time (s): cpu = 00:01:09 ; elapsed = 00:01:14 . Memory (MB): peak = 1502.848 ; gain = 376.855
---------------------------------------------------------------------------------
---------------------------------------------------------------------------------
Start Renaming Generated Nets
---------------------------------------------------------------------------------
---------------------------------------------------------------------------------
Finished Renaming Generated Nets : Time (s): cpu = 00:01:09 ; elapsed = 00:01:14 . Memory (MB): peak = 1502.848 ; gain = 376.855
---------------------------------------------------------------------------------
---------------------------------------------------------------------------------
Start ROM, RAM, DSP, Shift Register and Retiming Reporting
---------------------------------------------------------------------------------

Static Shift Register Report:
+-----------------------+-----------------------------------------------------------------------------------------------------------------------------------------------------------------------------------------------------------------------------------+--------+-------+--------------+--------------------+-------------------+--------+---------+
|Module Name            | RTL Name                                                                                                                                                                                                                          | Length | Width | Reset Signal | Pull out first Reg | Pull out last Reg | SRL16E | SRLC32E | 
+-----------------------+-----------------------------------------------------------------------------------------------------------------------------------------------------------------------------------------------------------------------------------+--------+-------+--------------+--------------------+-------------------+--------+---------+
|fifo_generator_v13_2_5 | inst_fifo_gen/gaxi_full_lite.gread_ch.grdch2.axi_rdch/grf.rf/gntv_or_sync_fifo.mem/gbm.gbmg.gbmga.ngecc.bmg/inst_blk_mem_gen/gnbram.gnativebmg.native_blk_mem_gen/valid.cstr/ramloop[0].ram.r/SAFETY_CKT_GEN.RSTB_SHFT_REG_reg[4] | 4      | 1     | NO           | NO                 | YES               | 1      | 0       | 
+-----------------------+-----------------------------------------------------------------------------------------------------------------------------------------------------------------------------------------------------------------------------------+--------+-------+--------------+--------------------+-------------------+--------+---------+

---------------------------------------------------------------------------------
Finished ROM, RAM, DSP, Shift Register and Retiming Reporting
---------------------------------------------------------------------------------
---------------------------------------------------------------------------------
Start Writing Synthesis Report
---------------------------------------------------------------------------------

Report BlackBoxes: 
+-+--------------+----------+
| |BlackBox name |Instances |
+-+--------------+----------+
+-+--------------+----------+

Report Cell Usage: 
+------+---------+------+
|      |Cell     |Count |
+------+---------+------+
|1     |CARRY4   |     8|
|2     |LUT1     |    61|
|3     |LUT2     |    23|
|4     |LUT3     |    21|
|5     |LUT4     |    43|
|6     |LUT5     |    26|
|7     |LUT6     |    23|
|8     |MUXCY    |    20|
|9     |RAM32M   |    11|
|10    |RAMB36E1 |     1|
|11    |SRL16E   |     1|
|12    |FDCE     |    30|
|13    |FDPE     |    30|
|14    |FDRE     |   287|
|15    |FDSE     |    12|
+------+---------+------+
---------------------------------------------------------------------------------
Finished Writing Synthesis Report : Time (s): cpu = 00:01:09 ; elapsed = 00:01:14 . Memory (MB): peak = 1502.848 ; gain = 376.855
---------------------------------------------------------------------------------
Synthesis finished with 0 errors, 0 critical warnings and 0 warnings.
Synthesis Optimization Runtime : Time (s): cpu = 00:00:21 ; elapsed = 00:01:09 . Memory (MB): peak = 1502.848 ; gain = 376.855
Synthesis Optimization Complete : Time (s): cpu = 00:01:09 ; elapsed = 00:01:14 . Memory (MB): peak = 1502.848 ; gain = 376.855
INFO: [Project 1-571] Translating synthesized netlist
Netlist sorting complete. Time (s): cpu = 00:00:00 ; elapsed = 00:00:00.031 . Memory (MB): peak = 1502.848 ; gain = 0.000
INFO: [Netlist 29-17] Analyzing 40 Unisim elements for replacement
INFO: [Netlist 29-28] Unisim Transformation completed in 0 CPU seconds
INFO: [Project 1-570] Preparing netlist for logic optimization
INFO: [Opt 31-138] Pushed 0 inverter(s) to 0 load pin(s).
Netlist sorting complete. Time (s): cpu = 00:00:00 ; elapsed = 00:00:00.001 . Memory (MB): peak = 1502.848 ; gain = 0.000
INFO: [Project 1-111] Unisim Transformation Summary:
  A total of 19 instances were transformed.
  (MUXCY,XORCY) => CARRY4: 8 instances
  RAM32M => RAM32M (RAMD32(x6), RAMS32(x2)): 11 instances

INFO: [Common 17-83] Releasing license: Synthesis
29 Infos, 0 Warnings, 0 Critical Warnings and 0 Errors encountered.
synth_design completed successfully
synth_design: Time (s): cpu = 00:01:20 ; elapsed = 00:01:28 . Memory (MB): peak = 1502.848 ; gain = 376.855
INFO: [Coretcl 2-1174] Renamed 43 cell refs.
INFO: [Common 17-1381] The checkpoint 'C:/Users/ilpes/Downloads/project_CMOD_emc_golden_uart/project_MMCM_IIC_noor/project_MMCM_IIC_noor.runs/user_35t_s01_data_fifo_0_synth_1/user_35t_s01_data_fifo_0.dcp' has been generated.
INFO: [runtcl-4] Executing : report_utilization -file user_35t_s01_data_fifo_0_utilization_synth.rpt -pb user_35t_s01_data_fifo_0_utilization_synth.pb
INFO: [Common 17-206] Exiting Vivado at Tue Jul  1 12:32:28 2025...
